2020-09-08 20:57:01 Server|WARNING - ChunkUtils extension is missing. Anvil-format worlds will experience degraded performance.
2020-09-08 20:57:01 Server|WARNING - Non-packaged installation detected. This will degrade autoloading speed and make startup times longer.
2020-09-08 20:57:01 Server|INFO - Loading pocketmine.yml...
2020-09-08 20:57:01 Server|INFO - Loading altay.yml...
2020-09-08 20:57:01 Server|INFO - Loading server properties...
2020-09-08 20:57:01 Server|ERROR - Missing required language file /home/maintainer/FarmingIslandServer/src/pocketmine/lang/locale/en.ini
2020-09-08 20:57:01 Server|INFO - Selected English (en) as the base language
2020-09-08 20:57:01 Server|INFO - Starting Minecraft: Bedrock Edition server version v1.16.20
2020-09-08 20:57:01 Server|NOTICE - Online mode is enabled. The server will verify that players are authenticated to Xbox Live.
2020-09-08 20:57:01 Server|NOTICE - To disable authentication, set "xbox-auth" to "false" in server.properties.
2020-09-08 20:57:01 Server|INFO - Opening server on 0.0.0.0:19132
2020-09-08 20:57:01 Server|INFO - This server is running PocketMine-MP version 3.15.2+dev
2020-09-08 20:57:01 Server|INFO - PocketMine-MP is distributed under the LGPL License
2020-09-08 20:57:04 Server|INFO - Loading resource packs...
2020-09-08 20:57:04 Server|INFO - Loading GameHandle v0.1-ngl_dk
2020-09-08 20:57:04 Server|INFO - Loading MultiProtocol v1
2020-09-08 20:57:04 Server|INFO - Loading RankColor v0.1-ngl_alpha
2020-09-08 20:57:04 Server|INFO - Loading PlayerAuto v0.2.0.lpk
2020-09-08 20:57:04 Server|INFO - Loading Farms v0.1-ngl_dk
2020-09-08 20:57:04 Server|INFO - Loading InvCrashFix v0.0.1
2020-09-08 20:57:04 Server|INFO - Loading SmeltWands v0.1-ngl_alpha
2020-09-08 20:57:04 Server|INFO - Loading RedstoneCircuit v2.0.0
2020-09-08 20:57:04 Server|INFO - Loading CuaHangPlus v0.2.lpk
2020-09-08 20:57:04 Server|INFO - Loading PiggyCustomEnchants v2.3.0
2020-09-08 20:57:04 Server|INFO - Loading FactionsPro v1.3.20
2020-09-08 20:57:04 Server|INFO - Loading Sheep v5.2.3
2020-09-08 20:57:04 Server|INFO - Loading PurePerms v1.4.3
2020-09-08 20:57:04 Server|INFO - [PurePerms] Setting default language to 'en'
2020-09-08 20:57:04 Server|NOTICE - [PurePerms] Multiworld support is currently disabled.
2020-09-08 20:57:04 Server|NOTICE - [PurePerms] Don't forget to set enable-multiworld-perms option in config.yml to true if you want to use per-world permissions!
2020-09-08 20:57:04 Server|INFO - Loading ScoreHud v5.2.0
2020-09-08 20:57:04 Server|INFO - Loading DEVirion v1.2.7
2020-09-08 20:57:05 Server|INFO - [DEVirion] Loading virion libFormAPI v1.3.0 by jojoe77777 (antigen: jojoe77777\FormAPI)
2020-09-08 20:57:05 Server|INFO - [DEVirion] Loading virion UpdateNotifier v2.1.0 by JackMD, Sandertv (antigen: JackMD\UpdateNotifier)
2020-09-08 20:57:05 Server|INFO - [DEVirion] Loading virion Commando v2.1.1 by CortexPE (antigen: CortexPE\Commando)
2020-09-08 20:57:05 Server|INFO - [DEVirion] Loading virion InvMenu v4.0.0 by Muqsit (antigen: muqsit\invmenu)
2020-09-08 20:57:05 Server|INFO - [DEVirion] Loading virion pmforms v1.0.0 by dktapps (antigen: dktapps\pmforms)
2020-09-08 20:57:05 Server|INFO - [DEVirion] Loading virion libasynql v3.3.1 by SOFe (antigen: poggit\libasynql)
2020-09-08 20:57:05 Server|INFO - [DEVirion] Loading virion InvMenuUtils v0.0.1 by Muqsit (antigen: muqsit\invmenuutils)
2020-09-08 20:57:05 Server|ERROR - [DEVirion] Cannot load virion BlockData: Server has incompatible API version 3.15.2
2020-09-08 20:57:05 Server|INFO - [DEVirion] Loading virion SpoonDetector v0.0.1 by Falk (antigen: spoondetector)
2020-09-08 20:57:05 Server|WARNING - [DEVirion] Virions should be bundled into plugins, not redistributed separately! Do NOT use DEVirion on production servers!!
2020-09-08 20:57:05 Server|INFO - Loading BuilderTools v1.2.0-beta2
2020-09-08 20:57:05 Server|INFO - Loading AutoClearLagg v3.1.0
2020-09-08 20:57:05 Server|INFO - Loading MultiWorld v1.5.2
2020-09-08 20:57:05 Server|INFO - Loading EconomyAPI v5.7.2
2020-09-08 20:57:05 Server|INFO - Loading PureChat v1.4.11
2020-09-08 20:57:05 Server|INFO - Loading Island v1.7.0
2020-09-08 20:57:05 Server|INFO - Loading CustomShopUI v4.0.5
2020-09-08 20:57:05 Server|INFO - Enabling RedstoneCircuit v2.0.0
2020-09-08 20:57:05 Server|INFO - Enabling DEVirion v1.2.7
2020-09-08 20:57:05 Server|INFO - Enabling Island v1.7.0
2020-09-08 20:57:05 Server|INFO - Preparing world "island"
2020-09-08 20:57:05 Server|INFO - Preparing world "nether"
2020-09-08 20:57:05 Server|INFO - Preparing world "end"
2020-09-08 20:57:05 Server|INFO - Enabling GameHandle v0.1-ngl_dk
2020-09-08 20:57:05 Server|INFO - Enabling MultiProtocol v1
2020-09-08 20:57:05 Server|INFO - Enabling RankColor v0.1-ngl_alpha
2020-09-08 20:57:05 Server|INFO - Enabling PlayerAuto v0.2.0.lpk
2020-09-08 20:57:05 Server|INFO - Enabling Farms v0.1-ngl_dk
2020-09-08 20:57:05 Server|INFO - Enabling InvCrashFix v0.0.1
2020-09-08 20:57:05 Server|INFO - Enabling SmeltWands v0.1-ngl_alpha
2020-09-08 20:57:05 Server|INFO - Enabling CuaHangPlus v0.2.lpk
2020-09-08 20:57:05 Server|INFO - [CuaHangPlus] Plugin enabled! Plugin by LamPocketVN
2020-09-08 20:57:05 Server|INFO - Enabling PiggyCustomEnchants v2.3.0
2020-09-08 20:57:06 Server|INFO - Enabling FactionsPro v1.3.20
2020-09-08 20:57:06 Server|INFO - [FactionsPro] Add AntiSpamPro to ban rude Faction names
2020-09-08 20:57:06 Server|INFO - Enabling Sheep v5.2.3
2020-09-08 20:57:06 Server|INFO - [Sheep] Scanning loaded plugins for changes...
2020-09-08 20:57:06 Server|INFO - Enabling PurePerms v1.4.3
2020-09-08 20:57:06 Server|NOTICE - [PurePerms] Set data provider to YAMLv1.
2020-09-08 20:57:06 Server|INFO - Enabling ScoreHud v5.2.0
2020-09-08 20:57:06 Server|INFO - Enabling BuilderTools v1.2.0-beta2
2020-09-08 20:57:06 Server|INFO - Enabling AutoClearLagg v3.1.0
2020-09-08 20:57:06 Server|INFO - Enabling MultiWorld v1.5.2
2020-09-08 20:57:06 Server|INFO - Enabling EconomyAPI v5.7.2
2020-09-08 20:57:06 Server|NOTICE - [EconomyAPI] COVID19: Wash your hands with soap and running water for 30 seconds frequently.
2020-09-08 20:57:06 Server|NOTICE - [EconomyAPI] Database provider was set to: Yaml
2020-09-08 20:57:06 Server|INFO - Enabling PureChat v1.4.11
2020-09-08 20:57:06 Server|NOTICE - [PureChat] FactionsPro < 1.4 support enabled.
2020-09-08 20:57:06 Server|INFO - Enabling CustomShopUI v4.0.5
2020-09-08 20:57:08 Server|INFO - Starting GS4 status listener
2020-09-08 20:57:08 Server|INFO - Setting query port to 19132
2020-09-08 20:57:08 Server|INFO - Query running on 0.0.0.0:19132
2020-09-08 20:57:08 Server|INFO - Default game type: Survival Mode
2020-09-08 20:57:08 Server|INFO - If you find this project useful, please consider donating to support development: https://patreon.com/pocketminemp
2020-09-08 20:57:08 Server|INFO - Done (6.727s)! For help, type "help" or "?"
2020-09-08 20:57:08 Server|INFO - [Sheep] Checking for plugin updates...
2020-09-08 20:57:08 Server|ERROR - [ScoreHud] Could not load addon BlockSniperAddon. Incompatible API version. Addon requires one of 4.0.0
2020-09-08 20:57:08 Server|ERROR - [ScoreHud] Could not load addon CPSAddon. Unknown dependency: CPS
2020-09-08 20:57:08 Server|ERROR - [ScoreHud] Could not load addon CombatLoggerAddon. Unknown dependency: CombatLogger
2020-09-08 20:57:08 Server|ERROR - [ScoreHud] Could not load addon KDRAddon. Unknown dependency: KDR
2020-09-08 20:57:08 Server|ERROR - [ScoreHud] Could not load addon OnlineTimeAddon. Unknown dependency: OnlineTime
2020-09-08 20:57:08 Server|ERROR - [ScoreHud] Could not load addon PlayerLevelApiAddon. Unknown dependency: LpkPlayerLevelAPI
2020-09-08 20:57:08 Server|ERROR - [ScoreHud] Could not load addon PointApiAddon. Unknown dependency: PointAPI
2020-09-08 20:57:08 Server|ERROR - [ScoreHud] Could not load addon RankUpAddon. Unknown dependency: RankUp
2020-09-08 20:57:08 Server|ERROR - [ScoreHud] Could not load addon RedSkyBlockAddon. Unknown dependency: RedSkyBlock
2020-09-08 20:57:08 Server|ERROR - [ScoreHud] Could not load addon SkyBlockAddon. Unknown dependency: SkyBlock
2020-09-08 20:57:54 Server|INFO - [CONSOLE: Turned on the whitelist]
2020-09-08 20:58:04 Server|INFO - [CONSOLE: Stopping the server]
2020-09-08 20:58:04 Server|INFO - Disabling GameHandle v0.1-ngl_dk
2020-09-08 20:58:04 Server|INFO - Disabling MultiProtocol v1
2020-09-08 20:58:04 Server|INFO - Disabling RankColor v0.1-ngl_alpha
2020-09-08 20:58:04 Server|INFO - Disabling PlayerAuto v0.2.0.lpk
2020-09-08 20:58:04 Server|INFO - Disabling Farms v0.1-ngl_dk
2020-09-08 20:58:05 Server|INFO - Disabling InvCrashFix v0.0.1
2020-09-08 20:58:05 Server|INFO - Disabling SmeltWands v0.1-ngl_alpha
2020-09-08 20:58:05 Server|INFO - Disabling RedstoneCircuit v2.0.0
2020-09-08 20:58:05 Server|INFO - Disabling CuaHangPlus v0.2.lpk
2020-09-08 20:58:05 Server|INFO - Disabling PiggyCustomEnchants v2.3.0
2020-09-08 20:58:05 Server|INFO - Disabling FactionsPro v1.3.20
2020-09-08 20:58:05 Server|INFO - Disabling Sheep v5.2.3
2020-09-08 20:58:05 Server|INFO - Disabling PurePerms v1.4.3
2020-09-08 20:58:05 Server|INFO - Disabling ScoreHud v5.2.0
2020-09-08 20:58:05 Server|INFO - Disabling DEVirion v1.2.7
2020-09-08 20:58:05 Server|INFO - Disabling BuilderTools v1.2.0-beta2
2020-09-08 20:58:05 Server|INFO - Disabling AutoClearLagg v3.1.0
2020-09-08 20:58:05 Server|INFO - Disabling MultiWorld v1.5.2
2020-09-08 20:58:05 Server|INFO - Disabling EconomyAPI v5.7.2
2020-09-08 20:58:05 Server|INFO - Disabling PureChat v1.4.11
2020-09-08 20:58:05 Server|INFO - Disabling Island v1.7.0
2020-09-08 20:58:05 Server|INFO - Disabling CustomShopUI v4.0.5
2020-09-08 20:58:05 Server|INFO - Unloading world "island"
2020-09-08 20:58:05 Server|INFO - Unloading world "nether"
2020-09-08 20:58:05 Server|INFO - Unloading world "end"
2020-09-08 20:58:05 Server|INFO - Stopping other threads
