Altay Crash Dump Fri Aug 14 16:20:17 WIB 2020

Error: file_get_contents(D:\MinecraftTool\JinodkNew\src\pocketmine/resources/vanilla\creativeitems.json): failed to open stream: No such file or directory
File: src/pocketmine/item/Item
Line: 126
Type: ErrorException

Code:
[117] 	/** @var Item[] */
[118] 	private static $creative = [];
[119] 
[120] 	/**
[121] 	 * @return void
[122] 	 */
[123] 	public static function initCreativeItems(){
[124] 		self::clearCreativeItems();
[125] 
[126] 		$creativeItems = json_decode(file_get_contents(\pocketmine\RESOURCE_PATH . "vanilla" . DIRECTORY_SEPARATOR . "creativeitems.json"), true);
[127] 
[128] 		foreach($creativeItems as $data){
[129] 			$item = Item::jsonDeserialize($data);
[130] 			if($item->getName() === "Unknown"){
[131] 				continue;
[132] 			}
[133] 			self::addCreativeItem($item);
[134] 		}
[135] 	}
[136] 

Backtrace:
#0 (): pocketmine\utils\Utils::errorExceptionHandler(integer 2, string[147] file_get_contents(D:\MinecraftTool\JinodkNew\src\pocketmine/resources/vanilla\cr, string[55] D:\MinecraftTool\JinodkNew\src\pocketmine\item\Item.php, integer 126, array[0])
#1 src/pocketmine/item/Item(126): file_get_contents(string[78] D:\MinecraftTool\JinodkNew\src\pocketmine/resources/vanilla\creativeitems.json)
#2 src/pocketmine/Server(1573): pocketmine\item\Item::initCreativeItems()
#3 src/pocketmine/PocketMine(273): pocketmine\Server->__construct(object BaseClassLoader, object pocketmine\utils\MainLogger, string[27] D:\MinecraftTool\JinodkNew\, string[35] D:\MinecraftTool\JinodkNew\plugins\)
#4 src/pocketmine/PocketMine(304): pocketmine\server()

Altay version: 3.15.1+dev [Protocol 408]
Git commit: 0000000000000000000000000000000000000000
uname -a: Windows NT LAMPKVN 10.0 build 18363 (Windows 10) AMD64
PHP Version: 7.3.20
Zend version: 3.3.20
OS : WINNT, win
Composer libraries: 
- adhocore/json-comment 0.1.0@8448076039389f558f39ad0553aab87db3f81614
- ocramius/package-versions 1.5.1@1d32342b8c1eb27353c8887c366147b4c2da673c
- pocketmine/binaryutils 0.1.11@e8cb65db1b7998eebb739b124f2a989fe87366eb
- pocketmine/callback-validator 1.0.1@4aef6bb25f97d0b830ba0b4f66834b1a9c86fc9a
- pocketmine/classloader 0.1.0@4ccdb30e48f030bfcad04bb0a208d198ec631993
- pocketmine/log 0.2.0@e59bedb5d4bbeb9a26647cb7c367cb2fa72addfa
- pocketmine/log-pthreads 0.1.0@9bbcef398b01487ab47c234a6a7054722abbe067
- pocketmine/math 0.2.4@b1c28b236df8b795d7b06cf8421f9962b12ac410
- pocketmine/nbt 0.2.14@b31dca98443328c4bab76dc1b84c1473c79be20e
- pocketmine/raklib 0.12.8@9fea763ffc922db083e4528d4acd0b13d0ea83a4
- pocketmine/snooze 0.1.2@88420da3d9335dbcb3ee2decfd5e5453d057dcdf
- pocketmine/spl 0.4.1@ff0579a0be41bbe65d3637607715c0f87728a838
- doctrine/instantiator 1.3.1@f350df0268e904597e3bd9c4685c53e0e333feea
- myclabs/deep-copy 1.10.1@969b211f9a51aa1f6c01d1d2aef56d3bd91598e5
- phar-io/manifest 1.0.3@7761fcacf03b4d4f16e7ccb606d4879ca431fcf4
- phar-io/version 2.0.1@45a2ec53a73c70ce41d55cedef9063630abaf1b6
- phpdocumentor/reflection-common 2.2.0@1d01c49d4ed62f25aa84a747ad35d5a16924662b
- phpdocumentor/reflection-docblock 5.1.0@cd72d394ca794d3466a3b2fc09d5a6c1dc86b47e
- phpdocumentor/type-resolver 1.3.0@e878a14a65245fbe78f8080eba03b47c3b705651
- phpspec/prophecy 1.11.1@b20034be5efcdab4fb60ca3a29cba2949aead160
- phpstan/phpstan 0.12.29@9771daaf6b95c6313b908d0bcdee0afcd51f838a
- phpstan/phpstan-phpunit 0.12.11@ab783a8ea634ea23305a8818c4750603e714489b
- phpstan/phpstan-strict-rules 0.12.3@937283265620af9e2005743134ebb4e197b12d8e
- phpunit/php-code-coverage 8.0.2@ca6647ffddd2add025ab3f21644a441d7c146cdc
- phpunit/php-file-iterator 3.0.4@25fefc5b19835ca653877fe081644a3f8c1d915e
- phpunit/php-invoker 3.0.2@f6eedfed1085dd1f4c599629459a0277d25f9a66
- phpunit/php-text-template 2.0.2@6ff9c8ea4d3212b88fcf74e25e516e2c51c99324
- phpunit/php-timer 5.0.1@cc49734779cbb302bf51a44297dab8c4bbf941e7
- phpunit/php-token-stream 4.0.3@5672711b6b07b14d5ab694e700c62eeb82fcf374
- phpunit/phpunit 9.2.6@1c6a9e4312e209e659f1fce3ce88dd197c2448f6
- sebastian/code-unit 1.0.5@c1e2df332c905079980b119c4db103117e5e5c90
- sebastian/code-unit-reverse-lookup 2.0.2@ee51f9bb0c6d8a43337055db3120829fa14da819
- sebastian/comparator 4.0.3@dcc580eadfaa4e7f9d2cf9ae1922134ea962e14f
- sebastian/diff 4.0.2@1e90b4cf905a7d06c420b1d2e9d11a4dc8a13113
- sebastian/environment 5.1.2@0a757cab9d5b7ef49a619f1143e6c9c1bc0fe9d2
- sebastian/exporter 4.0.2@571d721db4aec847a0e59690b954af33ebf9f023
- sebastian/global-state 4.0.0@bdb1e7c79e592b8c82cb1699be3c8743119b8a72
- sebastian/object-enumerator 4.0.2@074fed2d0a6d08e1677dd8ce9d32aecb384917b8
- sebastian/object-reflector 2.0.2@127a46f6b057441b201253526f81d5406d6c7840
- sebastian/recursion-context 4.0.2@062231bf61d2b9448c4fa5a7643b5e1829c11d63
- sebastian/resource-operations 3.0.2@0653718a5a629b065e91f774595267f8dc32e213
- sebastian/type 2.2.1@86991e2b33446cd96e648c18bcdb1e95afb2c05a
- sebastian/version 3.0.1@626586115d0ed31cb71483be55beb759b5af5a3c
- symfony/polyfill-ctype v1.17.1@2edd75b8b35d62fd3eeabba73b26b8f1f60ce13d
- theseer/tokenizer 1.2.0@75a63c33a8577608444246075ea0af0d052e452a
- webmozart/assert 1.9.1@bafc69caeb4d49c39fd0779086c03a3738cbb389
- pocketmine/pocketmine-mp dev-8516aa2393e81746bcbbcfbd8094613307585f16@8516aa2393e81746bcbbcfbd8094613307585f16

----------------------REPORT THE DATA BELOW THIS LINE-----------------------

===BEGIN CRASH DUMP===
eNrtWwmP3DaW/ivccoC0g6qy7qOCHnSP3Zl4x0ev3V7vbsowKJKq0lglaXR0dznIf9/vkVRd3clk
MLvAYjFBYJco8vGd33uPon+e5HW74f3nW9V2RV1NFv500hcbNVm4YRr7aZS48XRS8q6/atu6nSx+
nvTbBq8n+vnqXqimp4XTyUZ1HV/Rq7wo1eeV6j+LuupV1XdnLxbL5euiUqLleX9T1+Vy+a9FVcsv
b9Tdctm1YrlsavFF9RtMetaqrh5aobpnt7wqypIvl6JVvC9uVdGrTTf/S1dXTxcs59hIsr5mdaMq
1vWYtFmwNzXrBrFmxAarWyaLVom+brdgMh/K8geMg8u/i6flknZeLl/iz3mzboiUIYOJzw54p2nP
aBZmlBiAIr0IOm25wO+fJk8cdgbWDykPfVF2y+UH+muxUEd6/ZFXslTtWQFFrlTLvCmJWVSrn9wg
/sT+VzS92yIMP7F/SEtTNvJNSmC8bfn2J+fTU+jmict+TXNnmEzWfSCbZStO/k62fqdDEVfeKVfv
VYvYOHPD2D8x217UxaKoiv65pUgj3Zmm5p9Su9Y/ifEz7wFBs9XsD59JYsg6iP6szv4C32V/5J16
jijsXtVcKljIjj/iRq95Ub2qVyu1t6MX/y2F7ab6f9PkTTmsigobaQmD35DQd4ITCTujzKeTT79M
J+r/B6D8fhSAzEZ5n4vqti5v1QaiYG1VY8J0ImqpSB2uG2Nw2T/77jt2cctbRnR++sS+e4ZJrpvo
l01b3PJegUVIIdg3ozjsnP306Xs9McVE+uE5Izn95OonBtqt6oe2Yrd1IfUbz77R+3i+2WfIStC3
2+RDJcg47BF//1mvCvSqZd+pMl8sRKl4ezJPM+eFI3ORXbCTQE+DGGSSz1KRVs4e2v8Ydd5dvX/7
4d3zq8/Xlzc/sjlbTkY7T/D04uW7q+c3b9/95+f3V9eX7y7xU8956ALLydMpQ+Apy2U8cplYLpEt
FRfrsxNuece+kbznVgmpnQ2piDaEMShBW7xQCIKCl8VXdWbW6K18Z7emyM/0stkfIPEbvlFnT9n5
+TkY/lB9qeo74lLv47u7NcueNFNUgzLUvN2bX/Szv3s2huFSHprFbGg5GU1oVob6yfwmW01++Wcy
+2cy+2cyO0xm08lKVarlJcF3xal6nlyWPaf8kEHYfXU98eduOHdpfChKOVk400nRAeZuJwvCHWSI
tu5rUYNU4CQgXFCGcH7nf6A72P0/FpWs7zr25oa9unx9/ed/f8NcZ+4wvS9zEz/y2dk4yXWessvX
L6IABKi4XUziuT/3iN5XVUnNt33G6891Rxu8fPPmBgP64a6odAbbNDXU8rksspa3hepIIVyuIVCr
npFfzjDHpj1n7s6diyQIEieOHD/1kzQPwyT3Uy6dMPQ5z5JYZn6euJFLnNWw4aYYumcNF19QGMys
WokBdw61XrjS9/zAyxLhqgw+GfoiSZJY+BEoxFkgPMmj2Bckx97KWVHxdqs9zrLluhcqEVkUyszN
4jRNlMoydEMZElzu8RScqiQGVZUdkxK8LDNwN7sFwgPdqcABb6B5EXCVR1nmhXkaSydLfCfjThbk
UZT4QebyVCRRLlJ+QpDipNRxslNZIATU4qggyR1QyQX0FWSZwz0nkS6YFZHvpql/TKmsV5qCBwoq
TDMls1BimcpS7kVREIuMFIW/vJzHHjJEzh9QmDX9Gsggux0zaZYJBZslmeMGScwzEIINeMRjJwxi
z+PYwoniY1JoOdeWm+Aic4WXZJ4fyTyBtkMZZ04k8iTw3DxNIw9a5yJwnWMSVdZbCi5I+K4UsEsQ
+L6XiCDjWRxJ4WZJIGB5X8QQ2HPUMYmWf4GnGlG8eXIBq/I48nOYwfNk5iS+CkIvkQEXsJjrS0fx
xOfBMZWuquuvyirEu0jAtyO5L1Pfh/+IzFfKQx2Ty1CFQQgiYSyFzE+INKWmEMBT8hxTUjiHClwo
D16IYEWIxLEbCidP4thLwEcCCrIWBHXIN8BYjgpg53I+EfJDR+aOFyUqdQL088rPZCqCKAlF6CtH
+b6fK0Vm3mzhaVn3TCrVIEabrSbikuOmUZp5LkzBQ5dzN4+E40pXevDnMJJE0Q3hdKEGB97Oihrm
rYpcdb11fv8ijiMXfirgsFkgg9yNVCwQYE4k4TSp4IGP93lwQGOPmZ6Jn5B7CmxzsqYjoBsZhkJJ
ladOBAU5POO5m0UGo6CYgXCmbpEv81LpslWDjyVJYeBKxxVBKgMlIy/3Qs6TgMdBzCUsF3I3Sr0g
gv/9FkmMZiXsCKKhDgghY0/6aSB4nAbSBwHuI6SEk4JkJOCnSYQgUQ+IUhs0o+SOzmC0IUI1iRPu
Ip5CLwjzTMVJnjiJowAePsWanyHOotA15LpGIYG1dbNWwpoQ/19knuMAZFSociERojk0L7jPvVRk
+CNIOWLajSy+kyc9s3+PweGlFyn8T3IOEEtDQhg/S4E3TibgMw4H4dDN4ZX8IZEZ/h6qoh+JAV4R
n4ikRPHIDxT3fN8JeZK4CN04dJANVOwiMaTZI8QouYt+1g6l6kaK/kXqIyp8LwojD8ykCHYEEbwK
5LMsUG4aA0ZkYtVO3BDBGbUX+AMaN51mAl/zLgQnQMxzKSUBoQPXQB7y3CgIeADHiwEqkZDihBgV
eTNUUq2NQtgP8AbEh9rDDMjsh6Ac+ojgXDmJJof0Bp9ACJ1yRj3iFzWS8S7ySCmZK+k6SSilmwci
JHBMEdfc8eJYUmYB3ydkenXf449NU6JdtMHkXUR5jnyjOBzUc5EvEwRfHCgPEIXQ9EToCiQQLzgl
Vmw0R6GOSIHYif0gRvxmyEdelgMggsBDfkPqBghneRq4Kj4lArG0FdFbg1agASKMYi92Eb6ZA0MF
CJUsSgMVO46IPGTfBBGU+/EJQ9apUkRzdOGKiKcKJvdg/BSwmebAFOULlSRQWIq8BJfKSUEdwqcD
WFbPtP0tGYKq8AKlgydzpBGROqFDyR/Q7wI1UQs4PppzRFGId4+TQQATcKlZWddfhmancAXF5siV
EEcmQDvfR9giPYBbJ/HSHCEueYKe/ZjqpuGjMxk9SSFCRD9HcuZQT55KT8Ds8G/PI1/ncAnlBvkR
HVnkuaXgXbjIBaiEgJohRyESCaSrDHCuUunCfIAnjs7S9Y8oqOq2aOvKVm6hTnQOj8NY8Ay4lsUq
B4hELlTuBr6KRIrci1wFot4xofumbnvV7tgJASqx58oM9ZFIgL0OipMILKZhwGEGBSdCCjtmZ1XW
GS9ndCqhLCXnIoOBkFXiFASoBEw8kQHCkfhRBRIUuGmWoLI5omRaj5mqgMKHmoZ4cYBo86TDI+kk
yo0QYjIRkMhH6kNaT4LUjbPkMXI2P2hqxv6uF/MgAnYSKiGte47rhX7oRahuZRggD0YiToJjr2qV
GHQSnOmu8b7fMxd5nu9meQTDZSncWgQ5hz2jwM9C5cKjhOvKyD8hZxrHWd2QrLZy9i3B0I/dBDQA
KSi/QpW6eRwDXMBjnCdS+AirE6+wB3eUTN2LBKpG6GS+HxA2ppGKwJabID/ALmnI88wT8LkjCoeN
EUFKBABPItcNUWpJ30VJiqLSR+IKUafGqFpBJuS6gO+2m7yutmjXyi2At5wJy84tMl4MWp6SMg6z
JEMyR3qXqMNQi6J8yLwoS4ANyIEKRR1o9WvVKYUUTNBUfLXpl0qEGArxhY9UFaKGcVBgBqgJnDhU
HGnGQTHnUY1IUt2pbFN/5W3/DCW7ag2ipJR9kRwj1DiKSp9U+GkuUcsheaKS8rkf+wnhZ5IeV4T7
n7MN4Qh6xFkCdObIlqmvEjcOIlSXmcgzmThpELlIonGYhCiuLn7vxMkvdCgJjNkoBGVHZzoPTkH2
TbD+8PGJ7Eed75zqDMip27zJk+vdE3teV3mx0mcey3ZZPfmoJLscVixknrPwkoXjsY8v/4gHz6H3
Ja9WA9Lv+W2h52/qXp7TD7PPjDra833Tvn9BUHLupq7v0eAK0zbA4XNNdMPvZ8h5W0h17oZ6UcPv
UIqgvzal2/nMpeG7NTL2rCy6/rzOcxpRFc+QyP86qHZ7XlcHQy3icJzFq6oeKkST2WXGxbpQ5ky3
s6vymqJtx5ddiPpWUj88Pje3jZ1POF2Ioey350YifaoAGJl1qu+LatVptZTYpjRauavbUu7H4MTy
YAoFxPmLqx8uP7y6oVFif97AO7FMnn+n/4MgQ1/POn6rLBewwt1MFlRrCXWe0NB9Vt/PMG9tpxx5
6ny7od7lCaPDGia07QeDL+bEHGpgeyeavb6GS7AbCjk2ysV4qxiikNUV/Kdf854JUnDPMsWKSpSD
hA+B/APXI1rv6w1W5qx/SLPjuZqyGm/ajkiyDGXHF7YFEFparMgZzFPkhd4BlqHD/XJLhOFuO3Jo
jXIO23Tsrq6+7RlvGsVbRtrb0OE4Ov8tcdivi87IfbdWFRuaVcslCMyXFTmuIbZYVow9+bhWxBh9
b+hUJRlI2KMr6KDlVUc1mzSvNatoNLj5BFGqXusLqFAIxdb6ZJVGNkTZON4YV/Rdo+wUvejWQy9r
hIH9trJgy4k5qWPIDj3AC5tPWVMqDk226i91Uf3LcqK5vSzL+o5RoGAOsydn7Lbg7N8oUmiODpmZ
fXWw7ZMrHT92EQOzjCKAwYzQFJHLtszql+bbcNu9PiT1EVgPN4GyUZkT18YmpGtY4QvbgPWh1XHI
YIlMEdfQmPrrwEvS5aq4xdxbXg6KndlNgUVPibrZkdowwpYZbEFnjwu81nu/GTYZVAVXu+y2lbjh
3Rd4Q4syvZvrCR862Iv8fZSUpq1ROdUDTIrp3ZTpmGU2thEkU0Z1HgShTKh1g0xCYxsUlEJPMcTf
a5tDJrheW98XcDsFNUAk7c7VjjnSrWXoZU4OTHPIUaes6L+F+vpWL5OKoFD70clidgYZBriAp9Wi
xZhZSRea1KkDc+0d7VBVZE5J+FM32gj6xLGbsxfq1v5mm2K1RoS3vFtPDyPSeg5ppG2HpjejRmGk
mA14s3Jp4yJS9XGiNFHC6VMW2H6cA/IR8rkaioZ3zQ8cjXKrmbTQn38oVAm0260J1D/pepN1dd4z
M4442BQ9xftGrXi27aFw9t5o2tG6LToirZffkNHuCq147VAI5LuZITT6WKcFzAtwCJQC85WmlbdK
jVsaH4exBgpdtqphJ+pctVPQRrYs1qwtmENSYHcNy+bY7v+8BBvw+lv8U+78x/jv+rrRLFhI3bFk
yXUM6EE5UskdQ7TrKVcaAD7qiLDMdd/+D7CnY0LzQ2jBUP+30COiXN2jGdDIWxt+TTRS9trNVvcC
BUC3F8eA1tubqwW7+fHle/bq5euXN+zy+vrVy6v37PrqHfv49t2fr95NGSaxm7eYdcU+/vj21RW7
fvf2+dX79/PT8H9UGdeqLWqdnwmCOxJPrJUGY62LHcy6UDsqBKlRRU+ZAQSVAVhN6rn9jkmORNL+
mp8Z/0LxRvmwoml2M03ZEAHo7iF8jGvs8ZayB6V9vWD+cDa5gYEGCaM1SlB1YPRK7BqrmrU7GeBZ
qun2ovqOlbV7+jhLVnLfSr7ibUYfNURd2rNFjT2Pa1dHGbFjVzG7Cqi94dWga5FDTlCnDfDAp9Mx
G5y64OiEJrHmOWgZeTf76JuztwbtjbujmKiHUu54KZA+7iq2578zhBvNPgSNHMfKit1+0DjxID1q
1zEUdrLlbb0Z06xZbWfMDh3z0MIkjbXkA99gj7jUkXe8H+tHMlmLncgNrSPLYdOYYstUdMy+mNGL
0V4vaJJdoHnXbI4S0GWBO4VQ548oGOkaKQ873MLJum5QBAv9GlZbjcUn4RXttudqOhrSVAe2xpwb
bmjqr+qJmiSxHqov3cj7c97QaLEZNsiuSKx028W0AmRIZpodw8VerxQvVpU6Yh76GGrvxnKkN5xR
UTwg3QY7i72ozatTn6aqiDDP0DeTxxAytOzEQ8l0zTATaMrUTrYXYEVXKSgcSXvgzpQWhgp9VVTU
d9AaI+FeOiyz+jTyjDvT5HFfo0C68jLS/W1Sv+WHy6pSPRlsYRMEirJ1XZriMuM9mk0qwjXLHd1M
YDbFaGwzjZB9axJLpnZlpslsTw6tNL4iWG23/Vp3ATP3wIDaeHrjWT8yA9gOI4va+wpW955UPEoj
ObU2usSnxRi0bM3Zj6gC4Uvnuqxjz68/TLEWPGSIr7tCwu11mWDQc0d/pukvWDwW3PtavNPaOZg7
Z5cSQLXmZf4MnaVpEKSCD9utsCmjr6vkYAeBuE96B8SO+pl7QjUqLnk5NaBJW9vv6XN20+p8Uesa
+sN1dT1W4PtWkRoMWnSHfEo0h6ZqZvb5pOV5bQOyK76qnampVh8t3FEutIUUannjOQdZN0g9s+jp
nF3bNSVvV3oBtz2rdRO9Y97yFUkHc0Gsril1KUON6AbMEw6gVYScz8uCzjt0Z92iw0IPyV7ffNCc
dhCJxM6GnlEnr6283850HPMRhjb9MKNVC80tBYBU2bBajF3MH5hL3Yst4taIYv2e2Ua2M603OXnV
1SanWUdxiZjBLUPt+bquO92ej82LGttTDW50K4t1/HYEUTobGU956N0+3umLK5BA8X7EGHCq7TYd
q2XdaDWtKVe6BvWZLl+qWpRFw/Ra6PE130KH5Cyb+nbsXQn+LWZq3JqN78yWB73KePpzeLhwo08H
jAOYS97mXEXPtdYeOntKoS8QGVywa2ZmzYI1KChui5K2MZhn49nuQqDNq9Wunq5oWXmaO6bjrKPD
pUcPdEx/d7mpB/Lp3ICzdXFSpTnT08mIwll37TAM/dbZBIvf6dxysFgLXinTJWbKEMsU3eZj+lhQ
p4P16AHa6Pq08ChLGfFpo534iEzGT1mFLELDLKO7go9x6TzOJm9BCf4xOiKYHRfT3ztufO3d1EPP
hgYeqQ7PWvSdS72RPtTcO+uTly/0ZvpzdadDkvSpWrI06lpA14ZZ6Zg9cxiznV5zJDrozZjHnrAV
OpZur579ucZOQ/OHKrLBescL3dIAOFDxG9s0dTOUozPaB4J9PcdChK8BQlfDs8aGNaErReqCjXWm
Ptg0JzkLm/Ho4El3WGbYJAxrLzCyPxKQe72Rv+vvxCdDu3A7Hm7WKM3y+sAiiLLZuu+bg5nrmiyj
WZk3m00zL2rNcVVX2w31CPrCbQcJuz3r1PjY92z/XougIYuvVi16TXOmZA+gTKNNFza/nMqn+UME
v33xdgF9zCwImlxAoHCnTCHKETp3esdOM74XQI/ND46CkXp2mjeuaYzzQKkwqHlvnQlZT3/lIuw+
rKf0eH2oOpSoFfnJwQHPFPjYrPkUw1ADJax+V7IAenOFJhomBAJVlBDM2zGxmOMifnRgZD9LHSSc
AeUZcptGsREsLEFtefN+3OOBpY2sh6bu0UHvsNpmJCJK88fCgSxLgEkb6pMwu2g89ZzvN7BvDncY
tfnbOc/CtrGuiYqDQwZLA+R7q8/xOGFtBzViUEdgi0yLGHQyizpe6iqryHeEUKpDEHM2Twg0dtkG
40DPQuSY2XhZ8M6W8Ki6+KYpxycqAsCjtdViNJp5B7+lk54F+0lnb+TPqT76+UREdXW+T5OH3wy0
GFRJtYW0Hfb4EUa3zo9lLJ3QdYbudDGpOzPYpwCvNt0esm/21TyYn4w+21BWMNlrv+OC/fDq8mbh
fR9Pw/Tenfr3/tT73v2ebsUbjD3rW4UHgOt54hgoNk9B+NSUPeYo/rCxNRFOuQU6tqdOuvTQx0aw
mtgyc2F3aEdQHqv5dneGrxEHdJCqhP5w0o0Km40fAOjfSRif+UFDjd5Kzz8iMuhKwf7LiIORmS62
5vsDslpfImfqHsDX2UZIfKF6udNFPzSSFahUt6Zn1vNIXn03rjRpxMSMkVLTRzHS7rB6Mp2o+15V
9lbpz5PnqBAOb8Nmwt5c3I3QB5lK8vZorN58lnUPMDwatd+n9wNDWx4+S3ObYfecF6W5KbEbWW2O
7uaukT4OnwtE2e3hAN241Z+h4zk9bjLzdelwClViYF8ejjXiWOp3u+tuRys17HfHQyhQNocj769f
HT5utt1fS32h2P5i+iqRRyfwDPWE44ZO4MT4+c1LhEQsBP6nqwRxmEcy9lQocienGwmBvpIh6Hqp
57Nv6CP+wcf73YZbrj9OenQ1j24zF425FRfO6SrRV3P9czcbj/ebY5vUJA5dn3Pp33VMJ9cv3h6p
StaftSingxgqjs1J/6So644mvi8IEP7j9ZGOTjjAI7Wkx2Jh8K4tTrzj4G6uT1cy6FY5GF4fO+c+
W3/WxdjhvWftRCtzH9pcVp/TdRnZ2fsQpAANaDIb796SH7fbpq/1gK8HVvKBzYsjN9G68Q+Hdldd
VoNxxpGd/6Ka7e21PkrZL/jll/8GDBOdMQ==
===END CRASH DUMP===
