JINODK PRO Crash Dump Fri Aug 14 17:07:28 WIB 2020

Error: Argument 1 passed to NgLamVN\RankColor\RankColor::getPPgroupname() must be an instance of pocketmine\Player, instance of pocketmine\command\ConsoleCommandSender given, called in D:\MinecraftTool\JinodkNew\plugins\RankColor\src\NgLamVN\RankColor\RCcommand.php on line 33
File: plugins/RankColor/src/NgLamVN/RankColor/RankColor
Line: 87
Type: TypeError

THIS CRASH WAS CAUSED BY A PLUGIN
BAD PLUGIN: RankColor v0.1-ngl_alpha

Code:
[78]     {
[79]         $this->getPC()->setSuffix($rank, $player);
[80]     }
[81] 
[82]     public function getColor(Player $player)
[83]     {
[84]         return $this->getPC()->getSuffix($player);
[85]     }
[86] 
[87]     public function getPPgroupname (Player $player)
[88]     {
[89]         return $this->getPP()->getUserDataMgr()->getGroup($player)->getName();
[90]     }
[91] }

Backtrace:
#0 plugins/RankColor/src/NgLamVN/RankColor/RCcommand(33): NgLamVN\RankColor\RankColor->getPPgroupname(object pocketmine\command\ConsoleCommandSender)
#1 src/pocketmine/command/SimpleCommandMap(273): NgLamVN\RankColor\RCcommand->execute(object pocketmine\command\ConsoleCommandSender, string[9] rankcolor, array[0])
#2 src/pocketmine/Server(1922): pocketmine\command\SimpleCommandMap->dispatch(object pocketmine\command\ConsoleCommandSender, string[9] rankcolor)
#3 src/pocketmine/Server(1491): pocketmine\Server->dispatchCommand(object pocketmine\command\ConsoleCommandSender, string[9] rankcolor)
#4 vendor/pocketmine/snooze/src/SleeperHandler(123): pocketmine\Server->pocketmine\{closure}()
#5 vendor/pocketmine/snooze/src/SleeperHandler(85): pocketmine\snooze\SleeperHandler->processNotifications()
#6 src/pocketmine/Server(2264): pocketmine\snooze\SleeperHandler->sleepUntil(double 1597399648.3686)
#7 src/pocketmine/Server(2104): pocketmine\Server->tickProcessor()
#8 src/pocketmine/Server(1691): pocketmine\Server->start()
#9 src/pocketmine/PocketMine(273): pocketmine\Server->__construct(object BaseClassLoader, object pocketmine\utils\MainLogger, string[27] D:\MinecraftTool\JinodkNew\, string[35] D:\MinecraftTool\JinodkNew\plugins\)
#10 src/pocketmine/PocketMine(304): pocketmine\server()

JINODK PRO version: 3.15.1+dev [Protocol 408]
Git commit: 0000000000000000000000000000000000000000
uname -a: Windows NT LAMPKVN 10.0 build 18363 (Windows 10) AMD64
PHP Version: 7.3.20
Zend version: 3.3.20
OS : WINNT, win
Composer libraries: 
- adhocore/json-comment 0.1.0@8448076039389f558f39ad0553aab87db3f81614
- ocramius/package-versions 1.5.1@1d32342b8c1eb27353c8887c366147b4c2da673c
- pocketmine/binaryutils 0.1.11@e8cb65db1b7998eebb739b124f2a989fe87366eb
- pocketmine/callback-validator 1.0.1@4aef6bb25f97d0b830ba0b4f66834b1a9c86fc9a
- pocketmine/classloader 0.1.0@4ccdb30e48f030bfcad04bb0a208d198ec631993
- pocketmine/log 0.2.0@e59bedb5d4bbeb9a26647cb7c367cb2fa72addfa
- pocketmine/log-pthreads 0.1.0@9bbcef398b01487ab47c234a6a7054722abbe067
- pocketmine/math 0.2.4@b1c28b236df8b795d7b06cf8421f9962b12ac410
- pocketmine/nbt 0.2.14@b31dca98443328c4bab76dc1b84c1473c79be20e
- pocketmine/raklib 0.12.8@9fea763ffc922db083e4528d4acd0b13d0ea83a4
- pocketmine/snooze 0.1.2@88420da3d9335dbcb3ee2decfd5e5453d057dcdf
- pocketmine/spl 0.4.1@ff0579a0be41bbe65d3637607715c0f87728a838
- doctrine/instantiator 1.3.1@f350df0268e904597e3bd9c4685c53e0e333feea
- myclabs/deep-copy 1.10.1@969b211f9a51aa1f6c01d1d2aef56d3bd91598e5
- phar-io/manifest 1.0.3@7761fcacf03b4d4f16e7ccb606d4879ca431fcf4
- phar-io/version 2.0.1@45a2ec53a73c70ce41d55cedef9063630abaf1b6
- phpdocumentor/reflection-common 2.2.0@1d01c49d4ed62f25aa84a747ad35d5a16924662b
- phpdocumentor/reflection-docblock 5.1.0@cd72d394ca794d3466a3b2fc09d5a6c1dc86b47e
- phpdocumentor/type-resolver 1.3.0@e878a14a65245fbe78f8080eba03b47c3b705651
- phpspec/prophecy 1.11.1@b20034be5efcdab4fb60ca3a29cba2949aead160
- phpstan/phpstan 0.12.29@9771daaf6b95c6313b908d0bcdee0afcd51f838a
- phpstan/phpstan-phpunit 0.12.11@ab783a8ea634ea23305a8818c4750603e714489b
- phpstan/phpstan-strict-rules 0.12.3@937283265620af9e2005743134ebb4e197b12d8e
- phpunit/php-code-coverage 8.0.2@ca6647ffddd2add025ab3f21644a441d7c146cdc
- phpunit/php-file-iterator 3.0.4@25fefc5b19835ca653877fe081644a3f8c1d915e
- phpunit/php-invoker 3.0.2@f6eedfed1085dd1f4c599629459a0277d25f9a66
- phpunit/php-text-template 2.0.2@6ff9c8ea4d3212b88fcf74e25e516e2c51c99324
- phpunit/php-timer 5.0.1@cc49734779cbb302bf51a44297dab8c4bbf941e7
- phpunit/php-token-stream 4.0.3@5672711b6b07b14d5ab694e700c62eeb82fcf374
- phpunit/phpunit 9.2.6@1c6a9e4312e209e659f1fce3ce88dd197c2448f6
- sebastian/code-unit 1.0.5@c1e2df332c905079980b119c4db103117e5e5c90
- sebastian/code-unit-reverse-lookup 2.0.2@ee51f9bb0c6d8a43337055db3120829fa14da819
- sebastian/comparator 4.0.3@dcc580eadfaa4e7f9d2cf9ae1922134ea962e14f
- sebastian/diff 4.0.2@1e90b4cf905a7d06c420b1d2e9d11a4dc8a13113
- sebastian/environment 5.1.2@0a757cab9d5b7ef49a619f1143e6c9c1bc0fe9d2
- sebastian/exporter 4.0.2@571d721db4aec847a0e59690b954af33ebf9f023
- sebastian/global-state 4.0.0@bdb1e7c79e592b8c82cb1699be3c8743119b8a72
- sebastian/object-enumerator 4.0.2@074fed2d0a6d08e1677dd8ce9d32aecb384917b8
- sebastian/object-reflector 2.0.2@127a46f6b057441b201253526f81d5406d6c7840
- sebastian/recursion-context 4.0.2@062231bf61d2b9448c4fa5a7643b5e1829c11d63
- sebastian/resource-operations 3.0.2@0653718a5a629b065e91f774595267f8dc32e213
- sebastian/type 2.2.1@86991e2b33446cd96e648c18bcdb1e95afb2c05a
- sebastian/version 3.0.1@626586115d0ed31cb71483be55beb759b5af5a3c
- symfony/polyfill-ctype v1.17.1@2edd75b8b35d62fd3eeabba73b26b8f1f60ce13d
- theseer/tokenizer 1.2.0@75a63c33a8577608444246075ea0af0d052e452a
- webmozart/assert 1.9.1@bafc69caeb4d49c39fd0779086c03a3738cbb389
- pocketmine/pocketmine-mp dev-8516aa2393e81746bcbbcfbd8094613307585f16@8516aa2393e81746bcbbcfbd8094613307585f16

Loaded plugins:
InvCrashFix 0.0.1 by  for API(s) 3.14.0
FishingTest 0.1-ngl_alpha by  for API(s) 3.14.3
CursedDrop 0.1-alpha by  for API(s) 3.0.0
RankColor 0.1-ngl_alpha by NgLamVN for API(s) 3.12.0
CuaHangPlus 0.2.lpk by LamPocketVN for API(s) 3.2.0
PointAPI 2.1.0 by onebone | Fixed and Update by LamPocketVN for API(s) 3.9.0
PurePerms 1.4.3 by 64FF00 & ProjectInfinity for API(s) 3.0.0
Sheep 5.2.3 by KnownUnown for API(s) 3.0.0
PiggyCustomEnchants 2.3.0 by DaPigGuy for API(s) 3.14.0
FactionsPro 1.3.20 by Tethered_ for API(s) 3.0.0
MultiWorld 1.5.2 by CzechPMDevs, VixikCZ, fuyutsuki, kaliiks for API(s) 3.0.0
ScoreHud 5.2.0 by JackMD for API(s) 3.0.0
DEVirion 1.2.7 by poggit, SOFe for API(s) 3.0.0
EconomyAPI 5.7.2 by onebone for API(s) 3.0.0
DevTools 1.14.0 by PocketMine Team for API(s) 3.11.3
PureChat 1.4.11 by LamPocketVN for API(s) 3.0.0

----------------------REPORT THE DATA BELOW THIS LINE-----------------------

===BEGIN CRASH DUMP===
eNrtXGuT2zaW/StYObVjb7XUfD+U8lR7u+2JJ370ptvx1EQpFwiAEqcpUuGjH8nmv++5AChR6rbj
SfxhPySV2CJIXNznufeCYH6Z5HWz5t2Ha9W0RV1N5v7RpCvWajJ3wzT20zQKkqNJydvuedPUzWT+
y6S72+D25BJ/mbGjyVq1LV/S6LNm2a9V1TGXbXjbKsm6mr1ZvuLr798sFt/x6uq0Lutm9HM+X6ru
/HzZ1P2m4mv1+Alb923HMsV4xYqq7XglFKtztqnFlerWRaUWi/OS36nm6KP3Rb1e80ouFqd11dal
OjXXF6qSqmHL4lpVR0zwsgSHRcXO5ovFa0wUDc+7y7ouF4u/F1Utr96om8ViU/ZLLLTHf9uIxeJB
wU7t2rPNasPqipWgy3wfasr7snxRlKSnL7ng8JMWpFXMCpbG8fb2MSgcWwKj0e0vTCVWJ/Mkhg80
XODnD5NHDvtsSoPkj33/yfzTVp/+9cDqdfYvJbrPt+ETsPvIZcTJbs6xnXJ8Uaw32wmv+eaxF3+U
pYHr6V/VrRJ99+/zcsTarimq5Q/pj6wBZUGUjxhvGn73g/OjZtU7ZPVCNQi6x27qeeDswbUOpZj+
VRbthndi9WVY1Iz5H2MsSN0DxsydHRd2hS/ITMAQmBK+NOKnrer6Z6V97qJUaqOab0CpJBY9/yMc
jsd+EWXd9o369bFeIvy3lkjCgxXMo1hp7zms2NQCKPim7oq8ELwDmLZmwegjCva8KPhM4i1dv6u6
onws6z4rFduh88yPkkgvFH9sIdcJPqKnrhBX54bzujHsJh/zh+ij/gAIbjozOz2cfa5/EtTZGHyI
wIcPAurqml50gzP9N2/VKfJO+6rm2mUecLIeCgFIvuZF9apeLkeO5cU//gambx/1wx8/F/4N5jif
ENG/p+nWaO/J5Mdfjybqzxz6h3PoH89uMISZ/qGoruvyWpGyQVMWDTxsMtzFyHi2qKUi08UJbjD8
8wsG49Re0D9fdauiNYnt9PEThIXqLvo8L24ff0Uod8S+2miNP/kaMxPHzvyVLlxc0N+eHdwgyAvB
8r4ShCQMNDUfj43NtpRojj/iJwlG/DSq65vqHlvLHVtjfsIxP5HlJ/44PyN3Yw+xNVZTkn6SrXPL
1jsEyxnv+OtlY0f+Rkts+dRDb7R/E8vpWIUpqfDXya9/li5/li5/li5/li5/li5fsHQ5mixVpRpe
UgIkzAPW/v3lm7dn37Lz796CdAaRd3sIE3/mhjOXxvuilJO5czQp2g9SXU/m0JRChm3qrkbsTOaB
k4B6QfnX+cx/QLe3TLwvEA83LXtzyV49e33+7fdvmOvMHKbXZW7iRz57PDzkOk/Ys9dnUUApHq3y
fBLP/JlH9H5GXGm+7TVuf6hbWuDlmzeXGNAXNygKqBBYb2ro5kNZZA1vCtWSVrhcQaBGHf+rrasp
YYgpKpyZO3NOkiBInDhy/NRP0jwMk9xPuXTC0Oc8S2KZ+XniRi5xVsOS66JvjzdcXKEgnFq1EgPu
DGo9caXv+YGXJcJVGTwz9EWSJLHwI1CIs0B4kkexL0iOnamzouLNnfY7y5brnqhEZFEoMzeL0zRR
KssQmpnrBbnHU3CqkhhUVbZPimq+DNxNr3lZSN5RTQveQPMk4CqPsswL8zSWTpb4TsadLMijKPGD
zOWpSKJcpPyAIEVLqaNlq7JACKjFUUGSO6CSC+gryDKHe04iXTArIt9NU3+fUlkvNQUPFFSYZkpm
ocQ0laXci6IgFhkpCn95OY89LmXO71GYbrpVo7hst8ykWSYUbJZkjhskMc9ACDbgEY+dMIg9j2MJ
J4r3Sa15t7LcBCeZK7wk8/xI5gm0Hco4cyKRJ4Hn5kBDD1rnInCdfRJV1lkKLkj4rhSwSxD4vpeI
IONZHEnhZkkgYHlfxBDYc9Q+iYZfwVONKN4sOYFVeRz5OczgeTJzEl8FoZfIgAtYzPWlo3ji82Cf
isF3qxDvJAHfjuS+TH0f/iMyXylPKpHLUIVBCCJhLIXMD4hsSk0hgKfkOR5J4RwqcKE8eCGCFSES
x24onDyJYy8BHwkoyFoQ4Klj06l0xdblfCLkh47MHS9KVOoESC7Kz2QqgigJRegrR/m+nytFZl7f
wdOy9lgiJyFGN3eaiEuOm0Zp5rkwBQ9dzt08Eo4rXenBn8NIEkXkrUSFGhx4My1qmLcqctV21vn9
kziOXPipgMNmgQxyN1KxQIA5kYTTpIIHPu7nwYjGDjM9Ez8h9xTY5mRNR0A3MgyFkipPnQgKcnjG
czeLDEZBMbpTREnQqLxUujjX4GNJUhi40nFFkMpAycjLvZDzJOBxEHMJy4UcydELIvjfp0hiNCth
RxANdUAIGXvSTwPB4zSQPghwHyElnBQkIwE/TSIEibpHlDrfaaNa6rsGGyJUkzjhLuIp9IIwz1Sc
5ImTOArg4VOs+RniLApdQ67dKGSxpt6slLAmxL8nmec4ABkVqlxIhGgOzQvucy8VGf4IUo6YdiOL
7+RJx/bvITi89CSF/0nOAWJpSAjjZynwxskEfMbhIBy6ObyS3ycyxd99VXQDMcAr4hORlCge+YHi
nu87IU8SF6Ebhw6ygYpdJIY0e4AYpXjRTZu+VO1A0T9JfUSF70Vh5IGZFMGOIIJXgXyWBcpNY8CI
TKzaiRsiOKXeFX9A42aHIYGveSeCEyDmuZSSgNCBayAPeW4UBDyA48UAlUhIcUCMOvBp0YGWiULY
D/AGxIfawwzI7IegHPqI4Fw5iSaH9AafQAgdckYd+JUayHgneaSUzJV0nSSU0s0DERI4pohr7nhx
LCmzgO8DMp267fAHeg7eKRtM3kmU58g3isNBPRf5MkHwxYHyAFEITU+ErkAC8YJDYsVacxTqiBSI
ndgPYsRvhnzkZTkAIgg85DekboBwlqeBq+JDIhBLW1HxNWgFGiDCKPZiF+GbOTBUgFDJojRQseOI
yEP2TRBBuR8fMGSdKkU0RyeuiHiqYHIPxk8Bm2kOTFG+UEkChaXIS3CpnBTUInxagGV1rO1vyRBU
hScoHTyZI42I1AkdSv6AfheoiVrA8V03RhSFuPcwGQQwAZealnV91W+2CldQbI5cCXFkArTzfYQt
0gO4dRIvzRHikiduekB1veGDMxk9SSFCRD9HcuZQT55KT8DsijpO8nUOl1BukO/RkUWeWwreiYtc
gEoIqBlyFCKRQLrKAOcqlS7MB3jiLsT09yio6rpo6spWbqFOdA6Pw1jwDLiWxSoHiEQuVO4GvopE
ityLXAWi3j6h203ddKrZshMCVGLPlRnqI5EAex0UJxFYTMOAwwwKToQUts/OsqwzXsKHjE8TJeck
g4GQVeIUBKgETDyRAcKR+FEFEhS4aZagstmjZBqQqaqAwmNNQ7w4QLR50uGRdBLlRggxmQhI5CP1
Ia0n6KXjLHmInM0Pmpqxv+vFPIiAnYRKSOue43qhH3oRqlsZBsiDkYiTYN+rGiV6nQSBUBUF8o65
yPN8N8sjGC5L4dYiyDnsGQV+FioXHiVcV0b+Abm27huhpvWGZLWVs28Jhn7sJqABSEH5FarUzeMY
4AIe4zyRwkdYHXiF3aulZOqeJFA1Qifz/YCwMY0U+ljhJsgPsEsa8jzzBHxuj8K4MSJIiQDgSeS6
IUot6bsoSVFU+khcIerUGFUryIRcF/Dt3Tqvqzv0bOUdgLecCsvONTJeDFqekjIOsyRDMkd6l6jD
UIuifMi8KEuADciBCkUdaHUr1SqFFEzQVPxs0y+VCDEU4gsfqSpEDeOgwAxQEzhxqDjSjINizqMa
kaS6Udm6/hlN8zFtTTcGUVLKvkiOEWocRaVPKvw0l6jlkDxRSfncj/2E8DNJ9yvC3c/pmnAEPeI0
ATpzZMvUV4kbBxGqy0zkmUycNIhcJNE4TEIUVyef++Dk1+2Wr+7VXlbXpw1vVy+K21FDOx49muxs
5pDNMML7blU3IPAD+mG+KWiLEfUnXJUaZFXxrFRyaHCl2qCltA+3dd6djQfWXG8vr/uf2qJbLJAE
Ba2cF7eLhdk0oO1q/MBD528vLt+//e7VmVE+JhCztNH5omhXRbW81CXoVozx6L4Y7rRalh94idrz
U+L4v1ec7Rbli47++xwRThH5Sp6hlBtJMBo8FODTzDu/3xRb3neLj39/jiy7lwU7UcYvED7HFAMf
kz2beF9Arod2sj/PQvwbXi3Py77dM9FudF8yb1ZurvZlAgdmn+lArj8g1ogkmWnLzPbic0Q7r4uq
e3b+ciTXdmgslEcdz75IdaUy/Mf+lwEtlGS8kuzdRiJRs+yOfUzg9PcLbBdcLDbEISguFiNeragX
l8++u3x3fl/QvlHnqlmPLbgbG4vqzij+90SNghcvHIf9Jztvakr7L6u8QAl4N/lCkffBLAB5Bo5G
P3/LjKuu27Tz4+Nl0a36bIZS8ljPta99dnSghYsVuv6RBsz1WPoQLnkg/bdVfVO9oz++lLx62cVC
/2X4/Fwhb25uZiNBd6wdG1HI0sVyeXfat129fl6JFa+6PZs/cHff0f1DRz/jmPS3ft/afyTnDQRh
5PvcPDj4O3xgWOT4AXLHOnVyva/RwqfHqXM0uh8Vdlt4pJhLhXKqUfLDH/OLybOqKy42AAysudPS
iBOkUnNB7wo+B9Ze92VXvK8b2njfijYa3JcMPr8v2OnPSqzOX5+pa9L898VtcXX6T3147a7v2v6q
wO8rXhbFVfulQkLQkps1aj94wJo4vSFOF4s9rv9dJxgJcjwiREhAG/Xf9GP9bIcO8eDA7H/n4ur1
2ZcS3FADGNjVd78+x9Bnz78vGs3pVozt0L6RvVm8L8amXtI7F6ji7Qv1paQxRBeLa83CYgF72l8j
tn4jVT1HD1iv7/az8mhw3zzxofPaNPmlJNpmXWU40Hl3j5vfNpK6prdyYxjeDu0bSaPqnjS7t3Ps
kraR9jDY/f2F+sAADLNj5ROGeSjLblk73tKwlcbpincHhYYeOqwzXPfzysTfst9eKTOG8Ptguw/w
/4B/1n17/nw6jE8+UpYQ/7tfX6Ao0WR0V8obqKlTRgX6QNTeEa2tmvXhXpJIv5Sd0e43um/98nHy
6Hx7xU5r1GdLRpu0i2ZRPXqP6vRZv2Qh85y5l8wdj71/+d+48By6X6JW7vlSPb0u9PPrupNP6YdZ
Z0pGfLp7oby7QRtcT93U9T0aXOKxdS3VU010zW+n5shO+9QN9aQNv6mm9NbXvFB4OnVp+GYFjU3L
ou2e1nlOI8bK05961dw9BXTshhqE3fAUr6q6r4Syq0y5WBXKnONq7ay8pj2gLV924oo3khB2uN5c
b+zztHtYCKSJu6dGIv3Cu6ubaau6Dg11q9VSYpnSaMXkqO1Yq5QcPULbNE/Pnr949u7VJY0S+zM6
zodp8ul/6X8gSN/V05ZfK8sFrHAzlYU5j/c0oaHbrL6dUpjYR/b2T2Z3a3qj9ohRccCEtn1vdr20
CzCoge2caPr6HC7BLmkjiA1yMd4ohmKGAela/OAdE6RgfXywqETZS3PA757rEa2Leq0PDnb3abY8
V0espjqpJZIsaxS/Ynd131harMgZzFPkhV4BlqETeOUdEYa7bckdS5Vz2KZlN3X1l47xzUbxhpH2
1hCW3kffEYd0pMzIfbNSFes3y4ZLEJgtKnJcQ2y+qBh79H6lCzg6WtkCHhhI2GMV0EHDq5beJEhz
W7Na1lgGouKX6rS+KL8JxVb6qAuNrImycbwhruYs52Wr6Ea76juJan1qT3rO2WJiTpGwRulzKFj8
iG1KxaHJRv0L/d1/LCaa22dlWd8wChQ8M5xqY9cFZ/9DkULP6JCZ2lujZR891/FjJ+lOlSKAwYzQ
FJFDx2r1S8/bcNveHpN6X0BLdQVlcymJa2MT0jUdx2FrsA5004dXYYlMEdfQmPqp5yXpUh8aZde8
7BV7bBcFFj0h6mZFejlI2DKFLehczBy39dpv+nUGVcHVnrV3lbjk7RW8obmCc830A+/opCz5+yAp
PbZqkKx7mBSPt0dMxyyzsY0gOWL09gGCUF7SugGM09i6r+xRKEP8QtscMsH1mvq2gNspqAEiaXeu
tsyRbi1DL3NyYHqGHPWIFd1foL6u0dOkIijUfnQwmT2GDD1cwNNq0WJMraRzTerQgbn2jqavKjKn
JPypN9oI+hxMO2PI0fY3WxfLFSKc9huPxhFpPYc00jT9pjOjRmGkmDV4s3Jp4yJS9SEXaaKEX9eF
BNsPc0A+Qj5XQ9HwrtnI0WjH1zw0Z5TaKVQJtJs7E6h/029BGGVyZsYRB+uio3hfqyXP7joonF0Y
TTtat0VLpPX0SzLaTaEVrx0KgXwzNYQGH2u1gHnR6OPSYL7StPJGqWFJ4+MwVk+hy5Y17ETvU7VT
0EL2ZY1mbc4ckgKra1g2h0n+30tAhc+n+Kfc+cf4Rxu+0SxYSN2yZMm1DOhhjrxvGaJVD7nSAPBe
R4Rlrv3LF2BPx4Tmh9CCiR7ZqEI2YuZwLXl2bfg10UjZa/u0uhUoANqdOAa03l4+n7PLb15esFcv
X7+8ZM/Oz1+9fH7Bzp9/x1A5fvv8uyOGh9jlWzz1nL3/5u2r53Sm7vT5xcXsMPwfVAYq36LW+Zkg
uCXxxEppMNa62MKsC7WjQpAaVfQjU4CgMgCrSaF2hJSAZjgSSfsxPzP+heKN8mFFj9nFNGVDBKC7
g/AhrrHGW8oelPb1hNn9p8kNbK0Po22UoOrA6JXYNVY1c7cywLPUpt2J6jtW1vbJwyxZyX0r+ZI3
GR21E3VpT7xo7HlYuzrKiB07i9lZQO01r3pdi4w5QZ3WwwOfHA3Z4NAFByc0iTXPQcvIu95F34y9
NWhv3B3FRN2XcstLgfRxU7Ed/60hvNHsQ9DIcaysWO2Fxol76VG7jqGwlS1v6vWQZs1s+8R07Jhj
C5M01pL3fIM94FJ73nEx1I9ksgYrkRtaR5b9emOKLVPRMXtjSjcGe53RQ3aC5l2zOUiAKyR4hDp/
QMFI10h5WOEaTta2vSJY6Faw2nIoPgmvaLUdV0eDIU11YGvMmeGGHv2onqhJEqu+umoH3k/5hkaL
db9GdtUf2QytABmSmWbHcLHTK8WLVaWOmPs+htp7YznSC06pKO6RboOtxc5qc+vQp6kqIswz9M3D
QwgZWvbBsWS6ZpgKNGVqK9sZWNFVCgpH0h64M6WFoUJnXRX1HTTHSLiTDtOsPo08w8r08LCuUWBJ
XYGl+2lSn/LDRVWpjgw2twkCRdmqLk1xmdHXA7oI1yy39PkUsylGY5tphOxdk1gytS0zTWZ7NLbS
cItgtbnrVroLmLojA2rj6YWn3cAMYDuMLGrvKljde1LxKI3k1NroEp8mY9CyNWPfoAqELz3VZR07
PX93hLngIUN83RQSbq/LBIOeW/pTTX/O4qHg3tXirdbO6NkZeyYBVCte5sf0qkw3CFLBh+1SWJTR
Pgo52CgQd0lvRGyvn7klVKPikpdHBjRpaXvKe8YuG50val1DvzuvzocKfNcqUoNBk26QT4lmv6k2
U3t90PK8tgHZFj+rran1l3LWwi3lQltIoZY3njPKukHqmUlPZuzczil5s9QTuO1ZrZvoFfOGL0k6
mAtitZtSlzLUiK7pWzvgAFpFyHlaFrTfoTvrBh0Wekj2+vKd5rSFSCR21neMOnlt5d1ypuOYDTC0
7vopzZprbikApMr65XzoYv7KXOpebBG3QhTr+8w2sq1pvcnJ9QczNM06ikvEDG4Zaqerum51ez40
L2poTzW4Sd5x1vLrAURpb2TY5aF7u3inc8BAAsW7AWPAqbbb0VAt60Zr05hypd0o+6K2qkVZbJie
Cz2+5nfQITnLur4eeleCf4uZGremwz2z5KhXGXZ/xpsLl3p3wDiA+R8smH0V/ay1dt/aXQoBr+8M
Ltg5UzNnzjYoKK6LkpYxmGfj2a5CoM2r5baermhaeZg7joan9jaXHtzQMf3ds3Xdk0/nBpyti5Mq
zZ6eTkYUzrprh2Hot84mmPydzi2jyVrwSpkuMVOGWKZy8ki9LajTwWrwAG10vVu4l6WM+LTQVnxE
JuOHrNpvmbCaQgJ4iEvnYTZ5A0rwj8ERwewwmf7ecuNr76YeetrrF/7jvRZBCUgvpDc1d8766OWZ
Xkwfom51SJI+VUOWpg/JJEoVKx2zew5DttNz9kQHvSnz2CO2RMfS7tSz29fYamh2X0U2WG94oVsa
AAcqfmObTb3py8EZ7QXBvn7GQoSvAUJXw9ONDWtCV4rUORvqTL2xaXZy5jbj0caT7rDMsEkY1l5g
ZLclIHd6I3/Xp5cPhrbhtj+8WaE0y+uRRRBlU7Mfv31yVZNlNCuzzXq9mRW15riqq7s19Qh04JJ2
2kS7Y50aH3uf7e5rETRk8eWyQa9p9pTsBpRptOlz1KtD+TR/iOC3Z2/n0MfUgqDJBQQKN8oUohyh
c6NXbDXjOwH02Gy0FYzUs9W8cU1jnHtKhUHNfetMyHr67CVh97ie0uP1WHUoUSvyk9EGzxHTp5iO
MAw1UMLqtiULoDdXaKJhQiBQRQnB3B0Si9ku4nsbRvYl0Sjh9CjPkNs0ig1gYQlqy5v7wxr3LG1k
HZu6Qwe9xWqbkYgoPT8UDmRZAkxaUO+E2UnDrudst4C9M15h0Oanc56FbWNdExWjTQZLA+Q7q89h
O2FlBzViUEdgi0yLGLQzizpe6iqryLeE6FvVvjF784RAQ5dtMA70LEQOmY2XBW9tCY+qi9MXvfaK
igDwaG01H4xm7sFvaadnzn7Q2Rv580hv/fxIRHV1vkuT43cGWgyqpJpC2g57eAmjW+eHMpZO6DpD
t7qY1J0ZvewHrzbdjtk362oezE9Gr20oK5jstVtxzl68enY5976Oj8L01j3yb/0j72v3a6lEbTD2
cdcoXABcnyaOgWJzFYRPTNljtuLHja2JcMot0LHdddKlh942gtXEHTMfk/bNAMpDNd9s9/A14oAO
UpXQL07aQWHT4QUAfMHUd49eaKjRS+nn94j0ulKw/zeE0chUF1uz3QZZvdG9oLoF8LW2ERJXVC+3
uuiHRrICleqd6Zn1cySv/mKrNGnExIyRUtNHMdJssXpyNFG3narst46/TE5RIYy/0cyE/Z5uO0Iv
ZCrJm72xev1B1h3AcG/UnpreDfRNOb6W5oz99jovSnN+fzuyXO99MbpC+hhfF4iy6/EAfQeq33TH
+rX+OjNvl8aPUCUG9uV4bCP2pf5u+xHW3kwN++3+EAqU9Xjk4vzV+HJ91/5U6s9c7S+mP3DxaAee
oZ5w3NAJnBg/v3qJkIiFwL90wD0O80jGngpF7uR0Tj7QHwoI+ujR89lXdLR8dKR8u+Ad1y8nh+OT
Pxcbc84hnNEHLj+bjxK3T+Pydr1vk5rEoY+6XNejc+PnZ2/3VCXrD1qUw0EMFfvmBFxUbbv3oPk/
FPzj9Z6ODjjAJbWk+2Jh8KYpDrxj9MUoHWx16VtnMLzad85dtv6gi7Hx17jaiZbmK13zCbU+3CJb
e4KHFKABTWbDF6Hkx83dpqv1gK8HlvKezYs9N9G68cdD2w8wlr1xxoGdf1LN9vZcb6XsJvz66/8B
JVcZoA==
===END CRASH DUMP===
