PocketMine-MP Crash Dump Fri Aug 7 20:59:59 WIB 2020

Error: Alias "ender" is already assigned
File: src/pocketmine/level/generator/GeneratorManager
Line: 62
Type: InvalidArgumentException

A PLUGIN WAS INVOLVED IN THIS CRASH
BAD PLUGIN: TeaSpoon v1.2.0

Code:
[53] 	 * @param bool   $overwrite Whether to force overwriting any existing registered generator with the same name
[54] 	 * @phpstan-param class-string<Generator> $class
[55] 	 */
[56] 	public static function addGenerator(string $class, string $name, bool $overwrite = false) : void{
[57] 		if(!is_subclass_of($class, Generator::class)){
[58] 			throw new \InvalidArgumentException("Class $class does not extend " . Generator::class);
[59] 		}
[60] 
[61] 		if(!$overwrite and isset(self::$list[$name = strtolower($name)])){
[62] 			throw new \InvalidArgumentException("Alias \"$name\" is already assigned");
[63] 		}
[64] 
[65] 		self::$list[$name] = $class;
[66] 	}
[67] 
[68] 	/**
[69] 	 * Returns a list of names for registered generators.
[70] 	 *
[71] 	 * @return string[]
[72] 	 */

Backtrace:
#0 plugins/TeaSpoon-master/src/CortexPE/LevelManager(58): pocketmine\level\generator\GeneratorManager::addGenerator(string[36] CortexPE\level\generator\ender\Ender, string[5] ender)
#1 plugins/TeaSpoon-master/src/CortexPE/LevelManager(50): CortexPE\LevelManager::registerGenerators()
#2 plugins/TeaSpoon-master/src/CortexPE/EventListener(84): CortexPE\LevelManager::init()
#3 src/pocketmine/plugin/MethodEventExecutor(42): CortexPE\EventListener->onLevelLoad(object pocketmine\event\level\LevelLoadEvent)
#4 src/pocketmine/plugin/RegisteredListener(80): pocketmine\plugin\MethodEventExecutor->execute(object CortexPE\EventListener, object pocketmine\event\level\LevelLoadEvent)
#5 src/pocketmine/event/Event(88): pocketmine\plugin\RegisteredListener->callEvent(object pocketmine\event\level\LevelLoadEvent)
#6 src/pocketmine/Server(978): pocketmine\event\Event->call()
#7 src/pocketmine/Server(1564): pocketmine\Server->loadLevel(string[5] world)
#8 src/pocketmine/PocketMine(273): pocketmine\Server->__construct(object BaseClassLoader, object pocketmine\utils\MainLogger, string[27] D:\MinecraftTool\JinodkNew\, string[35] D:\MinecraftTool\JinodkNew\plugins\)
#9 src/pocketmine/PocketMine(304): pocketmine\server()
#10 (11): require(string[82] phar://D:/MinecraftTool/JinodkNew/PocketMine-MP.phar/src/pocketmine/PocketMine.p)

PocketMine-MP version: 3.14.2 [Protocol 407]
Git commit: 4fc5b9772ab3a9612abb052dc4233104dcb0ea02
uname -a: Windows NT LAMPKVN 10.0 build 18363 (Windows 10) AMD64
PHP Version: 7.3.20
Zend version: 3.3.20
OS : WINNT, win
Composer libraries: 
- adhocore/json-comment 0.1.0@8448076039389f558f39ad0553aab87db3f81614
- ocramius/package-versions 1.5.1@1d32342b8c1eb27353c8887c366147b4c2da673c
- pocketmine/binaryutils 0.1.11@e8cb65db1b7998eebb739b124f2a989fe87366eb
- pocketmine/callback-validator 1.0.1@4aef6bb25f97d0b830ba0b4f66834b1a9c86fc9a
- pocketmine/classloader 0.1.0@4ccdb30e48f030bfcad04bb0a208d198ec631993
- pocketmine/log 0.2.0@e59bedb5d4bbeb9a26647cb7c367cb2fa72addfa
- pocketmine/log-pthreads 0.1.0@9bbcef398b01487ab47c234a6a7054722abbe067
- pocketmine/math 0.2.4@b1c28b236df8b795d7b06cf8421f9962b12ac410
- pocketmine/nbt 0.2.14@b31dca98443328c4bab76dc1b84c1473c79be20e
- pocketmine/raklib 0.12.8@9fea763ffc922db083e4528d4acd0b13d0ea83a4
- pocketmine/snooze 0.1.2@88420da3d9335dbcb3ee2decfd5e5453d057dcdf
- pocketmine/spl 0.4.1@ff0579a0be41bbe65d3637607715c0f87728a838
- doctrine/instantiator 1.3.1@f350df0268e904597e3bd9c4685c53e0e333feea
- myclabs/deep-copy 1.9.5@b2c28789e80a97badd14145fda39b545d83ca3ef
- phar-io/manifest 1.0.3@7761fcacf03b4d4f16e7ccb606d4879ca431fcf4
- phar-io/version 2.0.1@45a2ec53a73c70ce41d55cedef9063630abaf1b6
- phpdocumentor/reflection-common 2.1.0@6568f4687e5b41b054365f9ae03fcb1ed5f2069b
- phpdocumentor/reflection-docblock 5.1.0@cd72d394ca794d3466a3b2fc09d5a6c1dc86b47e
- phpdocumentor/type-resolver 1.2.0@30441f2752e493c639526b215ed81d54f369d693
- phpspec/prophecy v1.10.3@451c3cd1418cf640de218914901e51b064abb093
- phpstan/phpstan 0.12.29@9771daaf6b95c6313b908d0bcdee0afcd51f838a
- phpstan/phpstan-phpunit 0.12.11@ab783a8ea634ea23305a8818c4750603e714489b
- phpstan/phpstan-strict-rules 0.12.2@a670a59aff7cf96f75d21b974860ada10e25b2ee
- phpunit/php-code-coverage 8.0.2@ca6647ffddd2add025ab3f21644a441d7c146cdc
- phpunit/php-file-iterator 3.0.2@eba15e538f2bb3fe018b7bbb47d2fe32d404bfd2
- phpunit/php-invoker 3.0.1@62f696ad0d140e0e513e69eaafdebb674d622b4c
- phpunit/php-text-template 2.0.1@0c69cbf965d5317ba33f24a352539f354a25db09
- phpunit/php-timer 5.0.0@b0d089de001ba60ffa3be36b23e1b8150d072238
- phpunit/php-token-stream 4.0.2@e61c593e9734b47ef462340c24fca8d6a57da14e
- phpunit/phpunit 9.2.5@ad7cc5ec3ab2597b329880e30442d9054526023b
- sebastian/code-unit 1.0.3@d650ef9b1fece15ed4d6eaed6e6b469b7b81183a
- sebastian/code-unit-reverse-lookup 2.0.1@c771130f0e8669104a4320b7101a81c2cc2963ef
- sebastian/comparator 4.0.2@266d85ef789da8c41f06af4093c43e9798af2784
- sebastian/diff 4.0.1@3e523c576f29dacecff309f35e4cc5a5c168e78a
- sebastian/environment 5.1.1@16eb0fa43e29c33d7f2117ed23072e26fc5ab34e
- sebastian/exporter 4.0.1@d12fbca85da932d01d941b59e4b71a0d559db091
- sebastian/global-state 4.0.0@bdb1e7c79e592b8c82cb1699be3c8743119b8a72
- sebastian/object-enumerator 4.0.1@15f319d67c49fc55ebcdbffb3377433125588455
- sebastian/object-reflector 2.0.1@14e04b3c25b821cc0702d4837803fe497680b062
- sebastian/recursion-context 4.0.1@a32789e5f0157c10cf216ce6c5136db12a12b847
- sebastian/resource-operations 3.0.1@71421c1745788de4facae1b79af923650bd3ec15
- sebastian/type 2.1.0@bad49207c6f854e7a25cef0ea948ac8ebe3ef9d8
- sebastian/version 3.0.0@0411bde656dce64202b39c2f4473993a9081d39e
- symfony/polyfill-ctype v1.17.1@2edd75b8b35d62fd3eeabba73b26b8f1f60ce13d
- theseer/tokenizer 1.1.3@11336f6f84e16a720dae9d8e6ed5019efa85a0f9
- webmozart/assert 1.9.0@9dc4f203e36f2b486149058bade43c851dd97451
- pocketmine/pocketmine-mp 3.14.2@4fc5b9772ab3a9612abb052dc4233104dcb0ea02

Loaded plugins:
FactionsPro 1.3.20 by Tethered_ for API(s) 3.0.0
EconomyAPI 5.7.2 by onebone for API(s) 3.0.0
DevTools 1.14.0 by PocketMine Team for API(s) 3.11.3
DEVirion 1.2.7 by poggit, SOFe for API(s) 3.0.0
Slapper 1.6.0 by jojoe77777 for API(s) 3.13.0
PurePerms 1.4.3 by 64FF00 & ProjectInfinity for API(s) 3.0.0
Sheep 5.2.3 by KnownUnown for API(s) 3.0.0
ScoreHud 5.2.0 by JackMD for API(s) 3.0.0
MultiWorld 1.5.2 by CzechPMDevs, VixikCZ, fuyutsuki, kaliiks for API(s) 3.0.0
PureChat 1.4.11 by 64FF00 for API(s) 3.0.0
RandomFish 0.1.lpk by LamPocketVN for API(s) 3.11.0
CursedDrop 0.1-alpha by  for API(s) 3.0.0
TeaSpoon 1.2.0 by CortexPE for API(s) 3.9.0

----------------------REPORT THE DATA BELOW THIS LINE-----------------------

===BEGIN CRASH DUMP===
eNrtfHtz3DaW71fBtlN35Cl1i+9Hz3VKXlve8Y4d61rKeGunXS4QALsZsUkOyZasTOW77+8AIJvd
kj1JJvfW/SOpRE2CwMF5vwjmH7O8bre8/3Sr2q6oq9nSP531xVbNlm6YRomTxGl6Oit511+0bd3O
lv+Y9fcNHs9eV7e8LOTzdr3bqqq/+CxU0xOI09lWdR1f06TnZcE7tpqpSqp2NWNFx3jZKi7vGe+6
Yl0pifn5rixfFSUtaDa8XZ6dvVyevS0qJVqe99d1XZ79Z1HV8uY7dXd2WYsb1dPT+dvLBc0/61px
1ujhLYbPSnWryrO1qlTL+7o9+4/h6i2vgFaLRQ3tanb8hYuxsMS82TLywKmWC1z+bfbEYU25WxdV
d3at+FVT19V8C6Ypg9yLuu3V58uLszcE3UI6CZOnS7bferXSe69W4+ar1fHuyyWXchw86fq2qNZ/
86OPbNjiMSiG+6sL+jlldlH4kenxp6Doiftr0HeA/n7b6bPlslXrgtaPuHYneiPv5210cQuVekMQ
sPwkCb6yU1EVvYHtsyNZmq3O3qp+U0sN8uKzEjviXOAdgDzYb/5tXek93tRcntTZD0r0B3JSNHtk
9DhVA9GYBF/A5L3lipJ72pwjJTBTV6tHsJ5/q/SVGpD6AgGn7NcgHR4jrVcYUZwkyRfQfEjS/FvB
y9Is+zV4RMd4XKkW7ukkjY9xsKD0UrOrUYT4CxDcMAqOQJgn829LoKBxOdmbx13dllIDTI4B7p3Q
iRf7X4D56ZOoK4DbiZER/8479QLetCOSvyCoXV+UHeTPi+pNvV5PTNaLP7KXSzyausbVavSNq9U4
1Q//2VRrh6uVpjD9CoW+c8y1zvDTuA6HnbguJrTq77uiVQMDE+8j+y28+X7Gonk6+/jT6Uz9X4xE
/2pMAHqGsZ+K6rYubxVhBIhFJcEb0c+G5xgbPCDGRC0VURT6GF/17I/svOEt37IM7GKMfVOD33dt
0Sv2YQPHoFrW1wyxWyg2PALTGa/umfoMQ6SbdjRNNuLO7op+wwCAdXyrWIU/2D4M9ttumq7n1dxs
L0hX50ai/3sk+1v2jX5AK0O78oxuIn3T7LKyENBE3uMn31WCpMEeiVwWzqC17BvC59QQPSH5Gct5
2amnbMlu60L+g7aK9VarvshP/q3oPnW7TIP6VOcnA9Bxt+VSjzx9qlcmduWq7zdtfccqdcdWqy8p
0clqpg3WospkrTpW1T3YDG8noVFs8XCnP9FGqd3oJ9xEDm7o153gPSGRA1TRdao/6VSZL5fflBDd
3zQ/QD7Y09dlfQeb00NPPxpaIu+X0mLNYLWaaUB08ZgprGaahMifkhBYEkI7+ADTj0DVsEkvNtqg
l8Z2qeH92R//SDfpoHTvVb9rK2DBCBarc62XHen3o0rcLbA8duxyunZH/W01rMENfqSH3qiiP/2e
sv2esv2esv2esv2esv0/TNlOZ8axlZTh6IxjOTsAApwycHnfhJj5CzdYeDS+K0o5W7qJ657OEOel
up0tdTaARKqt+1rUABs4MTYpKNEKchFmaRx7PPN5Grn4zZzQkyLwfN91AikyR3GHYO8sLh+QnNV3
Hfvumr15/vbyL3/9jrnOwmF6b+YmfuSzk2GS6zxlz9++RDAEApsGy+OFv/Ac3P4I56xxt/d4/Knu
aIPX3313jQF9c1eYhG/b1JDJp7LIWt4WqiPmcLkBQa06+6GDl8Ucmz06C3fhnCdBkDhx5Pipn6R5
GCa5n3LphKHPeZbEMvPzxI1cwqyG4LbFrjtruLiB051b1hIC7iJcuOeu9D0/8LJEuCqDQYS+SJIk
Fn4ECHEWCE/yKPYF0bGXbFZUvL3X6m7Rct1zlYgsCmXmZnGaJkplWeynmesFucdTYKqSGFBVdgiK
bD8DdnOdq1C80bgB5nnAVR5lmRfmaSydLPGdjDtZkEdR4geZy1ORRLlI+RFAMtJSG+nIskAIsMVR
QZI7gJIL8CuAQnDPSaQLZEXku2nqH0Iq67WG4AGCCtNMySyUWKaylHtRFMQiI0bhx8s5NE3KnD+A
MG+QkiGp6kZk0iwTCjJLMscNkphnAAQZ8IjHThjEHqmqcpArHYDa8n5jsQnOM1d4Seb5kcwTcDuU
ceZEIk8Cz83TNPLAdS4C1zkEUWW9heAChO9KAbkEge97iQgynsWRFG6WBAKS90UMgj1HHYJo+Q00
1ZDiLZJzSJXHkZ9DDJ4nMyfxVRB6iQy4gMRcX8LIEp8Hh1C6qq5/VJYh3nkCvB3JfZn6PvRHZL5S
nlQil6EKgxBAwlgKmR8BaUoNIYCm5DmmpFAOFbhgHrQQxgoTiWM3FE6ewA8kwCMBBFkL8nLqDB4U
BU5fjCrnEyA/dGTueFGiUicI01j5mUxFECWhCH3lKN/3c6VIzNt7aFrWnUmlGthoc6+BpIvwPPMg
nThJVeLwNM6gF27gBmEOEtMMBMnEF9xXmh64zXlRQ7pVkauut7rvn8dx5EJNBfQ1C2SQu5GKBezL
iSR0JhU88PE8DyYw9m7TM+YTck8Ba07CdARYI8NQKKny1InAH4dnPHezyLgo8EVXCahrW5WXShdr
2vdYkKS6URglOZgRqzADp6GufgTr5Mrxc5G5Soa550Rp9jWQGM1KiBFAQw1UyNiTfhoIHqeB9IMo
4j4sSjipDHkkoKZJBBtRD4BS3T9vVUf1tREhWSpiXuDmXhx6Kkh9GHYaelHmuaGSCTgQ5H6UysjY
OorcRiFmtXWzUYIkeAtXRvwPQlf4ggSXiDwKHKk8N0ndIHVcFYLyKKCAMkKBJp3Z38E4vPQc8ceV
nMOJpSF5GD9L4W+cTEBnHJ4LGbo5tJI/BDLH764q+gEY3CvsE5aUKB75geKIYk7IkwToBXHoIBqo
2EVgGHh/AIziuujn7a5U3YjeOfy6w8OU53ks8jTK41B6LmJmkEQOl9x1lBdmnrJ8J2wI4Jx6FPgD
lpuOSgJl884FJ4eY51JKcoSOFyLw5p4bBQGHPGQMpxIJKY6AUaNljsK3tVboa2Aq4xBX6Ce5lwGK
clx4uSyDEkgvV74nA3jvXHpHwKjVcqMGMO555OVRGsHVQ4wObDd0fRWlCgKRCE5RHMjI8xDijsAg
L+/xZ9uUvFejNTkiSkUGPoUy9F1YNRyBF3A/9EI/hdsIuAff5aTHwIqtxigEEOc8c6STpFI5jpvx
yMlzaLryoZ2+guN14Xsc+H/tpw6AgCwtRcW3lNsYJkWuCFNfpTGCIcwDdoko4gjEW8ETGXE4Te4G
R+KzSpXCVMJzDrGIUAmfI8jCU/lemiTwcbAgT6awbliO4/mkUh1k0sFZVmda/haM8VUyCh04lczN
lVBkZ2Cs4gp/YLfwBjFIQ/rEHwcDCybPpeZlXd/smpHhAsbj+k7uqCSKUqRscHmek8Wu4/IE8U8I
L42MF51C3VLHyiiT4RMitUxClcMhSw5rcXMn4nkA2xUBcS9NOLxFEhzAkUWeWwjuua9CzxdhHOUe
QAgEptx3SOYKeUXIQ+EiXMTJIX2qui3aurKZG3k6JFvIfpwcdCgvFb4vYxiIGyvp+RC78pDMkNVo
kU0AfW6oVmxHdKTr5RlEHEqewhYcV6bwxWGqAjCHO3DyKSmiewBlXdYZL+fUjFMWEtQRyRrCSpwi
u6EUMPHgxKMUgR9ZYIwI46ZZgszmAJKpe+aqghuechrkhTmyKImEKEhBSqjg6LI8z3w/BjDf9ZCr
JkEYPgbOBggNzcgfqgsr9wWcUOK5QjixA8NP/DhBsIFrj6PEgR8+RK5Fka2jIDxURYY8Isd9j0Jy
mDtuCGfkCHJOQkUCXiGSlDC5YEEQH4Hr6l0r1LxuiFabORvvAncLtNw4COMkkSrIueCKcl+ep8jM
QieTvhLuIbW2VW2iKTKDIPWcWER5EgYqhgdBYoiMKQ0SLhIFMcCsZHIAYVockQydwHUziZQHyZuK
kEh5mZ8KLw+QwyGj5Yg4yPFTrVP327yu7lGilfdwvOVcWHQo6MUgyVNSxmB3hjQMzhP4K0Q55A8Z
ImiSu3mENAJJHWD1G9UphRhMrqn40cZfJFHnMFo/ykFSoFyktJTZKRChImQHjpuqHJrLnZwc5Z3K
tvWPvO3PkLKrtrcZFFJk1GnIJHz4RoQABCQKvGEChqkAqhm6UiJOhe5hRri/nG+bsXo8/9ml4E9j
115XYa+4Tli6y7aeVKzT0dPZXhruUO7xXb+p2456i9e6Ra/kJyp+eVPQmJYa3auKZ6WSYxkrVYPC
kdbhYVfn/ctxYPYceepVw7e0KZ5uuX5xMEFltbI31Hug9xCof6i8fnd1/eHd+zcvDbO7Qhs/9T8v
YB/19v755esJbZPBKWnhItZF+ISyulIZ/vsX6dqTYuGtVsqgAKCr1QE6/5Sil+qWOhTdhJ5x6FBQ
0IojQe3bEOyaYuyULBeSPaCrb3c/l6wBgdVqgoql5Or6+fvr7y8P6Nj0fdMtz87WRb/ZZQtEs0kT
5WyEQdRe/LVoNUF7aoehQ2q9RXxIbFOvqUdyOrt69+rrEvwFlBqgq9WtRmG1kmq4mqD1FcqJpquS
N41qJyQNI4cURcfi+6H+oVYx/XMoOf9f0MjObG26ef9M/x6R2x6ns4EKkHi5a9WlardTLd2PHZIZ
LPxDMqPg1SvHYf+LweApaL6ucmqh3/9mVvjJ7LBajShNLn8FD/Ra+9JgD4ckvUHRPJWzvj/0Od4x
+X+p6rvqe/rzmxGs912t9I9B9OdSeXd3t5hQusftzNBCRFIL7887OaVzGDom9Uih/5OLm7cvfzMy
DTjQabffX/0cx/p2V/bFB+qoTyiZDB5qbXgcKl78qMTm8i2cF6nQX4vPxc2L/9anve53fbe7KXB9
w8uiuOl+M4IF7dls4YSgwVtCVb8RgDFP0f6l6jyh5GwCyJr1iw3vj6xaDx0btes+ZtW/jPSJz3iY
LBxmKP8FR1zvusuL+TA++4LBE7b7q9/A3DUYcOc9r2S9fVV0mwl/JoNTDlFHsGxuDln0BpmPDoN/
/e44NP96HZkAXa322Eyvf451vEC9oeTLtp76s8ngEXFzXjYbfkDeb6X0361BEhGz3316/XOIGY+i
7EmZnE45zCqOXNbwQvNAQOmvTyj2L0gPA/DX0qZhzeLz/Y8mm6fTKwrF81GWN7yx0taj34gtqAeI
EkS/gZk9uRzv2IsaYXbNqFO1alfVkw9Ksue7NQuZ5yy9ZOl47MPrf8eN59DzklfrHV+rZ7eFnr+t
e/mMLsw+c2Lrs/3LvP0DqvKfuanrezS4xrRtLdUzDXTLP8+bkt+DkGduqBc1/K6a06sv01Z9Nndp
+G4Djszp+MSzOs9pxPB+/vedau+fIR/bD7VIr4dZvKrqXYVC1+wy52JTKHNqqbOr9Cmj+YiXXQgm
Soolw31z29j51EIpBNzk/TND0XCeYN6png4mdZot+m2y4Yrx0eMY6ks5mUK16rOXF6+ef//mmkYJ
/UWDwhHL5LM/6n9AyK6v5x2/VRYLSOFuLgtqgwr1LKGhz1n9eU6aa6ccFJGL+y29VnjCSOuY0LLf
mdJfq4A+jHKgSFAJdk3VMBvoYrxV+mwVKpoOF7xnghjcs0yxohLlTkKHAP6B6hGsq3qr6OxL/xBm
x3N1ymoqKjsCybJW8Rt2X+9aC4sVOYN4irzQO0AydNqsvCfAULcR3JlEHQ7ZdOyurv7QM0pQecuI
e1s6rsXL8p4w7DdFZ+i+26iK7Zp1yyUALFYVKa4BtlxVjD2ZHEjr6EQUQNhX2uBBy6uO2qnSPNao
ljW2Aam4Ur3mFxUNQrENHHCpObglyEbxBrtamkNg9KDb7HqJlGtuj/ct2Wpm3uCzVkHiLWF3yppS
cXCyVT/URfVvq5nG9nlZ1nf6nBEdOLNVP7stOPs/ZCk0R5vM3D6abPvkQtuPXaSPbJEFMIgRnCJw
2T2z/KX51tzGx1NQHwpwqa7AbC4lYW1kQryGFG7YFqgjkpId0vmsTBHW4Jj6+46XxMt1cYu5t7zc
KXZiN4UvekrQzY70ioR8yxyyoDMJSzzWe3+322ZgFVTteXdfiWve3dDBiRso10JP+B6RQ+v7QClN
27QoyncQKaZ3p+akxXAkC0ZyyqgFC0I6fdYPvIGbprHtroJa0RQD/ErLnM6cNcDzcwG1U2ADSNLq
XI3IEW8tQq9zUmCaQ4p6yor+D2Bf3+plUpEr1Hp0tJidgIYdVMDTbNFkzC2lSw3qWIG51o52V1Uk
Tkn+p260EPRhgG7BkATaa7Yt1htYeMu7zenUIq3mEEfadtf0ZtQwjBizBW6WLi1cWKp+0y+NlXA6
4wi0H8eAdIR0rgajoV2LiaJh8txMGjUNEQReu703lvofuhfMKPIyMw5D2BY9GfxWrXl234Pj7Mqw
2tHMLTqCrZdfk9TuCs15rVGw5Lu5ATQoWacpzIuWjjQyfdpHn1RtlRq2NEoOae3IdtmaDlTSWyWt
FbSRbVlr1JbMISqwu/bL5pX6//cUUCrzNfwpeP5r+Hd93ZhjvMbvjShZcB2D+6AgqeSIEO16jJX2
AB+0SVjkuj/8Buhpo9D4kLtgYodwVCEcMXMajlS7Nvgac6TwNc5WnwUygG5PjvFa764vluz6z6+v
2JvXb19fs+eXl29eX1yxy4v3DFntXy7enzJMYtfvMOuCffjzuzcX7PL9uxcXV1eLY/t/lBkorIpa
B2jywR2RJzZKe2PNi9HPumA7UgSp3YqeMocXVMbDalBIHkElfDMUiaj9kp4Z/UL2RgGxoml2Mw3Z
AIHX3ftwyqTtHu8ofFDc1wsWD2eTGtgUHEJrlKD0wPCV0DVSNWtHGqBZqun2pPqOpbV7+jhKlnLf
Ur7mbUYHjkRd2hf/2vc8zl1tZYSOXcXsKrjtLa92OhmZYoJEbQcNfHo6hINjFRyU0ETWPAcsQ+92
b30L9s64e6PuyCbqXSlHXArEj7uK7fHvDOBGow9CI8extGK3V9pPPIiPWnUMhJG2vK23Q5w1q+2M
+VQxpxImaqwkH+gGe0SlDrTjakggSWQtdiI1tIosd9vGZFsmpWP2wZweDPJ6SZPsAo27RnOgAHeI
8DB1/giDEa8R87DDraJT7TvVme8OOrUesk/yV7TbHqvTQZAmPbBJ5sJgQ1O/yCeqksRmV910A+4v
eEOjxXa3RXilM9NsqAVIkMxUOwaLPV/JXiwrtcU81DEk343FSG84p6x4h3gbjBJ7WZtHxzpNaRH5
PAPfTB5MyMCyE6eU6aRhLlCVqZG2l0BFpynIHIl7wM7kFgYKnfhTVHjQGkPhnjoss/w09Aw70+Rh
X8PAksoCC/froL6mh6uqUj0JbGkDBLKyTV2a7DLjPapNysI1ykiYoEI2xGjfZioh+9QElkyNeaaJ
bE+mUhoekVtt7/uNLgPm7kSAWnh643k/IAO3HUbWa+9TWF18UvYoDeVU2+gcnxZj0KK1YH9GGghd
eqbzOvbi8vtTrAUOGezrrpBQe50mGO85wp9r+EsWDxn3Phk3Hz5M5i7YcwlHteFlfobS0lQIUkGH
7VbYlFGbhBRsYoj7oDcBdlDQfCavRtklL0+N06St7VnXBbtudbyodRL9/WV1OaTg+1qRKgxadId4
SjB3TdXM7f1RzfPWGmRX/KhGUVOyPki4o1hoEykk80ZzJlE3SD2z6OmCXdo1JW/XegG3RatVE71j
3vI1UQdxgayuKXUqQ5XoFsiTH0CtCDpflAU1PHRpTWeiUUSyt9ffa0w7kERkZ7tef/ejpbzfzpQc
i8ENbfvdnFYtNbZkAFJlu/VyKGO+ZS6VLzaJ28CK9XNmK9nO1N6k5FVXm5hmFcUlYMZvGWgvNnXd
6fp8qF7UUJ9q5yZ5z1nHbwcnSs2Roc1Dz/b2Tqch4QkU7wcfA0xNB3LIlnWl1bQmXeka5Gc6falq
URYN02vBx7f8HjwkZdnWt0PxSu7f+kztt+bDM7Nlt/cWQ/tn2l241u0BowDmW3XTWNFzrbR3nW1T
CGh9b/yCXTM3a5asQUJxW5S0jfF51p7tLuS0ebUe8+mKlpXHseN0mHXQXXq0o2MKvOfbelfpL5pM
fDIqTqw0TT0djMicddkOwdC1jiZY/F7HlsliTXilTJmYKQMsUzlppO4L6nCwGTRAC123Cw+ilCGf
NhrJh2UyfowqaBHazTKFAPAYls7jaPIWkKAfgyIC2WEx/Y7Y+Fq7qYie7xpopJo2WwQFIL2R7mru
lfXJ65d6M32W1HyKR/xULUkaeS318JmljtmmwxDt9JoD0gFvzjz2hK1RsXR79uwbGyOHFg9ZZI31
jpuvL+E4kPEb2TR1sysHZbQ35Pb1HOsifO0gdDY8b6xZk3clS12yIc/UnU3TylnaiEedJ11hmWET
MKy8gMi+JyD3fCN912c4j4ZGczscbjZIzfJ6IhFY2dw03MeZm5oko1FZNNttsyhqjXFVV/dbqhH0
N6AdKOz2qFPhY5+z/XNNgnZZfL1uUWuappLtQJlCm77duzmmT+MHC3738h190DK3TtDEAnIKd8ok
olx/HUk7dhrxPQF6bDHpBSP0jJw3qmmE84CpEKh5bpUJUU+fQCPfPc2n9Hg9ZR1S1Ir0ZNLhOWX6
HdEphsEGClj9mLLA9eYKRTRECA9UUUAwT4fAYvpF/KBjZN/bTALODukZYpv2YoOzsAC15M3zYY8H
kja0TkXdo4IefbWNSASU5g+JA0mWHCZtqFthdtHQ9lzsN7BPpjsM3Px6zLNu20jXWMWkyWBhAHxv
+Tm0EzZ2UHsMqghskmk9BrVmkcdLnWUV+QgIqToIMc15/TGwrbKNjwM86yKHyMbps1ubwiPr4tum
HO4oCQCOVlbLQWjmGfSWOj1L9jcdvRE/T3Xr5yMB1dn5PkxOXxpoMiiTagtpK+zxC3AqnR+LWDqg
6wjd6WRSV2b0thu42nA7Rd/sq3Ewl4ze21BUMNFrv+OSvXrz/Hrp/Sk+DdPP7qn/2T/1/uT+SSpR
Gx970rcKN3CuzxLHuGJzF4RPTdpjevHTwtZYOMUW8Nh2nXTqodtGkJq4Z+ZLvl07OOUhm2/HJr72
OICDUCX0m5NuYNh8eAMAXTD53ZNX2tXorfT8AyA7nSnYj/8nI3OdbC32DbJaf4ttPtPvbCEkbihf
7nTSD45kBTLVe1Mzj5/z6+9WShNGjM0YKjV8JCPt6KtnpzP9dbr94usf9E5VTb9Uy4T9qmgcoTcy
leTtwVi9/STrHs7wYNSeHd0P7Npyei/NSePxPi9Kc4p5HFlvD76b2/DuAJcCVnY7HaCv4fTL51i/
fN5m5vXSdAplYkBfTscacUj1+/FblIOV2u13h0NIULbTkavLN9Pb7X3391J/7GevGB3zdz1qwTPk
E44bOoET4/Kb1zCJWAj8m0YqisM8krGnQpE7uRfFeZAoN4oFHU31fPYNHbCdHKwdN7zn+u2kPj5M
XxoWjTnQGC7o+PqP5tOscTZuP28PZVITOZ7j+K7r0Qncy5fvDlgl60+alONBDBWH4oS7qLruYOJV
QQ7hv94e8OgIA9xSSXpIFgb1//7gYHDy3ZxPn6zRJ59AeHOonPto/UknY9NvErUSrc23iuY4sD6b
JDt7goEYoB2azIbv4kiP2/umr/WArwfW8oHMiwM10bzxp0PjMfT1zijjgM5/U8727lK3UvYLfvrp
fwDvFkEF
===END CRASH DUMP===
