JINODK PRO Crash Dump Fri Aug 14 17:11:11 WIB 2020

Error: Return value of pocketmine\Server::getAdditionalPluginDirs() must be of the type array, string returned
File: src/pocketmine/Server
Line: 2465
Type: TypeError

Code:
[2456] 		}catch(\Throwable $e){
[2457] 			$this->logger->logException($e);
[2458] 
[2459] 			$this->getNetwork()->blockAddress($address, 600);
[2460] 		}
[2461] 		//TODO: add raw packet events
[2462] 	}
[2463] 
[2464]     private function getAdditionalPluginDirs() : array{
[2465]         return $this->getAltayProperty("additional-plugin-dirs", []);
[2466]     }
[2467] 
[2468] 	/**
[2469] 	 * Tries to execute a server tick
[2470] 	 */
[2471] 	private function tick() : void{
[2472] 		$tickTime = microtime(true);
[2473] 		if(($tickTime - $this->nextTick) < -0.025){ //Allow half a tick of diff
[2474] 			return;
[2475] 		}

Backtrace:
#0 src/pocketmine/Server(1604): pocketmine\Server->getAdditionalPluginDirs()
#1 src/pocketmine/PocketMine(273): pocketmine\Server->__construct(object BaseClassLoader, object pocketmine\utils\MainLogger, string[27] D:\MinecraftTool\JinodkNew\, string[35] D:\MinecraftTool\JinodkNew\plugins\)
#2 src/pocketmine/PocketMine(304): pocketmine\server()

JINODK PRO version: 3.15.1+dev [Protocol 408]
Git commit: 0000000000000000000000000000000000000000
uname -a: Windows NT LAMPKVN 10.0 build 18363 (Windows 10) AMD64
PHP Version: 7.3.20
Zend version: 3.3.20
OS : WINNT, win
Composer libraries: 
- adhocore/json-comment 0.1.0@8448076039389f558f39ad0553aab87db3f81614
- ocramius/package-versions 1.5.1@1d32342b8c1eb27353c8887c366147b4c2da673c
- pocketmine/binaryutils 0.1.11@e8cb65db1b7998eebb739b124f2a989fe87366eb
- pocketmine/callback-validator 1.0.1@4aef6bb25f97d0b830ba0b4f66834b1a9c86fc9a
- pocketmine/classloader 0.1.0@4ccdb30e48f030bfcad04bb0a208d198ec631993
- pocketmine/log 0.2.0@e59bedb5d4bbeb9a26647cb7c367cb2fa72addfa
- pocketmine/log-pthreads 0.1.0@9bbcef398b01487ab47c234a6a7054722abbe067
- pocketmine/math 0.2.4@b1c28b236df8b795d7b06cf8421f9962b12ac410
- pocketmine/nbt 0.2.14@b31dca98443328c4bab76dc1b84c1473c79be20e
- pocketmine/raklib 0.12.8@9fea763ffc922db083e4528d4acd0b13d0ea83a4
- pocketmine/snooze 0.1.2@88420da3d9335dbcb3ee2decfd5e5453d057dcdf
- pocketmine/spl 0.4.1@ff0579a0be41bbe65d3637607715c0f87728a838
- doctrine/instantiator 1.3.1@f350df0268e904597e3bd9c4685c53e0e333feea
- myclabs/deep-copy 1.10.1@969b211f9a51aa1f6c01d1d2aef56d3bd91598e5
- phar-io/manifest 1.0.3@7761fcacf03b4d4f16e7ccb606d4879ca431fcf4
- phar-io/version 2.0.1@45a2ec53a73c70ce41d55cedef9063630abaf1b6
- phpdocumentor/reflection-common 2.2.0@1d01c49d4ed62f25aa84a747ad35d5a16924662b
- phpdocumentor/reflection-docblock 5.1.0@cd72d394ca794d3466a3b2fc09d5a6c1dc86b47e
- phpdocumentor/type-resolver 1.3.0@e878a14a65245fbe78f8080eba03b47c3b705651
- phpspec/prophecy 1.11.1@b20034be5efcdab4fb60ca3a29cba2949aead160
- phpstan/phpstan 0.12.29@9771daaf6b95c6313b908d0bcdee0afcd51f838a
- phpstan/phpstan-phpunit 0.12.11@ab783a8ea634ea23305a8818c4750603e714489b
- phpstan/phpstan-strict-rules 0.12.3@937283265620af9e2005743134ebb4e197b12d8e
- phpunit/php-code-coverage 8.0.2@ca6647ffddd2add025ab3f21644a441d7c146cdc
- phpunit/php-file-iterator 3.0.4@25fefc5b19835ca653877fe081644a3f8c1d915e
- phpunit/php-invoker 3.0.2@f6eedfed1085dd1f4c599629459a0277d25f9a66
- phpunit/php-text-template 2.0.2@6ff9c8ea4d3212b88fcf74e25e516e2c51c99324
- phpunit/php-timer 5.0.1@cc49734779cbb302bf51a44297dab8c4bbf941e7
- phpunit/php-token-stream 4.0.3@5672711b6b07b14d5ab694e700c62eeb82fcf374
- phpunit/phpunit 9.2.6@1c6a9e4312e209e659f1fce3ce88dd197c2448f6
- sebastian/code-unit 1.0.5@c1e2df332c905079980b119c4db103117e5e5c90
- sebastian/code-unit-reverse-lookup 2.0.2@ee51f9bb0c6d8a43337055db3120829fa14da819
- sebastian/comparator 4.0.3@dcc580eadfaa4e7f9d2cf9ae1922134ea962e14f
- sebastian/diff 4.0.2@1e90b4cf905a7d06c420b1d2e9d11a4dc8a13113
- sebastian/environment 5.1.2@0a757cab9d5b7ef49a619f1143e6c9c1bc0fe9d2
- sebastian/exporter 4.0.2@571d721db4aec847a0e59690b954af33ebf9f023
- sebastian/global-state 4.0.0@bdb1e7c79e592b8c82cb1699be3c8743119b8a72
- sebastian/object-enumerator 4.0.2@074fed2d0a6d08e1677dd8ce9d32aecb384917b8
- sebastian/object-reflector 2.0.2@127a46f6b057441b201253526f81d5406d6c7840
- sebastian/recursion-context 4.0.2@062231bf61d2b9448c4fa5a7643b5e1829c11d63
- sebastian/resource-operations 3.0.2@0653718a5a629b065e91f774595267f8dc32e213
- sebastian/type 2.2.1@86991e2b33446cd96e648c18bcdb1e95afb2c05a
- sebastian/version 3.0.1@626586115d0ed31cb71483be55beb759b5af5a3c
- symfony/polyfill-ctype v1.17.1@2edd75b8b35d62fd3eeabba73b26b8f1f60ce13d
- theseer/tokenizer 1.2.0@75a63c33a8577608444246075ea0af0d052e452a
- webmozart/assert 1.9.1@bafc69caeb4d49c39fd0779086c03a3738cbb389
- pocketmine/pocketmine-mp dev-8516aa2393e81746bcbbcfbd8094613307585f16@8516aa2393e81746bcbbcfbd8094613307585f16

Loaded plugins:

----------------------REPORT THE DATA BELOW THIS LINE-----------------------

===BEGIN CRASH DUMP===
eNrtWvlv3DiW/le4lQbGbpTKuo/qdcOZJD2TmRzexL1ZbLsRUCRVpYlK0uiwXd3o/32/R1J12Z0d
YBfY+WGDRrtEkY/v/N57FH+dFU234cPnO9X1ZVPPlsF8NpQbNVt6UZYEWZYm3nxW8X541XVNN1v+
Ohu2LV7PbvDHjM1nG9X3fEWjH9QwdjW749WoWFOwthFf1LApa3V7+1F12Ga5XKnhuZTlgP14dV2N
q7J+WXb92TnbjP3Acr1wWCtGOzHedXw7Z/3QlfWKdZq+kti0GKvqh7KiXV8ub2/fYg/R8WK4aZrq
9vYvZd3IL+/U/e1t34nb28eMLNp1S2QMCUy62M+5MFPwusLTbOmHcQTFdFzg4afZM5c9Of/Mi93w
fPmE1M73vys1NnnmndK71j9JpjM/CX6H5OfPoqmhmFEMZ03+NyUG9kfeqxcwV/+m4VJ1c2bHD5eP
Q1n1UBgv6zfNakWzjHZ/8pOf2dd1uZsaRP/d1FbLiI20hP5XJAweKa036jyf/fzbfKb+6TzvH3UZ
MG+08Lms75rqTm1UPWBl3WDGfCYaqUguP4xijN4Ot8Nvgg9ifXZ7e7PumnueV4p9o85/xWRMSuyk
2+GbYV32zveVNp/+++pBqJYEO8P878z8FPPNr+x0JTTxTg33Tffl7Nz5Pq8gBjTTQZtn33DzY85i
17WkYnfizzx69vHi4ub9y/dLhiWs4/es5aQOpu4gZ2+m+nqqXRdMHMUhfjH8a7vyjg+KFWMtiH32
+zZaGosYZcSRJUD/jG3YXrbn1cC3113Tqm7Ynt3O+I6iYwziSNC8nc3ZTz9PIsaWoGU12bGaagku
vv3WPBpdsm/ZTVeqng0NUw9KjJCBM+O3bCjFFz05ce3kC/No9PZIZpqvBbxrSmnkS3yr4m/o5Q0g
mV2yTSm6huD5DEE/mTkJ7MyyODvbz3YmddTqYbjB6Dn7V+a4C9ePzn9lFxfPq6q5Z2teFeCbVpHv
y7IoDNFw5zFGuXavaOcHv/0/Hv5f4OF8tlK16nhFwFFzytSzv7x+9/7lX9n1h/egnEPifTqfBQsv
Wng0PpaVnC3d+azsP0t1N1uSDwGg4FGNaEAvdFNQLwmg3H/wH+iOlolPZS2b+569u2Fvnr+9/uu/
v2MevI3pfZmXBnHAzqZJnnvOnr99CRQAA0jDy1myCBY+0ftF1VLzbZ/x+nPT0wav3727wYB+uC9r
DaCbtoFuPldl3nEKR9IKl2sI1KmLv/VN7WCORV134S3cqzQMUzeJ3SAL0qyIorQIMi7dKAo4z9NE
5kGRerFHnDUw5KYc+wuCNWQZx6qVGPAWUOuVJwM/CP08FZ7K4ZhRINI0TUQQg0KSh8KXPE4CQXLs
TZ2XNe+22u0sW553pVKRx5HMvTxB1aVUnqP8yj0/LHyegVOVJqCq8mNSgldVDu4c5L1S8oESJXgD
zauQqyLOcz8qskS6eRq4OXfzsIjjNAhzj2cijQuR8ROCFCyVDpadykIhoBZXhWnhgkohoK8wz13u
u6n0wKyIAy/LgmNKSEqagg8KKspyJfNIYpnKM+7HcZiInBSFP37BEx8QXfBHFJx2WHeKy37HTJbn
QsFmae56YZrwHIRgAx7zxI0Amz7HFi7g+4gUaty15Sa8yj3hp7kfxLJIoe1IJrkbiyINfa/IstiH
1rkIPfeYRJ0PloIHEoEnBewShkHgpyLMeZ7EUnh5GgpYPhAJBPZddUyi41/gqUYUf5Fewao8iYMC
ZvB9mbtpoMLIT2XIBSzmBdJVPA14eEylr5vmF2UV4l+l4NuVPJBZEMB/RB4o5UslChmpKIxAJEqk
kMUJkbbSFEJ4SlFgSgbnUKEH5cELEawIkSTxIuEWaZL4KfhIQUE2gvBOXQDJBl4P5c7lAiIURK4s
XD9OVeai6khUkMtMIIVGIgqUq4IgKJQiM2+28LS8v5BKtYjRdquJeOS4WZzlvgdT8Mjj3Cti4XrS
kz78OYolUURvkqpIgwPvnLKBeeuyUP1gnT+4SpLYg58KOGweyrDwYpUIBJgbSzhNJngY4H0RHtDY
Y6Zv4ifivgLbnKzpCuhGRpFQUhWZG0NBLs954eWxwSgoZiScabqLThWV0oldg48lSWHgSdcTYSZD
JWO/8CPO05AnYcIlLBdxL86oDvHzr5HEqC7XQDTSASFk4ssgCwVPslAGIMADhJRwM5CMBfw0jREk
6hFRKnIdVHpUmE42RKimSco9xFOEurHIVZIWqZu6CuARUKwFOeIsjjxDrm8VshgKrbUS1oT47yr3
XRcgoyJVCIkQLaB5wQPuZyLH/8KMI6ZRHFgi8KQL+3cKDj+7yuB/knOAWBYRwgR5BrxxcwGfcTkI
R14Br+SPiTj4O9blMBEDvCI+EUmp4nEQKu4HgRvxNPUQuknkIhuoxENiyPIniFGGF4PTjZXqJ4rB
VRYgKgI/jmIfzGQIdgQRvArk8zxUXpYARmRq1U7cEEGHan78Dxo3bUsKX/OvBCdALAopJQEhajSO
POR7cRjyEI6XAFRiIcUJMWpEnHIALROFsB/gDYgPtUc5kDmIQDkKEMGFclNNDukNPoEQOuWMWpQv
aiLjXxWxUrJQ0nPTSEqvCEVE4JghrrnrJ4mkzAK+T8gMKDfxv01bocS1weRfxUWBfKM4HNT3kC9T
BF8SKh8QhdD0ReQJJBA/PCWGSrbTnk4RKRA7SRAmiN8c+cjPCwBEGPrIb0jdAOG8yEJPJadEIJa2
ouIb0Ao1QERx4icewjd3YagQoZLHWagS1xWxj+ybIoKKIDlhyDpVhmiOrzwR80zB5D6MnwE2swKY
ogKh0hQKy5CX4FIFKahH+PQAy/pC29+SIaiKrlA6+LJAGhGZG7mU/AH9HlATtYAbeF6CKIrw7mky
CGACLuVUTfNlbHcKV1BsgVwJcWQKtAsChC3SA7h1Uz8rEOKSp152QnXT8smZjJ6kEBGinyM5c6in
yKQvYHb4t++Tr3O4hPLC4oiObiMMBf/KQy5AJQTUjDgKkVggXeWAc5VJD+YDPHEPYgZHFFR9V3ZN
bSu3SCc6lydRIngOXMsTVQBEYg8q98JAxSJD7kWuAlH/mNBD23SD6nbsRACVxPdkjvpIpMBeF8VJ
DBazKOQwg4ITIYUds7Oqmhy9I+BA+zRRcq9yGAhZJclAgErA1Bc5IByJH1UgQYGX5SkqmyNKpv9w
VA0UPtQ0xEtCRJsvXR5LN1VejBCTqYBEAVIf0noaZl6Sp0+Rs/lBUzP29/yEhzGwk1AJad13PT8K
Ij9GdSujEHkwFkkaHntVhz5WJ0EgVE2BvGcu9v3Ay4sYhsszuLUICw57xmGQR8qDRwnPk3FwQq5v
xk4oh/pwPtjKObAEoyDxUtAApKD8ilTmFUkCcAGPSZFKESCsTrzCHgBRMvWuUqgaoZMHQUjYmMUq
BlteivwAu2QRL3JfwOeOKBw2RgQpMQA8jT0vQqklAw8lKYrKAIkrQp2aoGoFmYjrAr7fboqm3qJn
q7YA3soRlp07ZLwEtHwlZRLlaY5kjvQuUYehFkX5kPtxngIbkAMVijrQGtaqVwopmKCp/MWmXyoR
EigkEAFSVYQaxkWBGdLxSxIpjjTjopjzqUYkqe5Vvml+4d1wgZJddQZRMsq+SI4xahxFpU8mgqyQ
qOWQPFFJBTxIgpTwM82OK8L9T2dDOIIe0UmBzhzZMgtU6iVhjOoyF0UuUzcLYw9JNInSCMXV1T86
cfbb7kwMvvAT2lkCnI1ChNLz7NFZ7b4t1ue1P5MxzemtOd3RPd/s2fXuib1o6qJcMcqNt91t/eyT
kuz5uGIR892lny5dn316/Uc8+C69r3i9GpGLL+9KPX/TDPKSfph9HGpvL/dt/P4F4cqll3mBT4Mr
TNsAlC810Q1/cJAAt5Dq0ov0opbfoy5Bs23quEvHo+H7NdK3U5X9cNkUBY2omk79nL+PqtteNvXB
UIegnGbxum7GGqFldnG4WJfKnC/2dlXRUOjt+LILUexKao6n5/autfMJtEsxVsP20kikzxmAKU6v
hqGsV71WS4VtKqOV+6ar5H4MHi0PplB0XL589cPzH9/c0Cixv2jhqlgmL7/V/yDIODROz++U5QJW
uHdkSYWXUJcpDT3kzYODeWs75chtF9sNNTLPGB3fMKFtPxqw0S7AoAa2dyLn7TVcgt1Q/LFJLsY7
pY99m5oO9NZ8YIIUrE+Ey1pUo4QPgfwj1yNaH5vNdG58SrPnhZqzBm+6nkiyHDXIF7YFKk5HhWXB
YJ6yKPUOsAwweKi2RBjutiOHPqngsE3P7pv6DwPjbat4x0h7aG1LOgbYEod05Gfkvl+rmo3tquMS
BBa3NTmuIba8rRl79mmtiDE6wOxVLRlI2MMs6KDjdU8FnDSvNavoOjgIQ5+VGrS+ABGlUGzNa1lp
DW6IsnG8Ka6WrOBVr+hFvx4H2SAM7Kn9kt3OzNkdQ6oYgGTYfM7aSnFoslN/a8r6X25nmltzXEmB
QofxFkHYXcnZv1Gk0BwdMvZ8tz/Y9tkrHT92EQOzjCKAwYzQFJHLt8zql+bbcNu9PiT1CcAPN4Gy
9ZG36o1NSNf6DHUD1sdOxyGDJXJFXENj6u8jr0iXq/JOTV8pzuymwKJzom52pJ6MsMWBLeg0conX
eu934yaHquBqz/ttLW54/4XRCT6ca6En/NjDXuTvk6Q0bY0yqhlhUkzv50zHLLOxjSCZMyr66Lyf
IoZ0g7RCYxtUl0JPMcQ/aptDJrhe1zyUcDsFNUAk7c71jjnSrWXodUEOTHPIUeesHP4A9Q2dXiYV
QaH2o5PF7AwyjHABX6tFi+FYSZea1KkDc+0d3VjXZE5J+NO02gj6+LFfsJfqzv5mm3K1RoR3vF/P
DyPSeg5ppOvGdjCjRmGkmA14s3Jp4yJS9dmiNFHC6fAebD/NAfkI+VwDRcO7FgeORonWTFoyOpOl
UCXQ7rYmUP+ki0/WN8XAzDjiYFMOFO8bteL5doDC2UejaVfrtuyJtF5+Q0a7L7XitUMhkO8dQ2jy
sV4LWJTgECilP98QmaJTatrS+DiMNVLoslUDOzX6Ywfo00a2RtasLZlLUmB3DcvmDO+fXoINeP0a
/5Q7/2f890PTahYspO5YsuR6BvSgHKnkjiHa9ZQrDQCfdERY5vo//C+wp2PCfAAlcEEz0EGPiHLz
hYs8uzH8mmik7LWbrR4ECoB+L44Brfc3r5bs5s+vP7I3r9++vmHPr6/fvH71kV2/+sA+vf/w11cf
5gyT2M17zHrFPv35/ZtX9CnjxauPHxen4f+kMq5VVzY6PxME6y9yYq00GGtd7GDWg9pRIUiNKnqK
AxBUBmA1KdSOkBLQDEciaX/Pz4x/oXijfFjTNLuZpmyIAHT3ED7FNfZ4T9mD0r5esHg8m9zAQIOE
0VolqDoweiV2jVXN2p0M8CzV9ntRA9fK2p8/zZKVPLCSr3iX0xcO0VT2oFFjz9Pa1VFG7NhVzK4C
am94Pepa5JAT1GkjPPB8PmWDUxecnNAk1qIALSPvZh99C/beoL1xdxQTzVjJHS8l0sd9zfb894Zw
q9mHoLHrWlmx2w8aJx6lR+06hsJOtqJrNlOaNavtDOfQMQ8tTNJYSz7yDfaESx15x8epfiSTddiJ
3NA6shw3rSm2TEXH7AuHXkz2ekmT7ALNu2ZzkgBPSPAIdf6EgpGukfKwwx2crO9HRbAwrGG11VR8
El7Rbnuu5pMhTXVga8yF4Yam/q6eqEkS67H+0k+8v+AtjZabcYPsisTasakVIEMy0+wYLvZ6pXix
qtQR89jHUHu3liO9oUNF8Yh0G+4s9rIxr059mqoiwjxD30yeQsjQshMPJdM1gyPQlKmdbC/Biq5S
6C4CtAfuTGlhqNibE2aNkXAvHZZZfRp5pp1p8rSvUWBFXYGl+3VSX/PD27o2l0OWNkGgKFs3lSku
c7qhootwzTLqJbiQTTEa20wjZN+axJKrXZlpMtuzQytNrwhWu+2w1l2A4x0YUBtPb+wMEzOA7Si2
qL2vYHXvScWjNJJTa6NLfFqMQcvWgv0ZVSB86VKXdezF9Y9zrAUPOeLrvpRwe10mGPTc0Xc0/SVL
poJ7X4v3WjsHcxfsuQRQ0RWLC3SWpkGQqqJLRXorbMroUys52EEg7pPeAbGjfuaBUI2KS17NDWjS
1vbj+mJ/MYVq6B+v6+upAt+3itRg0KJ75FOiObZ169jnk5bnrQ3IvvxF7Uytb1hZC/eUC20hhVre
eM5B1g0z3yw6X7Bru6bi3Uov4LZntW6idyw6viLpYC6I1beVLmWoEd2AecIBtIqQ80VV0nmH7qw7
dFjoIdnbmx81pz1EIrHzcWDUyWsr77czHcdigqHNMDq0aqm5pQCQKh9Xy6mL+Z551L3YIm6NKNbv
mW1ke9N6k5PXfWNymnUUj4gZ3DLUXqybptft+dS8qKk91eAm+cBZz+8mEKWzkemUh97t450+vwIJ
FB8mjAGn2m7zqVrWjVbbmXKlb1Gf6fKlbkRVtkyvhR7f8i10SM6yae6m3pXg32Kmxi1neme2POhV
ptOfw8OFG306YBzAXDE15yp6rrX22NtTCgGvHwwu2DWOWbNkLQqKu7KibQzm2Xi2uxBo83q1q6dr
Wlad5o75NOvocOnJAx3T3z3fNCP5dGHA2bo4qdKc6elkROGsu3YYhn7rbILFH3RuOVisBa+V6RJz
ZYjlqiCP1MeCOh2sJw/QRtenhUdZyohPG+3ER2QyfsoqZBEaZplCAniKS/dpNnkHSvCPyRHB7LSY
/u64CbR3Uw/tjC08Uh2etQhKQHojfai5d9Znr1/qzfS3616HJOlTdWRp1LWArg2z0jF75jBlO73m
SHTQc5jPnrEVOpZ+r579ucZOQ4vHKrLBes9L3dIAOFDxG9u0TTtWkzPaB4J9PcdCRKABQlfDTmvD
mtCVInXJpjpTH2yak5ylzXh08KQ7LDNsEoa1FxjZHwnIvd7I3/VH45OhXbgdD7drlGZFc2ARRJmz
Hob2YOa6IctoVhbtZtMuykZzXDf1dkM9An3nopM20e9Zp8bHvmf791oEDVl8terQa5ozJXsAZRpt
uib45VQ+zR8iWF8f7ZRjQdDkAgKFe2UKUY7Qudc79prxvQB6bHFwFIzUs9O8cU1jnEdKhUHNe+tM
yHr6kxdh92E9pcebQ9WhRK3JTw4OeObAx3bN5xiGGihhDbuSBdBbKDTRMCEQqKaEYN5OicUcF/Gj
AyP7jeog4Ywoz5DbNIpNYGEJasub99MejyxtZD009YAOeofVNiMRUZo/FQ5kWQJM2lCfhNlF06nn
Yr+BfXO4w6TNr+c8C9vGuiYqDg4ZLA2QH6w+p+OEtR3UiEEdgS0yLWLQySzqeKmrrLLYEUKpDkHM
2Twh0NRlG4wDPQuRU2bjVcl7W8Kj6uKbtpqeqAgAj9ZWy8lo5h38lk56luwnnb2RP+f66OdnIqqr
832aPPxmoMWgSqorpe2wp48wunV+KmPphK4zdK+LSd2ZwT4leLXp9pB9s6/mwfxk9NmGsoLJXvsd
l+yHN89vlv53yTzKHrx58BDM/e+876QSjcHYs6FTeAC4XqaugWLzFEbnpuwxR/GHja2JcMot0LE9
ddKlhz42gtXElpkrvGM3gfJUzXe7M3yNOKCDVCX0h5N+UpgzfQCAL5j67tkPGmr0Vnr+EZFRVwr2
lv7BiKOLrcX+gKzRt+uZegDw9bYREl+oXu510Q+N5CUq1a3pmfU8kldflKtMGjExY6TU9Oka+g6r
Z/OZehhUba+Y/jp7gQrh8GpsLuw1xt0IfZCpJe+OxprNZ9kMAMOjUfuxej8wdtXhszRXG3bPRVmZ
axO7kdXm6KLuGunj8LlElN0dDtD1W/1NOlnQ4yY3X5cOp1AlBvbl4VgrjqX+sLv7drRSw35/PIQC
ZXM48vH6zeHjZtv/vdK3i+0vpu8V+XQCz1BPuF7khm5CV+dfIyQSIfAf3StIoiKWia8iUbgFXU8I
9f0MQXdN/YB9Q1/0D77k7zbccv1x0qd7enS1uWzNFbloQfeKfjF3QXez8fiwObZJQ+LQXTrP8+lz
/fXL90eqks1nLcrpIIbKY3MCLuq+P5r4sSRA+I+3Rzo64QCP1JIei4XB+6488Y6Di7oB3c+gK+Zg
eH3snPts/VkXY4eXoLUTrczlaHNzfUF3Z2RvL0eQAjSgyXy6iEt+3G3bodEDgR5YyUc2L4/cROsm
OBza3XtZjcYZJ3b+k2q299f6KGW/4Lff/gsS6Ucg
===END CRASH DUMP===
