PocketMine-MP Crash Dump Fri Aug 7 21:00:53 WIB 2020

Error: Alias "ender" is already assigned
File: src/pocketmine/level/generator/GeneratorManager
Line: 62
Type: InvalidArgumentException

A PLUGIN WAS INVOLVED IN THIS CRASH
BAD PLUGIN: TeaSpoon v1.2.0

Code:
[53] 	 * @param bool   $overwrite Whether to force overwriting any existing registered generator with the same name
[54] 	 * @phpstan-param class-string<Generator> $class
[55] 	 */
[56] 	public static function addGenerator(string $class, string $name, bool $overwrite = false) : void{
[57] 		if(!is_subclass_of($class, Generator::class)){
[58] 			throw new \InvalidArgumentException("Class $class does not extend " . Generator::class);
[59] 		}
[60] 
[61] 		if(!$overwrite and isset(self::$list[$name = strtolower($name)])){
[62] 			throw new \InvalidArgumentException("Alias \"$name\" is already assigned");
[63] 		}
[64] 
[65] 		self::$list[$name] = $class;
[66] 	}
[67] 
[68] 	/**
[69] 	 * Returns a list of names for registered generators.
[70] 	 *
[71] 	 * @return string[]
[72] 	 */

Backtrace:
#0 plugins/TeaSpoon-master/src/CortexPE/LevelManager(58): pocketmine\level\generator\GeneratorManager::addGenerator(string[36] CortexPE\level\generator\ender\Ender, string[5] ender)
#1 plugins/TeaSpoon-master/src/CortexPE/LevelManager(50): CortexPE\LevelManager::registerGenerators()
#2 plugins/TeaSpoon-master/src/CortexPE/EventListener(84): CortexPE\LevelManager::init()
#3 src/pocketmine/plugin/MethodEventExecutor(42): CortexPE\EventListener->onLevelLoad(object pocketmine\event\level\LevelLoadEvent)
#4 src/pocketmine/plugin/RegisteredListener(80): pocketmine\plugin\MethodEventExecutor->execute(object CortexPE\EventListener, object pocketmine\event\level\LevelLoadEvent)
#5 src/pocketmine/event/Event(88): pocketmine\plugin\RegisteredListener->callEvent(object pocketmine\event\level\LevelLoadEvent)
#6 src/pocketmine/Server(978): pocketmine\event\Event->call()
#7 src/pocketmine/Server(1564): pocketmine\Server->loadLevel(string[5] world)
#8 src/pocketmine/PocketMine(273): pocketmine\Server->__construct(object BaseClassLoader, object pocketmine\utils\MainLogger, string[27] D:\MinecraftTool\JinodkNew\, string[35] D:\MinecraftTool\JinodkNew\plugins\)
#9 src/pocketmine/PocketMine(304): pocketmine\server()
#10 (11): require(string[82] phar://D:/MinecraftTool/JinodkNew/PocketMine-MP.phar/src/pocketmine/PocketMine.p)

PocketMine-MP version: 3.14.2 [Protocol 407]
Git commit: 4fc5b9772ab3a9612abb052dc4233104dcb0ea02
uname -a: Windows NT LAMPKVN 10.0 build 18363 (Windows 10) AMD64
PHP Version: 7.3.20
Zend version: 3.3.20
OS : WINNT, win
Composer libraries: 
- adhocore/json-comment 0.1.0@8448076039389f558f39ad0553aab87db3f81614
- ocramius/package-versions 1.5.1@1d32342b8c1eb27353c8887c366147b4c2da673c
- pocketmine/binaryutils 0.1.11@e8cb65db1b7998eebb739b124f2a989fe87366eb
- pocketmine/callback-validator 1.0.1@4aef6bb25f97d0b830ba0b4f66834b1a9c86fc9a
- pocketmine/classloader 0.1.0@4ccdb30e48f030bfcad04bb0a208d198ec631993
- pocketmine/log 0.2.0@e59bedb5d4bbeb9a26647cb7c367cb2fa72addfa
- pocketmine/log-pthreads 0.1.0@9bbcef398b01487ab47c234a6a7054722abbe067
- pocketmine/math 0.2.4@b1c28b236df8b795d7b06cf8421f9962b12ac410
- pocketmine/nbt 0.2.14@b31dca98443328c4bab76dc1b84c1473c79be20e
- pocketmine/raklib 0.12.8@9fea763ffc922db083e4528d4acd0b13d0ea83a4
- pocketmine/snooze 0.1.2@88420da3d9335dbcb3ee2decfd5e5453d057dcdf
- pocketmine/spl 0.4.1@ff0579a0be41bbe65d3637607715c0f87728a838
- doctrine/instantiator 1.3.1@f350df0268e904597e3bd9c4685c53e0e333feea
- myclabs/deep-copy 1.9.5@b2c28789e80a97badd14145fda39b545d83ca3ef
- phar-io/manifest 1.0.3@7761fcacf03b4d4f16e7ccb606d4879ca431fcf4
- phar-io/version 2.0.1@45a2ec53a73c70ce41d55cedef9063630abaf1b6
- phpdocumentor/reflection-common 2.1.0@6568f4687e5b41b054365f9ae03fcb1ed5f2069b
- phpdocumentor/reflection-docblock 5.1.0@cd72d394ca794d3466a3b2fc09d5a6c1dc86b47e
- phpdocumentor/type-resolver 1.2.0@30441f2752e493c639526b215ed81d54f369d693
- phpspec/prophecy v1.10.3@451c3cd1418cf640de218914901e51b064abb093
- phpstan/phpstan 0.12.29@9771daaf6b95c6313b908d0bcdee0afcd51f838a
- phpstan/phpstan-phpunit 0.12.11@ab783a8ea634ea23305a8818c4750603e714489b
- phpstan/phpstan-strict-rules 0.12.2@a670a59aff7cf96f75d21b974860ada10e25b2ee
- phpunit/php-code-coverage 8.0.2@ca6647ffddd2add025ab3f21644a441d7c146cdc
- phpunit/php-file-iterator 3.0.2@eba15e538f2bb3fe018b7bbb47d2fe32d404bfd2
- phpunit/php-invoker 3.0.1@62f696ad0d140e0e513e69eaafdebb674d622b4c
- phpunit/php-text-template 2.0.1@0c69cbf965d5317ba33f24a352539f354a25db09
- phpunit/php-timer 5.0.0@b0d089de001ba60ffa3be36b23e1b8150d072238
- phpunit/php-token-stream 4.0.2@e61c593e9734b47ef462340c24fca8d6a57da14e
- phpunit/phpunit 9.2.5@ad7cc5ec3ab2597b329880e30442d9054526023b
- sebastian/code-unit 1.0.3@d650ef9b1fece15ed4d6eaed6e6b469b7b81183a
- sebastian/code-unit-reverse-lookup 2.0.1@c771130f0e8669104a4320b7101a81c2cc2963ef
- sebastian/comparator 4.0.2@266d85ef789da8c41f06af4093c43e9798af2784
- sebastian/diff 4.0.1@3e523c576f29dacecff309f35e4cc5a5c168e78a
- sebastian/environment 5.1.1@16eb0fa43e29c33d7f2117ed23072e26fc5ab34e
- sebastian/exporter 4.0.1@d12fbca85da932d01d941b59e4b71a0d559db091
- sebastian/global-state 4.0.0@bdb1e7c79e592b8c82cb1699be3c8743119b8a72
- sebastian/object-enumerator 4.0.1@15f319d67c49fc55ebcdbffb3377433125588455
- sebastian/object-reflector 2.0.1@14e04b3c25b821cc0702d4837803fe497680b062
- sebastian/recursion-context 4.0.1@a32789e5f0157c10cf216ce6c5136db12a12b847
- sebastian/resource-operations 3.0.1@71421c1745788de4facae1b79af923650bd3ec15
- sebastian/type 2.1.0@bad49207c6f854e7a25cef0ea948ac8ebe3ef9d8
- sebastian/version 3.0.0@0411bde656dce64202b39c2f4473993a9081d39e
- symfony/polyfill-ctype v1.17.1@2edd75b8b35d62fd3eeabba73b26b8f1f60ce13d
- theseer/tokenizer 1.1.3@11336f6f84e16a720dae9d8e6ed5019efa85a0f9
- webmozart/assert 1.9.0@9dc4f203e36f2b486149058bade43c851dd97451
- pocketmine/pocketmine-mp 3.14.2@4fc5b9772ab3a9612abb052dc4233104dcb0ea02

Loaded plugins:
Slapper 1.6.0 by jojoe77777 for API(s) 3.13.0
PurePerms 1.4.3 by 64FF00 & ProjectInfinity for API(s) 3.0.0
DevTools 1.14.0 by PocketMine Team for API(s) 3.11.3
ScoreHud 5.2.0 by JackMD for API(s) 3.0.0
DEVirion 1.2.7 by poggit, SOFe for API(s) 3.0.0
MultiWorld 1.5.2 by CzechPMDevs, VixikCZ, fuyutsuki, kaliiks for API(s) 3.0.0
EconomyAPI 5.7.2 by onebone for API(s) 3.0.0
Sheep 5.2.3 by KnownUnown for API(s) 3.0.0
FactionsPro 1.3.20 by Tethered_ for API(s) 3.0.0
PureChat 1.4.11 by 64FF00 for API(s) 3.0.0
CursedDrop 0.1-alpha by  for API(s) 3.0.0
TeaSpoon 1.2.0 by CortexPE for API(s) 3.9.0
RandomFish 0.1.lpk by LamPocketVN for API(s) 3.11.0

----------------------REPORT THE DATA BELOW THIS LINE-----------------------

===BEGIN CRASH DUMP===
eNrtXGlz3MaZ/isdyrWhUpwh7mOyclGRqESJDq5IW6nNqFQNdGMGJgZAcJCiU/7v+7zdDQwwpOQj
3q39YJfNARrd7302Gv7XUVY1O959vJFNm1fl0co9OerynTxa2X4cRFYU+RgpeNudN03VHK3+ddTd
1Xh89LK84UUunjabfifL7vxTKuuOQJwc7WTb8g1NelrkvGXrI1kK2ayPWN4yXjSSizvG2zbflFJg
ftYXxYu8oAX1ljer09Pnq9PXeSnThmfdVVUVp3/Ny0pcv5G3pxdVei07erp4fbGk+adtk57WaniH
4dNC3sjidCNL2fCuak7/PFy95iXIarCoJqwa489cjIUF5h2tAgeSaniKy38cPbJYXfSbvGxPryS/
rKuqXOwgNKmJe1Y1nfx0cX76iqAbSMd+9HjF9qjXa4V7vR6Rr9eH2FcrLsQ4eNx2TV5u/uEGH9iA
4iEoWvrrc/o5YWaR/4Gp8cfg6JH9S8i3QP4e7fTZatXITU7rR1rbY4XI+WmIzm9gUq8IApYfR94X
MOVl3mnYLjvQpUZ1+lp220ookOefZNqT5DxnBnKGb/F1VSocryoujqvkO5l2Mz1Jmj0KepyqgChK
vM9Q8s5IRYo9b9aBEeip6/UDVC++lupKDkR9hoET9kuI9g+JViu0Ko6j6DNk3mdp8XXKi0Iv+yV0
BId0XMoG4ek4Dg9pMKDUUo1VG0L4GQi2H3gHIPSTxdcFSFC0HO/d47ZqCqEARocA90Ho2Andz8D8
+DGtSoDr01EQf+KtfIZo2hLLn1FU3+VFC/3zvHxVbTYTl3XCD+z5Co+moXG9HmPjej1Odf0fm2r8
cL1WHMZf4NC1DqXWannq0GGxY9vGhEb+s88bOQgwcj6wXyOa72cs68dHH344OZL/i5no380JIE8L
9mNe3lTFjSSKADEvBWSTdkfDc4wNERBjaSUkceS7GF937A/srOYN37EE4mKMfVVB3rdN3kn2fovA
IBvWVQy5O5VseAShM17eMfkJjkg3zeiabKSd3ebdlgEAa/lOshJ/gN739mi3ddvxcqHRp2SrC63R
/xzZ/pp9pR7QSt+sPKWbQN3UfVLkKSyRd/jJ+jIlbbAHMpeBM1gt+4roOdFMT1h+wjJetPIxW7Gb
Khf/IlShQrXu8uz4d3n7se0TBepjlR0PQEdsq5UaefxYrYzMynXXbZvqlpXylq3XnzOi4/WRclhD
KhOVbFlZdRAzop2ARbHlfUx/JESxQfQDbgILN/RrT+iesMgBKm9b2R23sshWq68KqO4fSh5gH+Lp
qqK6hc+poccfNC+B83N5MW6wXh8pQHTxkCusjxQLgTtlwTMs+GbwHqUfQKoWk1qsrUEtDc1SLfvT
P/yBbuLB6N7Jrm9KUMEIFqsyZZct2feDRtwusTy0zHK6tkf7bRSsIQx+oIfOaKI//Fay/Vay/Vay
/Vay/Vay/R+WbCdHOrAVVOGoimN1NAMCmhJIeb8JceQubW/p0HifF+JoZUe2fXKEPC/kzdFKVQMo
pJqqq9IKYD0rBJKcCi0vS/0kDkOHJy6PAxu/ieU7IvUc17UtT6SJJblFsHtDy3sUZ9Vty95csVdP
X1/87ds3zLaWFlO4mR25gcuOh0m29Zg9ff0cyRAEbGssD5fu0rFw+z2Cs6Ld3OPxx6olBC/fvLnC
gLq5zXXBt6sr6ORjkScNb3LZknC42IKhRp5+1yLKYo6pHq2lvbTOIs+LrDCw3NiN4sz3o8yNubB8
3+U8iUKRuFlkBzZRVkFxu7xvT2ueXiPoLoxoiQB76S/tM1u4jus5SZTaMoFD+G4aRVGYugEghImX
OoIHoZsSH3vNJnnJmztl7oYs2z6TUZoEvkjsJIzjSMokCd04sR0vc3gMSmUUAqpM5qDI9xNQt1C1
CuUbRRtgnnlcZkGSOH4Wh8JKItdKuJV4WRBErpfYPE6jIEtjfgCQnLRQTjqKzEtTiMWSXpRZgJKl
kJcHg+COFQkbxKaBa8exO4dUVBsFwQEE6ceJFIkvsEwmMXeCwAvThASFHyfjsDQhMn4PwqJGSYai
qh2JiZMkldBZlFi2F4U8ASDogAc8tHwvdMhUpYVaaQZqx7utocY7S+zUiRLHDUQWQdq+CBMrSLPI
c+wsjgMHUuepZ1tzEGXSGQg2QLi2SKEXz3NdJ0q9hCdhIFI7ibwUmnfTEAw7lpyDaPg1LFWz4iyj
M2iVh4GbQQ2OIxIrcqXnO5HweAqN2a6Ak0Uu9+ZQ2rKqvpdGIM5ZBLotwV0Ruy7sJ01cKR0h00z4
0vd8APFDkYrsAEhdKAgeLCXLMCWGcUjPhvBghXBWuEgY2n5qZRHiQAQ6IkAQVUpRTp4igqLB6fLR
5FwC5PqWyCwniGRseX4cSjcRceoFkZ/6rrSk67qZlKTm3R0sLWlPhZQ1fLS+U0DipX+WONBOGMUy
sngcJrAL27M9PwOLcQKGROSm3JWKH4TNRV5Bu2WeybYztu+ehWFgw0xT2GviCS+zAxmm8C8rELCZ
OOWei+eZN4GxD5uOdh+fOxJUc1KmlUI0wvdTKWQWWwHkY/GEZ3YS6BAFuaguAX1tI7NCqmZNxR4D
kkw38IMogzBC6SeQNMzVDeCdXFpulia2FH7mWEGcfAkkRpMCagRQXwFNRegIN/ZSHsaecL0g4C48
KrVi4fMghZlGAXxE3gNKff+ikS3111qF5KnIeZ6dOaHvSC924dix7wSJY/tSRJCAl7lBLALt62hy
a4mc1VT1VqakwRuEMpK/59upm5LiojQLPEtIx45i24stW/rgPPAooYxQYEmn5ndwDic+Q/6xBecI
YrFPEcZNYsQbK0lhMxbPUuHbGayS3weywG9f5t0ADOEV/glPiiQPXE9yZDHL51EE8rzQt5ANZGgj
MQyynwGjvJ52i6YvZDuSd4a4bnE/5lkWplkcZKEvHBs504sCiwtuW9LxE0cauRM1BHBBexT4A5Hr
HZUIxuacpZwCYpYJISgQWo6PxJs5duB5HPoQIYJKkIr0ABhttCzQ+DbGC10FTCYc6vLdKHMSQJGW
jSiXJDAC4WTSdYSH6J0J5wAYbbVcywGMfRY4WRAHCPVQowXf9W1XBrGEQgSSUxB6InAcpLgDMKjL
O/zZ1QXv5OhNVhrEaQI5+cJ3bXg1AoHjcdd3fDdG2PC4g9hlxYfA8p2iyAcQ6yyxhBXFQlqWnfDA
yjJYunRhna5E4LUReyzEfxWnZkDAltKi5DuqbbSQAjv1Y1fGIZIh3AN+iSxipci3KY9EwBE0ue0d
qM8YVQxX8c841JL6MnU5kiwilevEUYQYBw9yRAzvhudYjksm1UInLYJlear0b8DoWCUC30JQSexM
ppL8DIKVXOIP/BbRIARrKJ/4w2DgwRS55KKoquu+HgWewnls18osGQVBjJINIc+xktC2bB4h/6Wp
Ewc6ik6h7mjHShuTlhMytYh8mSEgCw5vsTMr4JkH3009kl4ccUSLyJvBEXmWGQj2mSt9x039MMgc
gEiRmDLXIp1L1BU+91Mb6SKM5vzJ8iZvqtJUbhTpUGyh+rEy8CGdOHVdEcJB7FAKx4XapYNihrxG
qWwC6FNNvWIzkiNsJ0ugYl/wGL5g2SJGLPZj6UE43EKQj8kQ7RmUTVElvFjQZpw0kGCOKNaQVsIY
1Q2VgJGDIB7ESPyoAkNkGDtOIlQ2M0i671nIEmF4Kmmw52eoogQKIi8GK75EoEuyLHHdEMBc20Gt
Gnm+/xA4kyAUNK1/mC683E0RhCLHTlMrtOD4kRtGSDYI7WEQWYjDc+IaNNkqCyJCleTII3HcdSgl
+5ll+whGVkrBKZVBiqgQCCqYbIjACw/AtVXfpHJR1cSrqZx1dEG4BVl26PlhFAnpZTzlkmpfnsWo
zHwrEa5M7Tm3ZqtaZ1NUBl7sWGEaZJHvyRARBIUhKqbYi3gaSagBbiWiGYRpc0Q6tDzbTgRKHhRv
MkAh5SRunDqZhxoOFS1HxkGNHyubuttlVXmHFq24Q+AtFqkhh5JeCJYcKUQIcScowxA8Qb9ElkP9
kCCDRpmdBSgjUNQBVreVrZTIwRSa8u9N/kURdQandYMMLHnSRklLlZ0EEzJAdWDZscxgudzKKFDe
ymRXfc+b7hQlu2w6U0GhREafhkrCRWxECkBCosTrRxCY9GCavi0E8pRvzyvC/eViV4/d49lPbgV/
GHftVRd2WfC6ls2kWx1GTo72WrCXwZLqbN5326ppaUvxu+q7Sob0DzW9vM5pEMRAYTQgS54UUoz9
q5A1OkZaiYdtlXXPpwM7rl4StBq13lygFw1ocKh/fnt59f7tu1fPtTTbXHn3tuvqFt07WuFtnywR
FE/3NJ0OXIDbi76RF7LZtdOWfBybs+kt3TmbgffihWWx/2AXTUU+/LLMaEfvbsa09W/w/FFjWK9H
kiaXv0AGaq3Zw9zDgRieyxva3JhKYRyaCwEGdaDs/Q4Gu6L0PNM4/GHGfdf0P5X5gYD1ekKK4fjy
6um7q28ufpTfkbTTEQa4vaSthb/0YmrYw9CUW5/K6Tmzf0Wj/vr5r6ZgDW69HtDvr35Mu0pr59/m
jSJ1r7VhaK41ZxnO+airDW0TQRZvX8gvsvMzNKaBrtc3ioT1WsjhakLWFzRIPL3uiy5/T7uXE64m
g3O+fLU3NuHr2fcy3V68hrbJWr7NP+XXz/5bnay567u2v85xfc2LPL9ufzUlpoSz3oFb2OqOSFW7
r4hUU7J/rq9OODmdAIKIzpHZq93d04uXExFNBucmHB6KqCplgv9+NfYNvPVaahIAdL2ekfOjhny5
lbKeeqO6P3TFg+j7t7K6Lb+hP78aKwovfJB+dJz8qYq7vb1dTpS3p+1U8wImX3DV/rdIFhNWp6Nz
2zabpxOOr9QLbyk+/psMHz0tu/yy5jtCuud+Qsp6bW5+SrId8uizLe8O0qgaOsyitv1QGv15PE2S
9H325jL9O6JQ1bcX54th/OgzGZao3V/9CvlVgYF0nqEkl+J5U02NfDI4lRAq6wUv6i2fCenXsvA3
m1d89+2b9XqPfXr9U1Q9ntbYszI5wDHPOgcGPLzzm+k6/uUJZ/8OcW6nXyoPhjXLT3ffEzvveCmq
3Yu83U4Ymgwe6GZZ1NdzpiBQXWd8++aw9vnlepoAXa/31Eyvf1xXVM3T6RWJ5vmgVBveWCnvUW/E
lrQHiBZEvYE5enQx3rFnFeraDaOdqnWzLh+9l4I97TfMZ461cqKV5bD3L/+EG8ei5wUvNz3fyCc3
uZq/qzrxhC40ngWJ+Mn+Zd7+AXX5T+zYdh0a3GDarhLyiQK6458WdcHvwMgT21eLan5bLujVl95W
fbKwafh2C+4XdHziSZVlNKLlv/hnL5u7JyhG9kMNktQwi5dl1ZdodDWWBU+3udSnllqzSp0yWox0
mYUQoqCabbivb2ozn7ZQ8hSp++6J5mg4T7BoZUcHk1olFvU2WUtF1w3jGPpLMZlCveqT5+cvnn7z
6opGifxljcYRy8STP6h/wEjfVYuW30hDBbRwuxA5bYOm8klEQ5+S6tOCLNhMmTWRy7sdvVZ4xMil
WKp03+vWX5mAOowyMySYBLuibpgNfDHeSHW2CnVBiwvesZQE3LFEsrxMi17AhgD+nukRrMtqJ+ns
S3cfZsszecIqSoMtgWRJI/k1u6v6xsBiecagnjzLFQZohk6bFXcEGOY2gjsV6MOhm5bdVuXvO0Yd
IW8YSW9Hx7V4UdwRhd02bzXft1tZsr7eNFwAwHJdkuFqYKt1ydijyYG0lk5EAYR5pQ0ZNLxsaTtV
6MeK1KICGrCKK9kpeVHFnEq2hZMXSoI7gqwNb/CrlT4ERg/abd8JFBkLc7xvxdZH+g0+ayQ03hB1
J6wuJIckG/ldlZe/Wx8pap8WRXWrzhnRgTPT9bObnLP/Ik+hOcplFubRBO2jc+U/ZpE6skUewKBG
SIrAJXfMyJfmG3cbH09Bvc8hpaqEsLkQRLXWCckaWrhmO5COTEp+SOezEklUQ2Lynz0vSJab/AZz
b3jRS3ZskCIWPSboGiO9IqHYsoAu6EzCCo8V7jf9LoGoYGpP27syveLtNR2cuIZxLdWEb5AWlb0P
nNK0bYPStodKMb090ScthiNZcJITRluwYKRVZ/0gG4RkGtv1JcyKpmjgl0rndOasBp2fcpidhBjA
kjLnciSOZGsIepmRAdMcMtQTlne/h/i6Ri0TkkKhsqODxewYPPQwAUeJRbGxMJyuFKhDA+bKOpq+
LEmdguJPVSslqMMA7ZKhMTHXbJdvtvDwhrfbk6lHGsshiTRNX3d6VAuMBLMDbYYvpVx4qnrTL7SX
cDrjCLIfpoBshGyugqBhXcuJoWHyQk8aLQ0ZBFG7udOe+me1F8wo+TI9DkfY5R05/E5ueHLXQeLs
UovaUsLNW4Ktll+R1m5zJXllUfDk24UGNBhZqzjM8oaONDJ12kedVG2kHFBqI4e2evJdtqEDlfRW
SVkFITJb1oq0FbOIC2BXcVm/Uv9/zwFVM1+in5Lnv0d/21W1Psar495IkgHXMoQPSpJSjAQR1kOq
VAR4r1zCENf+/lcgTzmFoofCBUt7pKMS6Yjp03Bk2pWmV7sjpa9xtvyUogJo9+zoqPX26nzFrv7y
8pK9evn65RV7enHx6uX5Jbs4f8dQBv7t/N0JwyR29Razztn7v7x9dc4u3r19dn55uTz0/weFgcYq
r1SCphjcEnvpVqporGQxxlkbYkeJIFRYUVMWiIJSR1gFCsUjuERshiERt5+zM21fqN4oIZY0zSBT
kDUQRN19DKc2weB4S+mD8r5asLw/m8zAlOFQWi1TKg+0XIlcrVW9duQBliXrds+qaxle28cPk2Q4
dw3nG94kdOAorQrz4l/Fnoelq7yMyDGrmFmFsL3jZa+KkSklKNR6WODjkyEdHJrgYIQ6s2YZYGl+
d3vvW7K3Otxrc0c1UfWFGGnJkT9uS7anv9WAa0U+GA0sy/AKbC9UnLiXH5XpaAgjb1lT7YY8q1eb
GYupYU41TNwYTd6zDfaASc2s43IoIEllDTCRGRpDFv2u1tWWLumYebCgB4O+ntMks0DRrsgcOMAd
MjxcnT8gYORr5DxguJF0qr2Xrf7uoJWbofqkeEXY9lSdDIrU5YEpMpeaGpr6WTlRl5Ru+/K6HWh/
xmsazXf9DumVzkyzoRcgRTLd7Wgq9nIlfzGiVB5z38ZQfNeGIoVwQVVxj3zrjRp7XulHhzZNZRHF
PA1fTx5cSMMyE6ecqaJhkaIrkyNvz0GKKlNQOZL0QJ2uLTQUOvEnqfGgNZrDPXdYZuSp+Rkw0+QB
rxZgQW2BgftlUF+yw3VZyo4UtjIJAlXZtip0dZnwDt0mVeGKZBRMMCGTYlRs052QeaoTSyLHOlNn
tkdTLQ2PKKw2d91WtQELe6JApTyFeNENxCBs+4GJ2vsSVjWfVD0KzTn1NqrGp8UYNGQt2V9QBsKW
nqi6jj27+OYEa0FDAv+6zQXMXpUJOnqO8BcK/oqFQ8W9L8b1hw+TuUv2VCBQbXmRnaK11B2CkLBh
gwpIGW2KkIFNHHGf9CbAZg3NJ4pqVF3y4kQHTUJtzrou2VWj8kWliuhvLsqLoQTf94rUYdCiW+RT
gtnXZb0w9wc9z2vjkG3+vRxVTcX6oOGWcqEppFDMa8uZZF0vdvSix0t2YdYUvNmoBdw0rcZMFMas
4RviDuoCW21dqFKGOtEdiKc4gF4RfD4rctrwUK01nYlGE8leX32jKG3BErGd9J367kdpeY9OtxzL
IQztun5Bq1aKWnIAIZN+sxramK+ZTe2LKeK28GL1nJlOttW9Nxl52VY6pxlDsQmYjlsa2rNtVbWq
Px+6Fzn0pyq4Cd5x1vKbIYjS5siwzUPP9v5OpyERCSTvhhgDSvW23VAtq06rbnS50taoz1T5UlZp
kddMrYUcX/M7yJCMZVfdDM0rhX8TM1XcWgzPNMp2Hy2G7Z/p7sKV2h7QBqC/VdcbK2qu0Xbfmm2K
FFbf6bhg1iz0mhWrUVDc5AWh0THP+LPBQkGbl5uxni5pWXGYO06GWbPdpQd3dHSD93RX9aX6oknn
J23iJEq9qaeSEbmzatuhGLpW2QSL36ncMlmsGC+lbhMTqYElMiOLVPuCKh1sBwtQSlfbhbMspdkn
RCP78EzGD0kFL6kKs0wiATxEpfUwmbwBJNjHYIggdlhMvyM1rrJuaqIXfQ2LlNPNlpQSkEKkdjX3
xvro5XOFTJ0l1Z/ikTxlQ5pGXUv7xMxwx8ymw5Dt1JoZ64C3YA57xDboWNq9ePYbG6OElvdFZJz1
luuvLxE4UPFr3dRV3ReDMZobCvtqjgkRrgoQqhpe1MatKbqSp67YUGeqnU29lbMyGY92nlSHpYd1
wjD6AiH7PQGxlxvZuzrDeTA0utt8uN6iNMuqiUbgZQv9NmGcua1IM4qUZb3b1cu8UhSXVXm3ox5B
fQPagsN2Tzo1PuY52z9XLKiQxTebBr2m3lQyO1C60aZv964P+VP0wYPfPn9LH7QsTBDUuYCCwq3U
hShXX0cSxlYRvmdAjS0ne8FIPaPktWlq5dwTKhSqnxtjQtZTJ9Aodk/rKTVeTUWHErUkO5ns8Jww
9QLsBMMQAyWsbixZEHoziSYaKkQEKikh6KdDYtH7RXy2Y2Te4EwSTo/yDLlNRbEhWBiASvP6+YDj
nqY1r1NVd+igx1htMhIBpflD4UCapYBJCNVWmFk0bHsu9wjMkymGQZpfznkmbGvtaq+YbDIYGADf
GXkO2wlbM6giBnUEpsg0EYO2ZlHHC1Vl5dkICKU6GNGb8+pjYNNl6xgHeCZEDpmN02e3poRH1cV3
dTHcUREAGo2uVoPS9DPYLe30rNg/VPZG/jxRWz8fCKiqzvdpcvrSQLFBlVSTC9Nhj1+AU+v8UMZS
CV1l6FYVk6ozoxMYoNWk2yn5Gq+iQV8yem9DWUFnrz3GFXvx6unVyvljeOLHn+wT95N74vzR/qOQ
aaVj7HHXSNwguD6JLB2K9Z3nP9Zlj96Lnza22sMpt0DGZtdJlR5q2whaS++Y/pKvb4agPFTzzbiJ
ryIO4CBVperNSTsIbDG8AYAt6Pru0QsVahQqNX8GpFeVgvn4fzKyUMXWcr9BVqlvsfVn+q1phNJr
qpdbVfRDIkmOSvVO98zj5/zqu5VCpxHtM5pLBR/FSDPG6qOTI/V1uvni61/0wlhOv1RLUvNV0ThC
b2RKwZvZWLX7KKoOwXA2as6O7gf6ppjeC33SeLzP8kKfYh5HNrvZd3Nb3s5oyeFlN9MB+hpOvVkP
1Zv1XaJfL02nUCUG8sV0rE7nXL8bv0WZrVRhv50PoUDZTUcuL15Nb3d37T8L9bGfuWJ0zN92aAue
oZ6wbN/yrBCXX72ES4Rpin/jQAahnwUidKSfZlbmBGHmRdIOwpSOpjou+4oO2E4O1o4I77h6O6mO
D9OXhnmtTyX6Szq+/r3+NGucjdtPu7lOKmLHsSzXth06gXvx/O1MVKL6qFg5HMRQPlcnwkXZtrOJ
lzkFhL+/nsnogALcUks6ZwuD6n9/MBucfDfn0idr9MknCN7OjXOfrT+qYmz6TaIyoo3+VlEfB1aH
wURrjmeQAFRAE8nwXRzZcXNXd5UacNXARtzTeT4zEyUbdzo0HkPf9NoYB3L+m2q2txdqK2W/4Icf
/geoGUD8
===END CRASH DUMP===
