PocketMine-MP Crash Dump Fri Aug 7 21:03:00 WIB 2020

Error: Alias "ender" is already assigned
File: src/pocketmine/level/generator/GeneratorManager
Line: 62
Type: InvalidArgumentException

A PLUGIN WAS INVOLVED IN THIS CRASH
BAD PLUGIN: TeaSpoon v1.2.0

Code:
[53] 	 * @param bool   $overwrite Whether to force overwriting any existing registered generator with the same name
[54] 	 * @phpstan-param class-string<Generator> $class
[55] 	 */
[56] 	public static function addGenerator(string $class, string $name, bool $overwrite = false) : void{
[57] 		if(!is_subclass_of($class, Generator::class)){
[58] 			throw new \InvalidArgumentException("Class $class does not extend " . Generator::class);
[59] 		}
[60] 
[61] 		if(!$overwrite and isset(self::$list[$name = strtolower($name)])){
[62] 			throw new \InvalidArgumentException("Alias \"$name\" is already assigned");
[63] 		}
[64] 
[65] 		self::$list[$name] = $class;
[66] 	}
[67] 
[68] 	/**
[69] 	 * Returns a list of names for registered generators.
[70] 	 *
[71] 	 * @return string[]
[72] 	 */

Backtrace:
#0 plugins/TeaSpoon-master/src/CortexPE/LevelManager(58): pocketmine\level\generator\GeneratorManager::addGenerator(string[36] CortexPE\level\generator\ender\Ender, string[5] ender)
#1 plugins/TeaSpoon-master/src/CortexPE/LevelManager(50): CortexPE\LevelManager::registerGenerators()
#2 plugins/TeaSpoon-master/src/CortexPE/EventListener(84): CortexPE\LevelManager::init()
#3 src/pocketmine/plugin/MethodEventExecutor(42): CortexPE\EventListener->onLevelLoad(object pocketmine\event\level\LevelLoadEvent)
#4 src/pocketmine/plugin/RegisteredListener(80): pocketmine\plugin\MethodEventExecutor->execute(object CortexPE\EventListener, object pocketmine\event\level\LevelLoadEvent)
#5 src/pocketmine/event/Event(88): pocketmine\plugin\RegisteredListener->callEvent(object pocketmine\event\level\LevelLoadEvent)
#6 src/pocketmine/Server(978): pocketmine\event\Event->call()
#7 src/pocketmine/Server(1564): pocketmine\Server->loadLevel(string[5] world)
#8 src/pocketmine/PocketMine(273): pocketmine\Server->__construct(object BaseClassLoader, object pocketmine\utils\MainLogger, string[27] D:\MinecraftTool\JinodkNew\, string[35] D:\MinecraftTool\JinodkNew\plugins\)
#9 src/pocketmine/PocketMine(304): pocketmine\server()
#10 (11): require(string[82] phar://D:/MinecraftTool/JinodkNew/PocketMine-MP.phar/src/pocketmine/PocketMine.p)

PocketMine-MP version: 3.14.2 [Protocol 407]
Git commit: 4fc5b9772ab3a9612abb052dc4233104dcb0ea02
uname -a: Windows NT LAMPKVN 10.0 build 18363 (Windows 10) AMD64
PHP Version: 7.3.20
Zend version: 3.3.20
OS : WINNT, win
Composer libraries: 
- adhocore/json-comment 0.1.0@8448076039389f558f39ad0553aab87db3f81614
- ocramius/package-versions 1.5.1@1d32342b8c1eb27353c8887c366147b4c2da673c
- pocketmine/binaryutils 0.1.11@e8cb65db1b7998eebb739b124f2a989fe87366eb
- pocketmine/callback-validator 1.0.1@4aef6bb25f97d0b830ba0b4f66834b1a9c86fc9a
- pocketmine/classloader 0.1.0@4ccdb30e48f030bfcad04bb0a208d198ec631993
- pocketmine/log 0.2.0@e59bedb5d4bbeb9a26647cb7c367cb2fa72addfa
- pocketmine/log-pthreads 0.1.0@9bbcef398b01487ab47c234a6a7054722abbe067
- pocketmine/math 0.2.4@b1c28b236df8b795d7b06cf8421f9962b12ac410
- pocketmine/nbt 0.2.14@b31dca98443328c4bab76dc1b84c1473c79be20e
- pocketmine/raklib 0.12.8@9fea763ffc922db083e4528d4acd0b13d0ea83a4
- pocketmine/snooze 0.1.2@88420da3d9335dbcb3ee2decfd5e5453d057dcdf
- pocketmine/spl 0.4.1@ff0579a0be41bbe65d3637607715c0f87728a838
- doctrine/instantiator 1.3.1@f350df0268e904597e3bd9c4685c53e0e333feea
- myclabs/deep-copy 1.9.5@b2c28789e80a97badd14145fda39b545d83ca3ef
- phar-io/manifest 1.0.3@7761fcacf03b4d4f16e7ccb606d4879ca431fcf4
- phar-io/version 2.0.1@45a2ec53a73c70ce41d55cedef9063630abaf1b6
- phpdocumentor/reflection-common 2.1.0@6568f4687e5b41b054365f9ae03fcb1ed5f2069b
- phpdocumentor/reflection-docblock 5.1.0@cd72d394ca794d3466a3b2fc09d5a6c1dc86b47e
- phpdocumentor/type-resolver 1.2.0@30441f2752e493c639526b215ed81d54f369d693
- phpspec/prophecy v1.10.3@451c3cd1418cf640de218914901e51b064abb093
- phpstan/phpstan 0.12.29@9771daaf6b95c6313b908d0bcdee0afcd51f838a
- phpstan/phpstan-phpunit 0.12.11@ab783a8ea634ea23305a8818c4750603e714489b
- phpstan/phpstan-strict-rules 0.12.2@a670a59aff7cf96f75d21b974860ada10e25b2ee
- phpunit/php-code-coverage 8.0.2@ca6647ffddd2add025ab3f21644a441d7c146cdc
- phpunit/php-file-iterator 3.0.2@eba15e538f2bb3fe018b7bbb47d2fe32d404bfd2
- phpunit/php-invoker 3.0.1@62f696ad0d140e0e513e69eaafdebb674d622b4c
- phpunit/php-text-template 2.0.1@0c69cbf965d5317ba33f24a352539f354a25db09
- phpunit/php-timer 5.0.0@b0d089de001ba60ffa3be36b23e1b8150d072238
- phpunit/php-token-stream 4.0.2@e61c593e9734b47ef462340c24fca8d6a57da14e
- phpunit/phpunit 9.2.5@ad7cc5ec3ab2597b329880e30442d9054526023b
- sebastian/code-unit 1.0.3@d650ef9b1fece15ed4d6eaed6e6b469b7b81183a
- sebastian/code-unit-reverse-lookup 2.0.1@c771130f0e8669104a4320b7101a81c2cc2963ef
- sebastian/comparator 4.0.2@266d85ef789da8c41f06af4093c43e9798af2784
- sebastian/diff 4.0.1@3e523c576f29dacecff309f35e4cc5a5c168e78a
- sebastian/environment 5.1.1@16eb0fa43e29c33d7f2117ed23072e26fc5ab34e
- sebastian/exporter 4.0.1@d12fbca85da932d01d941b59e4b71a0d559db091
- sebastian/global-state 4.0.0@bdb1e7c79e592b8c82cb1699be3c8743119b8a72
- sebastian/object-enumerator 4.0.1@15f319d67c49fc55ebcdbffb3377433125588455
- sebastian/object-reflector 2.0.1@14e04b3c25b821cc0702d4837803fe497680b062
- sebastian/recursion-context 4.0.1@a32789e5f0157c10cf216ce6c5136db12a12b847
- sebastian/resource-operations 3.0.1@71421c1745788de4facae1b79af923650bd3ec15
- sebastian/type 2.1.0@bad49207c6f854e7a25cef0ea948ac8ebe3ef9d8
- sebastian/version 3.0.0@0411bde656dce64202b39c2f4473993a9081d39e
- symfony/polyfill-ctype v1.17.1@2edd75b8b35d62fd3eeabba73b26b8f1f60ce13d
- theseer/tokenizer 1.1.3@11336f6f84e16a720dae9d8e6ed5019efa85a0f9
- webmozart/assert 1.9.0@9dc4f203e36f2b486149058bade43c851dd97451
- pocketmine/pocketmine-mp 3.14.2@4fc5b9772ab3a9612abb052dc4233104dcb0ea02

Loaded plugins:
Slapper 1.6.0 by jojoe77777 for API(s) 3.13.0
DevTools 1.14.0 by PocketMine Team for API(s) 3.11.3
ScoreHud 5.2.0 by JackMD for API(s) 3.0.0
FactionsPro 1.3.20 by Tethered_ for API(s) 3.0.0
PurePerms 1.4.3 by 64FF00 & ProjectInfinity for API(s) 3.0.0
MultiWorld 1.5.2 by CzechPMDevs, VixikCZ, fuyutsuki, kaliiks for API(s) 3.0.0
DEVirion 1.2.7 by poggit, SOFe for API(s) 3.0.0
Sheep 5.2.3 by KnownUnown for API(s) 3.0.0
EconomyAPI 5.7.2 by onebone for API(s) 3.0.0
PureChat 1.4.11 by 64FF00 for API(s) 3.0.0
RandomFish 0.1.lpk by LamPocketVN for API(s) 3.11.0
TeaSpoon 1.2.0 by CortexPE for API(s) 3.9.0
CursedDrop 0.1-alpha by  for API(s) 3.0.0

----------------------REPORT THE DATA BELOW THIS LINE-----------------------

===BEGIN CRASH DUMP===
eNrtfPtz3LiV7r+Cladu5JS6xfejcz0lry1vvLHHurYm3tq0ywUCYDdHbJLhQ7ImNf/7fgcA2ey2
7MxM5t66P0wqsZogcXCe3zkHBPOPk7xud7z/eKvarqirk5V/dtIXO3WycsM0SpwkTZyzk5J3/WXb
1u3J6h8n/X2D2ycvq1teFvJpuxl2quovPwnV9ETi7GSnuo5v6KGnZcE7tj5RlVTt+oQVHeNlq7i8
Z7zrik2lJJ7Ph7J8UZQ0odnydnV+/nx1/rqolGh53l/XdXn+n0VVy5vv1N35VS1uVE93F6+vlvT8
edeK80YP7zB8XqpbVZ5vVKVa3tft+X+Mv17zCmy1mNTQqmbFXzgZE0s8d7KKPGiq5QI//3byyGFN
OWyKqju/VvxdU9fVYgelKcPcs7rt1aery/NXRN1SOg2Txyu2X3q91muv19Pi6/Xx6qsVl3IaPO36
tqg2f/OjD2xc4iEqRvvrS/pzxuyk8APT448h0SP317DvgP39svN7q1WrNgXNn3jtTvVC3s9b6PIW
LvWKKGD6aRJ8ZaWiKnpD22dHtjRLnb9W/baWmuTlJyUG0lzgHZA8WG/xbV3pNV7VXJ7W2Q9K9Ad2
UvT0pOjpUU1EcxJ8gZO3VitK7mVzjpzAPLpeP8D14lulf6mRqS8IcMZ+DdPhMdN6hjHFaZJ8gc3P
RVp8K3hZmmm/ho/omI93qgU8nabxMQ+WlJ5qVjWOEH+BghtGwREJc2fxbQkWNC+n+/C4q9tSaoLJ
McE9CJ16sf8Fmh8/iroCuUFMivh33qlnQNOORP6CoYa+KDvYnxfVq3qzmYWsF39gz1e4NYfG9XrC
xvV6etQP/9mjNg7Xay1h+hUJfedYa53Rp4EOh526Lh5o1d+HolWjAhPvA/st0Hz/xLJ5fPLhp7MT
9X8xE/2rOQHsGcV+LKrburxVxBEoFpWEbkR/Mt7H2IiAGBO1VCRR6GN83bM/souGt3zHMqiLMfZN
DX3ftUWv2PstgEG1rK8ZcrdQbLwFpTNe3TP1CYFIF+0Ummzind0V/ZaBAOv4TrEK/2D5MNgvu226
nlcLs7wgX10Yi/7vSexv2Tf6Bs0M7cxzuoj0RTNkZSHgibzHn3yoBFmDPZC5LJ3Ra9k3xM+ZEXom
8hOW87JTj9mK3daF/ActFeul1n2Rn/5b0X3shkyT+ljnpyPRabXVSo88fqxnJnbmuu+3bX3HKnXH
1usvOdHp+kQHrGWVyVp1rKp7qBloJ+FRbPn5Sn+ihVK70E+4iBxc0F93xvdMRA5SRdep/rRTZb5a
fVPCdH/T+oD4UE9fl/UdYk4PPf5gZIm8XyqLDYP1+kQToh8PhcL6RIsQ+XMRAitCaAc/4/QDWDVq
0pONN+ipsZ1qdH/+xz/SRTo63VvVD20FLhjRYnWu/bIj/37QibslpseOnU6/3cl/W01rhMEPdNOb
XPSn30u230u230u230u230u2/4cl29mJAbaSKhxdcaxODoiApwxa3m9CnPhLN1h6ND4UpTxZuYnr
np0gz0t1e7LS1QAKqbbua1GDbODEWKSgQivIRZilcezxzOdp5OJv5oSeFIHn+64TSJE5ijtEe7C8
vEdxVt917Ltr9urp66u//PU75jpLh+m1mZv4kc9Ox4dc5zF7+vo5kiEY2DaYHi/9pefg8keAs+bd
XuP2x7qjBV5+9901BvTFXWEKvl1TwyYfyyJreVuojpTD5RYCter8hw4oi2ds9egs3aVzkQRB4sSR
46d+kuZhmOR+yqUThj7nWRLLzM8TN3KJsxqG2xVDd95wcQPQXVjVEgPuMly6F670PT/wskS4KkNA
hL5IkiQWfgQKcRYIT/Io9gXJsbdsVlS8vdfubtly3QuViCwKZeZmcZomSmVZ7KeZ6wW5x1NwqpIY
VFV2SIpiPwN3C12rUL7RvIHmRcBVHmWZF+ZpLJ0s8Z2MO1mQR1HiB5nLU5FEuUj5EUEK0lIH6aSy
QAioxVFBkjugkgvoK4BDcM9JpAtmReS7aeofUirrjabggYIK00zJLJSYprKUe1EUxCIjReGPl3N4
mpQ5/4zCokFJhqKqm5hJs0wo2CzJHDdIYp6BEGzAIx47YRB75KrKQa10QGrH+63lJrjIXOElmedH
Mk+g7VDGmROJPAk8N0/TyIPWuQhc55BElfWWggsSvisF7BIEvu8lIsh4FkdSuFkSCFjeFzEE9hx1
SKLlN/BUI4q3TC5gVR5Hfg4zeJ7MnMRXQeglMuACFnN9iSBLfB4cUumquv5RWYV4Fwn4diT3Zer7
8B+R+Up5UolchioMQhAJYylkfkSkKTWFAJ6S53gkhXOowIXy4IUIVoRIHLuhcPIEOJCAjwQUZC0I
5dQ5EBQNTl9MLucTIT90ZO54UaJSJwjTWPmZTEUQJaEIfeUo3/dzpcjMu3t4WtadS6UaxGhzr4mk
y/Ai82CdOElV4vA0zuAXbuAGYQ4R0wwCycQX3FdaHsDmoqhh3arIVddb3/cv4jhy4aYC/poFMsjd
SMUC8eVEEj6TCh74uJ8HMxp72PRM+ITcU+CakzEdAdXIMBRKqjx1IujH4RnP3SwyEAW96C4BfW2r
8lLpZk1jjyVJrhuFUZJDGbEKM2ga7upHiE6uHD8XmatkmHtOlGZfI4nRrIQZQTTURIWMPemngeBx
Gkg/iCLuI6KEk8qQRwJumkSIEfUZUer7F63qqL82JqRIRc4L3NyLQ08FqY/ATkMvyjw3VDKBBoLc
j1IZmVhHk9so5Ky2brZKkAVvAWWk/yB0hS/IcInIo8CRynOT1A1Sx1UhJI8CSigTFXjSuf07BoeX
XiD/uJJzgFgaEsL4WQq8cTIBn3F4LmTo5vBK/jmRBf4OVdGPxACviE9EUqJ45AeKI4s5IU8SsBfE
oYNsoGIXiWHU/QExyuuiX7RDqbqJvQvgusPDlOd5LPI0yuNQei5yZpBEDpfcdZQXZp6yeiduiOCC
9ijwD1RudlQSOJt3ITgBYp5LKQkIHS9E4s09NwoCDnvIGKASCSmOiNFGywKNb2uj0NfEVMZhrtBP
ci8DFeW4QLksgxNIL1e+JwOgdy69I2K01XKjRjLuReTlURoB6mFGB7Ebur6KUgWDSCSnKA5k5HlI
cUdkUJf3+GfXlLxXUzQ5IkpFBj2FMvRdRDWAwAu4H3qhnwI2Au4Bu5z0mFix0xyFIOJcZI50klQq
x3EzHjl5Dk9XPrzTVwBeF9jjAP81Th0QgVjaiorvqLYxSopcEaa+SmMkQ4QH4hJZxBHIt4InMuIA
Te4GR+azTpUiVMILDrOIUAmfI8kCqXwvTRJgHCLIkymiG5HjeD65VAebdADL6lzb35IxWCWj0AGo
ZG6uhKI4g2IVV/gHcQs0iCEayif+MBlEMCGXWpR1fTM0k8IFgsf1ndxRSRSlKNkAeZ6Txa7j8gT5
TwgvjQyKzqnuaMfKOJPREzK1TEKVA5AlR7S4uRPxPEDsioC0lyYcaJEEB3RkkeeWgnvhq9DzRRhH
uQcSAokp9x2yuUJdEfJQuEgXcXIon6pui7aubOVGSIdiC9WPk0MO5aXC92WMAHFjJT0fZlceihmK
Gm2yGaFPDfWK7cSOdL08g4lDyVPEguPKFFgcpiqAcrgDkE/JEd0DKpuyzni5oM04ZSnBHVGsIa3E
KaobKgETDyAepUj8qAJjZBg3zRJUNgeUTN+zUBVgeK5piBfmqKIkCqIghSihAtBleZ75fgxivuuh
Vk2CMHyInE0QmpqxP1wXUe4LgFDiuUI4sYPAT/w4QbIBtMdR4gCHD5lr0WTrLAiEqiiQJ+a471FK
DnPHDQFGjiBwEioSQIVIUsHkQgVBfESuq4dWqEXdkKy2cjboArgFW24chHGSSBXkXHBFtS/PU1Rm
oZNJXwn3UFq7VW2yKSqDIPWcWER5EgYqBoKgMETFlAYJF4mCGRBWMjmgMG+OyIZO4LqZRMmD4k1F
KKS8zE+Flweo4VDRcmQc1Pip9qn7XV5X92jRynsAb7kQlh1KejFE8pSUMdSdoQwDeIJ/hSyH+iFD
Bk1yN49QRqCoA61+qzqlkIMJmoofbf5FEXWBoPWjHCIFykVJS5WdghAqQnXguKnK4bncyQko71S2
q3/kbX+Okl21va2gUCKjT0Ml4QMbkQKQkCjxhgkUpgK4ZuhKiTwVuocV4f7nYtdM3ePFz24Ff5p2
7XUX9q7kTaPaWbc6jpyd7K3gLqMl1dl86Ld129GW4g/1D7WK6T/U9PKmoEEwA4PRgKp4Vio59a9S
NegYaSZudnXeP58P7Lh+SdCZpc3mAr1oQIND/fObd9fv37x99dxosyt0dG/7vunQvaMV3g7ZEqB4
vufpfJQC0j5Xt9TVdzMZp6FDIaHJIyn3rTu7prx0ICoc4UDUvh1+rqQjA+v1jBUr7rvrp2+vv7/6
Z8LuWTufaEDad9RT/3mQc4uOQ3NpQ6ojD4X9T3Sor58fyOj8C9Y05Nbrcfn9r39mWpLjBdeVdHfV
1jNR5qOHtrP7EDNxrvW7IyU//osSnTxFA/Wu4TtadC/ejJX12l78HL8l4a6GVl2pdjf3yf3YoWDB
0j+UKwpevHAc9r8YVqa08rLKaZP5/jcz3Eezwno9sTT7+SvCUs+12+p7OlDD66Hsi/e0jTnTw2zw
UBGh3iSbKeLZj0psr17D+4mrvxafiptn/62P2NwPfTfcFPh9w8uiuOl+M90IWrPZSay5Xu+IVb0N
C8ias/1LNTST5HxGiMDr8q9FqzWwB69x6FA93jI+VE9Tb2ibEJDw5oX6qgJ+AXAZouv1rWZhvYYi
7K8ZW18BMg1RW6WaOT7p62NwOvL6v1T1XfU9/fOb2VKvC1SiP8Y/f67p7u7uljPz7Xk7N7JAyEvU
ZvXu/unVy5mks8FDceNj364rleF/v5mslt56rQwLILpeH7Dzs0Dr2Zb3R5ilh44hy3UfwqxfJs0M
ET/H5MNE8F/wwnrori4X4/jJF+CMuN3/+g3ATJOBdt7ySta7F0W3nelnNjjXEO0Ils3NoYpeIcHo
lP7X747LjF9v9hnR9XrPzfz3zzH9dHpjL9rsQMchCh1l4fEd4IFM6a8HoP07xcNk+7WqaZyz/HT/
I4nzDO2Tks/beo5Cs8EjWy142Wz5gVi/VVh+t4GFyDb71ee//7ltqJqn0ysKzfNRxTq+sdLRo9+I
LWkPEC2IfgNz8uhqumLPahQRG0Y7Vet2XT16ryR7OmxYyDxn5SUrx2PvX/47LjyH7pe82gx8o57c
Fvr5Xd3LJ/TDrLMglT7Zv8zb36Au/4mbur5Hgxs8tquleqKJ7vinRVPyewjyxA31pIbfVQt69WW2
VZ8sXBq+20L6BR2feFLnOY0Y3S/+Pqj2/gmS0X6oBcSNT/GqqocKja5ZZcHFtlDm1FJnZ+lTRouJ
LzsRSpRUuo7XzW1jn6ctlEIgY98/MRKN5wkWnerpYFKn1aLfJhutmHJhGkN/KWePUK/65Pnli6ff
v7qmUWJ/2aBxxDT55I/6PxBk6OtFx2+V5QJWuFvIgrZBhXqS0NCnrP60IH+1jxw0kcv7Hb1WeMQo
hJjQth9M669dQB9GOXAkuAS7pm6YjXIx3ip9tgpZpcMP3jNBCu5ZplhRiXKQ8CGQ/8z1iNa7eqfo
7Ev/Oc2O5+qM1VS7d0SSZa3iN+y+HlpLixU5g3mKvNArwDJ02qy8J8Jwt4ncuUQfDtt07K6u/tAz
6gh5y0h7Ozquxcvynjjst0Vn5L7bqooNzablEgSW64oc1xBbrSvGHs0OpHV0Igok7Ctt6KDlVUfb
qdLc1qyWNZaBqPileq0vqpiEYlsAcKk1uCPKxvHGuFqZQ2B0o9sOvURlsbDH+1ZsfWLe4LNWweIt
cXfGmlJxaLJVP9RF9W/rE83t07Ks7/Q5IzpwZrt+dltw9n8oUugZHTILe2u27KNLHT92kj6yRRHA
YEZoishl98zql5634TbdnpN6X0BLdQVlcymJa2MT0jWscMN2YB2ZlOKQzmdliriGxtTfB16SLjfF
LZ695eWg2KldFFj0mKibFekVCWHLAragMwkr3NZrfzfsMqgKrva0u6/ENe9u6ODEDZxrqR/4HlCr
/X2UlB7btiiMBpgUj3dn5qTFeCQLQXLGaAsWgnT6rB90A0imsd1Qwa3oEUP8nbY5nTlrwOenAm6n
oAaIpN25mpgj3VqGXubkwPQMOeoZK/o/QH19q6dJRVCo/ehoMjuFDANcwNNq0WIsrKQrTerYgbn2
jnaoKjKnJPypG20EfRigWzL0I/Y32xWbLSK85d32bB6R1nNII207NL0ZNQojxezAm5VLGxeRqt/0
SxMlnM44gu2HOSAfIZ+roWh413LmaHh4YR6aPA0ZBKjd3ptI/Q+9F8wo8TIzjkDYFT0F/E5teHbf
Q+PsnVG1o5VbdERbT78mq90VWvPaoxDJdwtDaHSyTkuYFy0daWT6tI8+qdoqNS5pnBzWGih22YYO
VNJbJe0VtJDdstasrZhDUmB1jcvmlfr/9xJQJfM1/il5/mv8d33dmGO8Bvcmliy5jgE+KEkqOTFE
qx5zpRHgvQ4Jy1z3h9+APR0Umh+CCyYGpKMK6YiZ03Dk2rXh14Qjpa/pafVJoALo9uIY1Hpzfbli
139++Y69evn65TV7enX16uXlO3Z1+ZahDPzL5dszhofY9Rs8dcne//nNq0t29fbNs8t375bH8f+g
MtBYFbVO0ITBHYkntkqjsdbFhLMu1I4SQWpY0Y8sgILKIKwmheIRUgKb4Ugk7Zf8zPgXqjdKiBU9
ZhfTlA0RoO4ew6ktsGu8ofRBeV9PWH7+NLmBLcFhtEYJKg+MXoldY1Uzd5IBnqWabi+q71hZu8cP
s2Ql963kG95mdOBI1KV98a+x52Ht6igjduwsZmcBtne8GnQxMucEhdoAD3x8NqaDYxccndBk1jwH
LSPvbh99S/bGwL1xd1QT9VDKiZcC+eOuYnv+O0O40exD0MhxrKxY7YXGic/yo3YdQ2GSLW/r3Zhn
zWz7xGLumHMLkzTWkp/5BnvApQ68491YQJLJWqxEbmgdWQ67xlRbpqRj9saCboz2ek4P2Qmad83m
KAGukOER6vwBBSNfI+dhhVtFp9oH1ZnvDjq1GatPwitabc/V2WhIUx7YInNpuKFHv6gn6pLEdqhu
upH3Z7yh0WI37JBe6cw0G3sBMiQz3Y7hYq9XiherSh0xn/sYiu/GcqQXXFBVPCDfBpPFntfm1rFP
U1lEmGfom4fHEDK07INzyXTRsBDoytQk23OwossUVI6kPXBnagtDhU78KWo8aI6RcC8dpll9GnnG
lenhcV2jwJLaAkv366S+5ofrqlI9GWxlEwSqsm1dmuoy4z26TarCNcsomOBCNsVobDOdkL1rEkum
pjrTZLZHcyuNtwhW2/t+q9uAhTszoDaeXnjRj8wAtsPIova+hNXNJ1WP0khOvY2u8WkyBi1bS/Zn
lIHwpSe6rmPPrr4/w1zwkCG+7goJt9dlgkHPif5C01+xeKy498W4+fBh9uySPZUAqi0v83O0lqZD
kAo+bJfCoow2RcjBZoG4T3ozYgcNzSdCNaoueXlmQJOWtmddl+y61fmi1kX091fV1ViC73tF6jBo
0h3yKdEcmqpZ2Oujnue1Dciu+FFNpqZifbRwR7nQFlIo5o3nzLJukHpm0uMlu7JzSt5u9ARum1br
JnrFvOUbkg7mglhdU+pShjrRHZgnHECvCDmflQVteOjWms5Eo4lkr6+/15x2EInEzoZef/ejrbxf
zrQcyxGGdv2woFkrzS0FgFTZsFmNbcy3zKX2xRZxW0Sxvs9sJ9uZ3pucvOpqk9Oso7hEzOCWofZs
W9ed7s/H7kWN/akGN8l7zjp+O4IobY6M2zx0bx/vdBoSSKB4P2IMODVbdmO1rDutpjXlStegPtPl
S1WLsmiYngs9vub30CE5y66+HZtXgn+LmRq3FuM9s2S3R4tx+2e+u3CttweMA5hv1c3Gin7WWnvo
7DaFgNf3BhfsnIWZs2INCorboqRlDObZeLarEGjzajPV0xVNK49zx9n41MHu0oM7OqbBe7qrh0p/
0WTyk3FxUqXZ1NPJiMJZt+0wDP3W2QST3+rcMpusBa+UaRMzZYhlKieP1PuCOh1sRw/QRtfbhQdZ
yohPC03iIzIZP2YVsggNs0whATzEpfMwm7wFJfjH6IhgdpxMfydufO3d1EQvhgYeqeabLYISkF5I
72runfXRy+d6MX2W1HyKR/pULVkadS3t4TMrHbObDmO203MORAe9BfPYI7ZBx9Lt1bPf2Jg0tPxc
RTZY77j5+hLAgYrf2Kapm6EcndFeEOzrZyxE+BogdDW8aGxYE7pSpK7YWGfqnU2zlbOyGY92nnSH
ZYZNwrD2AiP7PQG51xv5uz7DeTQ0hdvhcLNFaZbXM4sgyhbm7cH05LYmy2hWls1u1yyLWnNc1dX9
jnoE/Q1oBwm7PevU+Nj7bH9fi6Ahi282LXpNs6lkd6BMo03f7t0cy6f5QwS/ef6GPmhZWBA0uYBA
4U6ZQpTrryNpxU4zvhdAjy1ne8FIPZPmjWsa43ymVBjU3LfOhKynT6ARds/rKT1ez1WHErUiP5nt
8Jwx/VLlDMNQAyWsfipZAL25QhMNEwKBKkoI5u6YWMx+ET/YMbJvbGYJZ0B5htymUWwEC0tQW97c
H9f4zNJG1rmpe3TQE1bbjERE6fmxcCDLEmDSgnorzE4atz2X+wXsnfkKoza/nvMsbBvrmqiYbTJY
GiDfW32O2wlbO6gRgzoCW2RaxKCtWdTxUldZRT4RQqkOQczmvP4Y2HbZBuNAz0LkmNk4fXZrS3hU
XXzXlOMVFQHg0dpqNRrN3IPf0k7Piv1NZ2/kzzO99fOBiOrqfJ8m5y8NtBhUSbWFtB329AU4tc4P
ZSyd0HWG7nQxqTszOngBXm26nbNv1tU8mJ+M3ttQVjDZa7/iir149fR65f0pPgvTT+6Z/8k/8/7k
/kkqURuMPe1bhQuA65PEMVBsroLwsSl7zF78vLE1EU65BTq2u0669NDbRrCauGfmS76hHUF5rObb
aRNfIw7oIFUJ/eakGxW2GN8AwBdMfffohYYavZR+/oDIoCsF+/H/bGShi63lfoOs1t9im8/0O9sI
iRuqlztd9EMjWYFK9d70zNPn/Pq7ldKkERMzRkpNH8VIO2H1ydmJ/jrdfvH1D3pBrOZfqmXCflU0
jdAbmUry9mCs3n2UdQ8wPBi1Z0f3A0Nbzq+lOWk8XedFaU4xTyOb3cF3c1veHfBSIMpu5wP0NZx+
kx7rN+m7zLxemj9ClRjYl/OxRhxK/Xb6FuVgpob97nAIBcpuPvLu6tX8cnff/b3UH/vZX4yO+bse
bcEz1BOOGzqBE+PnNy8RErEQ+G8aqSgO80jGngpF7uReFOdBotwoFnQ01fPZN3TAdnawdlrwnuu3
k/r4MH1pWDTmcGa4pOPrP5pPs6ancflpd2iTmsTxHMd3XY9O4F49f3OgKll/1KIcD2KoODQn4KLq
uoMH3xUECP/1+kBHRxzgklrSQ7EwqP/vDw4GZ9/N+fTJGn3yCYa3h865z9YfdTE2/yZRO9HGfKto
jgPro0Sys8cxSAEa0GQ2fhdHftzeN32tB3w9sJGf2bw4cBOtG38+NB1D3wzGGUd2/ptqtjdXeitl
P+Gnn/4HMB9A/Q==
===END CRASH DUMP===
