JINODK PRO Crash Dump Mon Aug 17 11:22:16 WIB 2020

Error: Cannot use pocketmine\event\player\PlayerDropItemEvent as PlayerDropItemEvent because the name is already in use
File: plugins/GameHandle/src/NgLamVN/GameHandle/EventListener
Line: 10
Type: E_COMPILE_ERROR

THIS CRASH WAS CAUSED BY A PLUGIN
BAD PLUGIN: GameHandle v0.1-ngl_dk

Code:
[1] <?php
[2] 
[3] namespace NgLamVN\GameHandle;
[4] 
[5] use pocketmine\command\ConsoleCommandSender;
[6] use pocketmine\event\Listener;
[7] use pocketmine\event\player\PlayerFishEvent;
[8] use pocketmine\event\inventory\InventoryTransactionEvent;
[9] use pocketmine\event\player\PlayerDropItemEvent;
[10] use pocketmine\event\player\PlayerDropItemEvent;
[11] use pocketmine\event\player\PlayerDeathEvent;
[12] 
[13] use NgLamVN\GameHandle\Core;
[14] use pocketmine\event\player\PlayerJoinEvent;
[15] 
[16] use MyPlot\MyPlot;
[17] use pocketmine\Server;
[18] 
[19] class EventListener implements Listener
[20] {

Backtrace:

JINODK PRO version: 3.15.1+dev [Protocol 408]
Git commit: 0000000000000000000000000000000000000000
uname -a: Windows NT LAMPKVN 10.0 build 18363 (Windows 10) AMD64
PHP Version: 7.3.20
Zend version: 3.3.20
OS : WINNT, win
Composer libraries: 
- adhocore/json-comment 0.1.0@8448076039389f558f39ad0553aab87db3f81614
- ocramius/package-versions 1.5.1@1d32342b8c1eb27353c8887c366147b4c2da673c
- pocketmine/binaryutils 0.1.11@e8cb65db1b7998eebb739b124f2a989fe87366eb
- pocketmine/callback-validator 1.0.1@4aef6bb25f97d0b830ba0b4f66834b1a9c86fc9a
- pocketmine/classloader 0.1.0@4ccdb30e48f030bfcad04bb0a208d198ec631993
- pocketmine/log 0.2.0@e59bedb5d4bbeb9a26647cb7c367cb2fa72addfa
- pocketmine/log-pthreads 0.1.0@9bbcef398b01487ab47c234a6a7054722abbe067
- pocketmine/math 0.2.4@b1c28b236df8b795d7b06cf8421f9962b12ac410
- pocketmine/nbt 0.2.14@b31dca98443328c4bab76dc1b84c1473c79be20e
- pocketmine/raklib 0.12.8@9fea763ffc922db083e4528d4acd0b13d0ea83a4
- pocketmine/snooze 0.1.2@88420da3d9335dbcb3ee2decfd5e5453d057dcdf
- pocketmine/spl 0.4.1@ff0579a0be41bbe65d3637607715c0f87728a838
- doctrine/instantiator 1.3.1@f350df0268e904597e3bd9c4685c53e0e333feea
- myclabs/deep-copy 1.10.1@969b211f9a51aa1f6c01d1d2aef56d3bd91598e5
- phar-io/manifest 1.0.3@7761fcacf03b4d4f16e7ccb606d4879ca431fcf4
- phar-io/version 2.0.1@45a2ec53a73c70ce41d55cedef9063630abaf1b6
- phpdocumentor/reflection-common 2.2.0@1d01c49d4ed62f25aa84a747ad35d5a16924662b
- phpdocumentor/reflection-docblock 5.1.0@cd72d394ca794d3466a3b2fc09d5a6c1dc86b47e
- phpdocumentor/type-resolver 1.3.0@e878a14a65245fbe78f8080eba03b47c3b705651
- phpspec/prophecy 1.11.1@b20034be5efcdab4fb60ca3a29cba2949aead160
- phpstan/phpstan 0.12.29@9771daaf6b95c6313b908d0bcdee0afcd51f838a
- phpstan/phpstan-phpunit 0.12.11@ab783a8ea634ea23305a8818c4750603e714489b
- phpstan/phpstan-strict-rules 0.12.3@937283265620af9e2005743134ebb4e197b12d8e
- phpunit/php-code-coverage 8.0.2@ca6647ffddd2add025ab3f21644a441d7c146cdc
- phpunit/php-file-iterator 3.0.4@25fefc5b19835ca653877fe081644a3f8c1d915e
- phpunit/php-invoker 3.0.2@f6eedfed1085dd1f4c599629459a0277d25f9a66
- phpunit/php-text-template 2.0.2@6ff9c8ea4d3212b88fcf74e25e516e2c51c99324
- phpunit/php-timer 5.0.1@cc49734779cbb302bf51a44297dab8c4bbf941e7
- phpunit/php-token-stream 4.0.3@5672711b6b07b14d5ab694e700c62eeb82fcf374
- phpunit/phpunit 9.2.6@1c6a9e4312e209e659f1fce3ce88dd197c2448f6
- sebastian/code-unit 1.0.5@c1e2df332c905079980b119c4db103117e5e5c90
- sebastian/code-unit-reverse-lookup 2.0.2@ee51f9bb0c6d8a43337055db3120829fa14da819
- sebastian/comparator 4.0.3@dcc580eadfaa4e7f9d2cf9ae1922134ea962e14f
- sebastian/diff 4.0.2@1e90b4cf905a7d06c420b1d2e9d11a4dc8a13113
- sebastian/environment 5.1.2@0a757cab9d5b7ef49a619f1143e6c9c1bc0fe9d2
- sebastian/exporter 4.0.2@571d721db4aec847a0e59690b954af33ebf9f023
- sebastian/global-state 4.0.0@bdb1e7c79e592b8c82cb1699be3c8743119b8a72
- sebastian/object-enumerator 4.0.2@074fed2d0a6d08e1677dd8ce9d32aecb384917b8
- sebastian/object-reflector 2.0.2@127a46f6b057441b201253526f81d5406d6c7840
- sebastian/recursion-context 4.0.2@062231bf61d2b9448c4fa5a7643b5e1829c11d63
- sebastian/resource-operations 3.0.2@0653718a5a629b065e91f774595267f8dc32e213
- sebastian/type 2.2.1@86991e2b33446cd96e648c18bcdb1e95afb2c05a
- sebastian/version 3.0.1@626586115d0ed31cb71483be55beb759b5af5a3c
- symfony/polyfill-ctype v1.17.1@2edd75b8b35d62fd3eeabba73b26b8f1f60ce13d
- theseer/tokenizer 1.2.0@75a63c33a8577608444246075ea0af0d052e452a
- webmozart/assert 1.9.1@bafc69caeb4d49c39fd0779086c03a3738cbb389
- pocketmine/pocketmine-mp dev-8516aa2393e81746bcbbcfbd8094613307585f16@8516aa2393e81746bcbbcfbd8094613307585f16

Loaded plugins:
PointAPI 1.0.3 by onebone | Fixed and Update by LamPocketVN for API(s) 3.9.0
InvCrashFix 0.0.1 by  for API(s) 3.14.0
FishingTest 0.1-ngl_alpha by  for API(s) 3.14.3
GameHandle 0.1-ngl_dk by NgLamVN for API(s) 3.14.0
CuaHangPlus 0.2.lpk by LamPocketVN for API(s) 3.2.0
MultiProtocol 1 by  for API(s) 3.10.0
OreGen 1.0.1 by JINODK, LamPocketVN for API(s) 3.0.0, 3.7.0, 4.0.0
RankColor 0.1-ngl_alpha by NgLamVN for API(s) 3.12.0
FactionsPro 1.3.20 by Tethered_ for API(s) 3.0.0
DEVirion 1.2.7 by poggit, SOFe for API(s) 3.0.0
PurePerms 1.4.3 by 64FF00 & ProjectInfinity for API(s) 3.0.0
PiggyCustomEnchants 2.3.0 by DaPigGuy for API(s) 3.14.0
ScoreHud 5.2.0 by JackMD for API(s) 3.0.0
EconomyAPI 5.7.2 by onebone for API(s) 3.0.0
MultiWorld 1.5.2 by CzechPMDevs, VixikCZ, fuyutsuki, kaliiks for API(s) 3.0.0
Sheep 5.2.3 by KnownUnown for API(s) 3.0.0
AutoClearLagg 3.1.0 by Twisted for API(s) 3.0.0
PureChat 1.4.11 by LamPocketVN for API(s) 3.0.0
Island 1.7.0 by Wiez, Exxarion, jasonwynn10, LamPocketVN for API(s) 3.4.0

----------------------REPORT THE DATA BELOW THIS LINE-----------------------

===BEGIN CRASH DUMP===
eNrNW/t32zh2/ldQZU93pseS+X54mtap7ex4N4nd2DPZs6ueHJAAJY4pksOHbWW7/3u/C4ASKTsz
mccPzUkiCQQu7vO7FyDwj1lWNRvefbyXTZtX5ezEPZp1+UbOTmw/DgM3st3gaCabpmpmJ/+Yddsa
j2YXH8+u3l5fvrn4ePH+/dX72dFsI9uWr+jZGS/LqmN9K1ldpXey2+SlXC7lvSy75bIu+FY2y+W1
+jxvqvqyk5sLesh4y55rTmTKiVq3lqzkG8nylvGikVxsWV7SRJg/ywuavC76VV62x39Cv295KQp5
3Dbp8bvVG775/t24WdF+k7edLGUDAgW4hNDWP48MkY95eV8V93KDfqAs8kam3Wx4ipY9MbSmlZCk
IBsP/v0/63WNNgff8eHig/hua55KZlhZLvfDv0EnT/f18XGoubTabNBvuTyryrYq5Jn+fSNLIRsa
GzwzyKh7EJC6hZ/vNrXK67xdK/XQqOjzo6AgfFbNdrm8HL7eNrxsedrBl3Yk4i+deGJ3Gmlbv36o
/cVDJe/28trGarZrxj9jMDJFo8xme186y5+rfK8R2zeTDKZ7u70uKozRn6rLc+a6kc29NqYdGQqk
3LTgbcsmHs3yTV0o323ZyMsdUug/ZnDyroE3zk7+/j9HsxU95AW5L/kpevz58t3V+V/Y9fsrjEl4
K/f4MHMXtr+wqb3PCzE7sY5meftRyPvZSdf0EgHSVF2VVqDnWRGo5xQ+1hf+Ad3eMPEhL0X10LJ3
t+zNq7fXf/n+HbOthcXUvMyO3MBlXw2dbOtr9urteeBRhCL6Tmbhwl04RO8TAkXxbX7j8ceqpQku
3727RYP68YCYpjDe1FUrm49FnjS8yWVLWuFiDYEaefxDW5VzikeNCdbCXlinkedFVhhYbuxGceb7
UebGXFi+73KeRKFI3CyyA5s4q9KGb/K+PQYU3AEu50atxIC9gFpPbeE6ruckUWrLxAld302jKApT
NwCFMPFSR/AgdFOSY+cYx0le8mbbd3nRGrZs+1RGaRL4IrGTMI4jKZMkdOPEdrzM4TE4lVEIqjKZ
kkp5USTgbn7Pi1zwjnAfvIHmqcdlFiSJ42dxKKwkcq2EW4mXBUHkeonN4zQKsjTmBwTJOYuKA6x2
KvPSFGqxpBdlFqhkKfTlJYnFHSsSNphNA9eOY3dKqahWioIDCtKPEykSX2CYTGLuBIEXpgkpCh9O
xkOHC5HxJxTmdbem3NHumImTJJWwWZRYtheFPAEh2IAHPLR8L3QcjimsIJySQtJcG26808ROnShx
3EBkEbTtizCxgjSLPMfO4jhwoHWeerY1JVEmnaFgg4RrixR28TzXdaLUS3gSBiK1k8hLYXk3DSGw
Y8kpiYbfwVO1KM4iOoVVObJ2BjM4jkisyJWe70TC4yksZrvCkjxyuTel0pZV9UkahTinEfi2BHdF
7LrwnzRxpXSETDPhS9/zQcQPRSqyAyJ1oSh48JQsQ5cYziE9G8qDFyJYESJhaPuplUVh6ETgIwIF
UaVdQ+ORtjtedvnO5Vwi5PqWyCwniGRseahIpJuIOPWCyE99V1rSdd1MSjLzZgtPS9pjIWWNGK23
iohNjhsHceLYMAX3bc7tLEgtW9jCgT/7gSCKKHYi6Stw4M08r2DeMs9k2xnnd0/DMLDhpykcNvGE
l9mBDFMEmBUIOE2ccs/F88wb0dhjpqPjx+eOBNucrGml0I3w/VQKmcVWAAVZPOGZnQQao6CYfqOS
6nEjs0KqnKrAx5CkMLCFZadeLDwpAidzfM4jj4deyAUs53M7iB0vgP/9FEm0JgXsCKK+CohUhI5w
Yy/lYewJFwS4i5BKrRgkgxR+GgUIEvmEKFWH80a2VDYNNkSoRmHEbcST73h+lsgwyiIrsiTAw6VY
cxPEWeDbmlxby/QYKaRey9SYEH9PE8eyADLSl1kqEKIZNJ9ylztxmuA/L+aIaTsw+E6edGw+h+Bw
4tMY/ic4B4jFPiGMm8TAGytJ4TMWB2HfzuCV/CmROT77Mu8GYoBXxCciKZI8cD3JHde1fB5FNkI3
9C1kAxnaSAxx8gyxFh6fdvOmL2Q7UHRPYxdR4TqBHzhgJkawI4jgVSCfJJ604xAwIiKjduKGCM6p
8sR/0LiuvyP4mnOacgLELBNCEBBacA3kIccOPI97cLwQoBKkIj0gRmX0PO9AS0ch7Ad4A+JD7X4C
ZHZ9UPZdRHAmrUiRQ3qDTyCEDjmjAvpODmSc0yyQUmRS2FbkC2FnXuoTOMaIa245YSgos4DvAzKd
fOzwH+oZ3kkTTM5pkGXIN5LDQR0b+TJC8IWedABRCE0n9e0UCcTxDolhbdMoT6eITBE7oeuFiN8E
+chJMgCE5znIb0jdAOEkiz1bhodEIJayouQb0PIUQPhB6IQ2wjexYCgPoZIEsSdDy0oDB9k3QgRl
bnjAkHGqGNEcnNppwGMJkzswfgzYjDNginRTGUVQWIy8BJfKSEEtwqcFWJbHyv6GDEGVf4rSwREZ
0kgaW75FyR/QbwM1UQtYrm2HiCIfz54ngwAm4JLzoqru+nqncAnFZsiVEEdEQDvXRdgiPYBbK3Li
DCEueIR6dEp1U/PBmbSeRJr6iH6O5MyhniwWTgqzw78dh3ydwyWk7WUTOiLPMkPBObWRC1AJATV9
jkIkSJGuEsC5jIUN8wGeuA0x3QkFWd7nTVWays1Xic7ioR+mPAGuJaHMACKBDZXbniuDNEbuRa4C
UWdK6LGumk42O3Z8gEro2CJBfZRGwF4LxUkAFmPf4zCDhBMhhU3ZWRVVwgv4kPZpomSdJjAQskoY
gwCVgJGTJoBwJH5UgQQFdpxEqGwmlKrkBwD5XJZA4bGmIV7oIdocYfFAWJG0A4SYiFJI5CL1Ia1H
XmyHSfQcOZMfFDVtf9sJuRcAOwmVkNYdy3Z813cCVLfC95AHgzSMvKlXYc3cqyQIhCopkPfMBY7j
2kkWwHBJDLdOvYzDnoHnJr604VGpbYvAPSDXVn2TynlVk6ymcnYNQd8N7Qg0ACkov3wZ21kYAlzA
Y5hFInURVgdeYfYzKJnapxFUjdBJXNcjbIwDGYAtO0J+gF1in2eJk8LnJhTGCyOClAAAHgW27aPU
Eq6NkhRFpYvE5aNODVG1gozPVQHfbjdZVW6P66rYAniLeWrYuUfGC0HLkUKEfhIlSOZI7wJ1GGpR
lA+JEyQRsAE5UKKoA61uLVspkYIJmvJPJv1SiRBCIW7qIlX5qGEsFJgeagIr9CVHmrFQzDlUI5JU
DzLZVJ940x2jZJeNRpSYsi+SY4AaR1LpE6dunAnUckieqKRc7oZuRPgZxdOKcP91viEcwRpxHgGd
ObJl7MrIDr0A1WWSZomIrNgLbCTR0I98FFenX9px9s/djo1aq11jnd29ur4crWZ3TUezvbVUVYcW
3nfrqsHQv8+qUib4x/6Xvc4fpWBY67PvaqyBJEu27A3fXCuBvn83w6KZ1zmNcaEfi37LkieFFMMi
WMgay85WL7DbKuvOxw0brnaQzITLZU0cguJyOeKV1kzodHP76v3td9faPG2u4IIW8Jfl/VnD2zV4
Hck6bh2La5FzTsQdy2B7v16ITf8juFK7QSnNnOWPy+Ubvd7bCXF9dXP74er9m/MnYtBmU16ublWt
vRNj3DoVw56Xq+IjL1Bk/5Q47q8VZ7fd87qjf18iwmgjcC/BZHfwqQDibup7ZtrZ72WVz+5afYlA
Zz3HkNV10bcjicatU5GcRVEfyPO5aHEORMp40X6pTCOakGXPze7Hl8j2ti+6/Hq3RbWTbto+QYrP
+5n1G6S57D69yVfrbvvt+XJ5OPvPinHVyD/JcsS/aTiEuCnzZmMPbZ+zD0l0hM9Qfaqy5FdLqCdb
LjVrEJKrPbafle09L+/OqkK/cTDi7du+DA6eD6jf4n27iNqxMvr6RUint8VbmHmMdKPWqfHMduVI
pluJNN9I8fGJyX6ZULNXZZff1HABTLqXcMQKoE//+FKbnV98nzeK851ku6apWM4inEpVVyvaIz6a
3Vy9lj8p2S/AP010ubxXLCyXqD3MtxFbP5Nhr/tGXstmMwbBfdtUKu+wmAi8168ti/0rgzapor4s
sxyrq+1vNN1ewo96BpQMA0ujrz9nsnXX1e3J8TF0tO6TBZZpx2qseX22p0NqyFer7VnfdtXmokzX
vOwmCnnm6Vg1Du0BTVVzzjHoT/32p5PdL9HFQBEaeMrOs42/QkHDJMfPkDsmRd3QO4JvezHSzq5p
rBJfZcEpLvP07u357+YbmtxyOUy///YlsXyBtVq12U6L6FHjVJZw4TxbRv9uwuyqZKlZUHXyhJ0v
S/ofqqYQhxlfN05j2T+U6OyTTNfXb8/lPfnN9/ljfnf2N3rp3G/7ru3vcny/40We37W/m9QpzVlv
gFtw4A2x+kCsmlJhYPuX+vBIkuMRIXLetZT12HPV70O3PQC5v5TVQ/kd/fe7ya3mhb/Sh4ajLxXz
4eFhMRJ1z9uxlgVCvuq76qyQvHnDV6uRsNP2sdAu7YgfZOEHep8qfjeJO01vucQcVUpcFOBiuTxk
6pfa2vD5qt0W/ebt2fGUnslvZ2veHaQ31XSY3Wz7y+r7n1XEJIOOi5+nVcq0NPorMnjVt9cX86F9
9plkSALsv/0OqVCRoSV3W/ByDCGmYaqs8NBhPuTyE1ouHh+5KTx+4G1VPmzLUr0S/Jwuf/HybwrS
o0JHRflNty3UmvyCt1tziIR8graeRqqcHkX4uSqJNl94A210UgvbNintZ+zPLGjR3uL7gl7ME9Pq
FMOCXvLIplPv2Gcvrne/2FmFWmnF6F3EslmWLz5IwV71K+YzxzpxohPLYR8u/ws/HIuewwSrnq/k
y/tc9d9UnXhJX/Q8c7LVyz/nZSXu3smH0QPax31px7brUOMK3TaVkC8V0Q1/nOsDHO1L21eDav5Q
zulwg35v9nJuU/PDGqqYFwi1l1WWUYu21/zHXjbbl6g4900NzDP0olNSfZlKM8ucp+tc6tNGrRmV
VbTVuePLDFzzRlAyH37X97XpT5vkeQpU377UEqlzHV3VzFvZdXm5apVaCkxTaK3kyn/3ja2UYtSH
tiNfnl+8fvXdm1tqJf4XNW9bpCLx8t/UH0gCH5q3/F4aNmCGh7nI6U1XKl9G1PSYVI9zigjTZbJP
uNhu6M3xC0ZrDZYq4/d6d1f5AIMe2N6L5m+v4RPsljY82SAY440+IIZCocUX3rFUn0NLJMvLtOgF
nAjkn/ge0bqpNhiZse4pzZZn8ohVtO5qiSRLGsnv2LbqG0OL5RmDffIsVzPANHRQrNgSYfjbjtyx
kBmHcVr2UJV/7Biva2AxI+1tICydu1Dn2bp13mq5H9ayZH29argAgcWyJM/VxE6WJWMvPqzVgpB1
FWYpBQMJRu8WifmODmLRGzOhHytWiwrTQFR8k53SF62LUsnWaoeIWjZEWXveEFgnTKE4PWjXfSeQ
UufmvN8JW870oSTWSFi8Ie6OWI00A0028ocqL/9lOVPcviqK6oFRpKAPM1u27D7n7L8pVKiPipm5
eTSa9sWFCiAzSG3MUggwmBGaInLJlhn9Un8Tb7vHY1IfAHdwEyibC0Fca5uQrmGFO7YB68B8CkQ6
aZhI4hoakz/2vCBdrvJ79L3nRS/ZV2ZSgNHXRF3PSC/BCVzmsMVqJZsTPFZzv+s3CVQFV0NWLtNb
3t7BG5o7ONdCdfiuhb3I3wdJqdu6Aar3MCm6t0dM1YHMBDeC5IjRWzYIQhlI6QYATW2bvoRbURdN
/EbZnE5P1uDzMYfbSagBIil3LnfMkW4NQ5cZOTD1IUc9Ynn3R6iva9QwIQkL9cHM6WD2FWSg02uO
UosSY24kPVGkDh2YK+9o+rIkcwrCn6pWRlDnvdoFQ9FqvrMNbZwxtd18NI5I4zmkkabp6063aoWR
YjbgzciljItIVYe5hI4Sfl/lAmw/zwH5CPlcBUXDuxYjR6M3G7rTCaMsTaFKqN1sdaD+Sb3tY5St
mW5HHGzyjuJ9I1c82XZQOLvRmraUbvOWSKvht2S0h1wpXjkUAvlhrgkNPtYqAbMcHAKl1BFEIpM1
Ug5Tah+HsXoKXbaqYCc6N6CcgiYyLyUVayfMIikwu4JlfWjq/70EVMP8FP+UPH8b/1j114oFA6k7
lgy5lgE9KEeioh8YolkPuVIA8EFFhGGu/ePvwJ6KCcUPoQVLe2SjEtmIyUeZ9gp5K82vjkbKXrve
8jFFAdDuxdGgdXV7ccJuv728YW8u317eslfX128uL27Y9cV7hnr6Lxfvjxg6sdsr9LpgH769enNB
Z0fPLm5uFofh/6wysB7IK5WfCYJbEi9dSwXGShc7mLWhdlQIQqGK6jIHCEoNsIoUikdICWiGI5G0
n/Mz7V+o3igfltTNTKYoayIA3T2ED3GNOa4oe1DaVwMWT3uTG5iyHUarZUrVgdYrsautqsfuZIBn
ybrdi+paRtb26+dZMpK7RvIVbxI6UppWhTnZpbDnee2qKCN2zChmRgG1sSzoVS0y5gR1Wg8P/Ppo
yAaHLjg4oU6sWQZaWt7NPvoW7EqjvXZ3FBNVX4gdLznSx0PJ9vy3mnCt2IeggWUZWTHba4UTT9Kj
ch1NYSdb1lSbIc3q0abHfOyYYwuTNMaST3yDPeNSE++4GepHMlmDmcgNjSOLflPrYktXdMw8mNOD
wV7n1MkMULwrNgcJ6JrEg0So82cUjHSNlIcZ7umaRNtLgoVuDauthuKT8Ipm23N1NBhSVwemxlxo
bqjrZ/VEq6R03Zd37cD7Ga+pNd/0G2RXuqHAhqUAGZLp1Y7mYq9XihejShUxT30MtXdtOFITzqko
7pFuvZ3Fziv96NCnqSoizNP0dechhDQt03EsmaoZ5ilWZXIn2zlYUVUKCkfSHrjTpYWmQme6Ja07
aIyWcC8dhhl9anmGmanzMK9WIO3QDHR/mtRP+eGyLGVHBjsxCQJF2boqdHGZ8C5dqyJcsYx6CS5k
UozCNr0QMk91YknkrszUme3F2ErDI4LVZtut1Spgbo8MqIynJp53AzOAbT8wqL2vYNXak4pHoSWn
pY0q8WkwGg1bC/YtqkD40ktV1rGz6++OMBY8JIivh1zA7VWZoNFzR3+u6J+wcCi497V4q7Qz6rtg
rwSAas2L7JhOhqgFgpDwYTMVJmW0P0IONgrEfdIbEZusZx4J1ai45MWRBk2a2txmWLDbRuWLStXQ
312X10MFvl8q0gKDBj0gnxLNvi7rufl9sOR5awKyzT/JnampVh8s3FIuNIUUanntOaOs68WOHvT1
gl2bMQVvVmoAN2tW4yZqxqzhK5IO5oJYbV2oUoYWohswTziApSLkPCtydUWFVtYNVlhYQ7K3t98p
TluIRGInfcdoJa+svJ9OrzgWAwxtun5Oo04UtxQAQib96mRYxfwHs2n1Yoq4NaJYPWdmIdvqpTc5
ubpkRcOMo9hETOOWpna2rqpWLc+HxYsclqcK3ATvOGv5/QCitDcybPPQs32803l3IIHk3YAx4FRv
mQ7Vslpo1Y0uV9pamnNJZZUWec3UWOjxLd8yfUtuU90Pa1eCf4OZCrfmwzM95WitMuz+jDcXbtXu
gHYAfUlQ76uovsbafWt2KVJ4fadxwYyZ6zEnrEZBcZ8XNI3GPBPPZhYCbV6udvV0ScOKw9xxNPSa
bC49u6Gj13evNlVPPp1pcDYuTqrUm3oqGVE4q1U7DEPfVTbB4Pcqt4wGK8FLqVeJidTEEpmRR6p9
QZUO1oMHKKOr7cJJltLi00Q78RGZjB+yCllSBbNMIgE8x6X1PJu8ASX4x+CIYHYYTJ87blzl3bSG
nvfqfNt4r0W9gVATqV3NvbO+uDxXk6nLAq0KSdKnbMjSqGsBXRtmpGNmz2HIdmrMRHTQmzOHvWAr
rFjavXr2+xo7DS2eqsgE6wPP1ZIGwIGKX9umruq+GJzR/CDYV30MRLgKIFQ1PK9NWBO6UqSesKHO
VBubeifnxGQ82nhSKyzdrBOGsRcY2W8JiL3eyN/VKf2Dpl24TZvrNUqzrBpZBFE2128pdj3XFVlG
sbKoN5t6kVeK47IqtxtaI9DBYtppS9s967TwMc/Z/rkSQUEWX60arDX1npLZgNILbboseHcon+IP
EXx1fnUCfcwNCOpcQKDwIHUhyhE6D2rGVjG+F0C1LUZbwUg9O81r19TGeaJUGFQ/N86ErKfOGBN2
j+sp1V6NVYcStSQ/GW3wHDF1gOgIzVADJaxuV7IAejOJRTRMCAQqKSHop0Ni0dtFfLJhZF4HjRJO
j/IMuU2h2AAWhqCyvH4+zPHE0lrWsak7rKB3WG0yEhGl/kPhQJYlwKQJ1U6YGTTsei72E5gn4xkG
bf50zjOwra2ro2K0yWBogHxn9DlsJ6xNo0IMWhGYItMgBu3Moo4XqsrKsx0hlOoQRO/NEwINq2yN
caBnIHLIbLzIeWtKeFRdnG7Fml9UBIBHY6uTwWj6GfyWdnpO2N9V9kb+PFJbP/9DRFV1vk+T43cG
SgyqpJpcmBX28BZGLZ2fy1gqoasM3apiUq3M6OU8eDXpdsy+nlfxoL8yem1DWUFnr/2MJ+z1m1e3
J8434ZEfP9pH7qN75HxjfyNkWmmM/aprJH4AXF9GloZi/cvzv9Zlj96KHy9sdYRTboGOza7T7oJ+
AaulW3oL0add3wygPFTzzW4PXyEO6CBVperFSTsobD68AIAv6PruxWsFNWoq1X9CpFeVgrm0P2qZ
q2Jrsd8gq2q1FpSPAL7WLITSO6qXW1X0QyNJjkp1q9fMqh/Jq24mFjqN6JjRUir6KEaaHVbPjmby
sZOludP7j5k6cTu6i5yk5t7oroVeyJSCN5O2avNRVB3AcNJqbgfsG/qmGP8W+i7J7neWF/qeyq5l
tZncjF4jfYx/54iy+3ED3XcevdPeJPrt0rgLVWJgX4zb6nQq9fvdZcPJSAX77bQJBcpm3HJz/Wb8
c7NtfyzUdW7zjamLXA7twDPUE5btW54V4usfLhESYZriL13kCP0sEKEj/TSzMroP4qkLMSld7nVc
9ge6QjG6OrGbcMvVy0nHHAP5lNf6TqK/oItcn/Tl211v/HzcTG1SkTh0edG2HbofcX1+NVGVqD4q
UQ4b0ZRPzQm4KNt20vFG3fL/69uJjg44wE9akk7FQuNDkx94x+hmNB3UtulOPxheT51zn60/qmJs
fOtcOdFK30Y3h2foKJVozclPUoACNJEMN5/Jj5tt3VWqwVUNK/HE5vnETZRu3HHT7qLRqtfOOLDz
N6rZrq7VVsp+wD//+X+dz7uh
===END CRASH DUMP===
