JINODK PRO Crash Dump Mon Aug 10 11:28:28 WIB 2020

Error: Cannot declare class Ft, because the name is already in use
File: plugins/FishingTest/src/NgLamVN/Ft/Ft
Line: 9
Type: E_COMPILE_ERROR

THIS CRASH WAS CAUSED BY A PLUGIN

Code:
[1] <?php
[2] 
[3] use pocketmine\plugin\PluginBase;
[4] use pocketmine\event\Listener;
[5] use pocketmine\event\player\PlayerFishEvent;
[6] use pocketmine\item\ItemFactory;
[7] use pocketmine\item\Item;
[8] 
[9] class Ft extends PluginBase implements Listener
[10] {
[11]     public function onEnable()
[12]     {
[13]         $this->getServer()->getPluginManager()->registerEvents($this,$this);
[14]     }
[15] 
[16]     public function onFish (PlayerFishEvent $event)
[17]     {
[18]         if ($event->getState() == 1)
[19]         {

Backtrace:

JINODK PRO version: 3.14.3+dev [Protocol 407]
Git commit: 0000000000000000000000000000000000000000
uname -a: Windows NT LAMPKVN 10.0 build 18363 (Windows 10) AMD64
PHP Version: 7.3.20
Zend version: 3.3.20
OS : WINNT, win
Composer libraries: 
- adhocore/json-comment 0.1.0@8448076039389f558f39ad0553aab87db3f81614
- ocramius/package-versions 1.5.1@1d32342b8c1eb27353c8887c366147b4c2da673c
- pocketmine/binaryutils 0.1.11@e8cb65db1b7998eebb739b124f2a989fe87366eb
- pocketmine/callback-validator 1.0.1@4aef6bb25f97d0b830ba0b4f66834b1a9c86fc9a
- pocketmine/classloader 0.1.0@4ccdb30e48f030bfcad04bb0a208d198ec631993
- pocketmine/log 0.2.0@e59bedb5d4bbeb9a26647cb7c367cb2fa72addfa
- pocketmine/log-pthreads 0.1.0@9bbcef398b01487ab47c234a6a7054722abbe067
- pocketmine/math 0.2.4@b1c28b236df8b795d7b06cf8421f9962b12ac410
- pocketmine/nbt 0.2.14@b31dca98443328c4bab76dc1b84c1473c79be20e
- pocketmine/raklib 0.12.8@9fea763ffc922db083e4528d4acd0b13d0ea83a4
- pocketmine/snooze 0.1.2@88420da3d9335dbcb3ee2decfd5e5453d057dcdf
- pocketmine/spl 0.4.1@ff0579a0be41bbe65d3637607715c0f87728a838
- doctrine/instantiator 1.3.1@f350df0268e904597e3bd9c4685c53e0e333feea
- myclabs/deep-copy 1.10.1@969b211f9a51aa1f6c01d1d2aef56d3bd91598e5
- phar-io/manifest 1.0.3@7761fcacf03b4d4f16e7ccb606d4879ca431fcf4
- phar-io/version 2.0.1@45a2ec53a73c70ce41d55cedef9063630abaf1b6
- phpdocumentor/reflection-common 2.2.0@1d01c49d4ed62f25aa84a747ad35d5a16924662b
- phpdocumentor/reflection-docblock 5.1.0@cd72d394ca794d3466a3b2fc09d5a6c1dc86b47e
- phpdocumentor/type-resolver 1.3.0@e878a14a65245fbe78f8080eba03b47c3b705651
- phpspec/prophecy 1.11.1@b20034be5efcdab4fb60ca3a29cba2949aead160
- phpstan/phpstan 0.12.29@9771daaf6b95c6313b908d0bcdee0afcd51f838a
- phpstan/phpstan-phpunit 0.12.11@ab783a8ea634ea23305a8818c4750603e714489b
- phpstan/phpstan-strict-rules 0.12.3@937283265620af9e2005743134ebb4e197b12d8e
- phpunit/php-code-coverage 8.0.2@ca6647ffddd2add025ab3f21644a441d7c146cdc
- phpunit/php-file-iterator 3.0.4@25fefc5b19835ca653877fe081644a3f8c1d915e
- phpunit/php-invoker 3.0.2@f6eedfed1085dd1f4c599629459a0277d25f9a66
- phpunit/php-text-template 2.0.2@6ff9c8ea4d3212b88fcf74e25e516e2c51c99324
- phpunit/php-timer 5.0.1@cc49734779cbb302bf51a44297dab8c4bbf941e7
- phpunit/php-token-stream 4.0.3@5672711b6b07b14d5ab694e700c62eeb82fcf374
- phpunit/phpunit 9.2.6@1c6a9e4312e209e659f1fce3ce88dd197c2448f6
- sebastian/code-unit 1.0.5@c1e2df332c905079980b119c4db103117e5e5c90
- sebastian/code-unit-reverse-lookup 2.0.2@ee51f9bb0c6d8a43337055db3120829fa14da819
- sebastian/comparator 4.0.3@dcc580eadfaa4e7f9d2cf9ae1922134ea962e14f
- sebastian/diff 4.0.2@1e90b4cf905a7d06c420b1d2e9d11a4dc8a13113
- sebastian/environment 5.1.2@0a757cab9d5b7ef49a619f1143e6c9c1bc0fe9d2
- sebastian/exporter 4.0.2@571d721db4aec847a0e59690b954af33ebf9f023
- sebastian/global-state 4.0.0@bdb1e7c79e592b8c82cb1699be3c8743119b8a72
- sebastian/object-enumerator 4.0.2@074fed2d0a6d08e1677dd8ce9d32aecb384917b8
- sebastian/object-reflector 2.0.2@127a46f6b057441b201253526f81d5406d6c7840
- sebastian/recursion-context 4.0.2@062231bf61d2b9448c4fa5a7643b5e1829c11d63
- sebastian/resource-operations 3.0.2@0653718a5a629b065e91f774595267f8dc32e213
- sebastian/type 2.2.1@86991e2b33446cd96e648c18bcdb1e95afb2c05a
- sebastian/version 3.0.1@626586115d0ed31cb71483be55beb759b5af5a3c
- symfony/polyfill-ctype v1.17.1@2edd75b8b35d62fd3eeabba73b26b8f1f60ce13d
- theseer/tokenizer 1.2.0@75a63c33a8577608444246075ea0af0d052e452a
- webmozart/assert 1.9.1@bafc69caeb4d49c39fd0779086c03a3738cbb389
- pocketmine/pocketmine-mp dev-8516aa2393e81746bcbbcfbd8094613307585f16@8516aa2393e81746bcbbcfbd8094613307585f16

Loaded plugins:
CursedDrop 0.1-alpha by  for API(s) 3.0.0
RankColor 0.1-ngl_alpha by NgLamVN for API(s) 3.12.0
DevTools 1.14.0 by PocketMine Team for API(s) 3.11.3
Sheep 5.2.3 by KnownUnown for API(s) 3.0.0
PiggyCustomEnchants 2.3.0 by DaPigGuy for API(s) 3.14.0
DEVirion 1.2.7 by poggit, SOFe for API(s) 3.0.0
FactionsPro 1.3.20 by Tethered_ for API(s) 3.0.0
EconomyAPI 5.7.2 by onebone for API(s) 3.0.0
ScoreHud 5.2.0 by JackMD for API(s) 3.0.0
MultiWorld 1.5.2 by CzechPMDevs, VixikCZ, fuyutsuki, kaliiks for API(s) 3.0.0
Slapper 1.6.0 by jojoe77777 for API(s) 3.13.0
PurePerms 1.4.3 by 64FF00 & ProjectInfinity for API(s) 3.0.0
PureChat 1.4.11 by LamPocketVN for API(s) 3.0.0

----------------------REPORT THE DATA BELOW THIS LINE-----------------------

===BEGIN CRASH DUMP===
eNrNW2tz3DaW/StYObVjb6lbfD+U1aw8tjzxxLK0lhJPzfSUCwTAbkZsksOH5E4q/33PBcBudkt5
7I4/rCtRkyBwcZ/nXoDgT0d53a55/+letV1RV0en/vFRX6zV0akbprHj+7GTHB+ptq3bo9OfjvpN
g0dHF59eXV1ev3138eniw4erD0fHR2vVdXxJz17xqqp7JpUoeasY/nYde9Mfs0wJPnSK9SvFKr5W
rOgYL1vF5YYVFcMj0MmLkog05bAsqu7kTdGtimp5q7r+pGvFyfvlO77+/v3Jmx7/oXtZVOie/nxs
R3wqqvu6vFdrVfUgI4tWCeonaqmIfxeN//lfzapBm4dr/Pj4IbaaWtypfg2Ci4Uhtlhc698/8U59
jZ7BEz3VPWZaLN4VXa8q1VK38Je7NSXfqJbo0i8Jd0EPaFT0xKiiV+vF4i3+vuGir9sNdYx/tSP1
SIxgKX5G7TP1GfzJju0kYsW6KbWiOjayj1Gug2E/0QXpiuFfM2RlIVg+VKKHi7C6uqh4VqrnL6iX
Z3vpIb69oX9f9auim/1xqfob1cK9nr/QN4aBS17BW3Rbq5Y0e6s10T3Xw4713xckjBtYmj/TTWhE
c6Nf5I2Uyp4fKJh9pQ2gGY6nDCcThoucPTf9DNc97yEjOztjrh6YTvr+dASX61su4FV//8fx0ZK0
x0tyMXJt9PzL2/dXr79l1x+uMDaDvnchduTP3WDuU/tQlPLo1Dk+KrpPUt0fnfbtoODMbd3Xoga9
wIlBvSBndn7nP9AdLBMfi0rWDx17f8vevby8/vb798x15g7T8zI38SOfPR87uc4L9vLydRSAAEXI
6VE89+ce0fsRvqP5tvd4/KnuaIK379/fokHfPBSVDrV1U3eq/VQWWcvbQnWkFS5XEKhVJz90dTVD
HxuhztydO+dJECROHDl+6idpHoZJ7qdcOmHoc54lscz8PHEjlzirRcvXxdCdNFzcwYdmVq3EgDsP
5+65K33PD7wsEa7KvNgPfZEkSSz8CBTiLBCe5FHsC5JjG0MnWVHxdjP0RdlZtlz3XCUii0KZuVmc
polSWRb7aeZ6Qe7xFJyqJAZVle2TErwsM3A3u+dlIXlP0AneQPM84CqPsswL8zSWTpb4TsadLMij
KPGDzOWpSKJcpPyAIEVxWXOp2q3KAiGgFkcFSe6ASi6gryDLHO45iXTBrIh8N039fUplvdQUPFBQ
YZopmYUSw1SWci+KglhkpCj8eDmPPS5lzh9RmDX9imC72zKTZplQsFmSOW6QxDwDIdiARzx2wiD2
PI4pnCjeJ4W8s7LcBOeZK7wk8/xI5gm0Hco4cyKRJ4Hn5mkaedA6F4Hr7JOost5ScEHCd6WAXYLA
971EBBnP4kgKN0sCAcv7IobAnqP2SbT8Dp5qRPHmyTmsyuPIz2EGz5OZk/gqCL1EBlzAYq4vHcUT
nwf7VLqqrn9UViHeeQK+Hcl9mfo+/EdkvlIeUmIuQxUGIYiEsRQyPyDSlJpCAE/Jc3RJ4RwqcKE8
eCGCFSESx24onDyJYy8BHwkoyFr0LY1Hxux51Rdbl/OJkB86Mne8KFGpEyCpKz+TqQiiJBShrxzl
+36uFJl5vYGnZd2JVKpBjDYbTcQlx02jNPNcmIKHLuduHgnHla704M9hJIki6oVEhRoceDsrapi3
KnIkbuv8/nkcRy78VMBhs0AGuRupWCDAnEjCaVLBAx/P82BCY4eZnomfkHsKbHOypiOgGxmGQkmV
p04EBTk847mbRQajoJiBcKZuT1qVl0rnCA0+liSFgSsdVwSpDJSMvNwLOU8CHgcxl7BcyN0o9YII
/vdrJNGalbAjiIY6IISMPemngeBxGkgfBLiPkBJOCpKRgJ8mEYJEPSJKBdasVR0VMaMNEapJnHAX
8RR6QZhnKk7yxEkcBfDwKdb8DHEWha4h1zVKnCCFNCslrAnx33nmOQ5ARoUqFxIhmkPzgvvcS0WG
P0HKEdNuZPGdPOnE/o7B4aXnKfxPcg4QS0NCGD9LgTdOJuAzDgfh0M3hlfwxkRl+h6roR2KAV8Qn
IilRPPIDxT3fd0KeJC5CNw4dZAMVu0gMafYEsQ4eL/pZO5SqGyn656mPqPC9KIw8MJMi2BFE8CqQ
z7JAuWkMGJGJVTtxQwRnVB3iDzRuStgEvuadC06AmOdSSgJCB66BPOS5URDwAI4XA1QiIcUBMapg
ZyjIWhuFsB/gDYgPtYcZkNkPQTn0EcG5chJNDukNPoEQOuSMytk7NZLxzvNIKZkr6TpJKKWbByIk
cEwR19zx4lhSZgHfB2R6lH/4g4IPNY0NJu88ynPkG8XhoJ6LfJkg+OJAeYAohKYnQlcggXjBITEs
D1rt6RSRArET+0GM+M2Qj7wsB0AEgYf8htQNEM7yNHBVfEgEYmkrKr4GrUADRBjFXuwifDMHhgoQ
KlmUBip2HBF5yL4JIij34wOGrFOliObo3BURTxVM7sH4KWAzzYEpyhcqSaCwFHkJLpWTgjqETwew
rE60/S0ZgqrwHKWDJ3OkEZE6oUPJH9DvAjVRCzi+68aIohDPniaDACbgUrOyru+GZqtwBcXmyJUQ
RyZAO1pdhUgP4NZJvDRHiEueoNDcp7pu+OhMRk9SiBDRz5GcOdSTp9ITMDv82/PI1zlcQrlBvkdH
FnluKXjnLnIBKiGgZshRiEQC6SoDnKtUujAf4Im7ENPfo6Cq+6KtK1u5hTrROTwOY8Ez4FoWqxwg
ErlQuRv4KhIpci9yFYh6+4Q+N3Xbq3bLTghQiT1XZqiPRALsdVCcRGAxDQMOMyg4EVLYPjvLss54
CR8yPk2UnPMMBkJWiVMQoBIw8UQGCEfiRxVIUOCmWYLKZo9Snf0AIJ+pCig81TTEiwNEmycdHkkn
UW6EEJOJgEQ+Uh/SehKkbpwlT5Gz+UFTM/Z3vZgHEbCTUAlp3XNcL/RDL0J1K8MAeTAScRLsexVW
sINOgkCoigJ5x1zkeb6b5REMl6VwaxHkHPaMAj8LlQuPEq4rI/+AXFcPrVCzuiFZbeXsW4KhH7sJ
aABSUH6FKnXzOAa4gMc4T6TwEVYHXmG3BCiZuucJVI3QyXw/IGxMIxWBLTdBfoBd0pDnmSfgc3sU
pgsjgpQIAJ5Erhui1JK+i5IURaWPxBWiTo1RtYJMyHUB323WeV1tTpq63AB4y5mw7Nwj48Wg5Skp
4zBLMiRzpHeJOgy1KMqHzIuyBNiAHKhQ1IFWv1KdUkjBBE3Fjzb9UokQQyG+8JGqQtQwDgrMADWB
E4eKI804KOY8qhFJqgeVresfedufoGRXrUGUlLIvkmOEGkdR6ZMKP80lajkkT1RSPvdjPyH8TNL9
inB3OVsTjmCNOEuAzhzZMvVV4sZBhOoyE3kmEycNIhdJNA6TEMXV+e/tePTzdv9Er9Vewd+UfI0C
YrKenTQeH+0sBnvNeIlyDa186Fd125kVMW8KXGiLOke4V3rPAKvInJcdlrhSNbQhYTp3dd6/njas
eUHU7XbPYrGbfXpNG0BYFaHj9dXN7cerD+9eGxN0hYYEWqR/4NXdq7o021dWll3boSjVsvz0WJyR
j6OpXCg4voBgW1Yml79HrNfq/rauy24i1bZpKpRLWw3OvjTX2qku4VTsltLvnlQoOPekMhsSv0uo
kYHFYsKKleTm9uWH2++u9+RY9X3TnZ6cLIt+NWRzJLqTHWsnWxqQ9maFFclEVHM/lTNEoPr7Yn5b
1Q/Vd/Tn6Ev5o553sdA/ZiPrt2w1yvjw8DCfyLnj7cTIAiGvi+Vy82ro+np9UYkVFnJT6z71dKoA
jxYK+wp4zTHoz8Nm38DBvyD/SHGxeIKdJxt/r34muhknOXmC3In2/Yvvi1ZLvfP9sWnf9715vK+S
pl7SZho86uqN+mJuYaguFveah8UCKG2vJnz9SiCQULTDS8n4uq0nck1b90WzO3ET2W4VMlir5Kd/
Ua6jl1Vf3DR8TZPuhJywsljYm0v+2xFAwl2gdKnXm5fXbyeyTRr3Izmee/uS1ZXK8P8Xs5elt1go
wwKILhZ77PymRDe0mfnNIKegNDYd4tKBnf7Cxd3l6y8mjCEHULLT765+jxyXQ9kXH+u2nEoyadx3
uvDQMq9+VGJ1fQmspkj/vvhc3L36G73GGTZD3w13Ba7veFkUd90XE1jQnM0aQQbIWROrD8TqYrHH
9v8WdSaSnEwIkalL3jRqWj+MLfvKiQ4N/UP9Q61i+rePwP6/IHxnpoaw/Pcnn4mYO55ORiko9Qyt
ulbtei/hbNv2xQwO82wUvHnjOOzfGZCBFj5vq7zAInjzxQz+ycyA/DKyNLn8P+hAj7UvGHd0rBpe
rXh/oAXddKgE193XAuo5U7wclIm/Kfieoqd4/xiY97PBX5Fl6qG7vpiN7Ue/oDMSYHf1BTSmyehV
A2+hJyzlNX9dKxaL6XvJXTk3pzdKJJF+Fzin3UmsjvTLoaNn19s79qqG9ywZbaIt2kX17KOS7OWw
ZCHznFMvOXU89vHtn3DjOfS85NVy4Et1dl/o/uu6l2d0YeaZkRXP/lJUtbx7rx4mD2gD4sxNXd+j
xiW6rWupzjTRNf88M29quzM31IMa/lDN6K2c2fA9m7nU/LCCxmZl0fVndZ5TizHz7J+DajdnKAB2
TS3Sy9iL3pAPFdbgZpYZF6tCmZfWnR2V17RG3/JlB654Kwncx/vmvrH9aXenEMCtzZmRSL+Q7Ot2
1qm+L6plp9VSYprSaMWA5rYNS1856ULL6LPXF29efvfullqJ/XmDNS2GybP/0P8gyNDXs47fK8sF
rPAwkwXt0Ap1llDT56z+PKM4sV321rfzzZreeDxjhGZMaNsPZldCuwCDGtjOiWaX13AJdksLdTbK
xeiUAZ0pQEbvcMF7JswRhEyxohLlIOFDIP/I9YjWTb3GyJz1j2l2PFfHrKaiqiOSLGsVv2Obemgt
LXplDPMUeaFngGXouEG5IcJwty25E6lyDtt07KGu/tAzwl3eMtLeGsLS+0J9BIJeehu5H1aqYkOz
bLkEgfmiIsc1xE4XFWPPPq50tcf6GrNUkoEEoz1xYr5vedXRTq80jzWrZY1pICquVK/1RVWqUAx1
tSy1BtdE2TjeGFenTOMVPehWQy+xYJnZox6nbHFk3uyzVsHiLXF3zJpS0eGCVv1QF9W/LY40ty/L
sn5gFCjow+xWA7svOPtvihTqo0NmZh9Npn1mDhvYQQzMMooABjNCU0Qu2zCrX+pvw237eErqYwEt
1RWUzaUkro1NSNewwh1bg3WgG8UhHU7JFHENjal/DrwkXS6Le/S95+Wg2HM7KbDoBVE3M9LLG8KW
GWyxXKr2FI/13O+HdQZVwdVedptK3PLuDt7Q3sG55rrDdx3sRf4+SkrdVi2K0gEmRffumOmYZTa2
ESTHjHaHIQglJq0bwDi1rYcKbkVdDPEbbXM6cNOAz88F3E5BDRBJu3O1ZY50axl6m5MDUx9y1GNW
9H+A+vpWD5OKoNCc5dkfzJ5DBjqg4mm1aDFmVtJTTerQgbn2jnaoKjKnJPypG20EfU6hmzNUZfaa
rYvlChHe8m51PI1I6zmkkbYdmt60GoWRYtbgzcqljYtI1YcQpIkSfl8XEmw/zQH5CPlcDUXDu+YT
R6MdOdPplNFeCYUqgXa7MYH6Z71LzSiTM9OOOFgXPcX7Wi15tumhcHZjNO1o3RYdkdbDb8loD4VW
vHYoBPLDzBAafazTAuYFOARK6RMsRCZvlRqnND4OYw0UumxZw070vks7BU1kN9M1a6fMISkwu4Zl
87L//70EVPj8Gv+UO/81/ru+bjQLFlK3LFlyHQN6UI5UcssQzXrIlQaAjzoiLHPdH74AezomND+E
FkwMyEYVshFTn5UYNPLWhl8TjZS9tr3VZ4ECoNuJY0Dr6vbilN1+8/aGvXt7+faWvby+fvf24oZd
X3xgqBy/vfhwzNCJ3V6h1wX7+M3Vuws68/Tq4uZmfhj+TyoDlW9R6/xMENyReGKlNBhrXWxh1oXa
USFIjSq6ywwgqAzAalKoHSEloBmORNL+kp8Z/0LxRvmwom52Mk3ZEAHo7iB8jGvMcUXZg9K+HjB/
3JvcwBb7MFqjBFUHRq/ErrGqGbuVAZ6lmm4nqu9YWbsXT7NkJfet5EveZnQUStSlPZGgsedp7eoo
I3bsKGZHAbXXvBp0LTLlBHXaAA98cTxmg0MXHJ3QJNY8By0j73oXfXN2ZdDeuDuKiXoo5ZaXAunj
oWI7/jtDuNHsQ9DIcaysmO2NxolH6VG7jqGwlS1v6/WYZs1o22M2dcyphUkaa8lHvsGecKk977gZ
60cyWYuZyA2tI8th3Zhiy1R0zD6Y0YPRXq+pkx2geddsjhLgDgkeoc6fUDDSNVIeZrink7XdoAgW
+hWsthyLT8Irmm3H1fFoSFMd2Bpzbrihrr+oJ1okidVQ3XUj7694Q63FelgjuyKxtmxcCpAhmVns
GC52eqV4sarUEfPYx1B7N5YjPeGMiuIB6TbYWux1bR4d+rQ5EjrSN53HEDK0bMepZLpmmAksytRW
ttdgRVcpKBxJe+DOlBaGCp1FVLTuoDFGwp10GGb1aeQZZ6bO47xGgSWtCizdXyf1a364qCrVk8FO
bYJAUbaqS1NcZrwXK12Ea5ZRL8GFbIrR2GYWQvapSSyZ2paZJrM9m1ppfESw2m76lV4FzNyJAbXx
9MSzfmQGsB1GFrV3Faxee1LxKI3ktLTRJT4NRqNla86+QRUIXzrTZR17df3dMcaChwzx9VBIuL0u
Ewx6bunPNP1TFo8F964W77R2Jn3n7KUEUK14mZ9gZWkWCFLBh+1UmJTRPgo52CQQd0lvQmxvPfOZ
UI2KS14eG9Ckqe0p3Dm7bXW+qHUN/d11dT1W4LulIi0waNAD8inRHJqqmdn7gyXPpQ3IrvhRbU1N
tfpo4Y5yoS2kUMsbz5lk3SD1zKAXc3Ztx5S8XeoB3K5ZrZvoGfOWL0k6mAtidU2pSxlaiK7BPOEA
loqQ81VZ6LPntLJuscLCGpJd3n6nOe0gEomdDT2jlby28m46s+KYjzC07ocZjTrV3FIASJUNy9Nx
FfNH5tLqxRZxK0Sxfs7sQrYzS29y8qqrTU6zjuISMYNbhtqrVV13enk+Ll7UuDzV4CZ5z1nH70cQ
pb2RcZeHnu3inc5pAgkU70eMAadmc3CslvVCq2lNudI1qM90+VLVoiwapsdCj5d8w8yHFev6fly7
EvxbzNS4NRufmSkna5Vx92e6uXCrdweMA5jvQ8y+iu5rrT10dpdCwOt7gwt2zMyMOWUNCor7oqRp
DObZeLazEGjzarmtpysaVh7mjuOx197m0pMbOmZ993JdD+TTuQFn6+KkSrOnp5MRhbNetcMwdK2z
CQZ/0LllMlgLXimzSsyUIZapnDxSbwvqdLAaPUAbXe8W7mUpIz5NtBUfkcn4IauQRWiYZQoJ4Cku
nafZ5C0owT9GRwSz42D63XLja++mNfRsaOCRarrXIigB6Yn0pubOWZ+9fa0n04dcOx2SpE/VkqVR
1wK61sxKx+yew5jt9Jg90UFvxjz2jC2xYul26tnta2w1NH+sIhusD7zQSxoAByp+Y5umboZydEZ7
Q7Cv+1iI8DVA6Gp41tiwJnSlSD1lY52pNzbNTs6pzXi08aRXWKbZJAxrLzCy2xKQO72Rv+vTpQdN
23Dbb25WKM3yemIRRNnM7Mdve65qsoxmZd6s1828qDXHVV1t1rRGoANxtNMmuh3rtPCxz9nuuRZB
QxZfLlusNc2ekt2AMgtt+sjl7lA+zR8i+Or11Sn0MbMgaHIBgcKDMoUoR+g86Bk7zfhOAN02n2wF
I/VsNW9c0xjnkVJhUPPcOhOynj4bR9g9rad0ez1VHUrUivxkssFzzPRxH/o6DWqghNVvSxZAb66w
iIYJgUAVJQTzdEwsZruI720Y2bdEk4QzoDxDbtMoNoKFJagtb56PczyytJF1auoeK+gtVtuMRESp
/1g4kGUJMGlCvRNmB427nvPdBPbJdIZRm7+e8yxsG+uaqJhsMlgaIN9bfY7bCSvbqBGDVgS2yLSI
QTuzqOOlrrKKfEsIpToEMXvzhEDjKttgHOhZiBwzGy8L3tkSHlUXp8/d7B0VAeDR2up0NJp5Br+l
nZ5T9nedvZE/j/XWzz+IqK7Od2ly+s5Ai0GVVFtIu8IeX8LopfNTGUsndJ2hO11M6pUZvX0Grzbd
Ttk382oezCWj1zaUFUz22s14yt68e3l76n0dH4fpZ/fY/+wfe1+7X0slaoOxz/tW4QbgepY4BorN
XRC+MGWP2YqfLmxNhFNugY7trtP2m84SVhMbegsxiH5oR1Aeq/l2u4evEQd0kKqEfnHSjQqbjS8A
4Aumvnv2RkONnkr33yMy6ErBfvo5aZnpYmu+2yCrG70WVJ8BfJ1dCIk7qpc7XfRDI1mBSnVj1sy6
H8mrv6gpTRoxMWOk1PRRjLRbrD46PtLfWNpv0X46eoUKYfoNXSbs907bFnohU0ne7rXV60+y7gGG
e632VOuuYWjL6b00Z6C393lRmvPV25bleu+LvhXSx/S+QJTdTxvoOz39qjvWxxrWmXm7NO1ClRjY
l9O2RuxL/WH7kczeSA373X4TCpT1tOXm+t30dr3p/lnqzxDtFdMfIHi0A89QTzhu6AROjMuv3iIk
YiHwHx1AjsM8krGnQpE7OZ1jDvRBbkEfpXk++4qO/k6O/G4n3HD9ctKjD3roG8iiMecpwzl9gPCj
+Whs2xu3n9f7NqlJHProxnU9Otd7/fpqT1Wy/qRFOWxEU7FvTsBF1XV7HW/057t/vdzT0QEHuKUl
6b5YaHxoiwPvmHzR59NBbvoWFQyv9p1zl60/6WJs+rWkdqKl+YrSfOKqzwrJzh7EIwVoQJPZ+MUe
+XG7afpaN/i6YSkf2bzYcxOtG3/atD0gvxyMM47s/I1qtqtrvZWyG/Dzz/8D/DOxIw==
===END CRASH DUMP===
