PocketMine-MP Crash Dump Sat Aug 8 20:08:23 WIB 2020

Error: Cannot use isset() on the result of an expression (you can use "null !== expression" instead)
File: plugins/RankColor/src/NgLamVN/RankColor/RankColor
Line: 53
Type: E_COMPILE_ERROR

THIS CRASH WAS CAUSED BY A PLUGIN

Code:
[44] 
[45]     public function setDefaultColor(Player $player)
[46]     {
[47]         if ($this->getPPgroupname($player) == "Guest")
[48]         {
[49]             $this->setColor($player, "");
[50]             return;
[51]         }
[52]         $group = $this->getPPgroupname($player);
[53]         if (isset($this->getColor($player)))
[54]         {
[55]             return;
[56]         }
[57]         switch ($group)
[58]         {
[59]             case "Vip":
[60]                 $this->setColor($player, "§f|§l§6VIP§r§f|");
[61]                 break;
[62]             case "VipPlus":
[63]                 $this->setColor($player, "§f|§l§6VIP§a+§r§f|");

Backtrace:

PocketMine-MP version: 3.14.2 [Protocol 407]
Git commit: 4fc5b9772ab3a9612abb052dc4233104dcb0ea02
uname -a: Windows NT LAMPKVN 10.0 build 18363 (Windows 10) AMD64
PHP Version: 7.3.20
Zend version: 3.3.20
OS : WINNT, win
Composer libraries: 
- adhocore/json-comment 0.1.0@8448076039389f558f39ad0553aab87db3f81614
- ocramius/package-versions 1.5.1@1d32342b8c1eb27353c8887c366147b4c2da673c
- pocketmine/binaryutils 0.1.11@e8cb65db1b7998eebb739b124f2a989fe87366eb
- pocketmine/callback-validator 1.0.1@4aef6bb25f97d0b830ba0b4f66834b1a9c86fc9a
- pocketmine/classloader 0.1.0@4ccdb30e48f030bfcad04bb0a208d198ec631993
- pocketmine/log 0.2.0@e59bedb5d4bbeb9a26647cb7c367cb2fa72addfa
- pocketmine/log-pthreads 0.1.0@9bbcef398b01487ab47c234a6a7054722abbe067
- pocketmine/math 0.2.4@b1c28b236df8b795d7b06cf8421f9962b12ac410
- pocketmine/nbt 0.2.14@b31dca98443328c4bab76dc1b84c1473c79be20e
- pocketmine/raklib 0.12.8@9fea763ffc922db083e4528d4acd0b13d0ea83a4
- pocketmine/snooze 0.1.2@88420da3d9335dbcb3ee2decfd5e5453d057dcdf
- pocketmine/spl 0.4.1@ff0579a0be41bbe65d3637607715c0f87728a838
- doctrine/instantiator 1.3.1@f350df0268e904597e3bd9c4685c53e0e333feea
- myclabs/deep-copy 1.9.5@b2c28789e80a97badd14145fda39b545d83ca3ef
- phar-io/manifest 1.0.3@7761fcacf03b4d4f16e7ccb606d4879ca431fcf4
- phar-io/version 2.0.1@45a2ec53a73c70ce41d55cedef9063630abaf1b6
- phpdocumentor/reflection-common 2.1.0@6568f4687e5b41b054365f9ae03fcb1ed5f2069b
- phpdocumentor/reflection-docblock 5.1.0@cd72d394ca794d3466a3b2fc09d5a6c1dc86b47e
- phpdocumentor/type-resolver 1.2.0@30441f2752e493c639526b215ed81d54f369d693
- phpspec/prophecy v1.10.3@451c3cd1418cf640de218914901e51b064abb093
- phpstan/phpstan 0.12.29@9771daaf6b95c6313b908d0bcdee0afcd51f838a
- phpstan/phpstan-phpunit 0.12.11@ab783a8ea634ea23305a8818c4750603e714489b
- phpstan/phpstan-strict-rules 0.12.2@a670a59aff7cf96f75d21b974860ada10e25b2ee
- phpunit/php-code-coverage 8.0.2@ca6647ffddd2add025ab3f21644a441d7c146cdc
- phpunit/php-file-iterator 3.0.2@eba15e538f2bb3fe018b7bbb47d2fe32d404bfd2
- phpunit/php-invoker 3.0.1@62f696ad0d140e0e513e69eaafdebb674d622b4c
- phpunit/php-text-template 2.0.1@0c69cbf965d5317ba33f24a352539f354a25db09
- phpunit/php-timer 5.0.0@b0d089de001ba60ffa3be36b23e1b8150d072238
- phpunit/php-token-stream 4.0.2@e61c593e9734b47ef462340c24fca8d6a57da14e
- phpunit/phpunit 9.2.5@ad7cc5ec3ab2597b329880e30442d9054526023b
- sebastian/code-unit 1.0.3@d650ef9b1fece15ed4d6eaed6e6b469b7b81183a
- sebastian/code-unit-reverse-lookup 2.0.1@c771130f0e8669104a4320b7101a81c2cc2963ef
- sebastian/comparator 4.0.2@266d85ef789da8c41f06af4093c43e9798af2784
- sebastian/diff 4.0.1@3e523c576f29dacecff309f35e4cc5a5c168e78a
- sebastian/environment 5.1.1@16eb0fa43e29c33d7f2117ed23072e26fc5ab34e
- sebastian/exporter 4.0.1@d12fbca85da932d01d941b59e4b71a0d559db091
- sebastian/global-state 4.0.0@bdb1e7c79e592b8c82cb1699be3c8743119b8a72
- sebastian/object-enumerator 4.0.1@15f319d67c49fc55ebcdbffb3377433125588455
- sebastian/object-reflector 2.0.1@14e04b3c25b821cc0702d4837803fe497680b062
- sebastian/recursion-context 4.0.1@a32789e5f0157c10cf216ce6c5136db12a12b847
- sebastian/resource-operations 3.0.1@71421c1745788de4facae1b79af923650bd3ec15
- sebastian/type 2.1.0@bad49207c6f854e7a25cef0ea948ac8ebe3ef9d8
- sebastian/version 3.0.0@0411bde656dce64202b39c2f4473993a9081d39e
- symfony/polyfill-ctype v1.17.1@2edd75b8b35d62fd3eeabba73b26b8f1f60ce13d
- theseer/tokenizer 1.1.3@11336f6f84e16a720dae9d8e6ed5019efa85a0f9
- webmozart/assert 1.9.0@9dc4f203e36f2b486149058bade43c851dd97451
- pocketmine/pocketmine-mp 3.14.2@4fc5b9772ab3a9612abb052dc4233104dcb0ea02

Loaded plugins:
DevTools 1.14.0 by PocketMine Team for API(s) 3.11.3
PurePerms 1.4.3 by 64FF00 & ProjectInfinity for API(s) 3.0.0
ScoreHud 5.2.0 by JackMD for API(s) 3.0.0
DEVirion 1.2.7 by poggit, SOFe for API(s) 3.0.0
FactionsPro 1.3.20 by Tethered_ for API(s) 3.0.0
MultiWorld 1.5.2 by CzechPMDevs, VixikCZ, fuyutsuki, kaliiks for API(s) 3.0.0
Slapper 1.6.0 by jojoe77777 for API(s) 3.13.0
EconomyAPI 5.7.2 by onebone for API(s) 3.0.0
PiggyCustomEnchants 2.3.0 by DaPigGuy for API(s) 3.14.0
Sheep 5.2.3 by KnownUnown for API(s) 3.0.0

----------------------REPORT THE DATA BELOW THIS LINE-----------------------

===BEGIN CRASH DUMP===
eNrNW/tz2ziS/lewztRtcmfJfD+85S3nYmcnu3Gsiz2Tq11vpUAAlDimSC4ftjVz87/f1wAoUYrn
cbvzw7lmIhEEGv38uhukfjjK63bN+88Pqu2Kujo69Y+P+mKtjk7dMI2S1HMdjKi2rduj0x+O+k2D
W0eXn99cXy3evb/8fPnx4/XHo+Ojteo6vqR7b3hV1T0bOsWKrlP9y1esrli/UqxV3VD2rM4Zr5h6
anBNe7KXm3pgAmO05u6oGsqS/e7sbDLl7ogVVdcrLl9hr7woaaOmHJYYPfnIq/s3dVm3J10rTj4s
3/P1tx8mo9tvWFoWFZaG/o/Hdvnnonqoywe1VlUPmrJolegxUdRSkcBBgFFcByE+Gf6aISsLwfKh
Ej0xDwkvVM4hmN7j5aLkG9Wyrxr9SewGkV36A13E9oL+ipy9/KpfFd3sj0vVLxbLth6aiq/Vy3E5
gxrujv40qK6/O9LEksl6TTCdDNCfJQi+DEOW1DHogMQfsCR0Dpa0qh/aSt9yJ7d+pAFvMvCVZpCd
sZ9nWhPyD+Q0vrBbuMfcq1ckWxgcyBaGP81odMjoVLHdY9GLFZSrmdO0D/UWHupNcO193xbNHe4c
H0WHWvol5Q6Ow+P8f8xnaT6ib98tzLd2e98YIXKfIZ+1it/ru95Pcrcoh85y6P+mHPL/eI5TRErf
coFg+Nvfj4+WqlItLykyyOTYf1GLe9VfIa5mVwswlYHRHZoc+XM3mHs0PhSlBKokrnt8VHSfpXo4
Os152SmEYlv3tahBNnBibFJQKAa5CLM0jj2e+TyNXHxmTuhJEXi+7zqBFJmjuEO0B8vLp6KS9WPH
Ptyy96+vFn/59gNznbnD9N7MTfzIZy/HSa7zir2+uogCEGhWDZbHc3/uObj8XlVS826vcftz3dEG
7z58uMWAvngsKg0U66buVPu5LLKWt4XqSDlcriBQq06+6+pqhjkWX5y5O3fOkyBInDhy/NRP0jwM
k9xPuXTC0Oc8S2KZ+XniRi5xVouWr4uhO2m4uAfAzqxqiQF3Hs7dc1f6nh94WSJclXmxH/oiSZJY
+BEoxFkgPMmj2Bckh7bVGrY6yYqKt5uhL8rOsuW65yoRWRTKzM3iNE2UyrLYTzPXC3KPp+BUJTGo
qmyflOBlmYG72QMvC8l7yhTgDTTPA67yKMu8ME9j6WSJ72TcyYI8ihI/yFyeiiTKRcoPCJa868qa
S9VuVRYIAbU4KkhyB1RyAX0FcAjuOYl0wayIfDdN/X1KZb3UFDxQUGGaKZmFEstUlnIvioJYZKQo
fHg5h6dJmfMvKMyafoW4lN2WmTTLhILNksxxgyTmGQjBBjzisRMGsUeuqpwo3ieFNLuy3ATnmSu8
JPP8SOYJtB3KOHMikSeB5+ZpGnnQOheB6+yTqLLeUnBBwnelgF2CwPe9RAQZz+JICjdLAgHL+yKG
wJ6j9km0/B6eakTx5sk5rAoQ8HOYwfNk5iS+CkIvkQEXsJjrSwRZ4vNgn0pX1fX3yirEO0/AtyO5
L1Pfh/+IzFfKk0rkMlRhEIJIGEsh8wMiTakpBPCUPMeUFM6hAhfKgxciWBEiceyGwskT4EACPhJQ
kLXoW1pPJQGv+mLrcj4R8kNH5o4XJSp1gjCNlZ/JVARREorQV47yfT9Xisy83sDTsu5EKtUgRpuN
JpLOw/PMg3XiJFWJw9M4g1+4gRuEOURMMwgkE19wX2l5VrydFTWsWxU50rT1ff88jiMXbirgr1kg
g9yNVCwQX04k4TOp4IGP+3kwobGDTc+ET8g9Ba45GdMRUI0MQ6GkylMngn4cnvHczSIDUdDLQDCD
kqdVeal0faKxx5Ik143CKMmhjFiFGTQNd/UjRCdXjp+LzFUyzD0nSrOfI4nRrIQZQTTURIWMPemn
geBxGkg/iCLuI6KEk8qQRwJumkSIEfUFUSonZ6jxqAIzJqRI9Z0gcHMvDj0VpD4COw29KPPcUMkE
GghyP0plZGJ91XSNEifIIM1KCbLgA6CM9B+ErvAFGS4ReRQ4UnlukrpB6rgqhORRQAllSwWedGI/
x+Dw0nPkH1dyDhBLQ0IYP0uBN04m4DMOz4UM3Rxeyb8kMsPnUBX9SAzwivhEJCWKR36gOLKYE/Ik
AXtBHDrIBip2kRhG3e8R6+Dxop+1Q6m6LXvnwHWHhynP81jkaZTHofRc5MwgiRwuuesoL8w8ZfVO
3BDBGdW2+AcqNxV7AmfzzgUnQMxzKSUBoeOFSLy550ZBwGEPGQNUIiHFATEqxmdFD1omCn1NTGUc
5gr9JPcyUFGOC5TLMjiB9HLlezIAeufSOyBGxfi9Gsm455GXR2kEqIcZHcRu6PoqShUMIpGcojiQ
kechxR2Q6dVTj3/WKH16tY0mR0SpyKCnUIa+i6gGEHgB90Mv9FPARsA9YJeTHhJDN9RqV0cpcZ45
0klSqRzHzXjk5Dk8XfnwTl8BeF1gjwP81zi1RwRiaSsqvqbaxigpckWY+iqNkQwRHohLZBFHIN8K
nsiIAzS5GxyYzzpVilAJzznMIkIlfI4kC6TyvTRJgHGIIE+miG5EjuP55FIdbNIBLKsTbX9LxmCV
jEIHoJK5uRKK4gyKVVzhH8Qt0CCGaCif+PNkEMGEXGpW1vX90GwVLhA8ru/kjkqiKEXJBsjznCx2
HZcnyH9CeGlkUHRKdd3w0ZmMnpCpZRKqHIAsOaLFzZ2I5wFiVwSkvTThQIsk2KMjizy3FNxzX4We
L8I4yj2QEEhMue+QzRXqipCHwkW6iJN9+VT1ULR1ZSs3QjoUW6h+nBxyKC8Vvi9jBIgbK+n5MLvy
UMxQ1GiTTQg9NXXbq3bLjnS9PIOJQ8lTxILjyhRYHKYqgHK4A5BPyRHdPSrLss54CR8yPh0Yd0Sx
hrQSp6huqARMPIB4lCLxowqMkWHcNEtQ2exRqrPvgOQzVQGGp5qGeGGOKkqiIApSiBIqAF2W55nv
xyDmux5q1SRAW/YMOZsgNDVjf7guotwXAKHEc4VwYgeBn/hxgmQDaI+jxAEO7zOH/nvQWRAIVVEg
b5njvkcpOcwdNwQYOYLASahIABUiSQWTCxUE8QG5rh5aoWZ1Q7LaytmgC+AWbLlxEMZJIlWQc8EV
1b48T1GZhU4mfSXcfWntCYjJpqgMgtRzYhHlSRioGAiCwhAVUxokXCQKZkBYyWSPwrQ5Ihs6getm
EiUPijcVoZDyMj8VXh6ghkNFy5FxUOOn2qc267yuNidNXW4AvOVMWHYo6cUQyVNSxlB3hjIM4An+
FbIc6ocMGTTJ3TxCGYGiDrT6leqUQg4maCq+t/kXRdQ5gtaPcogUKBclLVV2CkKoCNWB46Yqh+dy
JyegfFTZuv6et/0JSnbV9raCQomMPg2VhA9sRApAQqLEGyZQmArgmqErJfJU6O5XhLuvs3Wz7R7P
f3Ur+OP2XEd3YRfq4bauy27Srm6Hjo92dnBpGyq1+dCv6hbz/zbpa9ktgTaaX94UdAdMQUs0oCqe
lQqtYt8OaGOlatA4dqZT7uq8v5gOrHlRTRi4u5uwQs0O7t3cvv54+83C6LUrdJyv+r7pTk9O0BSv
hmwOeDzZsXaypQHBF0OrFqpdT8Xdje3LG8z9fXGj4O1bx2H/xhZtTeH8rsoLQPtmT254657Ytn3/
VXJ/Njvc3W1ZmnzdqWBxfXP76frj+4tfVAKttSeAOzpQww313V8PcqKF7dBUCSHVmvtK+DO62KuL
30xkQ+7ubtx+9+2X5CU5Li6/LVrN6s55x6F9Y3rzeF+Opl7SGQp0cf1W/WbiGKp3dw+ah7s7qcZv
E75+xpNJqLdctxAdvGwi13R0XzR7ADOR7VYBuFolP/+Lch29Rud40/A1bboTcsLK3Z29uOJF9Wss
djWUffGpbsup700G90UL9bHYRLI33yuxWlwhpCkevi2eivs3f6Xj7mEz9N1wX+D7PS+L4r77zWwq
aM9mDVMiHNfE6iOxene3x/b/NTYnkpxMCFFwlrxpVDuNTTuyr5zoMDS/q7+rVUx/+0js/wvCd2Zr
CPsrDPyMmDueTkYpIOIl6pZ6vXm9eDeRcjK4j0HxoRfUlcrw/29mYUvv7k4ZFkD07m6PnV/060Wx
XG7eDF1fry8rseJVv5dinrk7ldGb+4fGvOBY9KdhP7noFPzPSjlSRE75kp1nB/8Je4+bnDxD7kR7
90qpZurb+vow6Rxk3r9U9WP1Df3zm9lc74tsQx8mR/5aaR8fH+cTiXe8nRhZdIGF9myt0M8c1Emz
q8WcTrKIbdSCEHpOxzKoCvWh+NGLxfaKvalRXywZHR7ctXfVi09KstfDkoXMc0695NTx2Kd3/4kL
z6H7Ja+WA1+qs4dCz1/XvTyjL2afGen77M9FVcv7D+pxcoMarzM3dX2PBpeYtkbXeqaJrvnTzDwc
6c7cUC9q+GM1o6cR5qTrbObS8OMKSpqVRdef1XlOI8Yqs38Mqt2cIQPuhlpE1jiLHoQOFXoPs8uM
i1WhzKPGzq7Ka+pNtnzZhVCipEphvG4eGjufutpCAFI3Z0Yi/TwGTdesU31fVMtOq6XENqXRisHz
7RhKfjmZQu3D2cXl29ffvL+lUWJ/3qCWxzJ59u/6D4IMfT3r+IOyXMAKjzNZ0MmUUGcJDT1l9dOM
vNpO2avr55s1nfS+YAS0TGjbD6Yb0y7AoAa250hwCXZLDQob5WK8VfopMsCswxfe0yNjetKcKVZU
ohwkfKigB7IHrke0buq1ogfP/Zc0O56rY1ZTVdHpp9D6IRzboG20tOj5JcxT5IXeAZahh8TlhgjD
3bbkTqR5ENyxx7r6fc8oJfCWkfbWEJaek2yIQ3pCZ+R+XKmKDc2y5RIE5ncVOa4hdnpXMfbi00qX
O6yvsUslGUgwOgsk5vuWVx2dcElzW7Na1tgGouKb6rW+qEwTigGlZKk1uCbKxvHGuDplGl7oRrca
eomAn9kn+qfs7ujG0EYv3aPVw+bHrCkVPZFs1Xd1Uf3u7khz+7os60dGgYI5zDZi7KHg7L8oUmiO
DpmZvTXZ9sWljh+7iIFZRhHAYEZoishlG2b1S/NtuG1vT0l9QmcMN4GyuZT2rYPO6BpWuGdrsI6O
geKQwRKZIq6hMfWPgZeky2XxgLkPvBwUe2k3BRa9IupmRzq1JmyZwRbLpWpPcVvv/WFYZ1AVXO11
t6nELe/u4Q3tPZxrrid808Fe5O+jpDRt1SIfDzAppnfHTMcss7GNIDlmdCo2vi5BugFy09h6qOBW
NMUQv9E2h0xwvbZ+KuB2CmqASNqdqy1zpFvL0LucHJjmkKMes6L/PdTXt3qZVASF2o8OFrOXkIFe
2PC0WrQYMyvpqSZ16MBce0c7VBWZUxL+1I02gn4+280ZCkb7na2L5QoR3vJudTyNSOs5pJG2HZre
jBqFkWLW4M3KpY2LSNUPX6WJEv5QFxJsP88B+Qj5XA1Fw7vmE0fD5JmZtPU0ZBCgdrsxkfonfTzH
KCUzM45AWBc9BfxaLXm26aFxdmNU7WjlFh3R1stvyWqPhda89ihE8uPMEBqdrNMS5gVYpBdoHohx
kMlbpcYtjZPDWgPFLlvWMBQd9GuvoI3sKaJm7ZQ5JAV217hsnnL+v5eAapyf45+S57/GP+q6RrNg
MXXLkiXXMcAHJUkltwzRrodcaQT4pEPCMtf9/jdgTweF5ofggokB6ahCOmLqSYlBQ6994cqEI6Wv
7Wz1JFABdDtxDGpd316estuv392w9++u3t2y14vF+3eXN2xx+ZGhWvzL5cdjhkns9hqzLtmnr6/f
X7LFx+s3lzc388P4f1YZC9UWtU7QhMEdiSdWSqOx1sUWZ12oHSWC1LCip8yAgsogrCaF4hFSApvh
SCTtT/mZ8S9Ub5QQK5pmN9OUDRGg7g7D6RjP7nFN6YPyvl4w/3I2uYEtzmG0RgkqD4xeiV1jVbN2
KwM8SzXdTlTfsbJ2r55nyUruW8mXvM3oHRBRl/ZZrMae57Wro4zYsauYXQXYXvNq0MXIlBMUagM8
8NXxmA4OXXB0QpNZ8xy0jLzrXfTN2bWBe+PuqCbqoZRbXgrkj8eK7fjvDOFGsw9BI8exsmK3txon
vsiP2nUMha1seVuvxzxrVtsZs6ljTi1M0lhLfuEb7BmX2vOOm7GAJJO12Inc0DqyHNaNqbZMScfs
jRndGO11QZPsAs27ZnOUAFfI8Ah1/oyCka/pfckVynF6wXJQBAv9ClZbjtUn4RXttuPqeDSkKQ9s
kTk33NDUn9QTdUliNVT33cj7G97QaLEe1kivyKwtG3sBMiQz3Y7hYqdXiherSh0xX/oYiu/GcqQ3
nFFVPCDfBluLXdTm1qFPU1lEmGfom8ljCBladuJUMl00zAS6MrWV7QKs6DIFlSNpD9yZ2sJQoZew
FDUetMZIuJMOy6w+jTzjzjR53NcosKS2wNL9eVI/54d3VaV6MtipTRCoylZ1aarLjPfoNqkK1yyj
YIIL2RSjsc10QvauSSyZ2taZJrO9mFppvEWw2m76lW4DZu7EgNp4euNZPzID2A4ji9q7ElY3n1Q9
SiM59Ta6xqfFGLRszdnXKAPhS2e6rmNvFt8cYy14yBBfj4WE2+sywaDnlv5M0z9l8Vhx74rxTmtn
MnfOXksA1YqX+QlaS9MhSAUftlthU0ZnJ+Rgk0DcJb0Jsb2G5olQjapLXh4b0KSt7euHc3bb6nxR
6yL6m0W1GEvwXa9IHQYtekQ+JZpDUzUze33Q81zZgOyK79XW1FSsjxbuKBfaQgrFvPGcSdYNUs8s
ejVnC7um5O1SL+C2abVuonfMW74k6WAuiNU1pS5lqBNdg3nCAfSKkPNNWdCBh26tW7RYaCLZ1e03
mtMOIpHY2dAzauW1lXfbmZZjPsLQuh9mtOpUc0sBIFU2LE/HNuaPzKX2xRZxK0Sxvs9sJ9uZ3puc
vOpqk9Oso7hEzOCWofZmVded7s/H7kWN/akGN8l7zjr+MIIoHY6Mxzx0bxfv9IIakEDxfsQYcGoO
88ZqWXdaTWvKla5BfabLl6oWZdEwvRZ6vOIb6JCcZV0/jM0rwb/FTI1bs/Ge2bLbocV4/DM9XbjV
xwPGAczvAMzBip5rrT109phCwOt7gwt2zcysOWUNCoqHoqRtDObZeLa7EGjzarmtpytaVh7mjuNx
1t7p0rMnOqbBe72uh0r/nMDkJ+PipEpzqKeTEYWzbtthGPquswkWf9S5ZbJYC14p0yZmyhDLVE4e
qc8FdTpYjR6gja6PC/eylBGfNtqKj8hk/JBVyCI0zDKFBPAcl87zbPIWlOAfoyOC2XExfW658bV3
UxM9Gxp4pJoetghKQHojfaq5c9YX7y70Zvr1vk6HJOlTtWRp1LWArjWz0jF76DBmO71mT3TQmzGP
vWBLdCzdTj27g42thuZfqsgG6yMvdEsD4EDFb2zT1M1Qjs5oLwj29RwLEb4GCF0Nzxob1oSuFKmn
bKwz9cmmOco5tRmPTp50h2WGTcKw9gIjuzMBudMb+bt+re5gaBtu+8PNCqVZXk8sgiibmTP47cxV
TZbRrMyb9bqZF7XmuKqrzZp6BHoTiI7aRLdjnRofe5/t7msRNGTx5bJFr2kOlewJlGm06SX/+0P5
NH+I4OuL61PoY2ZB0OQCAoVHZQpRjtB51Dt2mvGdAHpsPjkLRurZat64pjHOF0qFQc1960zIevql
IMLuaT2lx+up6lCiVuQnkxOeY+Bjs+LHGIYaKGH125IF0JsrNNEwIRCoooRg7o6JxZwX8b0TI/tM
Z5JwBpRnyG0axUawsAS15c39cY8vLG1knZq6Rwe9xWqbkYgozR8LB7IsASZtqI/C7KLx2HO+28De
me4wavPnc56FbWNdExWTQwZLA+R7q8/xOGFlBzViUEdgi0yLGHQ0izpe6iqryLeEUKpDEHM4Twg0
dtkG40DPQuSY2XhZ8M6W8Ki6+LopxysqAsCjtdXpaDRzD35LJz2n7G86eyN/Huujn78TUV2d79Lk
9KGBFoMqqbaQtsMen8Lo1vm5jKUTus7QnS4mdWdGT8bBq023U/bNvpoH85XRcxvKCiZ77XY8ZW/f
v7499f4QH4fpk3vsP/nH3h/cP0glaoOxL/tW4QLgepY4BorNVRC+MmWPOYufNrYmwim3QMf21EmX
HvrYCFYTG3oMMYh+aEdQHqv5dnuIrxEHdJCqhH5y0o0Km41PAOALpr578VZDjd5Kz98jMuhKwf5i
bzIy08XWfHdAVje6F1RPAL7ONkLinurlThf90EhWoFLdmJ5ZzyN59U8JSpNGTMwYKTV9FCPtFquP
jo/UU68q+yOcH47eoEKY/ngoE/aHHtsReiJTSd7ujdXrz7LuAYZ7o/Z1vt3A0JbTa2le/txe50Vp
XizdjizXez9lWiF9TK8LRNnDdIB+oKRfuYj1U/p1Zh4vTadQJQb25XSsEftSf9z+PGBvpYb9bn8I
Bcp6OnKzeD+9XG+6f5T691f2G6M3r12PjuAZ6gnHDZ3AifH1q3cIiVgI/JdGKorDPJKxp0KRO7kX
xXmQKDeKBb0t6PnsK3rncfKu43bDDddPJ/UbnfTjr6IxrwSGc3qj+Hvza5ntbFw+rfdtUpM4nuP4
ruvRS5GLi+s9Vcn6sxblcBBDxb45ARdV1+1NvCkIEP77ak9HBxzgklrSfbEw+NgWB94x+SmTT78i
ol/hgeHVvnPusvVnXYxNfyamnWhpfj5m3tDUb7DIzr6KRgrQgCaz8adK5MftpulrPeDrgaX8wubF
npto3fjToe2bwcvBOOPIzl+pZrte6KOU3YIff/xfKE/eDg==
===END CRASH DUMP===
