PocketMine-MP Crash Dump Sat Aug 8 20:07:31 WIB 2020

Error: Cannot use isset() on the result of an expression (you can use "null !== expression" instead)
File: plugins/RankColor/src/NgLamVN/RankColor/RankColor
Line: 53
Type: E_COMPILE_ERROR

THIS CRASH WAS CAUSED BY A PLUGIN

Code:
[44] 
[45]     public function setDefaultColor(Player $player)
[46]     {
[47]         if ($this->getPPgroupname($player) == "Guest")
[48]         {
[49]             $this->setColor($player, "");
[50]             return;
[51]         }
[52]         $group = $this->getPPgroupname($player);
[53]         if (isset($this->getColor($player)))
[54]         {
[55]             return;
[56]         }
[57]         switch ($group)
[58]         {
[59]             case "Vip":
[60]                 $this->setColor($player, "§f|§l§6VIP§r§f|");
[61]                 break;
[62]             case "VipPlus":
[63]                 $this->setColor($player, "§f|§l§6VIP§a+§r§f|");

Backtrace:

PocketMine-MP version: 3.14.2 [Protocol 407]
Git commit: 4fc5b9772ab3a9612abb052dc4233104dcb0ea02
uname -a: Windows NT LAMPKVN 10.0 build 18363 (Windows 10) AMD64
PHP Version: 7.3.20
Zend version: 3.3.20
OS : WINNT, win
Composer libraries: 
- adhocore/json-comment 0.1.0@8448076039389f558f39ad0553aab87db3f81614
- ocramius/package-versions 1.5.1@1d32342b8c1eb27353c8887c366147b4c2da673c
- pocketmine/binaryutils 0.1.11@e8cb65db1b7998eebb739b124f2a989fe87366eb
- pocketmine/callback-validator 1.0.1@4aef6bb25f97d0b830ba0b4f66834b1a9c86fc9a
- pocketmine/classloader 0.1.0@4ccdb30e48f030bfcad04bb0a208d198ec631993
- pocketmine/log 0.2.0@e59bedb5d4bbeb9a26647cb7c367cb2fa72addfa
- pocketmine/log-pthreads 0.1.0@9bbcef398b01487ab47c234a6a7054722abbe067
- pocketmine/math 0.2.4@b1c28b236df8b795d7b06cf8421f9962b12ac410
- pocketmine/nbt 0.2.14@b31dca98443328c4bab76dc1b84c1473c79be20e
- pocketmine/raklib 0.12.8@9fea763ffc922db083e4528d4acd0b13d0ea83a4
- pocketmine/snooze 0.1.2@88420da3d9335dbcb3ee2decfd5e5453d057dcdf
- pocketmine/spl 0.4.1@ff0579a0be41bbe65d3637607715c0f87728a838
- doctrine/instantiator 1.3.1@f350df0268e904597e3bd9c4685c53e0e333feea
- myclabs/deep-copy 1.9.5@b2c28789e80a97badd14145fda39b545d83ca3ef
- phar-io/manifest 1.0.3@7761fcacf03b4d4f16e7ccb606d4879ca431fcf4
- phar-io/version 2.0.1@45a2ec53a73c70ce41d55cedef9063630abaf1b6
- phpdocumentor/reflection-common 2.1.0@6568f4687e5b41b054365f9ae03fcb1ed5f2069b
- phpdocumentor/reflection-docblock 5.1.0@cd72d394ca794d3466a3b2fc09d5a6c1dc86b47e
- phpdocumentor/type-resolver 1.2.0@30441f2752e493c639526b215ed81d54f369d693
- phpspec/prophecy v1.10.3@451c3cd1418cf640de218914901e51b064abb093
- phpstan/phpstan 0.12.29@9771daaf6b95c6313b908d0bcdee0afcd51f838a
- phpstan/phpstan-phpunit 0.12.11@ab783a8ea634ea23305a8818c4750603e714489b
- phpstan/phpstan-strict-rules 0.12.2@a670a59aff7cf96f75d21b974860ada10e25b2ee
- phpunit/php-code-coverage 8.0.2@ca6647ffddd2add025ab3f21644a441d7c146cdc
- phpunit/php-file-iterator 3.0.2@eba15e538f2bb3fe018b7bbb47d2fe32d404bfd2
- phpunit/php-invoker 3.0.1@62f696ad0d140e0e513e69eaafdebb674d622b4c
- phpunit/php-text-template 2.0.1@0c69cbf965d5317ba33f24a352539f354a25db09
- phpunit/php-timer 5.0.0@b0d089de001ba60ffa3be36b23e1b8150d072238
- phpunit/php-token-stream 4.0.2@e61c593e9734b47ef462340c24fca8d6a57da14e
- phpunit/phpunit 9.2.5@ad7cc5ec3ab2597b329880e30442d9054526023b
- sebastian/code-unit 1.0.3@d650ef9b1fece15ed4d6eaed6e6b469b7b81183a
- sebastian/code-unit-reverse-lookup 2.0.1@c771130f0e8669104a4320b7101a81c2cc2963ef
- sebastian/comparator 4.0.2@266d85ef789da8c41f06af4093c43e9798af2784
- sebastian/diff 4.0.1@3e523c576f29dacecff309f35e4cc5a5c168e78a
- sebastian/environment 5.1.1@16eb0fa43e29c33d7f2117ed23072e26fc5ab34e
- sebastian/exporter 4.0.1@d12fbca85da932d01d941b59e4b71a0d559db091
- sebastian/global-state 4.0.0@bdb1e7c79e592b8c82cb1699be3c8743119b8a72
- sebastian/object-enumerator 4.0.1@15f319d67c49fc55ebcdbffb3377433125588455
- sebastian/object-reflector 2.0.1@14e04b3c25b821cc0702d4837803fe497680b062
- sebastian/recursion-context 4.0.1@a32789e5f0157c10cf216ce6c5136db12a12b847
- sebastian/resource-operations 3.0.1@71421c1745788de4facae1b79af923650bd3ec15
- sebastian/type 2.1.0@bad49207c6f854e7a25cef0ea948ac8ebe3ef9d8
- sebastian/version 3.0.0@0411bde656dce64202b39c2f4473993a9081d39e
- symfony/polyfill-ctype v1.17.1@2edd75b8b35d62fd3eeabba73b26b8f1f60ce13d
- theseer/tokenizer 1.1.3@11336f6f84e16a720dae9d8e6ed5019efa85a0f9
- webmozart/assert 1.9.0@9dc4f203e36f2b486149058bade43c851dd97451
- pocketmine/pocketmine-mp 3.14.2@4fc5b9772ab3a9612abb052dc4233104dcb0ea02

Loaded plugins:
MultiWorld 1.5.2 by CzechPMDevs, VixikCZ, fuyutsuki, kaliiks for API(s) 3.0.0
EconomyAPI 5.7.2 by onebone for API(s) 3.0.0
ScoreHud 5.2.0 by JackMD for API(s) 3.0.0
DevTools 1.14.0 by PocketMine Team for API(s) 3.11.3
PurePerms 1.4.3 by 64FF00 & ProjectInfinity for API(s) 3.0.0
Slapper 1.6.0 by jojoe77777 for API(s) 3.13.0
Sheep 5.2.3 by KnownUnown for API(s) 3.0.0
FactionsPro 1.3.20 by Tethered_ for API(s) 3.0.0
DEVirion 1.2.7 by poggit, SOFe for API(s) 3.0.0
PiggyCustomEnchants 2.3.0 by DaPigGuy for API(s) 3.14.0

----------------------REPORT THE DATA BELOW THIS LINE-----------------------

===BEGIN CRASH DUMP===
eNrNW/tz2ziS/lewztRtcmfJfD885S3nEmcnu0nsi53J1a62UiAAShxTJJcP28rc/O/3NQBKlOLJ
zu3mh3PNRCIINPr5dTdI/XyU1+2a95/uVNsVdXV06h8f9cVaHZ26YRolqeeE7vGRatu6PTr9+ajf
NLh1dPHpxeXbq9dvLj5dvH9/+f7o+Gituo4v6d4LXlV1z4ZOsaLrVP/0Gasr1q8Ua1U3lD2rc8Yr
ph4aXNOe7OmmHpjAGK1ZHFVDWbLfnZ1NpiyOWFF1veLyGfbKi5I2asphidGT97y6fVGXdXvSteLk
3fINX//4bjK6/YalZVFhaej/cmyXfyqqu7q8U2tV9aApi1aJHhNFLRUJHAQYxXUQ4pPhrxmyshAs
HyrRE/OQ8KXKOQTTezy9KvlGtey7Rn8Su0Fkl/5MF7G9oL8iZ0+/61dFN/vDUvVXV8u2HpqKr9XT
cTmDGhZHfxxU1y+ONLFksl4TTCcD9GcJgi/DkCV1DDog8T2WhM7Bklb1Q1vpW+7k1i804E0GvtMM
sjP2daY1If9ATuMLu4V7zD17RrKFwYFsYfjrjEaHjE4V290XvVhBuZo5TftQb+Gh3gTX3vdj0Sxw
5/goOtTSP1Lu4Dg8zv/HfJbmI/rx9ZX51m7vGyNE7iPks1bxW33X+1Xursqhsxz635RD/h+PcYpI
6VsuEAx//dvx0VJVquUlRQaZHPtf1eJW9W8RV7O3V2AqA6M7NDny524w92h8KEoJVElc4EnRfZLq
7ug052WnEIpt3deiBtnAibFJQaEY5CLM0jj2eObzNHLxmTmhJ0Xg+b7rBFJkjuIO0R4sLx+LStb3
HXt3w948f3v15x/fMdeZO0zvzdzEj3z2dJzkOs/Y87cvowAEmlWD5fHcn3sOLj+rSmre7TVuf6o7
2uD1u3c3GNAX90WlgWLd1J1qP5VF1vK2UB0ph8sVBGrVyU9dXc0wx+KLM3fnznkSBIkTR46f+kma
h2GS+ymXThj6nGdJLDM/T9zIJc5q0fJ1MXQnDRe3ANiZVS0x4M7DuXvuSt/zAy9LhKsyL/ZDXyRJ
Egs/AoU4C4QneRT7guTQtlrDVidZUfF2M/RF2Vm2XPdcJSKLQpm5WZymiVJZFvtp5npB7vEUnKok
BlWV7ZMSvCwzcDe742UheU+ZAryB5nnAVR5lmRfmaSydLPGdjDtZkEdR4geZy1ORRLlI+QHBkndd
WXOp2q3KAiGgFkcFSe6ASi6grwAOwT0nkS6YFZHvpqm/T6msl5qCBwoqTDMls1BimcpS7kVREIuM
FIUPL+fwNClz/gWFWdOvEJey2zKTZplQsFmSOW6QxDwDIdiARzx2wiD2yFWVE8X7pJBmV5ab4Dxz
hZdknh/JPIG2QxlnTiTyJPDcPE0jD1rnInCdfRJV1lsKLkj4rhSwSxD4vpeIIONZHEnhZkkgYHlf
xBDYc9Q+iZbfwlONKN48OYdVAQJ+DjN4nsycxFdB6CUy4AIWc32JIEt8HuxT6aq6/qysQrzzBHw7
kvsy9X34j8h8pTypRC5DFQYhiISxFDI/INKUmkIAT8lzTEnhHCpwoTx4IYIVIRLHbiicPAEOJOAj
AQVZi76l9VQS8Kovti7nEyE/dGTueFGiUicI01j5mUxFECWhCH3lKN/3c6XIzOsNPC3rTqRSDWK0
2Wgi6Tw8zzxYJ05SlTg8jTP4hRu4QZhDxDSDQDLxBfeVlmfF21lRw7pVkSNNW9/3z+M4cuGmAv6a
BTLI3UjFAvHlRBI+kwoe+LifBxMaO9j0TPiE3FPgmpMxHQHVyDAUSqo8dSLox+EZz90sMhAFvQwE
Myh5WpWXStcnGnssSXLdKIySHMqIVZhB03BXP0J0cuX4uchcJcPcc6I0+xpJjGYlzAiioSYqZOxJ
Pw0Ej9NA+kEUcR8RJZxUhjwScNMkQoyoL4hSOTlDjUcVmDEhRarvBIGbe3HoqSD1Edhp6EWZ54ZK
JtBAkPtRKiMT66uma5Q4QQZpVkqQBe8AZaT/IHSFL8hwicijwJHKc5PUDVLHVSEkjwJKKFsq8KQT
+zkGh5eeI/+4knOAWBoSwvhZCrxxMgGfcXguZOjm8Er+JZEZPoeq6EdigFfEJyIpUTzyA8WRxZyQ
JwnYC+LQQTZQsYvEMOp+j1gHjxf9rB1K1W3ZOweuOzxMeZ7HIk+jPA6l5yJnBknkcMldR3lh5imr
d+KGCM6otsU/ULmp2BM4m3cuOAFinkspCQgdL0TizT03CgIOe8gYoBIJKQ6IUTE+K3rQMlHoa2Iq
4zBX6Ce5l4GKclygXJbBCaSXK9+TAdA7l94BMSrGb9VIxj2PvDxKI0A9zOggdkPXV1GqYBCJ5BTF
gYw8DynugEyvHnr8s0bp06ttNDkiSkUGPYUy9F1ENYDAC7gfeqGfAjYC7gG7nPSQGLqhVrs6Sonz
zJFOkkrlOG7GIyfP4enKh3f6CsDrAnsc4L/GqT0iEEtbUfE11TZGSZErwtRXaYxkiPBAXCKLOAL5
VvBERhygyd3gwHzWqVKESnjOYRYRKuFzJFkgle+lSQKMQwR5MkV0I3IczyeX6mCTDmBZnWj7WzIG
q2QUOgCVzM2VUBRnUKziCv8gboEGMURD+cQfJ4MIJuRSs7Kub4dmq3CB4HF9J3dUEkUpSjZAnudk
seu4PEH+E8JLI4OiU6rrho/OZPSETC2TUOUAZMkRLW7uRDwPELsiIO2lCQdaJMEeHVnkuaXgnvsq
9HwRxlHugYRAYsp9h2yuUFeEPBQu0kWc7MunqruirStbuRHSodhC9ePkkEN5qfB9GSNA3FhJz4fZ
lYdihqJGm2xC6KGp2161W3ak6+UZTBxKniIWHFemwOIwVQGUwx2AfEqO6O5RWZZ1xkv4kPHpwLgj
ijWklThFdUMlYOIBxKMUiR9VYIwM46ZZgspmj1Kd/QQkn6kKMDzVNMQLc1RREgVRkEKUUAHosjzP
fD8GMd/1UKsmAdqyR8jZBKGpGfvDdRHlvgAIJZ4rhBM7CPzEjxMkG0B7HCUOcHifOfTfg86CQKiK
AnnLHPc9Sslh7rghwMgRBE5CRQKoEEkqmFyoIIgPyHX10Ao1qxuS1VbOBl0At2DLjYMwThKpgpwL
rqj25XmKyix0Mukr4e5La09ATDZFZRCknhOLKE/CQMVAEBSGqJjSIOEiUTADwkomexSmzRHZ0Alc
N5MoeVC8qQiFlJf5qfDyADUcKlqOjIMaP9U+tVnndbU5aepyA+AtZ8KyQ0kvhkiekjKGujOUYQBP
8K+Q5VA/ZMigSe7mEcoIFHWg1a9UpxRyMEFT8dnmXxRR5whaP8ohUqBclLRU2SkIoSJUB46bqhye
y52cgPJeZev6M2/7E5Tsqu1tBYUSGX0aKgkf2IgUgIREiTdMoDAVwDVDV0rkqdDdrwh3X2frZts9
nv/mVvCX7bmO7sLeDmVffKxbajy3Detk8PhoZwtqpsgT+dCv6hbL/3r04rMSq6u3L9Vdhxs/Fg/F
7Yu/0PnTgMapG24LfL9Fz1PcdkfojXlT0CptVLpWFc9KJbddrlQN+srONNJdnfcvpwNrXhAbgvZs
1uiOu8ViTazeE6uLxR7b1BxR7315ffPx8v2bl8YSXaGRYdX3TXd6coI2ejVkcwDqyUSSkwkhaOsC
UVavN8+vXk9UNBmcqiicx4cqqiuV4f9vJr6lt1gowwKILhZ77HxVdJLomvruH4apybdD+9IApfal
+RO62Lcvv5kwhtxiMW6/+/Zb5ICxbuq67CZybIf2HRcxciDI7lCG3VDFMZXIRYjvidS3w2+VaGRg
sZiwYiW5vnn+/ubD1T9yxR1rJ1sakPZqaNWVatdTcXdj+/IGc39f3Ch49cpx2L+xq7amXPS6ygvU
JZtvZslPZofFYsvS5Os/EY96rT2+3tEh5y1506h26rt2ZF8F0aHFf6p/qlVMf/vG9v8FqTuzNbCH
66Ou/6uUO55ORilIxBXa7amA+vowMg8s/Oeqvq8+0D/fzKZ6X4QkfRhb/FYR7+/v5xMxd7ydGFkg
5CuuW+UODjkRdTq6b0970DiR+EYhQbdKfvoXBT56XvXFdcPXtOlO+gkri4W9+C1m1sh08WPRas53
yDQO7YvlzeN9qZp6Sae78ILLV98uaxiqi8Wd5mGxQPa03yZ8fQWmNAAVy+XmxdD19fqiEite9XtQ
9Mjdqahw2MOIfMmx6I/DPghpqP5nxRwpAnu+ZOfRwX8iaMdNTh4hd2IKLLRna4V+5iDVzN5ezekk
i+RDLQjlzOlYBlWhPhQ/enK1vWIvakD0ktHhwaJdVE8+KsmeD0sWMs859ZJTx2MfX/8nLjyH7pe8
Wg58qc7uCj1/XffyjL6YfWZkpbM/FVUtb9+p+8kNarzO3NT1PRpcYtoaXeuZJrrmDzPzcKQ7c0O9
qOH31YyeRpiTrrOZS8P3K2hrVhZdf1bnOY0Y883+Pqh2cwY/2w21qFXGWfQgdKjQe5hdZlysCmUe
NXZ2VV5Tb7Llyy6EEiVVCuN1c9fY+dTVFgIV3ObMSKSfx6DpmnWq74tq2Wm1lNimNFox5eN2DCW/
nEyh9uHs5cWr5x/e3NAosT9vUMtjmTz7d/0HQYa+nnX8TlkuYIX7mSzoZEqos4SGHrL6YUbeb6fs
1fXzzZpOep8wQhgmtO0H041pF2BQA9tzJLgEu6EGhY1yMd4q/RQZ5WGHL7ynR8b0pDlTrKhEOUj4
UEEPZA9cj2hd12tFD577L2l2PFfHrCa07fRTaP0Qjm3QNlpa9PwS5inyQu8Ay9BD4nJDhOFuW3In
0jwI7th9Xf2+Z5TyeMtIe2sIS89JNsQhPaEzct+vVMWGZtlyCQLzRUWOa4idLirGnnxc6TTA+hq7
VJKBBKOzQGK+b3nV0QmXNLc1q2WNbSAqvqle64vAUCiGAJal1uCaKBvHG+PqlGkcohvdauglctnM
PtE/ZYuja0MbvXSPVg+bH7OmVPREslU/1UX1u8WR5vZ5Wdb3jAIFc5htxNhdwdl/UaTQHB0yM3tr
su2TCx0/dhEDs4wigMGM0BSRyzbM6pfm23Db3p6S+ojOGG4CZXMp7VsHndE1rHDL1mAdRRfFIYMl
MkVcQ2Pq7wMvSZfL4g5z73g5KPbUbgosekbUzY50ak3YMoMtlkvVnuK23vvdsM6gKrja825TiRve
3cIb2ls411xP+NDBXuTvo6Q0bdWiwxlgUkzvjpmOWWZjG0FyzOhUbHxdgnQDCKex9VDBrWiKIX6t
bQ6Z4Hpt/VDA7RTUAJG0O1db5ki3lqHXOTkwzSFHPWZF/3uor2/1MqkICrUfHSxmTyEDvbDhabVo
MWZW0lNN6tCBufaOdqgqMqck/KkbbQT9fLabMzQE9jtbF8sVIrzl3ep4GpHWc0gjbTs0vRk1CiPF
rMGblUsbF5GqH75KEyX8ri4k2H6cA/IR8rkaioZ3zSeOhskzM2nracggQO12YyL1j/p4jlHuZmYc
gbAuegr4tVrybNND4+zaqNrRyi06oq2X35DV7gutee1RiOT7mSE0OlmnJcwLsEgv0NwR4yCTt0qN
Wxonh7UGil22rGEoOujXXkEb2VNEzdopc0gK7K5x2Tzl/H8vARVDX+Ofkue/xj9KnkazYDF1y5Il
1zHAByVJJbcM0a6HXGkE+KhDwjLX/f4bsKeDQvNDcMHEgHRUIR0x9aDEoKHXvnBlwpHS13a2ehCo
ALqdOAa1Lm8uTtnND6+v2ZvXb1/fsOdXV29eX1yzq4v3DGXjny/eHzNMYjeXmHXBPv5w+eaCXb2/
fHFxfT0/jP9HlYEWt6h1giYM7kg8sVIajbUutjjrQu0oEaSGFT1lBhRUBmE1KRSPkBLYDEciaX/N
z4x/oXqjhFjRNLuZpmyIAHV3GE4nIXaPS0oflPf1gvmXs8kNbBUPozVKUHlg9ErsGquatVsZ4Fmq
6Xai+o6VtXv2OEtWct9KvuRtRu+AiLq0z2I19jyuXR1lxI5dxewqwPaaV4MuRqacoFAb4IHPjsd0
cOiCoxOazJrnoGXkXe+ib84uDdwbd0c1UQ+l3PJSIH/cV2zHf2cIN5p9CBo5jpUVu73SOPFFftSu
YyhsZcvbej3mWbPazphNHXNqYZLGWvIL32CPuNSed1yPBSSZrMVO5IbWkeWwbky1ZUo6Zm/M6MZo
r5c0yS7QvGs2RwlwhQyPUOePKBj5mt6XXKEcpxcsB0Ww0K9gteVYfRJe0W47ro5HQ5rywBaZc8MN
Tf1VPVGXJFZDdduNvL/gDY0W62GN9IrM2rKxFyBDMtPtGC52eqV4sarUEfOlj6H4bixHesMZVcUD
8m2wtdjL2tw69GkqiwjzDH0zeQwhQ8tOnEqmi4aZQFemtrK9BCu6TEHlSNoDd6a2MFToJSxFjQet
MRLupMMyq08jz7gzTR73NQosqS2wdL9O6mt+uKgq1ZPBTm2CQFW2qktTXWa8R7dJVbhmGQUTXMim
GI1tphOyd01iydS2zjSZ7cnUSuMtgtV20690GzBzJwbUxtMbz/qRGcB2GFnU3pWwuvmk6lEayam3
0TU+LcagZWvOfkAZCF8603Ude3H14RhrwUOG+LovJNxelwkGPbf0Z5r+KYvHintXjHdaO5O5c/Zc
AqhWvMxP0FqaDkEq+LDdCpsyOkQhB5sE4i7pTYjtNTQPhGpUXfLy2IAmbW1fP5yzm1bni1oX0R+u
qquxBN/1itRh0KJ75FOiOTRVM7PXBz3PWxuQXfFZbU1Nxfpo4Y5yoS2kUMwbz5lk3SD1zKJnc3Zl
15S8XeoF3Dat1k30jnnLlyQdzAWxuqbUpQx1omswTziAXhFyvigLOvDQrXWLFgtNJHt780Fz2kEk
EjsbekatvLbybjvTcsxHGFr3w4xWnWpuKQCkyobl6djG/IG51L7YIm6FKNb3me1kO9N7k5NXXW1y
mnUUl4gZ3DLUXqzqutP9+di9qLE/1eAmec9Zx+9GEKXDkfGYh+7t4p1eUAMSKN6PGANOzanfWC3r
TqtpTbnSNajPdPlS1aIsGqbXQo9v+QY6JGdZ13dj80rwbzFT49ZsvGe27HZoMR7/TE8XbvTxgHEA
8zsAc7Ci51prD509phDw+t7ggl0zM2tOWYOC4q4oaRuDeTae7S4E2rxabuvpipaVh7njeJy1d7r0
6ImOafCer+uh0j8nMPnJuDip0hzq6WRE4azbdhiGvutsgsXvdW6ZLNaCV8q0iZkyxDKVk0fqc0Gd
DlajB2ij6+PCvSxlxKeNtuIjMhk/ZBWyCA2zTCEBPMal8zibvAUl+MfoiGB2XEyfW2587d3URM+G
Bh6ppoctghKQ3kifau6c9cnrl3oz/Xpfp0OS9KlasjTqWkDXmlnpmD10GLOdXrMnOujNmMeesCU6
lm6nnt3BxlZD8y9VZIP1nhe6pQFwoOI3tmnqZihHZ7QXBPt6joUIXwOEroZnjQ1rQleK1FM21pn6
ZNMc5ZzajEcnT7rDMsMmYVh7gZHdmYDc6Y38Xb9WdzC0Dbf94WaF0iyvJxZBlM3MYfx25qomy2hW
5s163cyLWnNc1dVmTT0CvQlER22i27FOjY+9z3b3tQgasvhy2aLXNIdK9gTKNNr0kv/toXyaP0Tw
5cvLU+hjZkHQ5AIChXtlClGO0LnXO3aa8Z0Aemw+OQtG6tlq3rimMc4XSoVBzX3rTMh6+qUgwu5p
PaXH66nqUKJW5CeTE55j4GOz4scYhhooYfXbkgXQmys00TAhEKiihGDujonFnBfxvRMj++xnknAG
lGfIbRrFRrCwBLXlzf1xjy8sbWSdmrpHB73FapuRiCjNHwsHsiwBJm2oj8LsovHYc77bwN6Z7jBq
8+s5z8K2sa6Jiskhg6UB8r3V53icsLKDGjGoI7BFpkUMOppFHS91lVXkW0Io1SGIOZwnBBq7bINx
oGchcsxsvCx4Z0t4VF183ZTjFRUB4NHa6nQ0mrkHv6WTnlP2V529kT+P9dHP34iors53aXL60ECL
QZVUW0jbYY9PYXTr/FjG0gldZ+hOF5O6M6MXccCrTbdT9s2+mgfzldFzG8oKJnvtdjxlr948vzn1
vo+Pw/TBPfYf/GPve/d7qURtMPZp3ypcAFzPEsdAsbkKwmem7DFn8dPG1kQ45Rbo2J466dJDHxvB
amJDjyEG0Q/tCMpjNd9uD/E14oAOUpXQT066UWGz8QkAfMHUd09eaajRW+n5e0QGXSnYX+xNRma6
2JrvDsjqRveC6gHA19lGSNxSvdzpoh8ayQpUqhvTM+t5JK/+KUFp0oiJGSOlpo9ipN1i9dHxkXro
VWV/hPPz0QtUCNMfD2XC/tBjO0JPZCrJ272xev1J1j3AcG/Uvs63Gxjacnotzcuf2+u8KM2LpduR
5Xrvp0wrpI/pdYEou5sO0A+U9LP6WD/AXmfm8dJ0ClViYF9OxxqxL/X77c8D9lZq2O/2h1CgrKcj
11dvppfrTff3Uv/+yn5j9Oa169ERPEM94bihEzgxvn73GiERC4H/0khFcZhHMvZUKHIn96I4DxLl
RrGgtwU9n31H7zxO3nXcbrjh+umkfqOTfvxVNOatqnBObxR/Nr+W2c7G5cN63yY1ieM5ju+6Hr0U
efXyck9Vsv6kRTkcxFCxb07ARdV1exOvCwKE/367p6MDDnBJLem+WBi8b4sD75j8lMmnXxHRr/DA
8GrfOXfZ+pMuxqY/E9NOtDQ/HzNvaOp3AmVnX/ggBWhAk9n4UyXy43bT9LUe8PXAUn5h82LPTbRu
/OnQ9s3g5WCccWTnL1SzXV7po5Tdgl9++V9H2d4Q
===END CRASH DUMP===
