PocketMine-MP Crash Dump Sat Aug 8 20:07:46 WIB 2020

Error: Cannot use isset() on the result of an expression (you can use "null !== expression" instead)
File: plugins/RankColor/src/NgLamVN/RankColor/RankColor
Line: 53
Type: E_COMPILE_ERROR

THIS CRASH WAS CAUSED BY A PLUGIN

Code:
[44] 
[45]     public function setDefaultColor(Player $player)
[46]     {
[47]         if ($this->getPPgroupname($player) == "Guest")
[48]         {
[49]             $this->setColor($player, "");
[50]             return;
[51]         }
[52]         $group = $this->getPPgroupname($player);
[53]         if (isset($this->getColor($player)))
[54]         {
[55]             return;
[56]         }
[57]         switch ($group)
[58]         {
[59]             case "Vip":
[60]                 $this->setColor($player, "§f|§l§6VIP§r§f|");
[61]                 break;
[62]             case "VipPlus":
[63]                 $this->setColor($player, "§f|§l§6VIP§a+§r§f|");

Backtrace:

PocketMine-MP version: 3.14.2 [Protocol 407]
Git commit: 4fc5b9772ab3a9612abb052dc4233104dcb0ea02
uname -a: Windows NT LAMPKVN 10.0 build 18363 (Windows 10) AMD64
PHP Version: 7.3.20
Zend version: 3.3.20
OS : WINNT, win
Composer libraries: 
- adhocore/json-comment 0.1.0@8448076039389f558f39ad0553aab87db3f81614
- ocramius/package-versions 1.5.1@1d32342b8c1eb27353c8887c366147b4c2da673c
- pocketmine/binaryutils 0.1.11@e8cb65db1b7998eebb739b124f2a989fe87366eb
- pocketmine/callback-validator 1.0.1@4aef6bb25f97d0b830ba0b4f66834b1a9c86fc9a
- pocketmine/classloader 0.1.0@4ccdb30e48f030bfcad04bb0a208d198ec631993
- pocketmine/log 0.2.0@e59bedb5d4bbeb9a26647cb7c367cb2fa72addfa
- pocketmine/log-pthreads 0.1.0@9bbcef398b01487ab47c234a6a7054722abbe067
- pocketmine/math 0.2.4@b1c28b236df8b795d7b06cf8421f9962b12ac410
- pocketmine/nbt 0.2.14@b31dca98443328c4bab76dc1b84c1473c79be20e
- pocketmine/raklib 0.12.8@9fea763ffc922db083e4528d4acd0b13d0ea83a4
- pocketmine/snooze 0.1.2@88420da3d9335dbcb3ee2decfd5e5453d057dcdf
- pocketmine/spl 0.4.1@ff0579a0be41bbe65d3637607715c0f87728a838
- doctrine/instantiator 1.3.1@f350df0268e904597e3bd9c4685c53e0e333feea
- myclabs/deep-copy 1.9.5@b2c28789e80a97badd14145fda39b545d83ca3ef
- phar-io/manifest 1.0.3@7761fcacf03b4d4f16e7ccb606d4879ca431fcf4
- phar-io/version 2.0.1@45a2ec53a73c70ce41d55cedef9063630abaf1b6
- phpdocumentor/reflection-common 2.1.0@6568f4687e5b41b054365f9ae03fcb1ed5f2069b
- phpdocumentor/reflection-docblock 5.1.0@cd72d394ca794d3466a3b2fc09d5a6c1dc86b47e
- phpdocumentor/type-resolver 1.2.0@30441f2752e493c639526b215ed81d54f369d693
- phpspec/prophecy v1.10.3@451c3cd1418cf640de218914901e51b064abb093
- phpstan/phpstan 0.12.29@9771daaf6b95c6313b908d0bcdee0afcd51f838a
- phpstan/phpstan-phpunit 0.12.11@ab783a8ea634ea23305a8818c4750603e714489b
- phpstan/phpstan-strict-rules 0.12.2@a670a59aff7cf96f75d21b974860ada10e25b2ee
- phpunit/php-code-coverage 8.0.2@ca6647ffddd2add025ab3f21644a441d7c146cdc
- phpunit/php-file-iterator 3.0.2@eba15e538f2bb3fe018b7bbb47d2fe32d404bfd2
- phpunit/php-invoker 3.0.1@62f696ad0d140e0e513e69eaafdebb674d622b4c
- phpunit/php-text-template 2.0.1@0c69cbf965d5317ba33f24a352539f354a25db09
- phpunit/php-timer 5.0.0@b0d089de001ba60ffa3be36b23e1b8150d072238
- phpunit/php-token-stream 4.0.2@e61c593e9734b47ef462340c24fca8d6a57da14e
- phpunit/phpunit 9.2.5@ad7cc5ec3ab2597b329880e30442d9054526023b
- sebastian/code-unit 1.0.3@d650ef9b1fece15ed4d6eaed6e6b469b7b81183a
- sebastian/code-unit-reverse-lookup 2.0.1@c771130f0e8669104a4320b7101a81c2cc2963ef
- sebastian/comparator 4.0.2@266d85ef789da8c41f06af4093c43e9798af2784
- sebastian/diff 4.0.1@3e523c576f29dacecff309f35e4cc5a5c168e78a
- sebastian/environment 5.1.1@16eb0fa43e29c33d7f2117ed23072e26fc5ab34e
- sebastian/exporter 4.0.1@d12fbca85da932d01d941b59e4b71a0d559db091
- sebastian/global-state 4.0.0@bdb1e7c79e592b8c82cb1699be3c8743119b8a72
- sebastian/object-enumerator 4.0.1@15f319d67c49fc55ebcdbffb3377433125588455
- sebastian/object-reflector 2.0.1@14e04b3c25b821cc0702d4837803fe497680b062
- sebastian/recursion-context 4.0.1@a32789e5f0157c10cf216ce6c5136db12a12b847
- sebastian/resource-operations 3.0.1@71421c1745788de4facae1b79af923650bd3ec15
- sebastian/type 2.1.0@bad49207c6f854e7a25cef0ea948ac8ebe3ef9d8
- sebastian/version 3.0.0@0411bde656dce64202b39c2f4473993a9081d39e
- symfony/polyfill-ctype v1.17.1@2edd75b8b35d62fd3eeabba73b26b8f1f60ce13d
- theseer/tokenizer 1.1.3@11336f6f84e16a720dae9d8e6ed5019efa85a0f9
- webmozart/assert 1.9.0@9dc4f203e36f2b486149058bade43c851dd97451
- pocketmine/pocketmine-mp 3.14.2@4fc5b9772ab3a9612abb052dc4233104dcb0ea02

Loaded plugins:
MultiWorld 1.5.2 by CzechPMDevs, VixikCZ, fuyutsuki, kaliiks for API(s) 3.0.0
Sheep 5.2.3 by KnownUnown for API(s) 3.0.0
DEVirion 1.2.7 by poggit, SOFe for API(s) 3.0.0
FactionsPro 1.3.20 by Tethered_ for API(s) 3.0.0
Slapper 1.6.0 by jojoe77777 for API(s) 3.13.0
DevTools 1.14.0 by PocketMine Team for API(s) 3.11.3
PiggyCustomEnchants 2.3.0 by DaPigGuy for API(s) 3.14.0
PurePerms 1.4.3 by 64FF00 & ProjectInfinity for API(s) 3.0.0
EconomyAPI 5.7.2 by onebone for API(s) 3.0.0
ScoreHud 5.2.0 by JackMD for API(s) 3.0.0

----------------------REPORT THE DATA BELOW THIS LINE-----------------------

===BEGIN CRASH DUMP===
eNrNW2tz20aW/Ss9cmrH3hUpvB9KaUoeS554xrK0thJvzXDK1ehukIhAAIOHJCab/77ndjdIkFac
1CQfVpWYRKP79n3fcxvgj0d53a55/+letV1RV0en/vFRX6zV0akbplGSek4UHR+ptq3bo9Mfj/pN
g1tHl59eXV/dvHl7+eny/fvr90fHR2vVdXxJ917xqqp7NnSKFV2n+ucvWF2xfqVYq7qh7FmdM14x
9djgmvZkzzf1wATGaM3iqBrKkv3h7GwyZXHEiqrrFZcvsFdelLRRUw5LjJ6859Xdq7qs25OuFSfv
lm/5+rt3k9HtNywtiwpLQ/+nY7v8U1Hd1+W9WquqB01ZtEr0mChqqUjgIMAoroMQnwx/zZCVhWD5
UImemIeEFyrnEEzv8fym5BvVsq8a/UnsBpFd+iNdxPaC/oqcPf+qXxXd7E9L1d/cLNt6aCq+Vs/H
5QxqWBz9ZVBdvzjSxJLJek0wnQzQnyUIvgxDltQx6IDE11gSOgdLWtUPbaVvuZNbP9GANxn4SjPI
ztiXmdaE/AM5jS/sFu4x9+IFyRYGB7KF4c8zGh0yOlVs91D0YgXlauY07UO9hYd6E1x733dFs8Cd
46PoUEu/pNzBcXic/6/5LM1H9N2bG/Ot3d43RojcJ8hnreJ3+q73s9zdlENnOfR/Vw75fz3FKSKl
b7lAMPzjn8dHS1WplpcUGWRy7H9TizvVXyGuZlc3YCoDo7tscuTP3WDu0fhQlBJZJXHd46Oi+yTV
/dFpzstOIRTbuq9FDbKBE2OTgkIxyEWYpXHs8cznaeTiM3NCT4rA833XCaTIHMUdoj1YXj4Wlawf
Ovbulr19eXXzt+/eMdeZO0zvzdzEj3z2fJzkOi/Yy6uLKACBZtVgeTz3556Dyx9UJTXv9hq3P9Ud
bfDm3btbDOiLh6LSiWLd1J1qP5VF1vK2UB0ph8sVBGrVyfddXc0wx+YXZ+7OnfMkCBInjhw/9ZM0
D8Mk91MunTD0Oc+SWGZ+nriRS5zVouXrYuhOGi7ukGBnVrXEgDsP5+65K33PD7wsEa7KvNgPfZEk
SSz8CBTiLBCe5FHsC5JD22oNW51kRcXbzdAXZWfZct1zlYgsCmXmZnGaJkplWeynmesFucdTcKqS
GFRVtk9K8LLMwN3snpeF5D1VCvAGmucBV3mUZV6Yp7F0ssR3Mu5kQR5FiR9kLk9FEuUi5QcES951
Zc2larcqC4SAWhwVJLkDKrmAvgI4BPecRLpgVkS+m6b+PqWyXmoKHiioMM2UzEKJZSpLuRdFQSwy
UhQ+vJzD06TM+WcUZk2/QlzKbstMmmVCwWZJ5rhBEvMMhGADHvHYCYPYI1dVThTvk0KZXVlugvPM
FV6SeX4k8wTaDmWcOZHIk8Bz8zSNPGidi8B19klUWW8puCDhu1LALkHg+14igoxncSSFmyWBgOV9
EUNgz1H7JFp+B081onjz5BxWRRLwc5jB82TmJL4KQi+RARewmOtLBFni82CfSlfV9Q/KKsQ7T8C3
I7kvU9+H/4jMV8qTSuQyVGEQgkgYSyHzAyJNqSkE8JQ8x5QUzqECF8qDFyJYESJx7IbCyRPkgQR8
JKAga9G3tJ4gAa/6YutyPhHyQ0fmjhclKnWCMI2Vn8lUBFESitBXjvJ9P1eKzLzewNOy7kQq1SBG
m40mks7D88yDdeIkVYnD0ziDX7iBG4Q5REwzCCQTX3BfaXlWvJ0VNaxbFTnKtPV9/zyOIxduKuCv
WSCD3I1ULBBfTiThM6nggY/7eTChsUubngmfkHsKXHMypiOgGhmGQkmVp04E/Tg847mbRSZFQS8D
pRlAnlblpdL4ROceS5JcNwqjJIcyYhVm0DTc1Y8QnVw5fi4yV8kwB+RLsy+RxGhWwowgGmqiQsae
9NNA8DgNpB9EEfcRUcJJZcgjATdNIsSI+owowckZMB4hMGNCilTfCQI39+LQU0HqI7DT0Isyzw2V
TKCBIPejVEYm1ldN1yhxggrSrJQgC94jlZH+g9AVviDDJSKPAkcqz01SN0gdV4WQPAqooGypwJNO
7OcYHF56jvrjSs6RxNKQMoyfpcg3TibgMw7PhQzdHF7JPycyw+dQFf1IDOkV8YlIShSP/EBxVDEn
5EkC9oI4dFANVOyiMIy63yPWweNFP2uHUnVb9s6R1x0epjzPY5GnUR6H0nNRM4MkcrjkrqO8MPOU
1TtxQwRnhG3xD1RuEHsCZ/POBaeEmOdSSkqEjhei8OaeGwUBhz1kjKQSCSkOiBEYnxU9aJko9DUx
lXGYK/ST3MtARTkuslyWwQmklyvfkwGydy69A2IExu/USMY9j7w8SiOkepjRQeyGrq+iVMEgEsUp
igMZeR5K3AGZXj32+GcN6NOrbTQ5IkpFBj2FMvRdRDUSgRdwP/RCP0XaCLiH3OWkh8TQDbXa1QEl
zjNHOkkqleO4GY+cPIenKx/e6SskXhe5x0H+13lqjwjE0lZUfE3YxigpckWY+iqNUQwRHohLVBFH
oN4KnsiII2lyNzgwn3WqFKESnnOYRYRK+BxFFpnK99IkQY5DBHkyRXQjchzPJ5fqYJMOybI60fa3
ZEyuklHoIKlkbq6EojiDYhVX+Adxi2wQQzTAJ/40GUQwZS41K+v6bmi2ChcIHtd3ckclUZQCsiHl
eU4Wu47LE9Q/Ibw0Mll0SnXd8NGZjJ5QqWUSqhwJWXJEi5s7Ec8DxK4ISHtpwpEtkmCPjizy3FJw
z30Ver4I4yj3QEKgMOW+QzZXwBUhD4WLchEn+/Kp6r5o68oiN8p0AFtAP04OOZSXCt+XMQLEjZX0
fJhdeQAzFDXaZBNCj03d9qrdsiNdL89g4lDyFLHguDJFLg5TFUA53EGST8kR3T0qy7LOeAkfMj4d
GHcEWENZiVOgG4KAiYckHqUo/ECBMSqMm2YJkM0epTr7Hpl8piqk4ammIV6YA0VJAKIghSihQqLL
8jzz/RjEfNcDVk0CtGVPkLMFQlMz9ofrIsp9gSSUeK4QTuwg8BM/TlBskNrjKHGQh/eZQ/896CqI
DFVRIG+Z475HJTnMHTdEMnIEJSehIoGsEEkCTC5UEMQH5Lp6aIWa1Q3JapGzyS5It2DLjYMwThKp
gpwLrgj78jwFMgudTPpKuPvS2hMQU02BDILUc2IR5UkYqBgZBMAQiCkNEi4SBTMgrGSyR2HaHJEN
ncB1MwnIA/CmIgApL/NT4eUBMBwQLUfFAcZPtU9t1nldbU6autwg8ZYzYdmhohdDJE9JGUPdGWAY
kif4V6hywA8ZKmiSu3kEGAFQB1r9SnVKoQZTaip+sPUXIOocQetHOUQKlAtIS8hOQQgVAR04bqpy
eC53ckqUDypb1z/wtj8BZFdtbxEUIDL6NCAJH7kRJQAFiQpvmEBhKoBrhq6UqFOhu48Id19n62bb
PZ7/6lbwp+25ju7CroayLz7WLTWe24Z1Mnh8tLMFNVPkiXzoV3WL5f84evWDEqubqwt13+HGd8Vj
cffq73T+NKBx6oa7At/v0PMUd90RemPeFLRKG5WuVcWzUsltlytVg76yM410V+f9xXRgzQtiQ9Ce
zRrdcbdYrInVB2J1sdhjm5oj6r2vP9x+vH7/9sJYoit0Zlj1fdOdnpygjV4N2RwJ9WQiycmEELT1
YQXwO9GOuZ4qBmqZ+/uK+VtVP1Tf0j+/m9x638VCf9xoC/5aMR8eHuYTUXe8nRhZIOTF5XdFq6XZ
yrkd2vcBbx7vi9rUSzqOgKKuX6svStu3w68V1hBdLO41C4sFrG2/Tdiywn+4ffn+9tubPdFJptdc
g/Hupq0nYk1H9yWzRxkT0W4VUkCr5KffaMSjl+jBPjR8TZvuhJywsljYiyv+y3bVXlnyplHt1C/t
yL5Q0fxApu/r72sV09+eUK7/G1yzM1sjBPmv98qJR+54OhmlIJ9U97d1XXZTnxyH9oVECjyQcnfm
xm4JUO6JClP/u345MgA/3LHyBT98QtgdaydbGpD2plguN6+Grq/Xl5VYoWufCv7U3akOkIAOVXDB
segvw2Zf9uA3mHmkuFg8wc6Tg/+GL4ybnDxB7kQramjVjWrXe+rZju07RnCYl6Pg9WvHYf/BEHOE
yd5UeQF8vvndsvQnswO0MbI0+fpvqEOvtY9xdnSghkuAv3q9eXnzZqKHyeB+gYoPK3ddqQz//25y
W3qLhTIsgOhiscfOL6c0Og7+Zpgike3QYbk98PW/cnF3dfG7CWPIodba7XffflkOwlfoztYK7cxB
Kppd3czpIIv4AhSERHM6lQEo1GfiR89utlfsVQ3PXDI6O1i0i+rZRyXZy2HJQuY5p15y6njs45s/
48Jz6H7Jq+XAl+rsvtDz13Uvz+iL2WdG+jz7a1HV8u6depjcoL7rzE1d36PBJaat0bSeaaJr/jgz
z0a6MzfUixr+UM3oYYQ56DqbuTT8sIL0s7Lo+rM6z2nEqH32r0G1mzOU7d1QC58YZ9Fz0KFC62F2
mXGxKpR50tjZVXlNrcmWL7sQSpRkkfG6uW/sfGpqCwEAtzkzEunHMei5Zp3q+6JadlotJbYpjVYM
etyOAfHLyRTqHs4uLl+//PbtLY0S+/MGUB7L5Nl/6j8IMvT1rOP3ynIBKzzMZEEHU0KdJTT0mNWP
M3JZO2UP1s83azrofcaogDKhbT+YZky7AIMa2J4jwSXYLfUnbJSL8Vbph8gIww5feE9PjOlBc6ZY
UYlykPChgp7HHrge0fpQrxU9d+4/p9nxXB2zmqBQpx9C62dwbIOu0dKix5cwT5EXegdYhp4Rlxsi
DHfbkjuR5jlwxx7q6o89o1LPW0baW0NYekyyIQ7pAZ2R+2GlKjY0y5ZLEJgvKnJcQ+x0UTH27ONK
YzTW19ilkgwkGB0FEvN9y6uODrikua1ZLWtsA1HxTfVaX4QthWKoMLLUGlwTZeN4Y1ydMp0/6Ea3
GnoJ8DyzD/RP2eLog6GNVrpHp4fNj1lTKnog2arv66L6w+JIc/uyLOsHRoGCOcz2Yey+4Oy/KVJo
jg6Zmb012fbZpY4fu4iBWUYRwGBGaIrIZRtm9Uvzbbhtb09JfURjDDeBsrmU9qWDzugaVrhja7CO
WkNxyGCJTBHX0Jj618BL0uWyuMfce14Oij23myIXvSDqZkc6tKbcMoMtlkvVnuK23vvdsM6gKrja
y25TiVve3cEb2js411xP+LaDvcjfR0lp2qpFJRlgUkzvjpmOWWZjG0FyzOhQbHxbgnSDlExj66GC
W9EUQ/yDtjlkguu19WMBt1NQA0TS7lxtmSPdWobe5OTANIcc9ZgV/R+hvr7Vy6SiVKj96GAxew4Z
6H0NT6tFizGzkp5qUocOzLV3tENVkTkl5Z+60UbQj2e7OQNgtN/ZuliuEOEt71bH04i0nkMaaduh
6c2oURgpZg3erFzauIhU/exVmijh93UhwfbTHJCPkM/VUDS8az5xNEyemUlbT0MFQdZuNyZS/6JP
5xjVXGbGEQjroqeAX6slzzY9NM4+GFU7WrlFR7T18luy2kOhNa89CpH8MDOERifrtIR5ARbp/Zl7
Yhxk8lapcUvj5LDWQLHLljUMRef82itoI3uIqFk7ZQ5Jgd11XjYPOf/fS0Ag5kv8U/H8bfwDkzea
BZtTtyxZch1D+qAiqeSWIdr1kCudAT7qkLDMdX/8HdjTQaH5oXTBxIByVKEcMfWoxKBTr33fyoQj
la/tbPUogAC6nTgma13fXp6y22/efGBv31y9uWUvb27evrn8wG4u3zPAwL9dvj9mmMRurzHrkn38
5vrtJbt5f/3q8sOH+WH8P6kMIPui1gWacnBH4omV0tlY62KbZ12oHRBB6rSip8yQBZXJsJoUwCOk
RG6GI5G0P+dnxr+A3qggVjTNbqYpGyLIurscTp2y3eOaygfVfb1g/vlscgOLvmG0RgmCB0avxK6x
qlm7lQGepZpuJ6rvWFm7F0+zZCX3reRL3mb0CoioS/soVueep7Wro4zYsauYXYW0vebVoMHIlBMA
tQEe+OJ4LAeHLjg6oamseQ5aRt71Lvrm7Nqke+PuQBP1UMotLwXqx0PFdvx3hnCj2YegkeNYWbHb
a50nPquP2nUMha1seVuvxzprVtsZs6ljTi1M0lhLfuYb7AmX2vOODyOAJJO12Inc0DqyHNaNQVsG
0jF7Y0Y3Rntd0CS7QPOu2RwlwBUqPEKdP6Fg1Gt6XXIFOE7vVw6K0kK/gtWWI/qkfEW77bg6Hg1p
4IEFmXPDDU39WT1RlyRWQ3XXjby/4g2NFuthjfKKytqysRcgQzLT7RgudnqleLGq1BHzuY8BfDeW
I73hjFDxgHobbC12UZtbhz5NsIhynqFvJo8hZGjZiVPJNGiYCXRlaivbBVjRMAXIkbQH7gy2MFTo
HSxFjQetMRLupMMyq08jz7gzTR73NQosqS2wdL9M6kt+uKgq1ZPBTm2BACpb1aVBlxnv0W0SCtcs
AzDBhWyJ0bnNdEL2riksmdriTFPZnk2tNN6itNpu+pVuA2buxIDaeHrjWT8yg7QdRjZr7yCsbj4J
PUojOfU2GuPTYgxatubsG8BA+NKZxnXs1c23x1gLHjLE10Mh4fYaJpjsuaU/0/RPWTwi7h0Y77R2
JnPn7KVEolrxMj9Ba2k6BKngw3YrbMroUIQcbBKIu6I3IbbX0DxSViN0yctjkzRpa/v24Zzdtrpe
1BpEf3tT3YwQfNcrUodBix5QT4nm0FTNzF4f9DxXNiC74ge1NTWB9dHCHdVCC6QA5o3nTKpukHpm
0Ys5u7FrSt4u9QJum1brJnrHvOVLkg7mglhdU2ooQ53oGsxTHkCvCDlflQUdeOjWukWLhSaSXd1+
qzntIBKJnQ09o1ZeW3m3nWk55mMaWvfDjFadam4pAKTKhuXp2Mb8ibnUvlgQt0IU6/vMdrKd6b3J
yauuNjXNOopLxEzeMtRereq60/352L2osT/VyU3ynrOO349JlA5HxmMeureLd3o/DZlA8X7MMeDU
nNaNaFl3Wk1r4ErXAJ9p+FLVoiwaptdCj1d8Ax2Ss6zr+7F5pfRvc6bOW7Pxntmy22WL8fhnerpw
q48HjAOYnwGYgxU911p76OwxhYDX9yYv2DUzs+aUNQAU90VJ25icZ+PZ7kJJm1fLLZ6uaFl5WDuO
x1l7p0tPnuiYBu/luh4q/WsCU5+Mi5MqzaGeLkYUzrpth2Hou64mWPxe15bJYi14pUybmClDLFM5
eaQ+F9TlYDV6gDa6Pi7cq1JGfNpoKz4ik/FDViGL0GmWKRSAp7h0nmaTt6AE/xgdEcyOi+lzy42v
vZua6NnQwCPV9LBFUAHSG+lTzZ2zPntzoTfTb/d1OiRJn6olSwPXInWtmZWO2UOHsdrpNXuig96M
eewZW6Jj6Xbq2R1sbDU0/1xFNlgfeKFbGiQOIH5jm6ZuhnJ0RntBaV/PsSnC1wlCo+FZY8OasitF
6ikbcaY+2TRHOae24tHJk+6wzLApGNZeYGR3JiB3eiN/12/VHQxtw21/uFkBmuX1xCKIspl5PLKd
uarJMpqVebNeN/Oi1hxXdbVZU49ALwLRUZvodqxT42Pvs919LYJOWXy5bNFrmkMlewJlGm16x//u
UD7NHyL4+uL6FPqY2SRoagElhQdlgChH6DzoHTvN+E4APTafnAWj9Gw1b1zTGOczpcKg5r51JlQ9
/U4Q5e4pntLj9VR1gKgV+cnkhOcY+bFZ8WMMQw1UsPotZEHqzRWaaJgQGaiigmDujoXFnBfxvRMj
+8BmUnAGwDPUNp3FxmRhCWrLm/vjHp9Z2sg6NXWPDnqbq21FIqI0fwQOZFlKmLShPgqzi8Zjz/lu
A3tnusOozS/XPJu2jXVNVEwOGSwNkO+tPsfjhJUd1BmDOgILMm3GoKNZ4HipUVaRbwkBqkMQczhP
GWjssk2OAz2bIsfKxsuCdxbCA3XxdVOOVwQCwKO11eloNHMPfksnPafsH7p6o34e66OffxJRjc53
ZXL60ECLQUiqLaTtsMenMLp1fqpi6YKuK3SnwaTuzOg9HPBqy+2UfbOv5sF8ZfTchqqCqV67HU/Z
67cvb0+9r+PjMH10j/1H/9j72v1aKlGbHPu8bxUukFzPEsekYnMVhC8M7DFn8dPG1kQ41Rbo2J46
aeihj41gNbGhxxCD6Id2TMojmm+3h/g644AOSpXQT066UWGz8QkAfMHgu2evdarRW+n5e0QGjRTs
D/YmIzMNtua7A7K60b2gekTi62wjJO4IL3ca9EMjWQGkujE9s55H8upfEpSmjJiYMVJq+gAj7TZX
Hx0fqcdeVfY3OD8evQJCmP52KBP2dx7bEXoiU0ne7o3V60+y7pEM90bt23y7gaEtp9fSvPu5vc6L
0rxXuh1Zrvd+ybRC+ZheF4iy++kA/T5Jv0wQ66fO68w8XppOISQG9uV0rBH7Ur/f/jpgb6VO+93+
EADKejry4ebt9HK96f5V6p9f2W+MXrx2PTqCZ8ATjhs6gRPj61dvEBKxEPgvjVQUh3kkY0+FIndy
L4rzIFFuFAt6WdDz2Vf0yuPkVcfthhuun07qFzrpt19FY966Cef0QvEP5scy29m4fFzv26QmcTzH
8V3Xo3ciby6u91Ql609alMNBDBX75kS6qLpub+KHghLC/1zt6eiAA1xSS7ovFgYf2uLAOya/ZPLp
R0T0IzwwvNp3zl21/qTB2PRXYtqJlubXY+YFTf3uhezs63OkAJ3QZDb+Uon8uN00fa0HfD2wlJ/Z
vNhzE60bfzq0fTF4ORhnHNn5O2G26xt9lLJb8NNP/wenet3L
===END CRASH DUMP===
