Altay Crash Dump Sun Aug 9 22:17:04 WIB 2020

Error: Undefined index: type
File: src/pocketmine/inventory/CraftingManager
Line: 58
Type: ErrorException

Code:
[49] 	public function __construct(){
[50] 		$this->init();
[51] 	}
[52] 
[53] 	public function init() : void{
[54] 		$recipes = json_decode(file_get_contents(\pocketmine\RESOURCE_PATH . "vanilla" . DIRECTORY_SEPARATOR . "recipes.json"), true);
[55] 
[56] 		$itemDeserializerFunc = \Closure::fromCallable([Item::class, 'jsonDeserialize']);
[57] 		foreach($recipes as $recipe){
[58] 			switch($recipe["type"]){
[59] 				case "shapeless":
[60] 					if($recipe["block"] !== "crafting_table"){ //TODO: filter others out for now to avoid breaking economics
[61] 						break;
[62] 					}
[63] 					$this->registerShapelessRecipe(new ShapelessRecipe(
[64] 						array_map($itemDeserializerFunc, $recipe["input"]),
[65] 						array_map($itemDeserializerFunc, $recipe["output"])
[66] 					));
[67] 					break;
[68] 				case "shaped":

Backtrace:
#0 src/pocketmine/inventory/CraftingManager(58): pocketmine\utils\Utils::errorExceptionHandler(integer 8, string[21] Undefined index: type, string[89] phar://D:/MinecraftTool/JinodkNew/Altay.phar/src/pocketmine/inventory/CraftingMa, integer 58, array[3])
#1 src/pocketmine/inventory/CraftingManager(50): pocketmine\inventory\CraftingManager->init()
#2 src/pocketmine/Server(1586): pocketmine\inventory\CraftingManager->__construct()
#3 src/pocketmine/PocketMine(273): pocketmine\Server->__construct(object BaseClassLoader, object pocketmine\utils\MainLogger, string[27] D:\MinecraftTool\JinodkNew\, string[35] D:\MinecraftTool\JinodkNew\plugins\)
#4 src/pocketmine/PocketMine(304): pocketmine\server()
#5 (11): require(string[74] phar://D:/MinecraftTool/JinodkNew/Altay.phar/src/pocketmine/PocketMine.php)

Altay version: 3.14.3+dev [Protocol 407]
Git commit: 1f000173462919907562fe5f27fa2519842bfa52
uname -a: Windows NT LAMPKVN 10.0 build 18363 (Windows 10) AMD64
PHP Version: 7.3.20
Zend version: 3.3.20
OS : WINNT, win
Composer libraries: 
- adhocore/json-comment 0.1.0@8448076039389f558f39ad0553aab87db3f81614
- ocramius/package-versions 1.5.1@1d32342b8c1eb27353c8887c366147b4c2da673c
- pocketmine/binaryutils 0.1.11@e8cb65db1b7998eebb739b124f2a989fe87366eb
- pocketmine/callback-validator 1.0.1@4aef6bb25f97d0b830ba0b4f66834b1a9c86fc9a
- pocketmine/classloader 0.1.0@4ccdb30e48f030bfcad04bb0a208d198ec631993
- pocketmine/log 0.2.0@e59bedb5d4bbeb9a26647cb7c367cb2fa72addfa
- pocketmine/log-pthreads 0.1.0@9bbcef398b01487ab47c234a6a7054722abbe067
- pocketmine/math 0.2.4@b1c28b236df8b795d7b06cf8421f9962b12ac410
- pocketmine/nbt 0.2.14@b31dca98443328c4bab76dc1b84c1473c79be20e
- pocketmine/raklib 0.12.8@9fea763ffc922db083e4528d4acd0b13d0ea83a4
- pocketmine/snooze 0.1.2@88420da3d9335dbcb3ee2decfd5e5453d057dcdf
- pocketmine/spl 0.4.1@ff0579a0be41bbe65d3637607715c0f87728a838
- doctrine/instantiator 1.3.1@f350df0268e904597e3bd9c4685c53e0e333feea
- myclabs/deep-copy 1.10.1@969b211f9a51aa1f6c01d1d2aef56d3bd91598e5
- phar-io/manifest 1.0.3@7761fcacf03b4d4f16e7ccb606d4879ca431fcf4
- phar-io/version 2.0.1@45a2ec53a73c70ce41d55cedef9063630abaf1b6
- phpdocumentor/reflection-common 2.2.0@1d01c49d4ed62f25aa84a747ad35d5a16924662b
- phpdocumentor/reflection-docblock 5.1.0@cd72d394ca794d3466a3b2fc09d5a6c1dc86b47e
- phpdocumentor/type-resolver 1.3.0@e878a14a65245fbe78f8080eba03b47c3b705651
- phpspec/prophecy 1.11.1@b20034be5efcdab4fb60ca3a29cba2949aead160
- phpstan/phpstan 0.12.29@9771daaf6b95c6313b908d0bcdee0afcd51f838a
- phpstan/phpstan-phpunit 0.12.11@ab783a8ea634ea23305a8818c4750603e714489b
- phpstan/phpstan-strict-rules 0.12.3@937283265620af9e2005743134ebb4e197b12d8e
- phpunit/php-code-coverage 8.0.2@ca6647ffddd2add025ab3f21644a441d7c146cdc
- phpunit/php-file-iterator 3.0.4@25fefc5b19835ca653877fe081644a3f8c1d915e
- phpunit/php-invoker 3.0.2@f6eedfed1085dd1f4c599629459a0277d25f9a66
- phpunit/php-text-template 2.0.2@6ff9c8ea4d3212b88fcf74e25e516e2c51c99324
- phpunit/php-timer 5.0.1@cc49734779cbb302bf51a44297dab8c4bbf941e7
- phpunit/php-token-stream 4.0.3@5672711b6b07b14d5ab694e700c62eeb82fcf374
- phpunit/phpunit 9.2.6@1c6a9e4312e209e659f1fce3ce88dd197c2448f6
- sebastian/code-unit 1.0.5@c1e2df332c905079980b119c4db103117e5e5c90
- sebastian/code-unit-reverse-lookup 2.0.2@ee51f9bb0c6d8a43337055db3120829fa14da819
- sebastian/comparator 4.0.3@dcc580eadfaa4e7f9d2cf9ae1922134ea962e14f
- sebastian/diff 4.0.2@1e90b4cf905a7d06c420b1d2e9d11a4dc8a13113
- sebastian/environment 5.1.2@0a757cab9d5b7ef49a619f1143e6c9c1bc0fe9d2
- sebastian/exporter 4.0.2@571d721db4aec847a0e59690b954af33ebf9f023
- sebastian/global-state 4.0.0@bdb1e7c79e592b8c82cb1699be3c8743119b8a72
- sebastian/object-enumerator 4.0.2@074fed2d0a6d08e1677dd8ce9d32aecb384917b8
- sebastian/object-reflector 2.0.2@127a46f6b057441b201253526f81d5406d6c7840
- sebastian/recursion-context 4.0.2@062231bf61d2b9448c4fa5a7643b5e1829c11d63
- sebastian/resource-operations 3.0.2@0653718a5a629b065e91f774595267f8dc32e213
- sebastian/type 2.2.1@86991e2b33446cd96e648c18bcdb1e95afb2c05a
- sebastian/version 3.0.1@626586115d0ed31cb71483be55beb759b5af5a3c
- symfony/polyfill-ctype v1.17.1@2edd75b8b35d62fd3eeabba73b26b8f1f60ce13d
- theseer/tokenizer 1.2.0@75a63c33a8577608444246075ea0af0d052e452a
- webmozart/assert 1.9.1@bafc69caeb4d49c39fd0779086c03a3738cbb389
- pocketmine/pocketmine-mp dev-1f000173462919907562fe5f27fa2519842bfa52@1f000173462919907562fe5f27fa2519842bfa52

----------------------REPORT THE DATA BELOW THIS LINE-----------------------

===BEGIN CRASH DUMP===
eNrtW2tz3DaW/SuY9lRF3upu8f3olKbksZWJd+xYa8nr3U27VCAAdjNmkwwfkjqp/Pc9FwD7ZU02
M5MP+2FSKbsJAhf3ee69IPzzJK/bDe/v7lXbFXU1WfjTSV9s1GThhmmUJpHnBdNJybv+qm3rdrL4
edJvG7ye6OerR6GanhZOJxvVdXxFrz5UUuVFpSQr8OtxwfSS6SQfyvKboqQpzZq3i/PzV4vzt5go
Wp73t3Vdnv97UdXy83fq4fxF2fPtnOadd604b2rxWfUbTD4vqntV9XW7PX9J64pq9ZZX2LnF7Ia2
MVv81lVYUWLCZBEmkL3lAj+/nzxz2G8lcBYmzxdsP3O5HPqi7JbLD/TXYqGONPUtr2SJRUXVKyxm
yZR1fQtq33vuJ/ak6nYzkvQT+701N2UjJ5Cf8bbl2+/9T8+hlWfu36EC50QFu6nL5cnc2Z+KqujP
9A7e6Q43qoUrnrlhEv0dBO/uRF1BR4OwdP1Tutf6J2nszIv9E9Jm02MydfaDEj37M+/US7h/96bm
UrVTZsefsPZbXlRv6tWKZo0WjT+xVwu8OrTUcrkz1XK5m+qH/9fUphxWRYWNtITBr0joO8GJhJ1R
q14ZsjPXxftW/TgUrTqzDMTBP+db+/0pDJ9PPv0ynajfATP+4WDG/kZld5hdl/dqgyUgVdUVERa1
VMRakGJs2TdDVhaC5UMliDd25FI/Y37o6HnL/o/9uuhGJ/6a3rj6zS/008NP+tt/kqhZwxbsvi6k
JhqMRFslikZ17IL90NXVnVTE3xlJf7dSPTHTg/3uDH5wYNf3VzfvPrx/eXV3/eL2WzZny8k9r4qy
5MsJnl69fn/18vbd+/++u7m6fvH+BX7qOXavOe20nDyfMoipjCih5T8a+Sp6tXml4D8FL4ufVPsN
ZAGTCMKy7oZWLRZ5W29ecuyZlers+9eYv1gICpkp+4p2OFj91SezS2ypI/koLtZnO+l5x+xvo/PE
Tlz23UPR72d+v9QutZx8MvPS3bxlLxCyELJb80aV8K8l3k0nkXMwZdkX+QGprIRKQYv94QKSTYR1
qbueRIKCfmbn57fvXr1bMNijB1LW/Rr5ktVDzyACq+oH1teMk1VZBpE+YzWDBat6U4iOdnePdl/2
ehbpIvKO3pATRf7RkPW3Vq2KDpvfjHK91+yfVeqBnY4RkeBkR43sdxvenD1p0ynb66OomqEn3U6J
UPiPE4KCLCUiFB0Req5dIYqPBvdqSf6GRSWZ85d/Jep/Jep/JerfKVFPJytVqZaXlA4rTsX/RC8H
ExnUum8OJv7cDeY+jQ9FKScLZzopOiSr+8mCcggyblv3tahBKnBiEC4o47q54zhu7AeRl7pp6sRh
5OUqzL04517opkngZTlH7pxOBrv/R0RV/dCx727Zmxdvr//6n98x15k7TO/L3MSPfHY2TnKd5+zF
21eAPDCAFmAxief+3HPw+JOqpObbPuP1Xd3RBq+/++4WA/rhoah0RbBpahjgriyylreF6kghXK4h
UKvOKZfNMMeWEc7cnTuXSRAkThw5fuonaR6GSe6nXDph6HOeJbHM/DxxI5c4q2GmTTF05w0XnxEO
M6tWYsCdh3P30pW+50MXiXBVBu8PfZEkSSz8CBTiLBCe5FHsC5Jjb8+sqHi71b5t2XLdS5WILApl
5mZxmiZKZVnsp5nrBbnHU3CqkhhUVXZMSiCNZ+Budg88l7yn4g28geZlwFUeZZkX5mksnSzxnYw7
WZBHUeIHmctTkUS5SPkJQYrIUkfkTmWBEFCLo4Ikd0AlF9BXkGUO95xEwhmUiHx4iX9MqaxXmoIH
CipMMyWzUGKZylLuRVEQi4wUhb+8nMcelzLnX1CYNf0aGUZ2O2bSLBMKNksyxw2SmGcgBBvwiMdO
GMSex7GFgyx1RAod89pyE1xmrvCSzPMjmSfQdijjzIlEDqd28zSNPGidi8B1jklUWW8puCDhu1LA
LkHg+14igoxncSSFmyWBgOV9EUNgz1HHJFr+GZ5qRPHmySWsyuPIz2EGz5OZk/gqCL1EBlzAYq4v
HcUTnwfHVLqqrn9SViHeZQK+Hcl9mfo+/EdkvlIeqtFchioMQhAJYylkfkKkKTWFAJ6S55iSwjlU
4EJ58EIEK0Ikjt1QOHkSx14CPhJQkLUgTKN81fW86oudy/lEyA8dmTtelKjUCcI0Vn4mUxFESShC
XznK9/1cKTLzZgtPy7pzqVSDGG22mohLjptGaea5MAUPXc7dPBKOK13pwZ/DSBJFN4TThRoceDsr
api3KnLV9db5/cs4jlz4qYDDZoEMcjdSsUCAOZGE06SCBz7e58EBjT1meiZ+Qu4psM3Jmo6AbmQY
CoUiInUiKMjhGc/dLDIYBcUMG51Fz1uVl0q3Dxp8LEkKA1c6rghSGSgJPPVCzpOAx0HMJSwXcjdK
vSCC//0aSYzq6hdEQx0QQsae9NNA8DgNJCA74j5CSjgpSEYCfppECBL1BVGqf2at6qjTGm2IUE3i
hLuIp9ALwjxTcZInTuIogIdPseZniLMIHZQm1zUKqaqtm7US1oT4/zLzHAcgo0KVC4kQzaF5wX3u
pSLDH0HKEdNuZPGdPOnc/j0Gh5depvA/yTlALA0JYfwsBd44mYDPOByEQzeHV/Iviczw91AV/UgM
8Ir4RCQlikd+oLjn+07Ik8RF6Mahg2ygYheJIc2eIEZZXPSzdihVN1L0L1MfUeF7ETIjmEkR7Agi
eBXIZ1mg3DQGjMjEqp24IYIzahLxBzRuuugEvuZdCk6AmOdSSgJCB66BPOS5URDwAI4XA1QiIcUJ
MWo2ZyjpWxuFsB/gDYgPtYcZkNkPQTn0EcG5chJNDukNPoEQOuWMeu7PaiTjXeaRUjJX0nWSUEo3
D0RI4JgirrnjxbGkzAK+T8j06rHHH5um5L2yweRdRnmOfKM4HNRzkS8TBF8cKA8QhdD0ROgKJBAv
OCVWbDRHoY5IgdhBTRIjfjPkI5QgAIgg8JDfkLoBwlmeBq6KT4lALG1FxTegFWiACKPYi12Eb+bA
UAFCJYvSQMWOIyIP2TdBBOV+fMKQdaoU0RxduiLiqYLJPRg/BWymOTBF+UIlCRSWIi/BpXJSUIfw
6QCW1bm2vyVDUBVeonTwZI40IlIndCj5A/pdoCZqAcd33RhRFOLd02QQwARcalbW9eeh2SlcQbE5
ciXEkQnQzvcRtkgP4NZJvDRHiEueuOkJ1U3DR2cyepJChIh+juTMoZ48lZ6A2eHfnke+zuESyg3y
IzqyyHNLwbt0kQtQCQE1Q45CJBJIVxngXKXShfkAT9yFmP4RBVXdF21d2cot1InO4XEYC54B17JY
5QCRyIXK3cBXkUiRe5GrQNQ7JvTY1G2v2h07IUAl9lyZoT4SCbDXUXRu7gBkAg4zKDgRUtgxO6uy
zngJHzI+TZScywwGQlaJUxCgEjDxRAYIR+JHFUhQ4KZZgsrmiJJpcmaqAgofahrixQGizZMOj6ST
KDdCiMlEQCIfqQ9pPQlSN86Sp8jZ/KCpGfu7XsyDCNhJqIS07jmuF/qhF6G6lWGAPBiJOAmOvapV
YtBJcKZPrx77PXOR5/lulkcwXJbCrUWA+h/FS+BnoXLhUcJ1ZeSfkOvqoRVqVjckq62cfUsw9GM3
AQ1ACsqvUKVuHscAF/AY54kUPsLqxCvsoSQlU/cygaoROpnvB4SNaaQisOUmyA+wSxryPPMEfO6I
wmFjRJASAcCTyHVDlFrSd1GSoqj0kbhC1KkxqlaQCbku4LvtJq+rLRqzcgvgLWfCsnOPjBeDlqek
jMMsyZDMkd4l6jDUoigfMi/KEmADcqBCUQda/Vp1SiEFEzTROYxGAyoRYijEFz5SVYgaxkGBGaAm
QAOmONKMg2LOoxqRpHpQ2ab+ibf9OUp21RpESSn7IjlGqHEUlT6p8NNcopZD8kQl5XM/9hPCzyQ9
rgj3P2cbwhH0iLPf2gde/uaG8Rc65AXGbBSCsqPjoH3fS42taafnVFJAJN3RTZ5d757Yy7rKixUd
66llu6yefVSSvRhWLGSes/CSheOxj6//jAfPofclr1YDMu3FfaHnb+peXtAPs8+MmteL/UnA/gWh
xoWbur5HgytM2wByLzTRDX+cIb1tIcCFG+pFDX9A1YFW2lRpFzOXhh/WSM6zsuj6izrPaURVdEI5
+3FQ7fairg6GWoTcOItXVT1UCByzy4yLdaHMcXhnV+U1BdaOL7sQSpTU+o7PzX1j5xMkF2Io++2F
kUgfIAAxZp3q6cSn02opsU1ptPJQt6Xcj8Ff5cEU8v2LV1ffvPjw5pZGif15A0fEMnnxb/o/CDL0
9azj98pyASs8zGRBZZVQFwkNPWb14wzz1nbKkVPOtxtqU54xOgFiQtt+MFCiXUAf5u6PR2Zvr+ES
7Jaii41yMd4qhoBjdQX/6de8Z4IU3LNMsaIS5SD1mSD7wvWI1k29wcqc9V/S7HiupuPJMkiag2S2
BeZZWqzIGcxT5IXeAZYBwvbllgjD3Xbk0AXlHLbp2ENdfdUz3jSKt4y0h8a1oCZ/SxzSubKR+2Gt
KjY0q5ZLEJgvK3JcQ2yxrBh79nGtiDE65e5UJRlI2PMw6KDlVUflmTSvNavoKTgIQ5+l6rW+AACF
UGytT1VpZEOUjeONcbVgOS87RS+69dDLGmFgPxEt2HJijv8YEkEPnMLmU9aUig6HW/VDXVR/WE40
ty/Ksn5gFCh0Dm+P49h9wdl/UKTQHB0yM/vqYNtnVzp+7CIGZhlFAIMZoSkil22Z1S/Nt+G2e31I
6iNgHW4CZaMIJ66NTUjXsMJntgHrQ6vjkMESmSKuoTH148BL0uWquMfce14Oip3ZTYFFz4m62ZE6
LsKWGWxBB5oLvNZ7fzdsMvpQkbMX3bYSt7z7DG9oUZF3cz3hQwd7kb+PktK0NYqkeoBJMb2bMh2z
zMY2gmTKqKSDIJT0tG6QNGhsg9pR6CmG+I22OWSC67X1YwG3U1ADRNLuXO2YI91ahl7n5MD6Owoc
dcqK/iuor2/1MqkICrUfnSxmZ5BhgAt4Wi1ajJmVdKFJnTow197RDlVF5pSEP3WjjaAPF7s5e6Xu
7W+2KVZrRHjLu/X0MCKt55BG2nZoejNqFEaK2YA3K5c2LiJVnxxKEyXmU9HQPc0B+Qj5XA1Fw7vm
B45GadRMWuivdhSqBNrt1gTqX3Rpybo675kZRxxsip7ifaNWPNv2UDi7MZp2tG6LTn/nouW3ZLSH
QiteOxQC+WFmCI0+1mkB8wIcAqUUHfYTmbxVatzS+DiMNVDoslUNO1GTqp2CNrIVsGZtwRySArtr
WDYndP/vJdiA11/jn3LnP8d/19eNZsFC6o4lS65jQA/KkUruGKJdT7nSAPBRR4Rlrvvqd2BPx4Tm
h9CCodRvoUdEuXpE3a+Rtzb8mmik7LWbrR4FCoBuL44BrXe3Vwt2++3rG/bm9dvXt+zF9fWb11c3
7PrqPfv47v1fr95PGSax23eYdcU+fvvuzRW7fv/u5dXNzfw0/J9UxrVqi1rnZ4LgjsQTa6XBWOti
B7Mu1I4KQWpU0VNmAEFlAFaTQu0IKQHNcCSS9m/5mfEvFG+UDyuaZjfTlA0RgO4ewse4xh7vKHtQ
2tcL5l/OJjcw0CBhtEYJqg6MXoldY1WzdicDPEs13V5U37Gyds+fZslK7lvJV7zN6PuFqEt7jKix
52nt6igjduwqZlcBtTe8GnQtcsgJ6rQBHvh8OmaDUxccndAk1jwHLSPvZh99c/bOoL1xdxQT9VDK
HS8F0sdDxfb8d4Zwo9mHoBHaDyMrdvtG48QX6VG7jqGwk42uQoxp1qy2M2aHjnloYZLGWvIL32BP
uNSRd9yM9SOZrMVO5IbWkeWwaUyxZSo6Zl/M6MVor1c0yS7QvGs2RwnoNsaDQqjzJxSMdI2Uhx3u
4WRdNyiChX4Nq63G4pPwinbbczUdDWmqA1tjzg03NPVv6omaJLEeqs/dyPtL3tBosRk2yK5IrC0b
WwEyJDPNjuFir1eKF6tKHTFf+hhq78ZypDecUVE8IN0GO4u9qs2rU5+mqogwz9A3k8cQMrTsxEPJ
dM0wE2jK1E62V2BFVykoHEl74M6UFoYKfUBU1HfQGiPhXjoss/o08ow70+RxX6PAkroCS/fXSf2a
Hy6rSvVksIVNECjK1nVpisuM92g2qQjXLHd0h4HZFKOxzTRC9q1JLJnalZkmsz07tNL4imC13fZr
3QXM3AMDauPpjWf9yAxgO4wsau8rWN17UvEojeTU2ugSnxZj0LI1Z9+iCoQvXeiyjr28/jBldNsG
Eyv5UEi4vS4TDHru6M80/QWLx4J7X4t3WjsHc+fshQRQrXmZn6OzNA2CVPBhuxU2ZfQhlRzsIBD3
Se+A2FE/80ioRsUlL6cGNGlr++l8zm5bnS9qXUN/uK6uxwp83ypSg0GLHpBPiebQVM3MPp+0PG9t
QHbFT2pnaqrVRwt3lAttIYVa3njOQdYNUs8sej5n13ZNyduVXsBtz2rdRO+Yt3xF0sFcEKtrSl3K
UCO6AfOEA2gVIefLsqDzDt1Z04UK9JDs7e0HzWkHkUjsbOgZdfLayvvtTMcxH2Fo0w8zWrXQ3FIA
SJUNq8XYxfyJudS92CJujSjW75ltZDvTepOTV11tcpp1FJeIGdwy1F6u67rT7fnYvKixPdXgJnnP
WcfvRxCls5HxlIfe7eOdPq4CCRTvR4wBp9pu07Fa1o1W05pypWtQn+nypapFWTRMr4Ue3/ItdEjO
sqnvx96V4N9ipsat2fjObHnQq4ynP4eHC7f6dMA4gLmObs5V9Fxr7aGzpxQCXt8bXLBrZmbNgjUo
KO6LkrYxmGfj2e5CoM2r1a6ermhZeZo7puOso8OlJw90TH/3YlMP5NO5AWfr4qRKc6ankxGFs+7a
YRj6rbMJFr/XueVgsRa8UqZLzJQhlim6KMn0saBOB+vRA7TR9WnhUZYy4tNGO/ERmYyfsgpZhIZZ
Rtcwn+LSeZpN3oIS/GN0RDA7Lqa/d9z42ruph54NDTxSHZ61CEpAeiN9qLl31mevX+nN9JfpTock
6VO1ZGnUtYCuDbPSMXvmMGY7veZIdNCbMY89Yyt0LN1ePftzjZ2G5l+qyAbrAy90SwPgQMVvbNPU
zVCOzmgfCPb1HAsRvgYIXQ3PGhvWhK4UqQs21pn6YNOc5CxsxqODJ91hmWGTMKy9wMj+SEDu9Ub+
rj8Jnwztwu14uFmjNMvrA4sgymbrvm8OZq5rsoxmZd5sNs28qDXHVV1tN9Qj0FcsOmkT3Z51anzs
e7Z/r0XQkMVXqxa9pjlTsgdQptGma52fT+XT/CGC9RXcVs0sCJpcQKDwoEwhyhndhqUdO834XgA9
Nj84Ckbq2WneuKYxzhdKhUHNe+tMyHr6gxZh92E9pcfrQ9WhRK3ITw4OeKbAx2bNpxiGGihh9buS
BdCbKzTRMCEQqKKEYN6OicUcF/GjAyP7Beog4Qwoz5DbNIqNYGEJasub9+MeX1jayHpo6h4d9A6r
bUYiojR/LBzIsgSYtKE+CbOLxlPP+X4D++Zwh1Gbv57zLGwb65qoODhksDRAvrf6HI8T1nZQIwZ1
BLbItIhBJ7Oo46Wusop8RwilOgQxZ/OEQGOXbTAO9CxEjpmNlwXvbAmPqotvmnJ8oiIAPFpbLUaj
mXfwWzrpWbDvdfZG/pzqo59PRFRX5/s0efjNQItBlVRbSNthjx9hdOv8VMbSCV1n6E4Xk7ozg30K
8GrT7SH7Zl/Ng/nJ6LMNZQWTvfY7Ltg3b17cLryv42mYPrpT/9Gfel+7X9M/YzAYe9a3Cg8A14vE
MVBsnoLwuSl7zFH8YWNrIpxyC3RsT5106aGPjWA1sWXmFvDQjqA8VvPt7gxfIw7oIFUJ/eGkGxU2
Gz8AwBdMfffsGw01eis9/4jIoCsF+49KDkZmutia7w/Ian2BnKlHAF9nGyHxmerlThf90EhWoFLd
mp5ZzyN59TW40qQREzNGSk0fxUi7w+rJdKIee1XZC6Q/T16iQji8+JoJe0lxN0IfZCrJ26OxenMn
6x5geDRqP0XvB4a2PHyW5uLC7tn8s4jDkdXm6BruGunj8LlAlN0fDtDlWv3FOZ7T4yYzX5cOp1Al
Bvbl4VgjjqV+v7vZdrRSw353PIQCZXM4cnP95vBxs+1+LPXdYfuL6VtDHp3AM9QTjhs6gRPj5x9f
IyRiIfA/3RqIwzySsadCkTs5XT4I9O0LQTdJPZ/9kb7XH3yn32245frjpEe38OjictGYC3DhnG4N
/WRueu5m4/Fxc2yTmsShm3Ku69HH+OtX745UJes7LcrpIIaKY3MCLqquO5p4UxAg/NfbIx2dcIBH
akmPxcLgQ1uceMfBNVyfbl/QBXIwvD52zn22vtPF2OEVZ+1EK3P12dxLn9PNGNnZqw+kAA1oMhuv
2ZIft9umr/WArwdW8gubF0duonXjHw7tbrWsBuOMIzv/QzXbu2t9lLJf8Msv/wspjtiA
===END CRASH DUMP===
