PocketMine-MP Crash Dump Sun Aug 9 10:42:36 WIB 2020

Error: Cannot use NgLamVN\RankColor\EventListener as EventListener because the name is already in use
File: plugins/RankColor/src/NgLamVN/RankColor/RankColor
Line: 12
Type: E_COMPILE_ERROR

THIS CRASH WAS CAUSED BY A PLUGIN

Code:
[3] namespace NgLamVN\RankColor;
[4] 
[5] use NgLamVN\RankColor\EventListener;
[6] use pocketmine\Player;
[7] use pocketmine\plugin\PluginBase;
[8] 
[9] use _64FF00\PureChat\PureChat;
[10] use _64FF00\PurePerms\PurePerms;
[11] 
[12] use NgLamVN\RankColor\EventListener;
[13] 
[14] class RankColor extends PluginBase
[15] {
[16]     public $pc, $pp;
[17] 
[18]     public function getPC(): ?PureChat
[19]     {
[20]         return $this->pc;
[21]     }
[22] 

Backtrace:

PocketMine-MP version: 3.14.2 [Protocol 407]
Git commit: 4fc5b9772ab3a9612abb052dc4233104dcb0ea02
uname -a: Windows NT LAMPKVN 10.0 build 18363 (Windows 10) AMD64
PHP Version: 7.3.20
Zend version: 3.3.20
OS : WINNT, win
Composer libraries: 
- adhocore/json-comment 0.1.0@8448076039389f558f39ad0553aab87db3f81614
- ocramius/package-versions 1.5.1@1d32342b8c1eb27353c8887c366147b4c2da673c
- pocketmine/binaryutils 0.1.11@e8cb65db1b7998eebb739b124f2a989fe87366eb
- pocketmine/callback-validator 1.0.1@4aef6bb25f97d0b830ba0b4f66834b1a9c86fc9a
- pocketmine/classloader 0.1.0@4ccdb30e48f030bfcad04bb0a208d198ec631993
- pocketmine/log 0.2.0@e59bedb5d4bbeb9a26647cb7c367cb2fa72addfa
- pocketmine/log-pthreads 0.1.0@9bbcef398b01487ab47c234a6a7054722abbe067
- pocketmine/math 0.2.4@b1c28b236df8b795d7b06cf8421f9962b12ac410
- pocketmine/nbt 0.2.14@b31dca98443328c4bab76dc1b84c1473c79be20e
- pocketmine/raklib 0.12.8@9fea763ffc922db083e4528d4acd0b13d0ea83a4
- pocketmine/snooze 0.1.2@88420da3d9335dbcb3ee2decfd5e5453d057dcdf
- pocketmine/spl 0.4.1@ff0579a0be41bbe65d3637607715c0f87728a838
- doctrine/instantiator 1.3.1@f350df0268e904597e3bd9c4685c53e0e333feea
- myclabs/deep-copy 1.9.5@b2c28789e80a97badd14145fda39b545d83ca3ef
- phar-io/manifest 1.0.3@7761fcacf03b4d4f16e7ccb606d4879ca431fcf4
- phar-io/version 2.0.1@45a2ec53a73c70ce41d55cedef9063630abaf1b6
- phpdocumentor/reflection-common 2.1.0@6568f4687e5b41b054365f9ae03fcb1ed5f2069b
- phpdocumentor/reflection-docblock 5.1.0@cd72d394ca794d3466a3b2fc09d5a6c1dc86b47e
- phpdocumentor/type-resolver 1.2.0@30441f2752e493c639526b215ed81d54f369d693
- phpspec/prophecy v1.10.3@451c3cd1418cf640de218914901e51b064abb093
- phpstan/phpstan 0.12.29@9771daaf6b95c6313b908d0bcdee0afcd51f838a
- phpstan/phpstan-phpunit 0.12.11@ab783a8ea634ea23305a8818c4750603e714489b
- phpstan/phpstan-strict-rules 0.12.2@a670a59aff7cf96f75d21b974860ada10e25b2ee
- phpunit/php-code-coverage 8.0.2@ca6647ffddd2add025ab3f21644a441d7c146cdc
- phpunit/php-file-iterator 3.0.2@eba15e538f2bb3fe018b7bbb47d2fe32d404bfd2
- phpunit/php-invoker 3.0.1@62f696ad0d140e0e513e69eaafdebb674d622b4c
- phpunit/php-text-template 2.0.1@0c69cbf965d5317ba33f24a352539f354a25db09
- phpunit/php-timer 5.0.0@b0d089de001ba60ffa3be36b23e1b8150d072238
- phpunit/php-token-stream 4.0.2@e61c593e9734b47ef462340c24fca8d6a57da14e
- phpunit/phpunit 9.2.5@ad7cc5ec3ab2597b329880e30442d9054526023b
- sebastian/code-unit 1.0.3@d650ef9b1fece15ed4d6eaed6e6b469b7b81183a
- sebastian/code-unit-reverse-lookup 2.0.1@c771130f0e8669104a4320b7101a81c2cc2963ef
- sebastian/comparator 4.0.2@266d85ef789da8c41f06af4093c43e9798af2784
- sebastian/diff 4.0.1@3e523c576f29dacecff309f35e4cc5a5c168e78a
- sebastian/environment 5.1.1@16eb0fa43e29c33d7f2117ed23072e26fc5ab34e
- sebastian/exporter 4.0.1@d12fbca85da932d01d941b59e4b71a0d559db091
- sebastian/global-state 4.0.0@bdb1e7c79e592b8c82cb1699be3c8743119b8a72
- sebastian/object-enumerator 4.0.1@15f319d67c49fc55ebcdbffb3377433125588455
- sebastian/object-reflector 2.0.1@14e04b3c25b821cc0702d4837803fe497680b062
- sebastian/recursion-context 4.0.1@a32789e5f0157c10cf216ce6c5136db12a12b847
- sebastian/resource-operations 3.0.1@71421c1745788de4facae1b79af923650bd3ec15
- sebastian/type 2.1.0@bad49207c6f854e7a25cef0ea948ac8ebe3ef9d8
- sebastian/version 3.0.0@0411bde656dce64202b39c2f4473993a9081d39e
- symfony/polyfill-ctype v1.17.1@2edd75b8b35d62fd3eeabba73b26b8f1f60ce13d
- theseer/tokenizer 1.1.3@11336f6f84e16a720dae9d8e6ed5019efa85a0f9
- webmozart/assert 1.9.0@9dc4f203e36f2b486149058bade43c851dd97451
- pocketmine/pocketmine-mp 3.14.2@4fc5b9772ab3a9612abb052dc4233104dcb0ea02

Loaded plugins:
DEVirion 1.2.7 by poggit, SOFe for API(s) 3.0.0
PiggyCustomEnchants 2.3.0 by DaPigGuy for API(s) 3.14.0
Sheep 5.2.3 by KnownUnown for API(s) 3.0.0
PurePerms 1.4.3 by 64FF00 & ProjectInfinity for API(s) 3.0.0
FactionsPro 1.3.20 by Tethered_ for API(s) 3.0.0
DevTools 1.14.0 by PocketMine Team for API(s) 3.11.3
ScoreHud 5.2.0 by JackMD for API(s) 3.0.0
Slapper 1.6.0 by jojoe77777 for API(s) 3.13.0
MultiWorld 1.5.2 by CzechPMDevs, VixikCZ, fuyutsuki, kaliiks for API(s) 3.0.0
EconomyAPI 5.7.2 by onebone for API(s) 3.0.0
PureChat 1.4.11 by LamPocketVN for API(s) 3.0.0

----------------------REPORT THE DATA BELOW THIS LINE-----------------------

===BEGIN CRASH DUMP===
eNrNW/tz3MaR/lfmKNfFuuIu8X7QpRwVioqV6METaSuV8Eo1mBnswsQCCB6k1i7/7/f1zAALUIxi
J/7hXIm4GMz09PPr7gHw01Fetzvef7xTbVfU1dGpf3zUFzt1dOqGaZQGQRhGx0eqbev26PSno37f
4NbRxcfzd28uX72++Hjx/v2790fHRzvVdXxD9855VdU9GzrF3m5e8933b29u3vPq9rwu6/bm5uJO
Vf3routVpVrGO7YcyJTgtLTfKlbxnWJFx3jZKi73rKiIKjbLi5J2asphU1TdyUT9pGvFid10Njr9
wtKyqEg27+dju/xjUd3V5Z3agQvQlEWrRI+JopaKJPYxSIx0DRePSfQN5gaYgz8h/vwisWlNZCc3
tbhV/Q5s3dxclnxv7saP3DX80iz6+wfeKZqZmL1Tu+BjFLx86TiYNbTqfMv7wy+a7TqPzbtU7a6b
/dQzXUPY9X6NVK5vV5FKRMm7jk3TmfqEebJjBwFoJmntJ/pBGmH4rxmyshDsq0Yc459Gk40t2WQ5
Jx8q0cNt2Ub1l+dfPz1l/z1KS7NTO5vIe469oP9a1Q9txb7qt0W3+n0jaA/PtRN+pguS+ghO0rcw
+9Hp3/73+GhDQvKSnIIcAhMutXXewDqrN5dYlUGkQyQd+Ws3WHs0PhSlhNclrnt8VHQfpbo7Os15
2Sl4YVv3tahBNnBibFKQFwa5CLM0jj2e+TyNXPzNnNCTIvB833UCKTJHcYdoD5aXD0Ul6/uOvb1m
r5+/ufzz92+Z66wdpvdmbuJHPvt6nOQ6T9nzNy+iAASabYPl8dpfQ0XHRz/CRJp3e43bH+uONnj1
9u01BvTFfVHpGNk1dafaj2WRtbwtVEfK4XILgVp18kNXVyvMsaHlrN21c5YEQeLEkeOnfpLmYZjk
fsqlE4Y+51kSy8zPEzdyibNatHxXDN0JQu8W4LKyqiUG3HW4ds9c6Xt+4GWJcFXmxX7oiyRJYuFH
oBBngfAkj2JfkBxTJJ1kRcXb/dAXZWfZct0zlYgsCmXmZnGaJkplWeynmesFucdTcKqSGFRVtiQl
eFlm4G51x8tC8p5QEryB5lnAVR5lmRfmaSydLPGdjDtZkEdR4geZy1ORRLlI+QOCFDNlzaVqJ5UF
QkAtjgqS3AGVXEBfARyCe04iXTArIt9NU39Jqaw3moIHCipMMyWzUGKZylLuRVEQi4wUhT9ezuFp
Uub8Mwqrpt8S+HYTM2mWCQWbJZnjBknMMxCCDXjEYycMYo9cVTlRvCSFFLO13ARnmSu8JPP8SOYJ
tB3KOHMikSeB5+ZpGnnQOheB6yxJVFlvKbgg4btSwC5B4PteIoKMZ3EkhZslgYDlfRFDYM9RSxIt
v4WnGlG8dXIGq/I48nOYwfNk5iS+CkIvkQEXsJjrSwRZ4vNgSaWr6vpHZRXinSXg25Hcl6nvw39E
5ivlSSVyGaowCEEkjKWQ+QMiTakpBPCUPMeUFM6hAhfKgxciWBEiceyGwskT4EACPhJQkLXoW1qP
vNfzqi8ml/OJkB86Mne8KFGpE4RprPxMpiKIklCEvnKU7/u5UmTm3R6elnUnUqkGMdrsNZF0HZ5l
HqwTJ6lKHJ7GGfzCDdwgzCFimkEgmfiC+0rLs+Xtqqhh3arIVddb3/fP4jhy4aYC/poFMsjdSMUC
8eVEEj6TCh74uJ8HMxoH2PRM+ITcU+CakzEdAdXIMBRKqjx1IujH4RnP3SwyEAW9DAQzyPatykul
s4LGHkuSXDcKoySHMmIVZtA03NWPEJ1cOX4uMlfJMPecKM2+RBKjWQkzgmioiQoZe9JPA8HjNJB+
EEXcR0QJJ5UhjwTcNIkQI+ozolRKrVrVUfFhTEiR6jtB4OZeHHoqSH0Edhp6Uea5oZIJNBDkfpTK
yMT6tukaJU6QQZqtEmTBO0AZ6T8IXeELMlwi8ihwpPLcJHWD1HFVCMmjgBLKRAWedGL/jsHhpWfI
P67kHCCWhoQwfpYCb5xMwGccngsZujm8kn9OZIW/Q1X0IzHAK+ITkZQoHvmB4shiTsiTBOwFcegg
G6jYRWIYdb8g1sHjRb9qh1J1E3tnwHWHhynP81jkaZTHofRc5MwgiRwuuesoL8w8ZfVO3BDBFZV1
+AcqN9VqAmfzzgQnQMxzKSUBoeOFSLy550ZBwGEPGQNUIiHFA2JUh66KHrRMFPqamMo4zBX6Se5l
oKIcFyiXZXAC6eXK92QA9M6l94AY1aG3aiTjnkVeHqURoB5mdBC7oeurKFUwiERyiuJARp6HFPeA
TI8qC//smpL3aoomR0SpyKCnUIa+i6gGEHgB90Mv9FPARsA9YJeTPiSGTqDVro5S4ixzpJOkUjmO
m/HIyXN4uvLhnb4C8LrAHgf4r3FqQQRiaSsqvqPaxigpckWY+iqNkQwRHohLZBFHIN8KnsiIAzS5
Gzwwn3WqFKESnnGYRYRK+BxJFkjle2mSAOMQQZ5MEd2IHMfzyaU62KQDWFYn2v6WjMEqGYUOQCVz
cyUUxRkUq7jCP4hboEEM0VA+8cfJIIIJudSqrOvboZkULhA8ru/kjkqiKEXJBsjznCx2HZcnyH9C
eGlkUHROddfw0ZmMnpCpZRKqHIAsOaLFzZ2I5wFiVwSkvTThQIskWNCRRZ5bCu6Zr0LPF2Ec5R5I
CCSm3HfI5gp1RchD4SJdxMlSPlXdFW1d2cqNkA7FFqofJ4ccykuF78sYAeLGSno+zK48FDMUNdpk
M0KfmrrtVTuxI10vz2DiUPIUseC4MgUWh6kKoBzuAORTckR3QWVT1hkv4UPGpwPjjijWkFbiFNUN
lYCJBxCPUiR+VIExMoybZgkqmwWlOvsBSL5SFWB4rmmIF+aooiQKoiCFKKEC0GV5nvl+DGK+66FW
TdAOP0bOJghNzdgfroso9wVAKPFcIZzYQeAnfpwg2QDa4yhxgMNL5tB6DjoLAqEqCuSJOe57lJLD
3HFDgJEjCJyEigRQIZJUMLlQQRA/INfVQyvUqm5IVls5G3QB3IItNw7COEmkCnIuuKLal+cpKrPQ
yaSvhLuU1nb/JpuiMghSz4lFlCdhoGIgCApDVExpkHCRKJgBYSWTBYV5c0Q2dALXzSRKHhRvKkIh
5WV+Krw8QA2HipYj46DGT7VP7Xd5Xe1PmrrcA3jLlbDsUNKLIZKnpIyh7gxlGMAT/CtkOdQPGTJo
krt5hDICRR1o9VvVKYUcTNBU/GjzL4qoMwStH+UQKVAuSlqq7BSEUBGqA8dNVQ7P5U5OQHmvsl39
I2/7E5Tsqu1tBYUSGX0aKgkf2IgUgIREiTdMoDAVwDVDV0rkqdBdVoSHn6tdM3WPZ7+4Ffx5OtLQ
XdiLi++LVqt6alenoeOjgx2o7CC34UO/rVss/RuY2lAbenx09e6lOkLny5uCxrXJ6FpVPCsV2sS+
HdDCStVQX2+65K7O+xfzgR0vaB9D9ObmTrNwc4Me2P6asUWND+ZeXT9/f/3dpdFxV+iYp2b8sths
9udD19e7i0psUf928278kbtzST3UyM5S0hcci/447BdCQu1LKW2n/ovEHCne3DzCzqODB7Ev311d
f3j3/vWLheDbvm+605MTaG87ZGvkiJNxk5NHyJ2Qoq62KOtnqjHXc2WEMLu/VMafq/q++o7++aLN
f4029L43N/qPOfX5pdLe39+vZxIfeDsxspA3jMdVcx+YxpY+HjwU1hx/sf9kl21NEP6qyguk8/1v
JvoXD9j+BZvrtfbA80AHanjJdWfSQZCZIuajS1XYc52ZLq4V8LBV8uO/KfzRczSkVw3f0aYHTcxY
ubmxF2/4P3cFEu6Furuu63Ju4mloKZaO2oVYh9M5dk2l5yLGoYd/FclGBoBcB1a+gFyPGXNi7WSi
QWFLx2bfDnIeuePQw+B9IOyfuLh98+I3815DDpFrtz/8+iVWuyp506h2LoYdWdoseijFD/UPtYrp
v6W1/H9DlM5sfXPzS3zuEVsdeDoZpYCIb4ayLz7UbTk31mxwKWioj4Fngp7/qMT28g2MT87zffGp
uD3/Kz3ZGPZD3w23BX7f8rIobrvfzKaC9mx2SLxw3R2xek+sQjFztn+temaSnMwIQUUXKGLr3f75
5auZimaDS4+OH6qorlSG//9m4lt6NzfKsACiNzcLdv6pX0/PFpYJxz5uWOYb112K8xqwqKP++7e/
TqRFTpvD+uf4uwT9v6DCqofu8mI1jh/9g/S0fE70GyQnTUYXpGhndwr93wNEXr25XNPJnxZCtVDd
mo6xUEXrhwhHTy6nK3ZeIzdvGB223LQ31ZMPSrLnw4aFzHNOveTU8diHV3/AhefQ/ZJXm4Fv1LO7
Qs/f1b18Rj/MPisy3LM/FVUtb9+q+9kNalSfuanrezS4wbQduvxnmuiOf1o1+ulc98wN9aKG31cr
enpjTgafrVwavt9CSauy6PpndZ7TiLHs6u+DavfPUO8ehlo43ziLHpoOFXo1s8uKi22hzFPJzq7K
a+rlJr7sQihREjSP181dY+fTKUAhEJL7Z0Yi/fwKTeqqU31fVJtOq6XENqXRisGDaQwtkpxNoXbr
2YuLl8+/e31No8T+ukHvg2Xy2X/p/yDI0Nerjt8pywWscL+SBZ3kCfUsoaFPWf1pRaFhpyz6oPV+
RyfjTxjBNRPa9oPpXrULMKiBLRwJLsGuqaFjo1yMt+YJMuK9ww/eM2GeSmeKFZUoBwkfAvnPXI9o
XdU7rMxZ/znNjufqmNVULnVEkmWt4rdsjzbb0mJFzmCeIi/0DrAMPU8u90QY7jaRO5FoJWGbjt3X
1e96RomFt4y0t4Ow9FxJP/CmJ5RG7vutqtjQbFouQWB9U5HjGmKnNxVjTz5sdR3H+hq7VJKBBKOz
U2K+b3nV0YmgNLc1q2WNbSAqfqle64uaMqEYGglZag3uiLJxvDGuTpmGKLrRbYdeoiZf2af/p+zm
6MrQbhUs3hJ3x6wpFYcmW/VDXVT/cXOkuX1elvU9o0DBHGYbV3ZXcPY/FCk0R4fMyt6abfvkQseP
XcTALKMIYDAjNEXksj2z+qX5Ntym23NSHwpoqa6gbC4lcW1sQrqGFW7ZDqwD0CgO6VWETBHX9Cz7
7wMvSZeb4g5z73g5KPa13RRY9JSomx3plJ+wZQVbbDaqPcVtvffbYZdBVXC1592+Ete8u4U3tLdw
rrWe8F0He5G/j5LStG2LlDXApJjeHTMds8zGNoLkmNEpIgShXKR1A+Smsd1Qwa1oiiF+pW1Or1c0
4PNTAbdTUANE0u5cTcyRbi1Dr3JyYJpDjnrMiv53UF/f6mVSERSaNzeWi9nXkIHeIfC0WrQYKyvp
qSb10IG59o52qCoypyT8qRttBP08u1szFBz2N9sVmy0ivOXd9ngekdZzSCNtOzS9GTUKI8XswJuV
SxsXkaofVksTJfyuLiTYfpwD8hHyuRqKhnetZ46GySszafI0ZBCgdrs3kfpHfZzJKHszM45A2BU9
BfxObXi276FxdmVU7WjlFh3R1suvyWr3hda89ihE8v3KEBqdrNMS5gVYBEwpek+DyOStUuOWxslh
rYFil21qGIoejGivoI3sqatm7ZQ5JAV217hsngr/v5eAip0v8U/J89/jv+vrRrNgMXViyZLrGOCD
kqSSE0O060OuNAJ80CFhmet+9xuwp4NC80NwwcSAdFQhHTH1SYlBQ29t+DXhSOlrmq0+CVQA3UEc
g1rvri9O2fW3r67Y61dvXl2z55eXr19dXLHLi/cM1eKfL94fM0xi1+8w64J9+Pbd6wt2+f7d+cXV
1fph/D+qDFS7Ra0TNGFwR+KJrdJorHUx4awLtaNEkBpW9JQVUFAZhNWkUDxCSmAzHImk/Ud+ZvwL
1RslxIqm2c00ZUMEqHvAcDowsHu8o/RBeV8vWH8+m9zAFvgwWqMElQdGr8SusapZO8kAz1JNdxDV
d6ys3dPHWbKS+1byDW8zemdG1KV9dq2x53Ht6igjduwqZlcBtne8GnQxMucEhdoAD3x6PKaDhy44
OqHJrHkOWkbe3SH61uydgXvj7qgm6qGUEy8F8sd9xQ78d4Zwo9mHoJHjWFmx20uNE5/lR+06hsIk
W97WuzHPmtV2xmrumHMLkzTWkp/5BnvEpRbecTUWkGSyFjuRG1pHlsOuMdWWKemYvbGiG6O9XtAk
u0DzrtkcJaBXKO8VQp0/omDka+Q87HBHL1J2gyJY6Lew2masPgmvaLcDV8ejIU15YIvMteGGpv5D
PVGXJLZDdduNvJ/zhkaL3bBDekVmbdnYC5Ahmel2DBcHvVK8WFXqiPncx1B8N5YjveGKquIB+TaY
LPaiNrce+jSVRYR5hr6ZPIaQoWUnziXTRcNKoCtTk2wvwIouU1A5kvbAnaktDBV6aU1R40FrjIQH
6bDM6tPIM+5Mk8d9jQJLagss3S+T+pIf3lSV6slgpzZBoCrb1qWpLjPeo9ukKlyzjIIJLmRTjMY2
0wnZuyaxZGqqM01mezK30niLYLXd91vdBqzcmQG18fTGq35kBrAdRha1DyWsbj6pepRGcuptdI1P
izFo2Vqzb1EGwpee6bqOnV9+d4y14CFDfN0XEm6vywSDnhP9laZ/yuKx4j4U453Wzmzumj2XAKot
L/MTtJamQ5AKPmy3wqaMzk7IwWaBeEh6M2KLhuYToRpVl7w8NqBJW9vXNdfsutX5otZF9HeX1eVY
gh96ReowaNE98inRHJqqWdnrBz3PGxuQXfGjmkxNxfpo4Y5yoS2kUMwbz5ll3SD1zKKna3Zp15S8
3egF3Dat1k30jnnLNyQdzAWxuqbUpQx1ojswTziAXhFynpcFHXjo1rpFi4Umkr25/k5z2kEkEjsb
ekatvLbyYTvTcqxHGNr1w4pWnWpuKQCkyobN6djG/J651L7YIm6LKNb3me1kO9N7k5NXXW1ymnUU
l4gZ3DLUzrd13en+fOxe1NifanCTvOes43cjiNLhyHjMQ/cO8U4v9AEJFO9HjAGn5kBwrJZ1p9W0
plzpGtRnunypalEWDdNrocc3fM/Me/S7+m5sXgn+LWZq3FqN98yW3QEtxuOf+enCtT4eMA5gvhkw
Byt6rrX20NljCgGv7w0u2DUrs+aUNSgo7oqStjGYZ+PZ7kKgzavNVE9XtKx8mDuOx1mL06VHT3RM
g/d8Vw/k07kBZ+vipEpzqKeTEYWzbtthGPqtswkWv9e5ZbZYC14p0yZmyhDLVE4eqc8FdTrYjh6g
ja6PCxdZyohPG03iIzIZf8gqZBEaZplCAniMS+dxNnkLSvCP0RHB7LiY/k7c+Nq7qYleDQ08Us0P
WwQlIL2RPtU8OOuTVy/0Zvp1yE6HJOlTtWRp1LWArh2z0jF76DBmO71mITrorZjHnrANOpbuoJ7D
wcakofXnKrLBes8L3dIAOFDxG9s0dTOUozPaC4J9PcdChK8BQlfDq8aGNaErReopG+tMfbJpjnJO
bcajkyfdYZlhkzCsvcDI4UxAHvRG/q5fQ3wwNIXbcrjZojTL65lFEGUrcwY/zdzWZBnNyrrZ7Zp1
UWuOq7ra76hHoDen6KhNdAfWqfGx99nhvhZBQxbfbFr0muZQyZ5AmUabPoq4fSif5g8R/O7Fu1Po
Y2VB0OQCAoV7ZQpRjtC51zt2mvGDAHpsPTsLRuqZNG9c0xjnM6XCoOa+dSZkPf0SFWH3vJ7S4/Vc
dShRK/KT2QnPMfCx2fJjDEMNlLD6qWQB9OYKTTRMCASqKCGYu2NiMedFfHFiZJ8MzRLOgPIMuU2j
2AgWlqC2vLk/7vGZpY2sc1P36KAnrLYZiYjS/LFwIMsSYNKG+ijMLhqPPdeHDeyd+Q6jNr+c8yxs
G+uaqJgdMlgaIN9bfY7HCVs7qBGDOgJbZFrEoKNZ1PFSV1lFPhFCqQ5BzOE8IdDYZRuMAz0LkWNm
42XBO1vCo+riu6Ycr6gIAI/WVqej0cw9+C2d9Jyyv+nsjfx5rI9+/peI6ur8kCbnDw20GFRJtYW0
Hfb4FEa3zo9lLJ3QdYbudDGpOzN6sgpebbqds2/21TyYn4ye21BWMNnrsOMpe/n6+fWp9018HKaf
3GP/k3/sfeN+I5WoDcZ+3bcKFwDXZ4ljoNhcBeFTU/aYs/h5Y2sinHILdGxPnaZP+EpYTezpMcQg
+qEdQXms5tvpEF8jDuggVQn95KQbFbYanwDAF0x99+Slhhq9lZ6/IDLoSsF+3DcbWelia304IKsb
3QuqTwC+zjZC4pbq5U4X/dBIVqBS3ZueWc8jefWnF6VJIyZmjJSaPoqRdsLqo+Mj/c2b/Wjpp6Nz
VAjzj60yYT+MmUboiUwlebsYq3cfZd0DDBej9vXHw8DQlvNraV6Wna7zojQv4k4jm93i068t0sf8
ukCU3c0H6IMu/Xg71i9u7DLzeGk+hSoxsC/nY41YSv1++pxisVLDfrccQoGym49cXb6eX+723d9L
/b2a/cXoTXXXoyN4hnrCcUMncGL8/OoVQiIWAv9LIxXFYR7J2FOhyJ3ci+I8SJQbxYLervR89hW9
Izp7N3TacM/100n9Bix9LFc05uWjcE1vYP9ovi6aZuPy025pk5rE8RzHd12PXiK9fPFuoSpZf9Si
PBzEULE0J+Ci6rrFxKuCAOEvbxY6esABLqklXYqFwfu2eOAds0+/fPrqir5aBMPbpXMesvVHXYzN
P6vTTrQxn9uZN1r1Sx6ys++dkgI0oMls/LSL/LjdN32tB3w9sJGf2bxYuInWjT8fmt6k3gzGGUd2
/ko127tLfZRyWPDzz/8H4EkYyw==
===END CRASH DUMP===
