Altay Crash Dump Sun Aug 9 22:14:38 WIB 2020

Error: Undefined index: type
File: src/pocketmine/inventory/CraftingManager
Line: 58
Type: ErrorException

Code:
[49] 	public function __construct(){
[50] 		$this->init();
[51] 	}
[52] 
[53] 	public function init() : void{
[54] 		$recipes = json_decode(file_get_contents(\pocketmine\RESOURCE_PATH . "vanilla" . DIRECTORY_SEPARATOR . "recipes.json"), true);
[55] 
[56] 		$itemDeserializerFunc = \Closure::fromCallable([Item::class, 'jsonDeserialize']);
[57] 		foreach($recipes as $recipe){
[58] 			switch($recipe["type"]){
[59] 				case "shapeless":
[60] 					if($recipe["block"] !== "crafting_table"){ //TODO: filter others out for now to avoid breaking economics
[61] 						break;
[62] 					}
[63] 					$this->registerShapelessRecipe(new ShapelessRecipe(
[64] 						array_map($itemDeserializerFunc, $recipe["input"]),
[65] 						array_map($itemDeserializerFunc, $recipe["output"])
[66] 					));
[67] 					break;
[68] 				case "shaped":

Backtrace:
#0 src/pocketmine/inventory/CraftingManager(58): pocketmine\utils\Utils::errorExceptionHandler(integer 8, string[21] Undefined index: type, string[89] phar://D:/MinecraftTool/JinodkNew/Altay.phar/src/pocketmine/inventory/CraftingMa, integer 58, array[3])
#1 src/pocketmine/inventory/CraftingManager(50): pocketmine\inventory\CraftingManager->init()
#2 src/pocketmine/Server(1586): pocketmine\inventory\CraftingManager->__construct()
#3 src/pocketmine/PocketMine(273): pocketmine\Server->__construct(object BaseClassLoader, object pocketmine\utils\MainLogger, string[27] D:\MinecraftTool\JinodkNew\, string[35] D:\MinecraftTool\JinodkNew\plugins\)
#4 src/pocketmine/PocketMine(304): pocketmine\server()
#5 (11): require(string[74] phar://D:/MinecraftTool/JinodkNew/Altay.phar/src/pocketmine/PocketMine.php)

Altay version: 3.14.3+dev [Protocol 407]
Git commit: 367119005833684a5e17eb87106a590fd9b4c7a5
uname -a: Windows NT LAMPKVN 10.0 build 18363 (Windows 10) AMD64
PHP Version: 7.3.20
Zend version: 3.3.20
OS : WINNT, win
Composer libraries: 
- adhocore/json-comment 0.1.0@8448076039389f558f39ad0553aab87db3f81614
- ocramius/package-versions 1.5.1@1d32342b8c1eb27353c8887c366147b4c2da673c
- pocketmine/binaryutils 0.1.11@e8cb65db1b7998eebb739b124f2a989fe87366eb
- pocketmine/callback-validator 1.0.1@4aef6bb25f97d0b830ba0b4f66834b1a9c86fc9a
- pocketmine/classloader 0.1.0@4ccdb30e48f030bfcad04bb0a208d198ec631993
- pocketmine/log 0.2.0@e59bedb5d4bbeb9a26647cb7c367cb2fa72addfa
- pocketmine/log-pthreads 0.1.0@9bbcef398b01487ab47c234a6a7054722abbe067
- pocketmine/math 0.2.4@b1c28b236df8b795d7b06cf8421f9962b12ac410
- pocketmine/nbt 0.2.14@b31dca98443328c4bab76dc1b84c1473c79be20e
- pocketmine/raklib 0.12.8@9fea763ffc922db083e4528d4acd0b13d0ea83a4
- pocketmine/snooze 0.1.2@88420da3d9335dbcb3ee2decfd5e5453d057dcdf
- pocketmine/spl 0.4.1@ff0579a0be41bbe65d3637607715c0f87728a838
- doctrine/instantiator 1.3.1@f350df0268e904597e3bd9c4685c53e0e333feea
- myclabs/deep-copy 1.10.1@969b211f9a51aa1f6c01d1d2aef56d3bd91598e5
- phar-io/manifest 1.0.3@7761fcacf03b4d4f16e7ccb606d4879ca431fcf4
- phar-io/version 2.0.1@45a2ec53a73c70ce41d55cedef9063630abaf1b6
- phpdocumentor/reflection-common 2.2.0@1d01c49d4ed62f25aa84a747ad35d5a16924662b
- phpdocumentor/reflection-docblock 5.1.0@cd72d394ca794d3466a3b2fc09d5a6c1dc86b47e
- phpdocumentor/type-resolver 1.3.0@e878a14a65245fbe78f8080eba03b47c3b705651
- phpspec/prophecy 1.11.1@b20034be5efcdab4fb60ca3a29cba2949aead160
- phpstan/phpstan 0.12.29@9771daaf6b95c6313b908d0bcdee0afcd51f838a
- phpstan/phpstan-phpunit 0.12.11@ab783a8ea634ea23305a8818c4750603e714489b
- phpstan/phpstan-strict-rules 0.12.3@937283265620af9e2005743134ebb4e197b12d8e
- phpunit/php-code-coverage 8.0.2@ca6647ffddd2add025ab3f21644a441d7c146cdc
- phpunit/php-file-iterator 3.0.4@25fefc5b19835ca653877fe081644a3f8c1d915e
- phpunit/php-invoker 3.0.2@f6eedfed1085dd1f4c599629459a0277d25f9a66
- phpunit/php-text-template 2.0.2@6ff9c8ea4d3212b88fcf74e25e516e2c51c99324
- phpunit/php-timer 5.0.1@cc49734779cbb302bf51a44297dab8c4bbf941e7
- phpunit/php-token-stream 4.0.3@5672711b6b07b14d5ab694e700c62eeb82fcf374
- phpunit/phpunit 9.2.6@1c6a9e4312e209e659f1fce3ce88dd197c2448f6
- sebastian/code-unit 1.0.5@c1e2df332c905079980b119c4db103117e5e5c90
- sebastian/code-unit-reverse-lookup 2.0.2@ee51f9bb0c6d8a43337055db3120829fa14da819
- sebastian/comparator 4.0.3@dcc580eadfaa4e7f9d2cf9ae1922134ea962e14f
- sebastian/diff 4.0.2@1e90b4cf905a7d06c420b1d2e9d11a4dc8a13113
- sebastian/environment 5.1.2@0a757cab9d5b7ef49a619f1143e6c9c1bc0fe9d2
- sebastian/exporter 4.0.2@571d721db4aec847a0e59690b954af33ebf9f023
- sebastian/global-state 4.0.0@bdb1e7c79e592b8c82cb1699be3c8743119b8a72
- sebastian/object-enumerator 4.0.2@074fed2d0a6d08e1677dd8ce9d32aecb384917b8
- sebastian/object-reflector 2.0.2@127a46f6b057441b201253526f81d5406d6c7840
- sebastian/recursion-context 4.0.2@062231bf61d2b9448c4fa5a7643b5e1829c11d63
- sebastian/resource-operations 3.0.2@0653718a5a629b065e91f774595267f8dc32e213
- sebastian/type 2.2.1@86991e2b33446cd96e648c18bcdb1e95afb2c05a
- sebastian/version 3.0.1@626586115d0ed31cb71483be55beb759b5af5a3c
- symfony/polyfill-ctype v1.17.1@2edd75b8b35d62fd3eeabba73b26b8f1f60ce13d
- theseer/tokenizer 1.2.0@75a63c33a8577608444246075ea0af0d052e452a
- webmozart/assert 1.9.1@bafc69caeb4d49c39fd0779086c03a3738cbb389
- pocketmine/pocketmine-mp dev-367119005833684a5e17eb87106a590fd9b4c7a5@367119005833684a5e17eb87106a590fd9b4c7a5

----------------------REPORT THE DATA BELOW THIS LINE-----------------------

===BEGIN CRASH DUMP===
eNrtW2tz3DaW/SuY9lRF3upu8f3olKbksZWJd+xYa8nr3U27VCAAdjNmkwwfkjqp/Pc9FwD7ZU02
M5MP+2FSKbsJAhf3ee69IPzzJK/bDe/v7lXbFXU1WfjTSV9s1GThhmmUJpETJ9NJybv+qm3rdrL4
edJvG7ye6OerR6GanhZOJxvVdXxFrz5UUuVFpSQr8OtxwfSS6SQfyvKboqQpzZq3i/PzV4vzt5go
Wp73t3Vdnv97UdXy83fq4fxF2fPtnOadd604b2rxWfUbTD4vqntV9XW7PX9J64pq9ZZX2LnF7Ia2
MVv81lVYUWLCZBFC0r7lAj+/nzxz2G8lcBYmzxdsP3O5HPqi7JbLD/TXYqGONPUtr2SJRUXVKyxm
yZR1fQtq33vuJ/ak6nYzkvQT+701N2UjJ5Cf8bbl2+/9T8+hlWfu36EC50QFu6nL5cnc2Z+KqujP
9A7e6Q43qoUrnrlhEv0dBO/uRF1BR4OwdP1Tutf6J2nszIv9E9Jm02MydfaDEj37M+/US7h/96bm
UrVTZsefsPZbXlRv6tWKZo0WjT+xVwu8OrTUcrkz1XK5m+qH/9fUphxWRYWNtITBr0joO8GJhJ1R
q14ZsjPXxftW/TgUrTqzDMTBP+db+/0pDJ9PPv0ynajfATP+4WDG/kZld5hdl/dqgyUgVdUVERa1
VMRakGJs2TdDVhaC5UMliDd25FI/Y37o6HnL/o/9uuhGJ/6a3rj6zS/008NP+tt/kqhZwxbsvi6k
JhqMRFslikZ17IL90NXVnVTE3xlJf7dSPTHTg/3uDH5wYNf3VzfvPrx/eXV3/eL2WzZny8k9r4qy
5MsJnl69fn/18vbd+/++u7m6fvH+BX7qOXavOe20nDyfMoipjCih5T8a+Sp6tXml4D8FL4ufVPsN
ZAGTCMKy7oZWLRZ5W29ecuyZlers+9eYv1gICpkp+4p2OFj91SezS2ypI/koLtZnO+l5x+xvo/PE
Tlz23UPR72d+v9QutZx8MvPS3bxlLxCyELJb80aV8K8l3k0nkXMwZdkX+QGprIRKQYv94QKSTYR1
qbueRIKCfmbn57fvXr1bMNijB1LW/Rr5ktVDzyACq+oH1teMk1VZBpE+YzWDBat6U4iOdnePdl/2
ehbpIvKO3pATRf7RkPW3Vq2KDpvfjHK91+yfVeqBnY4RkeBkR43sdxvenD1p0ynb66OomqEn3U6J
UPiPE4KCLCUiFB0Req5dIYqPBvdqSf6GRSWZ85d/Jep/Jep/JerfKVFPJytVqZaXlA4rTsX/RC8H
ExnUum8OJv7cDeY+jQ9FKScLZzopOiSr+8mCcggyblv3tahBKnBiEC4o4/pR7Lqp44SJ70dJwEPl
xipLYteJeJg6uUyzQMQ8BN3B7v8RUVU/dOy7W/bmxdvrv/7nd8x15g7T+zI38SOfnY2TXOc5e/H2
FSAPDKAFWEziuT/3HDz+pCqp+bbPeH1Xd7TB6+++u8WAfngoKl0RbJoaBrgri6zlbaE6UgiXawjU
qnPKZTPMsWWEM3fnzmUSBIkTR46f+kmah2GS+ymXThj6nENCmfl54kYucVbDTJti6M4bLj4jHGZW
rcSAOw/n7qUrfc8PvCwRrsrg/aEvkiSJhR+BQgwdeZJHsS9Ijr09s6Li7Vb7tmXLdS9VIrIolJmb
xWmaKJVlsZ9mrhfkHk/BqUpiUFXZMSmBNJ6Bu9k98Fzynoo38AaalwFXeZRlXpinsXSyxHcy7mRB
HkWJH2QuT0US5SLlJwQpIksdkTuVBUJALY4KktwBlVxAX0GWOdxzEumCWRH5bpr6x5TKeqUpeKCg
wjRTMgsllqks5V4UBbHISFH4y8t57HEpc/4FhVnTr5FhZLdjJs0yoWCzJHPcIIl5BkKwAY947IRB
7HkcWzjIUkek0DGvLTfBZeYKL8k8P5J5Am2HMs6cSORJ4Ll5mkYetM5F4DrHJKqstxRckPBdKWCX
IPB9LxFBxrM4ksLNkkDA8r6IIbDnqGMSLf8MTzWiePPkElblceTnMIPnycxJfBWEXiIDLmAx15eO
4onPg2MqXVXXPymrEO8yAd+O5L5MfR/+IzJfKQ/VaC5DFQYhiISxFDI/IdKUmkIAT8lzTEnhHCpw
oTx4IYIVIRLHbiicPIljLwEfCSjIWhCmUb7qel71xc7lfCLkh47MHS9KVOoEYRorP5OpCKIkFKGv
HOX7fq4UmXmzhadl3blUqkGMNltNxCXHTaM081yYgocu524eCceVrvTgz2EkiaIbwulCDQ68nRU1
zFsVuep66/z+ZRxHLvxUwGGzQAa5G6lYIMCcSMJpUsEDH+/z4IDGHjM9Ez8h9xTY5mRNR0A3MgyF
QhGROhEU5PCM524WGYyCYoaNzqLnrcpLpdsHDT6WJIWBKx1XBKkMlIy83As5B7bGQcwlLBdyN0q9
IIL//RpJjOrqF0RDHRBCxp7000DwOA2kDwLcR0gJJwXJSMBPkwhBor4gSvXPrFUddVqjDRGqSZxw
F/EUekGYZypO8sRJHAXw8CnW/AxxFqGD0uS6RiFVtXWzVsKaEP9fZp7jAGRUqHIhEaI5NC+4z71U
ZPgjSDli2o0svpMnndu/x+Dw0ssU/ic5B4ilISGMn6XAGycT8BmHg3Do5vBK/iWRGf4eqqIfiQFe
EZ+IpETxyA8U93zfCXmSuAjdOHSQDVTsIjGk2RPEKIuLftYOpepGiv5l6iMqfC8KIw/MpAh2BBG8
CuSzLFBuGgNGZGLVTtwQwRk1ifgDGjdddAJf8y4FJ0DMcyklAaED10Ae8twoCHgAx4sBKpGQ4oQY
NZszlPStjULYD/AGxIfawwzI7IegHPqI4Fw5iSaH9AafQAidckY992c1kvEu80gpmSvpOkkopZsH
IiRwTBHX3PHiWFJmAd8nZHr12OOPTVPyXtlg8i6jPEe+URwO6rnIlwmCLw6UB4hCaHoidAUSiBec
Eis2mqNQR6RA7MR+ECN+M+QjL8sBEEHgIb8hdQOEszwNXBWfEoFY2oqKb0Ar0AARRrGHGieLMgeG
ChAqWZQGKnYcEXnIvgkiKPfjE4asU6WI5ujSFRFPFUzuwfgpYDPNgSnKFypJoLAUeQkulZOCOoRP
B7CszrX9LRmCqvASpYMnc6QRkTqhQ8kf0O8CNVELOL6LwgtKwrunySCACbjUrKzrz0OzU7iCYnPk
SogjE6Cd7yNskR7ArZN4aY4Qlzxx0xOqm4aPzmT0JIUIEf0cyZlDPXkqPQGzw789j3ydwyWUG+RH
dGSR55aCd+kiF6ASAmqGHIVIJJCuMsC5SqUL8wGeuAsx/SMKqrov2rqylVuoE53D4zAWPAOuZbHK
ASKRC5W7ga8ikSL3IleBqHdM6LGp2161O3ZCgErsuTJDfSQSYK+j6NzcAcgEHGZQcCKksGN2VmWd
8RI+ZHyaKDmXGQyErBKnIEAlYOKJDBCOxI8qkKDATbMElc0RJdPkzFQFFD7UNMSLA0SbJx0eSSdR
boQQk4mARD5SH9J6EqRunCVPkbP5QVMz9ne9mAcRsJNQCWndc1wv9EMvQnUrwwB5MBJxEhx7VavE
oJPgTJ9ePfZ75iLP890sj2C4LIVbiyDnsGcU+BmaA3iUcF0Z+SfkunpohZrVDclqK2ffEgz92E1A
A5CC8itUqZvHMcAFPMZ5IoWPsDrxCnsoScnUvUygaoRO5vsBYWMaqQhsuQnyA+yShjzPPAGfO6Jw
2BgRpEQA8CRy3RCllvRdlKQoKn0krhB1aoyqFWRCrgv4brvJ62qLxqzcAnjLmbDs3CPjxaDlKSnj
MEsyJHOkd4k6DLUoyofMi7IE2IAcqFDUgVa/Vp1SSMEETXQOo9GASoQYCvGFj1QVooZxUGAGqAmc
OFQcacZBMedRjUhSPahsU//E2/4cJbtqDaKklH2RHCPUOIpKn1T4aS5RyyF5opLyuR/7CeFnkh5X
hPufsw3hCHrE2W/tAy9/c8P4Cx3yAmM2CkHZ0XHQvu+lxta003MqKSCS7ugmz653T+xlXeXFio71
1LJdVs8+KsleDCsWMs9ZeMnC8djH13/Gg+fQ+5JXqwGZ9uK+0PM3dS8v6IfZZ0bN68X+JGD/glDj
wk1d36PBFaZtALkXmuiGP86Q3rYQ4MIN9aKGP6DqQCttqrSLmUvDD2sk51lZdP1Fnec0oio6oZz9
OKh2e1FXB0MtQm6cxauqHioEjtllxsW6UOY4vLOr8poCa8eXXQglSmp9x+fmvrHzCZILMZT99sJI
pA8QgBizTvV04tNptZTYpjRaeajbUu7H4K/yYAr5/sWrq29efHhzS6PE/ryBI2KZvPg3/R8EGfp6
1vF7ZbmAFR5msqCySqiLhIYes/pxhnlrO+XIKefbDbUpzxidADGhbT8YKNEuoA9z98cjs7fXcAl2
S9HFRrkYbxVDwLG6gv/0a94zQQruWaZYUYlykPpMkH3hekTrpt5gZc76L2l2PFfT8WQZJM1BMtsC
8ywtVuQM5inyQu8AywBh+3JLhOFuO3LognIO23Tsoa6+6hlvGsVbRtpD41pQk78lDulc2cj9sFYV
G5pVyyUIzJcVOa4htlhWjD37uFbEGJ1yd6qSDCTseRh00PKqo/JMmteaVfQUHIShz1L1Wl8AgEIo
ttanqjSyIcrG8ca4WrCcl52iF9166GWNMLCfiBZsOTHHfwyJoAdOYfMpa0pFh8Ot+qEuqj8sJ5rb
F2VZPzAKFDqHt8dx7L7g7D8oUmiODpmZfXWw7bMrHT92EQOzjCKAwYzQFJHLtszql+bbcNu9PiT1
EbAON4GyUYQT18YmpGtY4TPbgPWh1XHIYIlMEdfQmPpx4CXpclXcY+49LwfFzuymwKLnRN3sSB0X
YcsMtqADzQVe672/GzYZfajI2YtuW4lb3n2GN7SoyLu5nvChg73I30dJadoaRVI9wKSY3k2Zjllm
YxtBMmVU0kEQSnpaN0gaNLZB7Sj0FEP8RtscMsH12vqxgNspqAEiaXeudsyRbi1Dr3NyYP0dBY46
ZUX/FdTXt3qZVASF2o9OFrMzyDDABTytFi3GzEq60KROHZhr72iHqiJzSsKfutFG0IeL3Zy9Uvf2
N9sUqzUivOXdenoYkdZzSCNtOzS9GTUKI8VswJuVSxsXkapPDqWJEvOpaOie5oB8hHyuhqLhXfMD
R6M0aiYt9Fc7ClUC7XZrAvUvurRkXZ33zIwjDjZFT/G+USuebXsonN0YTTtat0Wnv3PR8lsy2kOh
Fa8dCoH8MDOERh/rtIB5AQ6BUooO+4lM3io1bml8HMYaKHTZqoadqEnVTkEb2QpYs7ZgDkmB3TUs
mxO6//cSbMDrr/FPufOf47/r60azYCF1x5Il1zGgB+VIJXcM0a6nXGkA+KgjwjLXffU7sKdjQvND
aMFQ6rfQI6JcPaLu18hbG35NNFL22s1WjwIFQLcXx4DWu9urBbv99vUNe/P67etb9uL6+s3rqxt2
ffWefXz3/q9X76cMk9jtO8y6Yh+/fffmil2/f/fy6uZmfhr+TyrjWrVFrfMzQXBH4om10mCsdbGD
WRdqR4UgNaroKTOAoDIAq0mhdoSUgGY4Ekn7t/zM+BeKN8qHFU2zm2nKhghAdw/hY1xjj3eUPSjt
6wXzL2eTGxhokDBaowRVB0avxK6xqlm7kwGepZpuL6rvWFm750+zZCX3reQr3mb0/ULUpT1G1Njz
tHZ1lBE7dhWzq4DaG14NuhY55AR12gAPfD4ds8GpC45OaBJrnoOWkXezj745e2fQ3rg7iol6KOWO
lwLp46Fie/47Q7jR7EPQyHGsrNjtG40TX6RH7TqGwk42ugoxplmz2s6YHTrmoYVJGmvJL3yDPeFS
R95xM9aPZLIWO5EbWkeWw6YxxZap6Jh9MaMXo71e0SS7QPOu2RwloNsYDwqhzp9QMNI1Uh52uIeT
dd2gCBb6Nay2GotPwivabc/VdDSkqQ5sjTk33NDUv6knapLEeqg+dyPvL3lDo8Vm2CC7IrG2bGwF
yJDMNDuGi71eKV6sKnXEfOljqL0by5HecEZF8YB0G+ws9qo2r059mqoiwjxD30weQ8jQshMPJdM1
w0ygKVM72V6BFV2loHAk7YE7U1oYKvQBUVHfQWuMhHvpsMzq08gz7kyTx32NAkvqCizdXyf1a364
rCrVk8EWNkGgKFvXpSkuM96j2aQiXLPc0R0GZlOMxjbTCNm3JrFkaldmmsz27NBK4yuC1Xbbr3UX
MHMPDKiNpzee9SMzgO0wsqi9r2B170nFozSSU2ujS3xajEHL1px9iyoQvnShyzr28vrDlNFtG0ys
5EMh4fa6TDDouaM/0/QXLB4L7n0t3mntHMydsxcSQLXmZX6OztI0CFLBh+1W2JTRh1RysINA3Ce9
A2JH/cwjoRoVl7ycGtCkre2n8zm7bXW+qHUN/eG6uh4r8H2rSA0GLXpAPiWaQ1M1M/t80vK8tQHZ
FT+pnampVh8t3FEutIUUannjOQdZN0g9s+j5nF3bNSVvV3oBtz2rdRO9Y97yFUkHc0Gsril1KUON
6AbMEw6gVYScL8uCzjt0Z00XKtBDsre3HzSnHUQisbOhZ9TJayvvtzMdx3yEoU0/zGjVQnNLASBV
NqwWYxfzJ+ZS92KLuDWiWL9ntpHtTOtNTl51tclp1lFcImZwy1B7ua7rTrfnY/OixvZUg5vkPWcd
vx9BlM5GxlMeerePd/q4CiRQvB8xBpxqu03Halk3Wk1rypWuQX2my5eqFmXRML0WenzLt9AhOcum
vh97V4J/i5kat2bjO7PlQa8ynv4cHi7c6tMB4wDmOro5V9FzrbWHzp5SCHh9b3DBrpmZNQvWoKC4
L0raxmCejWe7C4E2r1a7erqiZeVp7piOs44Ol5480DH93YtNPZBP5wacrYuTKs2Znk5GFM66a4dh
6LfOJlj8XueWg8Va8EqZLjFThlim6KIk08eCOh2sRw/QRtenhUdZyohPG+3ER2QyfsoqZBEaZhld
w3yKS+dpNnkLSvCP0RHB7LiY/t5x42vvph56NjTwSHV41iIoAemN9KHm3lmfvX6lN9NfpjsdkqRP
1ZKlUdcCujbMSsfsmcOY7fSaI9FBb8Y89oyt0LF0e/XszzV2Gpp/qSIbrA+80C0NgAMVv7FNUzdD
OTqjfSDY13MsRPgaIHQ1PGtsWBO6UqQu2Fhn6oNNc5KzsBmPDp50h2WGTcKw9gIj+yMBudcb+bv+
JHwytAu34+FmjdIsrw8sgiibrfu+OZi5rskympV5s9k086LWHFd1td1Qj0BfseikTXR71qnxse/Z
/r0WQUMWX61a9JrmTMkeQJlGm651fj6VT/OHCNZXcFs1syBocgGBwoMyhShndBuWduw043sB9Nj8
4CgYqWeneeOaxjhfKBUGNe+tMyHr6Q9ahN2H9ZQerw9VhxK1Ij85OOCZAh+bNZ9iGGqghNXvShZA
b67QRMOEQKCKEoJ5OyYWc1zEjw6M7Beog4QzoDxDbtMoNoKFJagtb96Pe3xhaSProal7dNA7rLYZ
iYjS/LFwIMsSYNKG+iTMLhpPPef7Deybwx1Gbf56zrOwbaxrouLgkMHSAPne6nM8TljbQY0Y1BHY
ItMiBp3Moo6Xusoq8h0hlOoQxJzNEwKNXbbBONCzEDlmNl4WvLMlPKouvmnK8YmKAPBobbUYjWbe
wW/ppGfBvtfZG/lzqo9+PhFRXZ3v0+ThNwMtBlVSbSFthz1+hNGt81MZSyd0naE7XUzqzgz2KcCr
TbeH7Jt9NQ/mJ6PPNpQVTPba77hg37x5cbvwvo6nYfroTv1Hf+p97X5N/4zBYOxZ3yo8AFwvEsdA
sXkKwuem7DFH8YeNrYlwyi3QsT110qWHPjaC1cSWmVvAQzuC8ljNt7szfI04oINUJfSHk25U2Gz8
AABfMPXds2801Oit9PwjIoOuFOw/KjkYmelia74/IKv1BXKmHgF8nW2ExGeqlztd9EMjWYFKdWt6
Zj2P5NXX4EqTRkzMGCk1fRQj7Q6rJ9OJeuxVZS+Q/jx5iQrh8OJrJuwlxd0IfZCpJG+PxurNnax7
gOHRqP0UvR8Y2vLwWZqLC7tn888iDkdWm6NruGukj8PnAlF2fzhAl2v1F+d4To+bzHxdOpxClRjY
l4djjTiW+v3uZtvRSg373fEQCpTN4cjN9ZvDx822+7HUd4ftL6ZvDXl0As9QTzhu6AROjJ9/fI2Q
iIXA/3RrIA7zSMaeCkXu5HT5INC3LwTdJPV89kf6Xn/wnX634Zbrj5Me3cKji8tFYy7AhXO6NfST
uem5m43Hx82xTWoSh27Kua5HH+OvX707UpWs77Qop4MYKo7NCbiouu5o4k1BgPBfb490dMIBHqkl
PRYLgw9tceIdB9dwfbp9QRfIwfD62Dn32fpOF2OHV5y1E63M1WdzL31ON2NkZ68+kAI0oMlsvGZL
ftxum77WA74eWMkvbF4cuYnWjX84tLvVshqMM47s/A/VbO+u9VHKfsEvv/wvCGLZJg==
===END CRASH DUMP===
