JINODK PRO Crash Dump Tue Aug 11 18:48:53 WIB 2020

Error: A void function must not return a value
File: plugins/CuaHangPlus/src/LamPocketVN/CuaHangPlus/CuaHang
Line: 199
Type: E_COMPILE_ERROR

THIS CRASH WAS CAUSED BY A PLUGIN

Code:
[190]         $player = $transaction->getPlayer();
[191]         $itemClicked = $transaction->getItemClicked();
[192]         $itemClickedWith = $transaction->getItemClickedWith();
[193]         $action = $transaction->getAction();
[194]         $invTransaction = $transaction->getInventoryTransaction();
[195] 
[196] 		$id= $action->getSlot();
[197] 		$player->removeWindow($action->getInventory());
[198] 		$this->buyItem($id+1, $player, $itemClicked);
[199] 		return true;
[200] 	}
[201] 
[202]     /**
[203]      * @param $id
[204]      * @param Player $player
[205]      * @param Item $item
[206]      */
[207] 	public function buyItem ($id, Player $player, Item $item)
[208] 	{
[209] 		if ($this->getShop()[$id]['Sell']['money'] === "true")

Backtrace:

JINODK PRO version: 3.14.3+dev [Protocol 407]
Git commit: 0000000000000000000000000000000000000000
uname -a: Windows NT LAMPKVN 10.0 build 18363 (Windows 10) AMD64
PHP Version: 7.3.20
Zend version: 3.3.20
OS : WINNT, win
Composer libraries: 
- adhocore/json-comment 0.1.0@8448076039389f558f39ad0553aab87db3f81614
- ocramius/package-versions 1.5.1@1d32342b8c1eb27353c8887c366147b4c2da673c
- pocketmine/binaryutils 0.1.11@e8cb65db1b7998eebb739b124f2a989fe87366eb
- pocketmine/callback-validator 1.0.1@4aef6bb25f97d0b830ba0b4f66834b1a9c86fc9a
- pocketmine/classloader 0.1.0@4ccdb30e48f030bfcad04bb0a208d198ec631993
- pocketmine/log 0.2.0@e59bedb5d4bbeb9a26647cb7c367cb2fa72addfa
- pocketmine/log-pthreads 0.1.0@9bbcef398b01487ab47c234a6a7054722abbe067
- pocketmine/math 0.2.4@b1c28b236df8b795d7b06cf8421f9962b12ac410
- pocketmine/nbt 0.2.14@b31dca98443328c4bab76dc1b84c1473c79be20e
- pocketmine/raklib 0.12.8@9fea763ffc922db083e4528d4acd0b13d0ea83a4
- pocketmine/snooze 0.1.2@88420da3d9335dbcb3ee2decfd5e5453d057dcdf
- pocketmine/spl 0.4.1@ff0579a0be41bbe65d3637607715c0f87728a838
- doctrine/instantiator 1.3.1@f350df0268e904597e3bd9c4685c53e0e333feea
- myclabs/deep-copy 1.10.1@969b211f9a51aa1f6c01d1d2aef56d3bd91598e5
- phar-io/manifest 1.0.3@7761fcacf03b4d4f16e7ccb606d4879ca431fcf4
- phar-io/version 2.0.1@45a2ec53a73c70ce41d55cedef9063630abaf1b6
- phpdocumentor/reflection-common 2.2.0@1d01c49d4ed62f25aa84a747ad35d5a16924662b
- phpdocumentor/reflection-docblock 5.1.0@cd72d394ca794d3466a3b2fc09d5a6c1dc86b47e
- phpdocumentor/type-resolver 1.3.0@e878a14a65245fbe78f8080eba03b47c3b705651
- phpspec/prophecy 1.11.1@b20034be5efcdab4fb60ca3a29cba2949aead160
- phpstan/phpstan 0.12.29@9771daaf6b95c6313b908d0bcdee0afcd51f838a
- phpstan/phpstan-phpunit 0.12.11@ab783a8ea634ea23305a8818c4750603e714489b
- phpstan/phpstan-strict-rules 0.12.3@937283265620af9e2005743134ebb4e197b12d8e
- phpunit/php-code-coverage 8.0.2@ca6647ffddd2add025ab3f21644a441d7c146cdc
- phpunit/php-file-iterator 3.0.4@25fefc5b19835ca653877fe081644a3f8c1d915e
- phpunit/php-invoker 3.0.2@f6eedfed1085dd1f4c599629459a0277d25f9a66
- phpunit/php-text-template 2.0.2@6ff9c8ea4d3212b88fcf74e25e516e2c51c99324
- phpunit/php-timer 5.0.1@cc49734779cbb302bf51a44297dab8c4bbf941e7
- phpunit/php-token-stream 4.0.3@5672711b6b07b14d5ab694e700c62eeb82fcf374
- phpunit/phpunit 9.2.6@1c6a9e4312e209e659f1fce3ce88dd197c2448f6
- sebastian/code-unit 1.0.5@c1e2df332c905079980b119c4db103117e5e5c90
- sebastian/code-unit-reverse-lookup 2.0.2@ee51f9bb0c6d8a43337055db3120829fa14da819
- sebastian/comparator 4.0.3@dcc580eadfaa4e7f9d2cf9ae1922134ea962e14f
- sebastian/diff 4.0.2@1e90b4cf905a7d06c420b1d2e9d11a4dc8a13113
- sebastian/environment 5.1.2@0a757cab9d5b7ef49a619f1143e6c9c1bc0fe9d2
- sebastian/exporter 4.0.2@571d721db4aec847a0e59690b954af33ebf9f023
- sebastian/global-state 4.0.0@bdb1e7c79e592b8c82cb1699be3c8743119b8a72
- sebastian/object-enumerator 4.0.2@074fed2d0a6d08e1677dd8ce9d32aecb384917b8
- sebastian/object-reflector 2.0.2@127a46f6b057441b201253526f81d5406d6c7840
- sebastian/recursion-context 4.0.2@062231bf61d2b9448c4fa5a7643b5e1829c11d63
- sebastian/resource-operations 3.0.2@0653718a5a629b065e91f774595267f8dc32e213
- sebastian/type 2.2.1@86991e2b33446cd96e648c18bcdb1e95afb2c05a
- sebastian/version 3.0.1@626586115d0ed31cb71483be55beb759b5af5a3c
- symfony/polyfill-ctype v1.17.1@2edd75b8b35d62fd3eeabba73b26b8f1f60ce13d
- theseer/tokenizer 1.2.0@75a63c33a8577608444246075ea0af0d052e452a
- webmozart/assert 1.9.1@bafc69caeb4d49c39fd0779086c03a3738cbb389
- pocketmine/pocketmine-mp dev-8516aa2393e81746bcbbcfbd8094613307585f16@8516aa2393e81746bcbbcfbd8094613307585f16

Loaded plugins:
FishingTest 0.1-ngl_alpha by  for API(s) 3.14.3

----------------------REPORT THE DATA BELOW THIS LINE-----------------------

===BEGIN CRASH DUMP===
eNrNWmtzHLdy/SsI5SpLzu5y3o910UVFkmPdK4mMSFupmC4VBsDsjjWvOw+Sa5f/e04DmN1ZknZu
VfIhKlvawQCNfp7uxuD3k7zpKj58vlVdXzT1ydpfnAxFpU7WbpjGbhCFPkZU1zXdyfr3k2HX4tXJ
m8+vLt5fvn335vObjx8vPp4sTirV93xD716y26aQLB9rMYAiq8Z+YHUzsE4NY1czzm55OSqsyYuS
FrTluCnq/vTVyH/g9eayHPvTvhOn73h12Ygvavjpw9E7+xsEyqImRtP0j4Wl8rmob5vyVlWqHkBa
Fp0SA2aKRiri300dDDP756u25DvVsTP21dDxuuea4+V3GzVc6jfPX3yLxW7qzhcVg6pelQU4k0+t
fHt4PS33/mT5p2LY/g8kaMpExp+TMdOfWv1S/5wWBUd717fXh9lPbl3fQnVNt5vNm0iFIKV/RPhx
M9wMXxXybOJEr74qm2GaHU+TjJKX33Wqam7Vp6KWzd3zr57a8/kLuzaZ1g7bol9+l407Uslz7Pev
7mIy2+JIl3ZlaldaZxu6UdELz3H0iz/0b9cI4jmTYU6/+UY/7zX8DTtveccrbCH1m+DRG+MhEzN6
UvhoErFt2NQTov2EU/1sdNSOGWQ4RIwVl5G8iwf7LGYkX2gaRle/69+T9EWOxUZ3ZJVt0z5/8TOo
/fLz11eqLL/Gv1VTq93Xv7CzszN2c0J6ujl5cYJAgkcIxMrPvyxONqpWHS8pcGpOmHDyt7cfLl7/
nV1+vMB+Ge/VAThO/JUbrHwaH4tSnqydxUnRf5bq9mRN5BGiXTM0ogG9wIlBvaAQdf7JP6A7WiaM
C/XswzV79/L95d9/+sBcZ+UwvS9zEz/y2fNpkuu8YC/fv44CEGi3LZbHK3/lEb3fVC013/YZrz83
PW3w9sOHawzoh7ui1gBStU2vus9lkXW8K1RPWuFyC4E6dfprD1/GHIs7zspdOedJECROHDl+6idp
HoZJ7qdcOmHoc54lscz8PHEjlzhrBLylALi1XHwBji6tWokBdxWu3HNX+p4feFkiXJV5sR/6IkmS
WPgRKMRZIDzJo9gXJIdGzQrgeJoVNe9241CUvWXLdc9VIrIolJmbxWmaKJVlsZ9mrhfkHk/BqUpi
UFXZMSnByzIDd0vAdyH5QAkBvIHmecBVHmWZF+ZpLJ0s8Z2MO1mQR1HiB5nLU5FEuUj5A4Il7/uy
4VJ1e5UFQkAtjgqS3AGVXEBfQZY5HH4ugQtKRD6C3D+mVDYbTcEDBRWmmZJZKLFMZSn3oiiIRUaK
wj9ezmOPS5nzRxSW7bDtFJf9npk0y4SCzZLMcYMk5hkIwQY84rETBrHncWzhRPExKWTTreUmOM9c
4SWZ50cyT6DtUMaZE4k8CTw3T9PIg9a5CFznmESdDZaCCxK+KwXsEgS+7yUiyHgWR1K4WRIIWN4X
MQT2HHVMouNf4KlGFG+VnMOqPI78HGbwPJk5ia+C0EtkwAUs5vrSUTzxeXBMpa+b5jdlFeKdJ+Db
kdyXqe/Df0TmK+VJJXIZqjAIQSSMpZD5AyJtqSkE8JQ8x5QUzqECF8qDFyJYESJx7IbCyZM49hLw
kYCCbMTQ0XrUBgOvh2Lvcj4R8kNH5o4XJSp1ApQqys9kKoIoCUXoK0f5vp8rRWaudvC0rD+VSrWI
0XanibjkuGmUZp4LU/DQ5dzNI+G40pUe/DmMJFFEFZSoUIMD75ZFA/PWRa76wTq/fx7HkQs/FXDY
LJBB7kYqFggwJ5JwmlTwwMf7PJjROGCmZ+In5J4C25ys6QjoRoahUFLlqRNBQQ7PeO5mkcEoKGas
dMI87VReKpNICXwsSQoDVzquCFIZKBl5uRdyngQ8DmIuYbmQu1HqBRH8769IYjQrYUcQDXVACBl7
0k8DweM0kD4IcB8hJZwUJCMBP00iBIl6RJTKxmWneirNJhsiVJM44S7iKfSCMM9UnOSJkzgK4OFT
rPkZ4iwKXUOub5U4RQppt0pYE+K/8wypHSCjQpULiRDNoXnBfe6lIsNfQcoR025k8Z086dT+OwWH
l56n8D/JOUAsDQlh/CwF3jiZgM84HIRDN4dX8sdElvh3rIthIgZ4RXwikhLFIz9Q3PN9J+RJ4iJ0
49BBNlAoq4MkzZ4g1sPjxbDsxlL1E0X/PPURFb4XhZEHZlIEO4IIXgXyWRYolFqAEZlYtRM3RHBJ
NS/+gsZNYZ7A17xzwQkQ81xKSUDowDWQhzw3CgIewPFigEokpHhAjGr1JYqOzkYh7Ad4A+JD7WEG
ZPZDUA59RHCunESTQ3qDTyCEHnJGRfoXNZHxzvNIKZkr6TpJKKWbByIkcEwR19zx4lhSZgHfD8gM
6n7AXxUqo0HZYPLOozxHvlEcDuq5yJcJgi8OlAeIQmh6InQFEogXPCSGpqfTnk4RKRA7sR/EiN8M
+cjLcgBEEHjIb0jdAOEsTwNXxQ+JQCxtRcUr0Ao0QIRR7MUuwjdzYKgAoZJFaaBixxGRh+ybIIJy
P37AkHWqFNEcnbsi4qmCyT0YPwVspjkwRflCJQkUliIvwaVyUlCP8OkBlvWptr8lQ1AVnqN08GSO
NCJSJ3Qo+QP6XaAmagHHd90YURTi3dNkEMAEXGpZNs2Xsd0rXEGxOXIlxJEJ0M73EbZID+DWSbw0
R4hLnrjpA6oVVcjGmYyepBAhop8jOXOoJ0+lJ2B2+Lfnka9zuIRyg/yIjizy3FLwzl3kAlRCQM2Q
oxCJBNJVBjhXqXRhPsATdyGmf0RB1bdF19S2cgt1onN4HMaCZ8C1LFY5QCRyoXI38FUkUuRe5CoQ
9Y4J3bdNN6huz04IUIk9V2aoj0QC7HVQnERgMQ0DDjMoOBFS2DE7m7LJeAkfMj5NlJzzDAZCVolT
EKASMPFEBghH4kcVSFDgplmCyuaIUpP9CiBfqhooPNc0xIsDRJsnHR5JJ1FuhBCTiYBEPlIf0noS
pG6cJU+Rs/lBUzP2d72YBxGwk1AJaR39lRf6oRehupVhgDwYiTgJjr0KffmokyAQqqZAPjAXeZ7v
ZnkEw2Up3FoEOYc9o8DPQuXCo4Trysh/QK5vxk6oZdOSrLZy9i3B0I/dBDQAKSi/QpW6eRwDXMBj
nCdS+AirB15hDzoombrnCVSN0Ml8PyBsTCMVgS03QX6AXdKQ55kn4HNHFOaNEUFKBABPItcNUWpJ
30VJiqLSR+IKUafGqFpBJuS6gO93Vd7Uu9O2KXcA3nIpLDu3yHgxaHlKyjjMkgzJHOldog5DLYry
IfOiLAE2IAcqFHWgNWxVrxRSMEFT8ZtNv1QixFCIL3ykqhA1jIMCM0BN4MSh4kgzDoo5j2pEkupO
ZVXzG++GU5TsqjOIklL2RXKMUOMoKn1S4ae5RC2H5IlKyud+7CeEn0l6XBEefi4rwhH0iMsE6MyR
LVNfJW4cRKguM5FnMnHSIHKRROMwCVFcnf+zE0/+2J8K6V7t+6LfFvXmWtdu+4Z2Pro4OdgMFlvW
m/IzL1G04Q0fh23T9aYv5m2BH1PDiwFV86xUaCZzXvbodKVq0Vva2X2TD6/nAxUvaIsPm3e8+unD
zc33A/1P51lohvDi8uLq+tPFx3evjeb7QiOBkYdOFRRAhkid9J24uTko8+bGnJe9x+8V9bq0ueog
1IrqJthNt60nzy73T+xVU+fFhlF6v+lu6meflGQvxw0LmeesvWTteOzT23/Dg+fQ+5LXmxHlxNlt
oedXzSDP6IfZZ0laPftbUTfyywd1N3tB0Hjmpq7v0eAG0yrklTNNtOL3S3O60Z+5oV7U8juUVl0z
mFL0bOnS8N0WqliWRT+cNXlOI0bxy3+MqtudNfVsqAOuTLN4XTdjDXSwR1FcbAtlDgl7uypvCD32
fNmFqNcl9ffTc3vb2vmUdwoxlsPuzEikj0oAi8teDQM8qtdqKbFNabRy13SlPIwhKOVsCgX42es3
37/88d01jRL7qxbRhmXy7Bv9B4KMQ7Ps+a2yXMAKd0tZUO0o1FlCQ/dZc78kb7VTjiJvtauoF3vG
3sMFmdC2Hw1eahdgUAM7ONHy/SVcgl0ThLBJLsY7xYAqrKnhP8OWD0yQggeWKVbUohwlfAjkH7ke
0bpqKqzM2fCYZs9ztWAN3nQ9kWQZyqgvbAdgt7RYkTOYp8gLvQMsQ8e75Y4Iw9325NDq5Ry26dld
U389MN62ineMtIfuvKCTjB1xSCdkRu67rarZ2G46LkFgdVOT4xpi65uasWeftooYY0ODXWrJQIJR
tU7M6zNUqkGlea1ZRePEQRj6LNWg9QWUK4RiW17LUmuwIsrG8aa4WjONIPSi346DbBAG9mh9zW5O
rgxtZLsBYIzNF6wtFYcmO/VrU9T/cnOiuX1Zls0do0DBHGZBkN0WnP0HRQrN0SGztK9m2z57o+PH
LmJgllEEMJgRmiJy2Y5Z/dJ8G27713NSn5C74CZQNjoN4trYhHQNK3xhFVgfOx2HDJbIFHENjal/
jLwkXW6KW8zV3wvYc7spsOgFUTc7UltJ2LKELTYb1a3xWu/9YawyqAqu9rLf1eKa91/gDR3ajn6l
J/zYw17k75OkNG2LSrAZYVJM7xdMxyyzsY0gWTCqWyEIZQmtG+AzjVUokIWeYohfaZtDJrhe19wX
cDsFNUAk7c71njnSrWXobU4OTHPIUResGL6G+oZOL5OKoFD70YPF7DlkGOECnlaLFmNpJV1rUg8d
mGvv6Ma6JnNKwp+m1UbQJ6j9ir1Wt/Y3q4rNFhHe8X67mEek9RzSSNeN7WBGjcJIMRV4s3Jp4yJS
9fGoNFHC9UeisX+aA/IR8rkGioZ3rWaORrWCmbTWp/sUqgTa3c4E6r/r+plR0mVmHHFQFQPFe6U2
PNsNUDi7Mpp2tG6Lnkjr5ddktLtCK147FAL5bmkITT7WawHzAhwCpRR9vCAyeafUtKXxcRhrpNBl
mwZ2ok5cOwVtZMt8zdqaOSQFdtewbI4h/99LQFXMX/FPufN/x38/NK1mwULqniVLrmdAD8qRSu4Z
ol0fcqUB4JOOCMtc//X/AXs6JjQ/hBYM/UwHPSLK1T2aG428jeHXRCNlr/1sdS9QAPQHcQxoXVy/
WbPrH95esXdv37+9Zi8vL9+9fXPFLt98ZCgJ//7m44JhEru+wKw37NMPF+/e0NeYV2+urlYPw/9J
ZVyqrmh0fiYI7kk8sVUajLUu9jDrQu2oEKRGFT1lCRBUBmA1KdSOkBLQDEciaf/Mz4x/oXijfFjT
NLuZpmyIAHQPED7FNfa4oOxBaV8vWD2eTW5gy28YrVWCqgOjV2LXWNWs3csAz1JtfxDVd6ys/Yun
WbKS+1byDe8y+kgjmtKelWrseVq7OsqIHbuK2VVA7YrXo65F5pygThvhgS8WUzZ46IKTE5rEmueg
ZeStDtG3YhcG7Y27o5hoxlLueSmQPu5qduC/N4RbzT4EjRzHyordvtc48Sg9atcxFPay5V1TTWnW
rLYzlnPHnFuYpLGWfOQb7AmXOvKOq6l+JJN12Inc0DqyHKvWFFumomP2xZJeTPZ6TZPsAs27ZnOS
AE9I8Ah1/oSCka6R8rDDLZys70dFsDBsYbXNVHwSXtFuB64WkyFNdWBrzJXhhqb+qZ6oSRLbsf7S
T7y/4i2NFtVYIbsisXZsagXIkMxebtBcHPRK8WJVqSPmsY+h9m4tR3rDJRXFI9JtsLfY68a8eujT
VBUR5hn6ZvIUQoaWnTiXTNcMS4GmTO1lew1WdJWCwpG0B+5MaWGo0FdSRX0HrTESHqTDMqtPI8+0
M02e9jUKLKkrsHT/mtRf+eFNXauBDLa2CQJF2bYpTXGZ8UFsdRGuWUa9BBeyKUZjm2mE7FuTWDK1
LzNNZns2t9L0imC12w1b3QUs3ZkBtfH0xsthYgawHUYWtQ8VrO49qXiURnJqbXSJT4sxaNlasR9Q
BeqLMlTWsVeXPy6wFjxkiK+7QsLtdZlg0HNPf6npr1k8FdyHWrzX2pnNXbGXEkC15WV+is7SNAhS
wYftVtiU0QEJOdgsEA9Jb0bsqJ+5J1Sj4pKXCwOatLW9H7Bi153OF42uoX+8rC+nCvzQKlKDQYvu
kE+J5tjW7dI+P2h53tuA7Ivf1N7UVKtPFu4pF9pCCrW88ZxZ1g1Szyx6sWKXdk3Ju41ewG3Pat1E
75h3fEPSwVwQq29LXcpQI1qBecIBtIqQ81VZ0HmH7qw7dFjoIdn76x81pz1EIrGz0VzV0lY+bGc6
jtUEQ9UwLmnVWnNLASBVNm7WUxfzHXOpe7FF3BZRrN8z28j2pvUmJ6/7xuQ06yguETO4Zai92jZN
r9vzqXlRU3uqwU3ygbOe304gSmcj0ykPvTvEO31BBhIoPkwYA07Ncd1ULetGq+1MudK3qM90+VI3
oixaptdCj+/5DjokZ6HrTLZ3Jfi3mKlxazm9M1vOepXp9Gd+uHCtTweMA5j7eOZcRc+11h57e0oh
4PWDwQW7ZmnWrFmLguK2KGkbg3k2nu0uBNq83uzr6ZqWlQ9zx2KadXS49OSBjunvXlbNSD6dG3C2
Lk6qNGd6OhlROOuuHYah3zqbYPFHnVtmi7XgtTJdYqYMsUzl5JH6WFCng+3kAdro+rTwKEsZ8Wmj
vfiITMYfsgpZhIZZppAAnuLSeZpN3oES/GNyRDA7LaZ/99z42ruph16OLTxSzc9aBCUgvZE+1Dw4
67O3r/Vm+vN7r0OS9Kk6sjTqWkBXxax0zJ45TNlOrzkSHfSWzGPP2AYdS39Qz+FcY6+h1WMV2WC9
44VuaQAcqPiNbdqmHcvJGe0Dwb6eYyHC1wChq+Fla8Oa0JUidc2mOlMfbJqTnLXNeHTwpDssM2wS
hrUXGDkcCciD3sjf9XfvB0P7cDsebrcozfJmZhFE2XI7DO1s5rYhy2hWVm1Vtaui0RzXTb2rqEeg
T3V00ib6A+vU+Nj37PBei6Ahi282HXpNc6ZkD6BMo03X7748lE/zhwi+eH2xhj6WFgRNLiBQuFOm
EOUInTu9Y68ZPwigx1azo2Cknr3mjWsa4zxSKgxq3ltnQtbTX+0Iu+f1lB5v5qpDiVqTn8wOeBZM
f1FZYBhqoIQ17EsWQG+u0ETDhECgmhKCeTslFnNcxI8OjOwnm1nCGVGeIbdpFJvAwhLUljfvpz0e
WdrIOjf1gA56j9U2IxFRmj8VDmRZAkzaUJ+E2UXTqefqsIF9M99h0uZf5zwL28a6JipmhwyWBsgP
Vp/TccLWDmrEoI7AFpkWMehkFnW81FVWke8JoVSHIOZsnhBo6rINxoGehcgps/Gy4L0t4VF18aot
pycqAsCjtdV6Mpp5B7+lk541+1lnb+TPhT76+YWI6ur8kCbn3wy0GFRJdYW0Hfb0EUa3zk9lLJ3Q
dYbudTGpOzPYpwCvNt3O2Tf7ah7MT0afbSgrmOx12HHNvn/38nrtfRsvwvTeXfj3/sL71v1WKtEY
jH0+dAoPANezxDFQbJ6C8IUpe8xR/LyxNRFOuQU6tqdOuvTQx0awmtjRV4hRDGM3gfJUzXf7M3yN
OKCDVCX0h5N+Uthy+gAAXzD13bPvNdTorfT8IyKjrhTsVfvZyFIXW6vDAVnT6l5Q3QP4etsIiS9U
L/e66IdGsgKV6s70zHoeyavv+pUmjZiYMVJq+ihGuj1WnyxO1P2gantL9veTV6gQ5rd7M2FvYu5H
6INMLXl3NNZUn2UzAAyPRu339sPA2JXzZ2luZ+yf86I0Nz/2I5vq6K7xFulj/lwgym7nA3SDWH9W
j1f0WGXm69J8ClViYF/Ox1pxLPXH/fW9o5Ua9vvjIRQo1Xzk6vLd/LHa9f8o9QVp+4vpq1EencAz
1BOOGzqBE+PnV28RErEQ+I+uRsRhHsnYU6HInZxuWAT6iomg67Kez76iSwmzywj7DXdcf5z06Koh
3c4uWnPLL1zR1ajfzHXW/Ww83lfHNmlIHLoO6Loe3Ti4fH1xpCrZfNaiPBzEUHFsTsBF3fdHE68K
AoT/fH+kowcc4JFa0mOxMHjXFQ+8Y3bX2KcrJnRLHgxvj53zkK0/62Jsfo9bO9HG3O82l+9XdP1H
9vZ+BylAA5rMprvE5Mfdrh0aPeDrgY18ZPPiyE20bvz50P7qzmY0zjix819Us11c6qOUw4I//vhv
WK0vkw==
===END CRASH DUMP===
