JINODK PRO Crash Dump Wed Aug 19 13:15:45 WIB 2020

Error: Call to a member function setBlock() on null
File: plugins/AnvilRain/src/NgLamVN/AnvilRain/AnvilDropTask
Line: 25
Type: Error

THIS CRASH WAS CAUSED BY A PLUGIN
BAD PLUGIN: AnvilRain v0.1-ngl_alpha

Code:
[16]         $this->plugin = $plugin;
[17]     }
[18] 
[19]     public function onRun(int $currentTick)
[20]     {
[21]         $x = mt_rand(0, 300);
[22]         $z = mt_rand(0, 300);
[23]         $y = 255;
[24]         $level = Server::getInstance()->getLevelByName("ZZZ");
[25]         $level->setBlock(new Vector3($x, $y, $z), Block::get(Block::ANVIL));
[26]     }
[27] 
[28]     public function cancelTask()
[29]     {
[30]         $this->plugin->getScheduler()->cancelTask($this->getTaskId());
[31]     }
[32] 
[33] }

Backtrace:
#0 src/pocketmine/scheduler/TaskHandler(137): NgLamVN\AnvilRain\AnvilDropTask->onRun(integer 1)
#1 src/pocketmine/scheduler/TaskScheduler(179): pocketmine\scheduler\TaskHandler->run(integer 1)
#2 src/pocketmine/plugin/PluginManager(654): pocketmine\scheduler\TaskScheduler->mainThreadHeartbeat(integer 1)
#3 src/pocketmine/Server(2486): pocketmine\plugin\PluginManager->tickSchedulers(integer 1)
#4 src/pocketmine/Server(2261): pocketmine\Server->tick()
#5 src/pocketmine/Server(2104): pocketmine\Server->tickProcessor()
#6 src/pocketmine/Server(1691): pocketmine\Server->start()
#7 src/pocketmine/PocketMine(273): pocketmine\Server->__construct(object BaseClassLoader, object pocketmine\utils\MainLogger, string[27] D:\MinecraftTool\JinodkNew\, string[35] D:\MinecraftTool\JinodkNew\plugins\)
#8 src/pocketmine/PocketMine(304): pocketmine\server()

JINODK PRO version: 3.15.1+dev [Protocol 408]
Git commit: 0000000000000000000000000000000000000000
uname -a: Windows NT LAMPKVN 10.0 build 18363 (Windows 10) AMD64
PHP Version: 7.3.20
Zend version: 3.3.20
OS : WINNT, win
Composer libraries: 
- adhocore/json-comment 0.1.0@8448076039389f558f39ad0553aab87db3f81614
- ocramius/package-versions 1.5.1@1d32342b8c1eb27353c8887c366147b4c2da673c
- pocketmine/binaryutils 0.1.11@e8cb65db1b7998eebb739b124f2a989fe87366eb
- pocketmine/callback-validator 1.0.1@4aef6bb25f97d0b830ba0b4f66834b1a9c86fc9a
- pocketmine/classloader 0.1.0@4ccdb30e48f030bfcad04bb0a208d198ec631993
- pocketmine/log 0.2.0@e59bedb5d4bbeb9a26647cb7c367cb2fa72addfa
- pocketmine/log-pthreads 0.1.0@9bbcef398b01487ab47c234a6a7054722abbe067
- pocketmine/math 0.2.4@b1c28b236df8b795d7b06cf8421f9962b12ac410
- pocketmine/nbt 0.2.14@b31dca98443328c4bab76dc1b84c1473c79be20e
- pocketmine/raklib 0.12.8@9fea763ffc922db083e4528d4acd0b13d0ea83a4
- pocketmine/snooze 0.1.2@88420da3d9335dbcb3ee2decfd5e5453d057dcdf
- pocketmine/spl 0.4.1@ff0579a0be41bbe65d3637607715c0f87728a838
- doctrine/instantiator 1.3.1@f350df0268e904597e3bd9c4685c53e0e333feea
- myclabs/deep-copy 1.10.1@969b211f9a51aa1f6c01d1d2aef56d3bd91598e5
- phar-io/manifest 1.0.3@7761fcacf03b4d4f16e7ccb606d4879ca431fcf4
- phar-io/version 2.0.1@45a2ec53a73c70ce41d55cedef9063630abaf1b6
- phpdocumentor/reflection-common 2.2.0@1d01c49d4ed62f25aa84a747ad35d5a16924662b
- phpdocumentor/reflection-docblock 5.1.0@cd72d394ca794d3466a3b2fc09d5a6c1dc86b47e
- phpdocumentor/type-resolver 1.3.0@e878a14a65245fbe78f8080eba03b47c3b705651
- phpspec/prophecy 1.11.1@b20034be5efcdab4fb60ca3a29cba2949aead160
- phpstan/phpstan 0.12.29@9771daaf6b95c6313b908d0bcdee0afcd51f838a
- phpstan/phpstan-phpunit 0.12.11@ab783a8ea634ea23305a8818c4750603e714489b
- phpstan/phpstan-strict-rules 0.12.3@937283265620af9e2005743134ebb4e197b12d8e
- phpunit/php-code-coverage 8.0.2@ca6647ffddd2add025ab3f21644a441d7c146cdc
- phpunit/php-file-iterator 3.0.4@25fefc5b19835ca653877fe081644a3f8c1d915e
- phpunit/php-invoker 3.0.2@f6eedfed1085dd1f4c599629459a0277d25f9a66
- phpunit/php-text-template 2.0.2@6ff9c8ea4d3212b88fcf74e25e516e2c51c99324
- phpunit/php-timer 5.0.1@cc49734779cbb302bf51a44297dab8c4bbf941e7
- phpunit/php-token-stream 4.0.3@5672711b6b07b14d5ab694e700c62eeb82fcf374
- phpunit/phpunit 9.2.6@1c6a9e4312e209e659f1fce3ce88dd197c2448f6
- sebastian/code-unit 1.0.5@c1e2df332c905079980b119c4db103117e5e5c90
- sebastian/code-unit-reverse-lookup 2.0.2@ee51f9bb0c6d8a43337055db3120829fa14da819
- sebastian/comparator 4.0.3@dcc580eadfaa4e7f9d2cf9ae1922134ea962e14f
- sebastian/diff 4.0.2@1e90b4cf905a7d06c420b1d2e9d11a4dc8a13113
- sebastian/environment 5.1.2@0a757cab9d5b7ef49a619f1143e6c9c1bc0fe9d2
- sebastian/exporter 4.0.2@571d721db4aec847a0e59690b954af33ebf9f023
- sebastian/global-state 4.0.0@bdb1e7c79e592b8c82cb1699be3c8743119b8a72
- sebastian/object-enumerator 4.0.2@074fed2d0a6d08e1677dd8ce9d32aecb384917b8
- sebastian/object-reflector 2.0.2@127a46f6b057441b201253526f81d5406d6c7840
- sebastian/recursion-context 4.0.2@062231bf61d2b9448c4fa5a7643b5e1829c11d63
- sebastian/resource-operations 3.0.2@0653718a5a629b065e91f774595267f8dc32e213
- sebastian/type 2.2.1@86991e2b33446cd96e648c18bcdb1e95afb2c05a
- sebastian/version 3.0.1@626586115d0ed31cb71483be55beb759b5af5a3c
- symfony/polyfill-ctype v1.17.1@2edd75b8b35d62fd3eeabba73b26b8f1f60ce13d
- theseer/tokenizer 1.2.0@75a63c33a8577608444246075ea0af0d052e452a
- webmozart/assert 1.9.1@bafc69caeb4d49c39fd0779086c03a3738cbb389
- pocketmine/pocketmine-mp dev-8516aa2393e81746bcbbcfbd8094613307585f16@8516aa2393e81746bcbbcfbd8094613307585f16

Loaded plugins:
PointAPI 1.0.3 by onebone | Fixed and Update by LamPocketVN for API(s) 3.9.0
GameHandle 0.1-ngl_dk by NgLamVN for API(s) 3.14.0
AnvilRain 0.1-ngl_alpha by NgLamVN for API(s) 3.14.0
OreGen 1.0.1 by JINODK, LamPocketVN for API(s) 3.0.0, 3.7.0, 4.0.0
InvCrashFix 0.0.1 by  for API(s) 3.14.0
CuaHangPlus 0.2.lpk by LamPocketVN for API(s) 3.2.0
MultiProtocol 1 by  for API(s) 3.10.0
RankColor 0.1-ngl_alpha by NgLamVN for API(s) 3.12.0
ScoreHud 5.2.0 by JackMD for API(s) 3.0.0
FactionsPro 1.3.20 by Tethered_ for API(s) 3.0.0
PiggyCustomEnchants 2.3.0 by DaPigGuy for API(s) 3.14.0
AutoClearLagg 3.1.0 by Twisted for API(s) 3.0.0
DEVirion 1.2.7 by poggit, SOFe for API(s) 3.0.0
EconomyAPI 5.7.2 by onebone for API(s) 3.0.0
Sheep 5.2.3 by KnownUnown for API(s) 3.0.0
PurePerms 1.4.3 by 64FF00 & ProjectInfinity for API(s) 3.0.0
MultiWorld 1.5.2 by CzechPMDevs, VixikCZ, fuyutsuki, kaliiks for API(s) 3.0.0
PureChat 1.4.11 by LamPocketVN for API(s) 3.0.0
Island 1.7.0 by Wiez, Exxarion, jasonwynn10, LamPocketVN for API(s) 3.4.0

----------------------REPORT THE DATA BELOW THIS LINE-----------------------

===BEGIN CRASH DUMP===
eNrtXPlz2ziW/lewSteOs2XJvA9NpcsZO5n2TA5v7O5s9WgqBRKgxDZFcnjYVmb7f9/vAaBEyc4x
Pand/WFS6YgEgYd3fu8BBPvvk6xq1rz7cCubNq/Kydw9nnT5Wk7mth+HkR2Gnn88KXjbvWiaqpnM
/z7pNjUeT/T98WQt25YvqeWMFwXrKsbZWq4T2bCsL9MOVFkruz8UVXpz9JThruyLAgMz/LzMCxp5
Pl8sXuelTBuedddVVSwWf8rLSty8kXeLRV30y7xsF4vn5W1evON5uVi0TbpYvFm+4uuf3uw9UJfn
TVVf8/ZmVq9qmknPYuicbHufgMqJITJq3SOB4QU4m8wd6KFreIrLv0yeWIzG1pBJdms8P2nTlRR9
IZsTGvUDLwWuj2w3fDpnX+Rz+n1VvuvLo7zs5BKKs59i2if25+e4Gu6O7DDGLLuOUM/wbLEYsTP9
vnkwiXM4idbSyaX6ec1L2LY5Cnzv8zNsmZl+v4Z816tGcvGD5E2XSN4dzOkeznklGzjgkeNFwcE0
mpvFYo+d6fddnu6mbA/Ie58i7wT2AXn9RNM7UoP9Tw22Le8zgy+bKkUgVI2mEnyCih3En2Kh7aAs
PTo8HH2pLilCjpzQ/QSBDx/Sqmy7pk+7oyr5RaYd+wNv5RmCt31VcSGbY2bax8P7Li8QW69htVfV
ckm9QCQvl39xwr+yz0fmtqvrf6nrNoiVhNFnJHQfKLrVyns6+euvxxP5zXHo26ADWNMkPuTlbVXc
yrUsO9AVeQOVT4anaNnSQmNaCUnC2AEeMPPnu26Vt9Pv9QD2jH2nr36P/nZo+v1KNxFu6Dc2jXWf
FHm6k3eLKuy7tG8aMHQNXyULOJYZ8ne6sceT32PGdfehAWYcWcfMtaynNLPjjDt9/EQnd9xpg06O
76sH3vhBIW9lgYfadefzpewu4Lq8TOXR0+n3uH1FPf6wecPX8mgx+fnnnxcTPYH/gA5CZzBrKe/Y
T9B21bhH390fgwP89/HpMVOP1TxH5vL5m58uXj3VNIORTp1Q69SJPqHTlLgsyPgqWJ14pEjX+pQV
lVA7xIaQIzqmJ3rQ7YU40ny59ogv19F8uaThXye//isZ/SsZ/SsZ/Z8mo+PJUpay4QUBeMmpaJ78
6eLN2/M/s8t3b0E5gcS7ynrizmx/ZlN7nxdiMreOJ3n7QcjbyRyKksgQTdVVaQV6nhWBek75w/rK
P6DbGybe56Wo7lr25pq9ev768s8/vWG2NbOYmpfZkRu47GjoZFtP2fPX54FHKQrl8nwSztyZQ/Q+
ylIovs09Hn+oWprg4s2bazSomzuTyNZ1Bd18KPKk4U0uW9IKFysI1MiTX9qqnKKPSYrWzJ5Zp5Hn
RVYYWG7sRnHm+1HmxlxYvu9ynkShSNwssgObOKtgyHXetyc1T28QdlOjVmLAnkGtp7ZwHddzkii1
ZQLH9N00iqIwdQNQCBMvdQQPQjclOXamTvKSNxvldoYt2z6VUZoEvkjsJIzjSMokCd04sR0vc3gM
TmUUgqpM9kmlKDsScDe95UUueEdVCngDzVOPyyxIEsfP4lBYSeRaCbcSLwuCyPUSm8dpFGRpzA8I
UrAUKli2KvPSFGqxpBdlFqhkKfTlJYnFHSsSNphNA9eOY3efUlEtFQUHFKQfJ1IkvsAwmcTcCQIv
TBNSFH6cjIcOFyLjDyhM604BabtlJk6SVMJmUWLZXhTyBIRgAx7w0PK90HE4prCCcJ8Ulpsrw413
mtipEyWOG4gsgrZ9ESZWkGaR59hZHAcOtM5Tz7b2SZRJZyjYIOHaIoVdPM91nSj1Ep6EgUjtJPJS
WN5NQwjsWHKfRMNv4KlaFGcWncKqPAzcDGZwHJFYkSs934mEx1NYzHaFJXnkcm+fSltW1UdpFOKc
RuDbEtwVsevCf9LEldIRMs2EL33PBxE/FKnIDojUhaLgwVOyDF1iOIf0bCgPXohgRYiEoe2nVhaF
oROBjwgURJUS3smTXJVOXb51OZcIub4lMssJIhlbHtby0k1EnHpB5Ke+Ky3pum4mJZl5vYGnJe2J
kLJGjNYbRcQmx42DOHFsmIL7Nud2FqSWLWzhwJ/9QBBF24fT+QoceDPNK5i3zDPZdsb53dMwDGz4
aQqHTTzhZXYgwxQBZgUCThOn3HPxPPNGNHaY6ej48bkjwTYna1opdCN8P5VCZrEVQEEWT3hmJ4HG
KCimJ5ypmpNGZoVUdZsCH0OSwsAWlp16sfCkCJzM8TmPPB56IRewnM+RGx0vgP99jiRaE6omQdRX
AZGK0BFu7KU8jD3hggB3EVKpFYNkkMJPowBBIh8QpbXMtJEtrRsGGyJUozDiNuLJdzw/S2QYZZEV
WRLg4VKsuQniLPBtTa6tJbIYiriVTI0J8fc0cSwLICN9maUCIZpB8yl3uROnCf7xYo6YtgOD7+RJ
J+Z3CA4nPo3hf4JzgFjsE8K4SQy8sZIUPmNxEPbtDF7JHxKZ4rcv824gBnhFfCKSIskD15PccV3L
51FkI3RD30I2kKGNxBAnjxCjDJ920waVVjtQdE9jF1HhOoEfOGAmRrAjiOBVIJ8knrTjEDAiIqN2
4oYITmnthX+gcb1ujOBrzmnKCRCzTAhBQGjBNZCHHDvwPO7B8UKASpCK9IAYrSKneQdaOgphP8Ab
EB9q9xMgs+uDsu8igjNpRYoc0ht8AiF0yBmtIG/kQMY5zQIpRSaFbUW+EHbmpT6BY4y45pYThoIy
C/g+INPJ+w7/rOuCd9IEk3MaZBnyjeRwUMdGvowQfKEnHUAUQtNJfTtFAnG8Q2L5WnHkq4hMETuh
64WI3wT5yEkyAITnOchvSN0A4SSLPVuGh0QglrKi5GvQ8hRA+EHohDbCN7FgKA+hkgSxJ0PLSgMH
2TdCBGVueMCQcaoY0Ryc2mnAYwmTOzB+DNiMM2CKdFMZRVBYjLwEl8pIQS3CpwVYlifK/oYMQZV/
itLBERnSSBpbvkXJH9BvAzVRC1iubYeIIh/PHieDACbgktOiqm76eqtwCcVmyJUQR0RAO9dF2CI9
gFsrcuIMIS54hEX8PtV1zQdn0noSaeoj+jmSM4d6slg4KcwO/3Yc8nUOl5C2l+3REXmWGQrOqY1c
gEoIqOlzFCJBinSVAM5lLGyYD/DEbYjp7lGQWBw2VWkqN18lOouHfpjyBLiWhDIDiAQ2VG57rgzS
GLkXuQpEnX1C93XVdLLZsuMDVELHFgnqozQC9looTgKwGPsehxkknAgpbJ+dZVElvIAPaZ8mStZp
AgMhq4QxCFAJGDlpAghH4kcVSFBgx0mEymaPkl5/TGUJFB5rGuKFHqLNERYPhBVJO0CIiSiFRC5S
H9J65MV2mESPkTP5QVHT9redkHsBsJNQCWndsWzHd30nQHUrfA95MEjDyNv3qkamvUqCQKiSAnnH
XOA4rp1kAQyXxHDr1Ms47Bl4buJLGx6V2rYI3ANybdU3qZxWNclqKmfXEPTd0I5AA5CC8suXsZ3R
xn8MHsMsEqmLsDrwCrP7RsnUPo2gaoRO4roeYWMcyABs2RHyA+wS+zxLnBQ+t0dhvDAiSAkA4FFg
2z5KLeHaKElRVLpIXD7q1BBVK8j4XBXw7WadVeUGa7ZiA+Atpqlh5xYZLwQtRwoR+kmUIJkjvQvU
YahFUT4kTpBEwAbkQImiDrS6lWylRAomaMo/mvRLJUIIhbipi1Tlo4axUGB6qAms0JccacZCMedQ
jUhS3clkXX3EmvkEJbtsNKLElH2RHAPUOJJKnzh140yglkPyRCXlcjd0I8LPKN6vCHeX0zXhCNaI
0wjozJEtY1dGdugFqC6TNEtEZMVeYCOJhn7ko7g6/dqOk1+3W5ZqrXZZ5WX3/PJitJrdNh1PdtZS
VR1aeN+tqqalHaiqlAn+Y//NXub3UjBeCvZjjTWQZMmGveJrvaL+6Q0tmnmd0xgX+rHoXpY8KaQY
FsFC1lh2Elk8a6usOx830H4OeDATYiVPHILiYjHildZM6HR1/fzd9Y+X2jxtruCCNs7+COH0JtRI
1FHjWFg45rRcFh/Ezb7EZhdtTx7b++0CbXfldnwsFmdYOe/EuXx7df3+7btX5w8E2m0o7+QZbzI/
FIcXKLX/lyQ63Gc0TH1RqreN/KMci2QaDn3R3pdD78Cg7VNuh3xB+6izUP2q/PFbZdRzLRaaM71v
9TWiXZS3Zw1vV4iWkXzj1n2jHQr5rWy07v8GrhYL1JspzZzl94uF3p77GjHOeg5XXV4WfTsSY9y6
L4YzK+qDOPqUkZzfLtSIJEJox8z25mtEe90XXX653Y/bCrffvueKn7bQP+FhF93HV/ly1W1+OId7
HUz+RSne8fLmrCr0+zIjwa7tnwEG5xsAw5aT0eXXSHVFO4o/9GIk1LZpLJOvvGgfHHh68/r8ARz8
1vBX1BaLYfbd1deI8ZKrXYQWBh1JMm7dRzqzCTuS5lqieGmk+PDPCYRc0eVXNcIGc+6kG3GyWJib
rwW4y3y53Jz1bVetX5TpipfdGCEeezqW1aHdj31RzzkG/bHffLP0NBBE4fCQm0cbvyT3quvqdn5y
ssy7VZ/MsIA7GSY5eYTcicrcfVedFZI3r/hyOc7ee+1j3bi00XTgBnd520H8b+TVnSa3WGCKKiUm
CjCB5H3A0z+qDMPm83ZT9OvXZyf79KCM8xc/5Y2ScquHbdN+KDizcF8FdbWktyXAhrcv5bdShCa6
WNwqFhYLVOHmasTWF2rNF1i9VevNflk9atzHq3DmPFpYfyuJtmWz1ByownmPmy+D70rKeoy86v4Q
dg/WB38uq7vyR/rnW0mipgXe0o9+Hfu1Hnl3dzcbeeWOtRMtCqFX38hL2az3MGvbtu+K3qGsgffy
pWWxf2fATdoQuCizvMy7zbeS/IOeABA1cDS6/A1hqcaasy87OkMJ9L5qCnFY/+jGfT34h6579lGm
q8vX5/KWuPopv89vzn5Wx/42fdf2Nzmub3iR5zftt1JNSlPWa8QpdLImTu+IU1M4DVz/owoaCXIy
ImT85GzFuwM3UU2HXmLbX1f4fkn8PUccFwsP0/p+KfFfQK+qby9fTIf2ySecivjfXX0Dl1JkaNnT
Frwce5Np2NdVeJjf3ufyI1pe3N9zA7q/8LYq7zZlqV4MfkqV/3B1sA/MI5BXFr/qNoVaF73g7eas
Wq/BOuUw2oAaqfL15rKooD/9+6UMQVswvIE2OqmFVQdbx+cNdocR1GlWYlqdQJjRqx7ZdOpN++TJ
5faOnVWAnCWjNxKLZlE+eS8Fe94vmR0z257b3twJ2PuLPzDHcizqABsse76Uz25zNWBddeIZXeiJ
pmSsZ7vTE7sHtJ37zI5t16HGJbqtKyGfKaJrfj+tC76BWM9sXw2q+V05pTMO+vXZs6lNzXcr6GJa
oDbQA7W5pn/rZbN5hmS7a2pgnWdVllETL8uqL1Np5pjydJVLfeauNaOyivY7t1yZgSveCCrSh/v6
tjb9aac8TxHgm2daHnW4o6uaaSu7Li+XrVKKPnOmdJIr9901tlKKUR/ak3x2/uLl8x9fXVMr8T+r
edsClcSz/1B/IAlcaNryW2nYgBHupiLXp+GeRdR0n1T3UwoI02Vvs3C2WdPr4yeManOWKtv3eotX
uQCDHtjOiaavL+ES7Jp2PdkgGOONZFhLMBQHLS54R8fcyqpjiWR5mRa9gA/ldIDywPWI1lW1xsiM
dQ9ptjyTx6yiZUpLJFnSSH7DNlXfGFoszxjsk2e5mgGmoeOSxYYIw9u25E6EzDiM07K7qvxdx3hd
o3RkpL01hKXDFxvikI7SabnvVrJkfb1suACB2aIkv9XE5ouSsSfvV2r9REdFWyAAo2Oj+ggRdNDw
sqXXZkI/VqwWFaaBqLiSndIXlYSpZCu1YUcta6KsPW8IqznLeNFKetCu+k6g1Jiaw6pztpjoE1Os
kerMFSY/ZjWqYmiykb9Ueflvi4ni9nlRVHeM4gR9mNm3Zbc5Z/9JoUJ9VMxMzaPRtE9eqAAyg9Tu
LIUAgxmhKSKXbJjRL/U38bZ9PCb1HmgHN4GyuRDEtbYJ6ZqOnrE1WAfkUyAyWCKRxDU0Jv/Wc3Uq
d5nfou8tL3rJjsykgKKnRF3PSG/CCVqmsAWdAZvjsZr7Ta+O88LVsIgoUzrqB29obuBcM9Xhxxb2
In8fJKVuqwag3sOk6N4eM1USMBPcCJJjRq/aIAglIKUb4DO1rfsSbkVdNPErZXPIBNdrqvscbieh
Boik3LncMke6NQxdZOTA6jAyHPWY5d3v6Gxyo4YJSUio/OhgMDuCDD1cwFFqUWJMjaRzRerQgbny
jqYvSzKnIPypamUEdeirnTHUL+aarWlHiakdv+NxRBrPIY00TV93ulUrjBSzBm9GLmVcRKo60SV0
lPDbKhdg+3EOyEfI5yooGt41Gzkavd7QneaMkjSFKqF2s9GB+kf1yo9Rsma6HXGwzjuK97Vc8mTT
QeHsSmvaUrrNWyKthl+T0e5ypXjlUAjku6kmNPhYqwTMcnAIlALzpaKVNVIOU2ofh7F6Cl22rGAn
OjygnIImMm8mFWtzZpEUmF3Bsj459f9eAiphPsc/Jc9/jv+2q2rFgoHULUuGXMuAHpQjpdgyRLMe
cqUA4L2KCMNc+7tvwJ6KCcUPoQUzh+YR5fJepr1C3krzq6ORste2t7xPUQC0O3E0aL29fjFn1z9c
XLFXF68vrtnzy8tXFy+u2OWLdwzl9J9fvDtm6MSu36LXC/b+h7evXtAB0rMXV1ezw/B/VBlYDuSV
ys8EwS2Jl66kAmOliy3M2lA7KgShUEV1mQIEpQZYRQq1I6QENMORSNpP+Zn2L9RulA9L6mYmU5Q1
EYDuDsKHuMYcbyl7UNpXA2YPe5MbmKodRqtlStWB1iuxq62qx25lgGfJut2J6lpG1vbp4ywZyV0j
+ZI3CZ0rTavCHO9S2PO4dlWUETtmFDOjgNpYFfSqFhlzgjqthwc+PR6ywaELDk6oE2uWgZaWd72L
vhl7q9FeuzuKiaovxJaXHOnjrmQ7/ltNuFbsQ9DAsoysmO2lwokH6VG5jqawlS1rqvWQZvVo02M6
dsyxhUkaY8kHvsEecak977ga6kcyWYOZyA2NI4t+XetiS1d0zDyY0oPBXufUyQxQvCs2BwlwhwSP
UOePKBjpGikPM9zCydq2lwQL3QpWWw7FJ+EVzbbj6ngwpK4OTI0509xQ10/qidZI6aovb9qB9zNe
U2u+7tfIrkisDRuWAmRIplc7moudXilejCpVxDz0MdTeteFITTilorhHuvW2Fjuv9KNDn9bfEQ30
dechhDQt03EsmaoZpilWZXIr2zlYUVUKCkfSHrjTpYWmQge7Ja07aIyWcCcdhhl9anmGmanzMK9W
IG0oD3Q/T+pzfrgoS9mRweYmQaAoW1WFLi4T3mG1SUW4Yhn1ElzIpBiFbXohZJ7qxJLIbZmpM9uT
sZWGRwSrzaZbqVXA1B4ZUBlPTTztBmYA235gUHtXwepvq3qqhJXktLRRJT4NRqNha8Z+QBUIX3qm
yjp2dvnjMcaChwTxdZcLuL0qEzR6bulPFf05C4eCe1eLt0o7o74z9lwAqFa8yE7oeIhaIAgJHzZT
YVJG2yPkYKNA3CW9EbG99cw9oRoVl7w41qBJU5tPGmbsulH5olI19I+X5eVQge+WirTAoEF3yKdE
s6/LemruD5Y8r01AtvlHuTU11eqDhVvKhaaQQi2vPWeUdb3Y0YOeztilGVPwZqkGcLNmNW6iZswa
viTpYC6I1daFKmVoIboG84QDWCpCzrMipw0PtbJusMLCGpK9vv5RcdpCJBI76TtGK3ll5d10esUx
G2Bo3fVTGjVX3FIACJn0y/mwivme2bR6MUXcClGsnjOzkG310pucvGwrndOMo9hETOOWpna2qqpW
Lc+HxYsclqcK3ATvOGv57QCitDcybPPQs12806F3IIHk3YAx4FTZ7XioltVCq250udLW0hxOKqu0
yGumxkKPr/kGOiRnWVe3w9qV4N9gpsKt6fBMTzlaqwy7P+PNhWu1O6AdQH9jr/dVVF9j7b41uxQp
vL7TuGDGTPWYOatRUNzmBU2jMc/Es5mFQJuXy209XdKw4jB3HA+99jaXHt3Q0eu75+uqJ5/ONDgb
FydV6i09lYwonNWqHYaha5VNMPidyi2jwUrwUupVYiI1sURm5JFqV1Clg9XgAcroarNwL0tp8Wmi
rfiITMYPWa3112+YTSIBPMal9TibvAEl+MfgiGB2GEy/W25c5d20hp726pDbeK9FvTBVE6k9zZ2z
Prk4V5OpLwZaFZKkT9mQpRl9SItSxUjHzJ7DkO3UmD3RQW/KHPaELbFiaXfq2e1rbDU0e6giE6x3
PFdLGgAHKn5tm7qq+2JwRnNDsK/6GIhwFUCoanham7AmdKVInbOhzlQbm3onZ24yHm08qRWWbtYJ
w9gLjOy2BMROb+Tv6qj+QdM23Pab6xVKs6waWQRRNtUvKbY9VxVZRrEyq9frepZXiuOyKjdrWiPQ
6WLaaUvbHeu08DHP2e65EkFBFl8uG6w19Z6S2YDSC236UvfmUD7FHyL47fnbOfQxNSCocwGBwp3U
hShn9FkzzdgqxncCqLbZaCsYqWeree2a2jgPlAqD6ufGmZD11EFjwu5xPaXaq7HqUKKW5CejDZ5j
pk4NHaMZaqCE1W1LFkBvJrGIhgmBQCUlBP10SCx6u4jvbRiZt0GjhNOjPENuUyg2gIUhqCyvnw9z
PLC0lnVs6g4r6C1Wm4xERKn/UDiQZQkwaUK1E2YGDbues90E5sl4hkGbn895Bra1dXVUjDYZDA2Q
74w+h+2ElWlUiEErAlNkGsSgnVnU8UJVWXm2JYRSHYLovXlCoGGVrTEO9AxEDpmNFzlvTQmPqouv
62K4oyIAPBpbzQej6WfwW9rpmbO/qOyN/Hmstn7+SkRVdb5Lk+N3BkoMqqSaXJgV9vAWRi2dH8tY
KqGrDN2qYlKtzOg9LXg16XbMvp5X8aAvGb22oaygs9duxjl7+er59dz5fXjsx/f2sXvvHju/t38v
ZFppjD3qGokbgOuzyNJQrO88/6kue/RW/HhhqyOccgt0bHadVOmhto1gtXTD9IfTfTOA8lDNN9s9
fIU4oINUlaoXJ+2gsOnwAgC+oOu7Jy8V1KipVP89Ir2qFMz/umLUMlXF1my3QVbVai0o7wF8rVkI
pTdUL7eq6IdGkhyV6kavmVU/kld9nljoNKJjRkup6KMYabZYPTmeyPtOlubD3r9P1AHo0QfJSWo+
Ht220AuZUvBmr61afxBVBzDcazWfCOwa+qYY3wv9Qcn2PssL/bHKtmW53vs8eoX0Mb7PEWW34wb6
6Hn0Snud6LdL4y5UiYF9MW6r032p322/ONwbqWC/3W9CgbIet1xdvhrfrjft3wr1Tbe5YuprLod2
4BnqCcv2Lc8KcfndBUIiTFP8pa85Qj8LROhIP82sjD4K8dRXMSl94eu47Dv6jmL0/cR2wg1XLycd
c2jtY17rDxP9GX3N9VF/gbvtjdv79b5NKhKHvmC0bYc+krg8f7unKlF9UKIcNqIp3zcn4KJs272O
VzkBwn+93tPRAQe4pSXpvlhovGvyA+8YfR5N55dt+rAfDK/2nXOXrT+oYmz86blyoqX+JN0c9aND
NaI1h95IAQrQRDJ8/kx+3GzqrlINrmpYigc2z/fcROnGHTdtvzZa9toZB3Z+pprt7aXaStkN+PXX
/wHikh1p
===END CRASH DUMP===
