JINODK PRO Crash Dump Wed Aug 26 21:24:15 WIB 2020

Error: syntax error, unexpected ')'
File: plugins/SmeltWands/src/NgLamVN/SmeltWands/SmeltWands
Line: 50
Type: ParseError

THIS CRASH WAS CAUSED BY A PLUGIN

Code:
[41]             $sender->sendMessage("Player Not Found !");
[42]             return true;
[43]         }
[44]         $item = Item::get(Item::STICK, 0, 1);
[45]         $item->setCustomName("Smelt Stick\nTap a chest to smelt items !");
[46]         if (!$player->getInventory()->canAddItem($item))
[47]         {
[48]             $sender->sendMessage($player->getName()."'s inventory is full");
[49]             return true;
[50]             if ($player instanceof )
[51]         }
[52]         $player->getInventory()->addItem($item);
[53]         return true;
[54]     }
[55] 
[56]     public function onTap(PlayerInteractEvent $event)
[57]     {
[58]         $player = $event->getPlayer();
[59]         $block = $event->getBlock();
[60]         $item = $event->getItem();

Backtrace:
#0 vendor/pocketmine/classloader/src/BaseClassLoader(124): BaseClassLoader->loadClass(string[29] NgLamVN\SmeltWands\SmeltWands)
#1 (): BaseClassLoader->{closure}(string[29] NgLamVN\SmeltWands\SmeltWands)
#2 (): spl_autoload_call(string[29] NgLamVN\SmeltWands\SmeltWands)
#3 src/pocketmine/plugin/PluginManager(167): class_exists(string[29] NgLamVN\SmeltWands\SmeltWands, boolean 1)
#4 src/pocketmine/plugin/PluginManager(346): pocketmine\plugin\PluginManager->loadPlugin(string[45] D:\MinecraftTool\JinodkNew\plugins\SmeltWands, array[3])
#5 src/pocketmine/Server(1608): pocketmine\plugin\PluginManager->loadPlugins(string[35] D:\MinecraftTool\JinodkNew\plugins\)
#6 src/pocketmine/PocketMine(273): pocketmine\Server->__construct(object BaseClassLoader, object pocketmine\utils\MainLogger, string[27] D:\MinecraftTool\JinodkNew\, string[35] D:\MinecraftTool\JinodkNew\plugins\)
#7 src/pocketmine/PocketMine(304): pocketmine\server()

JINODK PRO version: 3.15.1+dev [Protocol 408]
Git commit: 0000000000000000000000000000000000000000
uname -a: Windows NT LAMPKVN 10.0 build 18363 (Windows 10) AMD64
PHP Version: 7.3.20
Zend version: 3.3.20
OS : WINNT, win
Composer libraries: 
- adhocore/json-comment 0.1.0@8448076039389f558f39ad0553aab87db3f81614
- ocramius/package-versions 1.5.1@1d32342b8c1eb27353c8887c366147b4c2da673c
- pocketmine/binaryutils 0.1.11@e8cb65db1b7998eebb739b124f2a989fe87366eb
- pocketmine/callback-validator 1.0.1@4aef6bb25f97d0b830ba0b4f66834b1a9c86fc9a
- pocketmine/classloader 0.1.0@4ccdb30e48f030bfcad04bb0a208d198ec631993
- pocketmine/log 0.2.0@e59bedb5d4bbeb9a26647cb7c367cb2fa72addfa
- pocketmine/log-pthreads 0.1.0@9bbcef398b01487ab47c234a6a7054722abbe067
- pocketmine/math 0.2.4@b1c28b236df8b795d7b06cf8421f9962b12ac410
- pocketmine/nbt 0.2.14@b31dca98443328c4bab76dc1b84c1473c79be20e
- pocketmine/raklib 0.12.8@9fea763ffc922db083e4528d4acd0b13d0ea83a4
- pocketmine/snooze 0.1.2@88420da3d9335dbcb3ee2decfd5e5453d057dcdf
- pocketmine/spl 0.4.1@ff0579a0be41bbe65d3637607715c0f87728a838
- doctrine/instantiator 1.3.1@f350df0268e904597e3bd9c4685c53e0e333feea
- myclabs/deep-copy 1.10.1@969b211f9a51aa1f6c01d1d2aef56d3bd91598e5
- phar-io/manifest 1.0.3@7761fcacf03b4d4f16e7ccb606d4879ca431fcf4
- phar-io/version 2.0.1@45a2ec53a73c70ce41d55cedef9063630abaf1b6
- phpdocumentor/reflection-common 2.2.0@1d01c49d4ed62f25aa84a747ad35d5a16924662b
- phpdocumentor/reflection-docblock 5.1.0@cd72d394ca794d3466a3b2fc09d5a6c1dc86b47e
- phpdocumentor/type-resolver 1.3.0@e878a14a65245fbe78f8080eba03b47c3b705651
- phpspec/prophecy 1.11.1@b20034be5efcdab4fb60ca3a29cba2949aead160
- phpstan/phpstan 0.12.29@9771daaf6b95c6313b908d0bcdee0afcd51f838a
- phpstan/phpstan-phpunit 0.12.11@ab783a8ea634ea23305a8818c4750603e714489b
- phpstan/phpstan-strict-rules 0.12.3@937283265620af9e2005743134ebb4e197b12d8e
- phpunit/php-code-coverage 8.0.2@ca6647ffddd2add025ab3f21644a441d7c146cdc
- phpunit/php-file-iterator 3.0.4@25fefc5b19835ca653877fe081644a3f8c1d915e
- phpunit/php-invoker 3.0.2@f6eedfed1085dd1f4c599629459a0277d25f9a66
- phpunit/php-text-template 2.0.2@6ff9c8ea4d3212b88fcf74e25e516e2c51c99324
- phpunit/php-timer 5.0.1@cc49734779cbb302bf51a44297dab8c4bbf941e7
- phpunit/php-token-stream 4.0.3@5672711b6b07b14d5ab694e700c62eeb82fcf374
- phpunit/phpunit 9.2.6@1c6a9e4312e209e659f1fce3ce88dd197c2448f6
- sebastian/code-unit 1.0.5@c1e2df332c905079980b119c4db103117e5e5c90
- sebastian/code-unit-reverse-lookup 2.0.2@ee51f9bb0c6d8a43337055db3120829fa14da819
- sebastian/comparator 4.0.3@dcc580eadfaa4e7f9d2cf9ae1922134ea962e14f
- sebastian/diff 4.0.2@1e90b4cf905a7d06c420b1d2e9d11a4dc8a13113
- sebastian/environment 5.1.2@0a757cab9d5b7ef49a619f1143e6c9c1bc0fe9d2
- sebastian/exporter 4.0.2@571d721db4aec847a0e59690b954af33ebf9f023
- sebastian/global-state 4.0.0@bdb1e7c79e592b8c82cb1699be3c8743119b8a72
- sebastian/object-enumerator 4.0.2@074fed2d0a6d08e1677dd8ce9d32aecb384917b8
- sebastian/object-reflector 2.0.2@127a46f6b057441b201253526f81d5406d6c7840
- sebastian/recursion-context 4.0.2@062231bf61d2b9448c4fa5a7643b5e1829c11d63
- sebastian/resource-operations 3.0.2@0653718a5a629b065e91f774595267f8dc32e213
- sebastian/type 2.2.1@86991e2b33446cd96e648c18bcdb1e95afb2c05a
- sebastian/version 3.0.1@626586115d0ed31cb71483be55beb759b5af5a3c
- symfony/polyfill-ctype v1.17.1@2edd75b8b35d62fd3eeabba73b26b8f1f60ce13d
- theseer/tokenizer 1.2.0@75a63c33a8577608444246075ea0af0d052e452a
- webmozart/assert 1.9.1@bafc69caeb4d49c39fd0779086c03a3738cbb389
- pocketmine/pocketmine-mp dev-8516aa2393e81746bcbbcfbd8094613307585f16@8516aa2393e81746bcbbcfbd8094613307585f16

Loaded plugins:
InvCrashFix 0.0.1 by  for API(s) 3.14.0

----------------------REPORT THE DATA BELOW THIS LINE-----------------------

===BEGIN CRASH DUMP===
eNrtW/mPGzeW/lc4soG0F5K67kNBB+34mOmJj950Z7zYdGCwSJZU41JVpY4+Evh/3++RLKkk92QS
7PywWIxhWBKLfHzn995j0b/O8rrd8v7jrWq7oq5mK38+64utmq3cME2C0E3CcD4rede/atu6na1+
nfUPDR7PLnnbKTM4n21V1/E1DXcPVc/vmaIHczZU6r5RoleSffXsK0zMh7J8XZQ08+Xq5uZtUSnR
8ry/ruvy5uavRVXLT+/U3c1NUw7roupubq62quw/8Erie9eKm5t36zd8+7d3h0/235fNpqGNzCaW
zOn++SmInFoa0+H9V6wuwddsFTpQRssFvv44e+KwW1XJuj1tavFJ9VtMORXQTFfWXKpW0/2Wd+oF
jb3RYyeuFzxbsaPRxTe0Qg+cdH1bVOsfvfQn9k/kega2nrjs5DF6v4qy7oZWff6j9DxNr2vKj3zo
a2Lro+Bl+UfJ+IyEn+jFqP30Un+85RV8A8qIYmymVfZR3Rdd/0fEn7MMLqJ4xVy9ZfC7tvSDCFvu
Z41+dXNzMM9YxAyNPAXhT+wPu+ic8bblDz/6P2kmw2Mmr1R7qzXhJH+Ur52y/N/PmGYiOmbiUn+l
5Sde7B/xYThcfPPxo6gr7DiI/qTO/o4YPna7ObPj0+VDX5TY+C0vqjf1ek2zRhvH/4zt3dQ/KmH8
GxL6TnAkYWds8Gz20+f5TP1rUO1fAjZgx1D4WFS3dXmrtqrqQVYWLTbDRFFLRbwGLkbZ5M/TDshE
VqPPt4brk5vZZckfVMve1T17XQ+VZH+6mT37GoQC74hAq/qhrRjMrfRzf/L8Mw0Ek4GnRa+27Ixd
4GO1Wqv+xHy7ur548d2cOXOEqKYSHi8iBvsXQ9fX23d8SyxqRbCrvhCfbm6qa94wzsRGdT3ra9bp
h7Sw27MeTYgWOTv509NGi7n4BpxcVMDovm4fTp4tvhG8ei4l8Xaid39GzhLEk/W/0kDye5Q53USz
/mx5M/uqY8W4ISs6RsltZDP9bQ2HztFzEsVuAqJdzyuh6pwRy6F7ZI1war5/KD4/kF1vOjXrMUOj
hfUGZDn6HJXdDFlZCAhYiR5lAqvJVCfGvy6qXiFJ9q9ob/ZU0Ydme9Q0aTlMvmQZLmRma94NsRPD
6FR7T7MS0Xs4+VsaMnMj5xHXnEzVOsDMz//O5f/O5f/O5f9fc/l8tlYVcKikBFlx6mBmf7149/7l
d+zy+/egnEHifZsz85duuHRpfChKOVuh1C+6j1LdzlYEiUjFbd3Xoga9wElAvaBU7PzOP6A7WCY+
FACau469u2Zvnr+9/O5v75jrLB2m92Vu4kc+Oxknuc4z9vztyygAAepjVrN46S89ovcLAEvzbX/j
8ce6ow0u3r27xoD+cVdUulDYNjV087Esspa3hepIK1xuIFCrTv/e1dUCc2x94SzdpXOeBEHixJHj
p36S5mGY5H7KpROGPudZEsvMzxM3comzGobcFkN32nDxCb69sGolBtwl1HruSt/zAy9LhKsyOGbo
iyRJYuFHoBBngfAkj2JfkBx7U2dFxdsH7XaWLdc9V4nIolBmbhanaaJUlsV+mgGMc4+n4FQlMaiq
7JAUIV8G7ha3vCwk76nIA2+geR5wlUdZ5oV5GksnS3wn404W5FGU+EHm8lQkUS5SfkRwnx12KguE
gFocFSS5Ayq5gL6CLHO45yTSBbMi8t009Q8plfVaU/BAQYVppmQWSixTWcq9KApikZGi8OHlPPaQ
xnP+BYVF029axWW3YybNMqFgsyRz3CCJeQZCsAGPeOyEQex5HFs4UXxICr3/xnITnGeu8JLM8yOZ
J9B2KOPMiUSeBJ6bp2nkQetcBK5zSKLKekvBBQnflQJ2CQLf9xIRZDyLIyncLAkELO+LGAJ7jjok
0fJP8FQjirdMzmFVHkd+DjN4nsycxFdB6CUy4AIWc33pKJ74PDik0lV1/YuyCvHOE/DtSO7L1Pfh
PyLzlfKkErkMVRiEIBLGUsj8iEhTagoBPCXPMSWFc6jAhfLghQhWhEgcu6Fw8iSOvQR8JKAga0F4
p05N7dYXO5fziZAfOjJ3vChRqROEaaz8TKYiiJJQhL5ylO/7uVJk5u0DPC3rTqVSDWK0edBEXHLc
NEozz4UpeOhy7uaRcFzpSg/+HEaSKNKZjQo1OPB2UdQwb1XkqKat8/vncRy58FMBh80CGeRupGKB
AHMiCadJBQ98PM+DCY09ZnomfkLuKbDNyZqOgG5kGAolVZ46ERTk8IznbhYZjIJihq0uSk9blZdK
148afCxJCgNXOq4IUhkoGXm5F3KeBDwOYi5huZC7UeoFEfzvt0hiVBeKIBrqgBAy9qSfBoLHaSBR
PUTcR0gJJwXJSMBPkwhBor4gSq3golUdtWCjDRGqSZxwF/EUekGYZypO8sRJHAXw8CnW/AxxFoWu
IdehPzxFCmk2SlgT4u955jkOQEaFKhcSIZpD84L73EtFhn+ClCOmUVFYIvCkU/s5BoeXnqfwP8k5
QCwNCWH8LAXeOJmAzzgchEM3h1fyL4ks8DlURT8SA7wiPhFJieKRHyju+b4T8iRxEbpx6CAbqNhF
YkizR4hRhhf9oh1K1Y0U/fPUR1T4XhRGHphJEewIIngVyGdZoNw0BozIxKqduCGCC+pt8Q80bjru
BL7mnQtOgJjnUkoCQgeugTzkuVEQ8ACOFwNUIiHFETHqxxcFtSUmCmE/wBsQH2oPMyCzH4Jy6COC
c+UkmhzSG3wCIXTMGTXjn9RIxjvPI6VkrqTrJKGUbh6IkMAxRVxzx4tjSZkFfB+R6dV9j3+26H16
ZYPJO4/yHPlGcTio5yJfJgi+OFAeIAqh6YnQFUggXnBMrNhqjkIdkQKxE/tBjPjNkI+8LAdABIGH
/IbUDRDO8jRwVXxMBGJpKyq+Ba1AA0QYxV7sInwzB4YKECpZlAYqdhwReci+CSIo9+MjhqxTpYjm
6NwVEU8VTO7B+ClgM82BKcoXKkmgsBR5CS6Vk4I6hE8HsKxOtf0tGYKq8BylgydzpBGROqFDyR/Q
7wI1UQs4vuvGiKIQzx4ngwAm4FKLsq4/Dc1O4QqKzZErIY5MgHa+j7BFegC3TuKlOUJc8sRNj6hu
Gz46k9GTFCJE9HMkZw715Kn0BMwO//Y88nUOl1BukB/QkUWeWwreuYtcgEoIqBlyFCKRQLrKAOcq
lS7MB3jiLsT0Dyio6rZo68pWbqFOdA6Pw1jwDLiWxSoHiEQuVO4GvopEityLXAWi3iGh+6Zue9Xu
2AkBKrHnygz1kUiAvQ6KkwgspmHAYQYFJ0IKO2RnXdYZL+FDxqeJknOewUDIKnEKAlQCJp7IAOFI
/KgCCQrcNEtQ2RxQMv3HQlVA4ammIV4cINo86fBIOolC5xlLmQhI5CP1Ia0nQerGWfIYOZsfNDVj
f9eLeRABOwmVkNY9x/VCP/QiVLcyDJAHIxEnwaFXtUoMOgkCoSoK5D1zkef5bpZHMFyWwq1FkHPY
Mwr8LFQuPEq4roz8I3JdPbRCLeqGZLWVs28Jhn7sJqABSEH5FarUzeMY4AIe4zyRwkdYHXmFPbyk
ZOqeJ1A1Qifz/YCwMY1UBLbcBPkBdklDnmeegM8dUJg2RgQpEQA8iVw3RKklfRclKYpKH4krRJ0a
o2oFmZDrAr572OZ19YCerXwA8JYLYdm5RcaLQctTUsZhlmRI5kjvEnUYalGUD5kXZQmwATlQoagD
rX6jOqWQggmail9s+qUSIYZCfOEjVYWoYRwUmAFqAicOFUeacVDMeVQjklR3KtvWv/C2P0XJrlqD
KCllXyTHCDWOotInFX6aS9RySJ6opHzux35C+JmkhxXh/utiSziCHnGRAJ05smXqq8SNgwjVZSby
TCZOGkQukmgcJiGKq/PfO3H2eXf6q3u1i+r2Rcu7zeviftLQTkfns73NHLIZRvjQb+oWBH5EP8yb
gs66UH/CValBVhXPSoUmMudlhw5XqkbRCbSe3dV5/3I6sEXbD9Lb4eeu6G9ukAUFbZ0X9zc35tCA
jq7xhU7N319df3j//ZuXRvtYQNwamYCbWwWgIbIz/QJv2sDvu3v93o4Y0S39kmon2E63rrMnl7tf
7EVd5cWaUYq/aW+qJx+UZM+HNXNT5rorN1h5Eftw8S3zHM+hCSWv1gNqirPbQi/Y1r08uxkcoGb2
mrdgY21+8YsOc6X5oZj5FN++un5OywxbCzLE2f7wYv+A0PTMTV3fo8E1pm2Ris40C1t+vzBHnt2Z
G+pFDb9DNdbWvalezxYuDd9toLlFWXS9WWgstvh5UO3DWV1NhloA0Vmd5zTEq6oeKsCJPQnmYlMo
8/ags6vymuBmx5VdiAJf0oHA+Lu5bex8SlSFGMr+4czIo89WgKOLTvU9VNadad1im9LopDDK2w0i
jOVkDkHC2ctXr5//8OaaRon/ZYP4vKtbefYf+g8kGfp60fFbZdmAye4WsjCn4WcJDd1n9f2C/NxO
OYjV5cOWurcnjM6smNCeMhiE1Q7DoAe2d7nF20s4ELsm0GGjYIy3igGHWF3B2/oN75kgDfcsU6yo
RDlIeBzIf+GoROuq3mJlzvovaXY8V3NW40nbEUmWofD6xB6QCiwtegkA+xR5oXeAaejFT/lAhOFt
O3JoDnMO43Tsrq6+6hlvGsVbRtpDP1/Q2ccDcdhv6KUEyX23URUbmnXLJQgsbyryW0NsdVMx9uTD
RhFj+q0LMICBhD3Bgw5aXnVUtUrzWLOKVouDMPRZql7rC7hYCMU2cINSa3BLlI3njUG4Yhp76EG3
GXpZIwrsW7YVu5mZA0uG/NgDvrH5nDWl4tBkq/5eF9Wfbmaa2+dlWd8xihPMYRY22W3B2X9SqNAc
HTML+2iy7ZNXOoDsIgZmGYUAgxmhKSKXPTCrX5pv4233eErqA7Id3ATKRm9CXBubkK7phRbbgvWh
1YFIr4cyRVxDY+rngZeky3Vxi7m3vBwUO7GbArieEXWzIzWiBC0L2IKOYFd4rPd+N2wzqAqu9rx7
qMQ17z7BG1o0Kt1ST/ihg73I30dJadoGtWM9wKSY3s1pQSmZDW4EyZxRpQtBKK9o3QDNaWyLklro
KYb4lbY5ZILrtfV9AbdTUANE0u5c7Zgj3VqGLnJyYJpDjjpnRf8V1Ne3eplUhITaj44WsxPIMMAF
PK0WLcbCSrrSpI4dmGvvaIeqInNKwp+60UbQZ67dkr1Ut/Y72xbrDSKcUtt8GpHWc0gjbTs0vRk1
CiPFbMGblUsbF5GqD1SliRJ+WxcSbD/OAfkI+VwNRcO7lhNHo+rCTFrpd3MUqoTa7YMJ1D/riptR
umZmHHGwLXqK961a8+yhh8LZldG0o3VbdERaL78mo90VWvHaoRDIdwtDaPSxTguYF+AQKKXfpBGZ
vFVq3NL4OIw1UOiydQ07Ue+unYI2so2BZm3FHJICu2tYNgeX/+cloPrnt/in5Pm/47/r60azYCF1
x5Il1zGgB+VIJXcM0a7HXGkA+KAjwjLXffUvYE/HhOaH0IKhA2qhR0S5ukc7pJG3NvyaaKTstZut
7gUKgG4vjgGt99evVuz6LxdX7M3F24tr9vzy8s3Fqyt2+ep7hgLyu1ffzxkmsev3mPWKffjL+zev
6P3Ni1dXV8vj8H9UGZeqLWqdnwmCOxJPbJQGY62LHcy6UDsqBKlRRU9ZAASVAVhNCpUmpAQ0w5FI
2n/kZ8a/ULtRPqxomt1MUzZEALp7CB/jGnu8p+xBaV8vWH45m9zAFu4wWqMEVQdGr8SusapZu5MB
nqWabi+q71hZu2ePs2Ql963ka95m9FpH1KU9XdXY87h2dZQRO3YVs6uA2lteDboWmXKCOm2ABz6b
j9ng2AVHJzSJNc9By8i73Uffkr03aG/cHcVEPZRyx0uB9HFXsT3/nSHcaPYhaOQ4Vlbs9lrjxBfp
UbuOobCTLW/r7ZhmzWo7YzF1zKmFSRpryS98gz3iUgfecTXWj2SyFjuRG1pHlsO2McWWqeiYfbCg
B6O9XtIku0DzrtkcJcAvJHiEOn9EwUjXSHnY4RZO1nWDIljoN7Daeiw+Ca9otz1X89GQpjqwNebS
cENT/6GeqEcSm6H61I28v+ANjRbbYYvsSldy2NgKkCGZvUSiudjrleLFqlJHzJc+htq7sRzpDRdU
FA9It8HOYi9r8+jYp83Vl5G+mTyGkKFlJ04l0zXDQnC61rSzC1jRVQoKR9IeuDOlhaFC71UV9R20
xki4lw7LrD6NPOPONHnc1yiwpK7A0v1tUr/lhzdVpXoy2MomCBRlm7o0xWXGe3SbVIRrllEvwYVs
itHYZhoh+9QklkztykyT2Z5MrTQ+IlhtH/qN7gIW7sSA2nh640U/MgPYDiOL2vsKVveeVDxKIzm1
NrrEp8UYtGwt2V9QBeoLSVTWsReXP8yxFjxkiK+7QsLtdZlg0HNHf6Hpr1g8Ftz7WrzT2pnMXbLn
EkC14WV+is7SNAhSwYftVtiU0XEKOdgkEPdJb0LsoJ+5J1Sj4pKXcwOatLW9UbBk163OF7WuoX+4
rC7HCnzfKlKDQYvukE+J5tBUzcL+Pmp53tqA7Ipf1M7UVKuPFu4oF9pCCrW88ZxJ1g1Szyx6tmSX
dk3J27VewG3Pat1E75i3fE3SwVwQq2tKXcro24FgnnAArSLkfFEWdOChO+sWHRbdIXx7/YPmtINI
JHY29Iw6eW3l/Xam41iOMLTthwWtWmluKQCkyob1auxivmEudS+2iNsgivVzZhvZzrTe5ORVV5uc
Zh3FJWIGtwy1F5u67nR7PjYvamxPNbhJ3nPW8dsRROlsZDzmoWf7eKd3zkACxfsRY8CpOegbq2Xd
aDWtKVe6BvWZLl+qWpRFw/Ra6PEtf4AOyVm29e3YuxL8W8zUuLUYn5ktJ73KePozPVy41qcDxgHM
/zcw5yp6rrX20NlTCgGv7w0u2DULs2bFGhQUt0VJ2xjMs/FsdyHQ5tV6V09XtKw8zh3zcdbB4dKj
Bzqmv3u+rQfy6dyAs3VxUqU50tPJSF9grXSFsaDvOptg8fc6t0wWa8ErZbrETBlimcrJI/WpoE4H
m9EDtNH1YeFBljLi00Y78RGZjB+zClmEhlmmkAAe49J5nE3e6gvDfHREMDsups8dN772buqhF0MD
j1TTsxZBCUhvpM8098765OKl3ky/sO90SJI+VUuWRl0L6NoyKx2zZw5jttNrDkQHvQXz2BO2RsfS
7dWzP9fYaWj5pYpssN7xQrc0AA5U/MY2Td0M5eiM9gfBvp5jIcLXAKGr4UVjw5rQlSJ1xcY6Ux9s
mpOclc14dPCkOywzbBKGtRedSe+OBOReb+Tv+k350dAu3A6Hmw1Ks7yeWARRttj0fTOZuanJMpqV
ZbPdNsui1hxXdfWwpR6BXu7RSZvo9qxT42Ofs/1zLYKGLL5et+g1zZmSPYAyjTbdwf10LJ/mDxH8
/uX7FfSxsCBocgGBwp0yhShH6NzpHTvN+F4APbacHAUj9ew0b1zTGOcLpcKg5rl1JmQ9/Z6PsHta
T+nxeqo6lKgV+cnkgGcOfGw2fI5hqIESVr8rWQC9uUITDRMCgSpKCObpmFjMcRE/ODCyL3kmCWdA
eYbcplFsBAtLUFvePB/3+MLSRtapqftiu8dqm5GIKM0fCweyLAEmbahPwuyi8dRzud/APpnuMGrz
t3OehW1jXRMVk0MGSwPke6vP8ThhYwc1YlBHYItMixh0Mos6Xuoqq8h3hFCqQxBzNk8INHbZBuNA
z0LkmNl4WfDOlvCouvi2KcdfVASAR2ur1Wg08wx+Syc9K/ajzt7In3N99PMTEdXV+T5NTt8ZaDGo
kmoLaTvs8S2Mbp0fy1g6oesM3eliUndmsE8BXm26nbJv9tU8mK+MXttQVjDZa7/jir1+8/x65X0d
z8P03p379/7c+9r9WipRG4w96VuFHwDXs8QxUGx+BeEzU/aYo/hpY2sinHILdGxPnXTpoY+NYDXx
wMy95aEdQXms5tvdGb5GHNBBqhL6xUk3KmwxvgCAL5j67slrDTV6Kz3/gMigKwX7n3AmIwtdbC33
B2R1o3tBc/PdNkLiE9XLnS76oZGsQKX6YHpmPY/k1bcDS5NGTMwYKTV9FCPtDqtn85m671Vl79X+
OnuBCmF6HzgT9u7mboReyFSStwdj9fajrHuA4cGofUO/Hxjacvpbmvscu995UZq7IruR9fbgdvIG
6WP6u0CU3U4H6M6xfhEfL+nnNjNvl6ZTqBID+3I61ohDqb/fXfg7WKlhvzscQoGynY5cXb6Z/tw+
dD+X+kq1/cb0ZSqPTuAZ6gnHDZ3AifH16QVCIhYCf+kyRRzmkYw9FYrcyelORqAvpQi6YOv57Cld
Y5hcX9ht+MD1y0mPLifSfe6iMfcCwyVdpvrFXIDdzcbP++2hTWoShy4Quq5HdxQuX74/UJWsP2pR
jgcxVByaE3BRdd3BxKuCAOG/3h7o6IgD/KSW9FAsDN61xZF3TG4n+3Qphe7Vg+HNoXPus/VHXYxN
b35rJ1qbG+Hmuv6SLgzJzt4IIQVoQJPZePuY/Lh9aPpaD/h6YC2/sHlx4CZaN/50aHfZZz0YZxzZ
+W+q2d5f6qOU/YLPn/8H4QhIYg==
===END CRASH DUMP===
