JINODK PRO Crash Dump Wed Aug 26 20:19:19 WIB 2020

Error: syntax error, unexpected '$smelt' (T_VARIABLE)
File: plugins/SmeltWands/src/NgLamVN/SmeltWands/SmeltWands
Line: 90
Type: ParseError

THIS CRASH WAS CAUSED BY A PLUGIN

Code:
[81]                         $inv->removeItem($item);
[82]                         $inv->addItem($smelt);
[83]                         break;
[84]                     case Item::IRON_ORE:
[85]                         $smelt = Item::get(Item::IRON_INGOT, 0, $item->getCount());
[86]                         $inv->removeItem($item);
[87]                         $inv->addItem($smelt);
[88]                         break;
[89]                     case Item::GOLD_ORE
[90]                         $smelt = Item::get(Item::GOLD_INGOT, 0, $item->getCount());
[91]                         $inv->removeItem($item);
[92]                         $inv->addItem($smelt);
[93]                         break;
[94]                     case Item::DIAMOND_ORE
[95]                         $smelt = Item::get(Item::DIAMOND, 0, $item->getCount());
[96]                         $inv->removeItem($item);
[97]                         $inv->addItem($smelt);
[98]                         break;
[99]                     case Item::LAPIS_ORE
[100]                         $smelt = Item::get(Item::DYE, 4, $item->getCount());

Backtrace:
#0 vendor/pocketmine/classloader/src/BaseClassLoader(124): BaseClassLoader->loadClass(string[29] NgLamVN\SmeltWands\SmeltWands)
#1 (): BaseClassLoader->{closure}(string[29] NgLamVN\SmeltWands\SmeltWands)
#2 (): spl_autoload_call(string[29] NgLamVN\SmeltWands\SmeltWands)
#3 src/pocketmine/plugin/PluginManager(167): class_exists(string[29] NgLamVN\SmeltWands\SmeltWands, boolean 1)
#4 src/pocketmine/plugin/PluginManager(346): pocketmine\plugin\PluginManager->loadPlugin(string[45] D:\MinecraftTool\JinodkNew\plugins\SmeltWands, array[3])
#5 src/pocketmine/Server(1608): pocketmine\plugin\PluginManager->loadPlugins(string[35] D:\MinecraftTool\JinodkNew\plugins\)
#6 src/pocketmine/PocketMine(273): pocketmine\Server->__construct(object BaseClassLoader, object pocketmine\utils\MainLogger, string[27] D:\MinecraftTool\JinodkNew\, string[35] D:\MinecraftTool\JinodkNew\plugins\)
#7 src/pocketmine/PocketMine(304): pocketmine\server()

JINODK PRO version: 3.15.1+dev [Protocol 408]
Git commit: 0000000000000000000000000000000000000000
uname -a: Windows NT LAMPKVN 10.0 build 18363 (Windows 10) AMD64
PHP Version: 7.3.20
Zend version: 3.3.20
OS : WINNT, win
Composer libraries: 
- adhocore/json-comment 0.1.0@8448076039389f558f39ad0553aab87db3f81614
- ocramius/package-versions 1.5.1@1d32342b8c1eb27353c8887c366147b4c2da673c
- pocketmine/binaryutils 0.1.11@e8cb65db1b7998eebb739b124f2a989fe87366eb
- pocketmine/callback-validator 1.0.1@4aef6bb25f97d0b830ba0b4f66834b1a9c86fc9a
- pocketmine/classloader 0.1.0@4ccdb30e48f030bfcad04bb0a208d198ec631993
- pocketmine/log 0.2.0@e59bedb5d4bbeb9a26647cb7c367cb2fa72addfa
- pocketmine/log-pthreads 0.1.0@9bbcef398b01487ab47c234a6a7054722abbe067
- pocketmine/math 0.2.4@b1c28b236df8b795d7b06cf8421f9962b12ac410
- pocketmine/nbt 0.2.14@b31dca98443328c4bab76dc1b84c1473c79be20e
- pocketmine/raklib 0.12.8@9fea763ffc922db083e4528d4acd0b13d0ea83a4
- pocketmine/snooze 0.1.2@88420da3d9335dbcb3ee2decfd5e5453d057dcdf
- pocketmine/spl 0.4.1@ff0579a0be41bbe65d3637607715c0f87728a838
- doctrine/instantiator 1.3.1@f350df0268e904597e3bd9c4685c53e0e333feea
- myclabs/deep-copy 1.10.1@969b211f9a51aa1f6c01d1d2aef56d3bd91598e5
- phar-io/manifest 1.0.3@7761fcacf03b4d4f16e7ccb606d4879ca431fcf4
- phar-io/version 2.0.1@45a2ec53a73c70ce41d55cedef9063630abaf1b6
- phpdocumentor/reflection-common 2.2.0@1d01c49d4ed62f25aa84a747ad35d5a16924662b
- phpdocumentor/reflection-docblock 5.1.0@cd72d394ca794d3466a3b2fc09d5a6c1dc86b47e
- phpdocumentor/type-resolver 1.3.0@e878a14a65245fbe78f8080eba03b47c3b705651
- phpspec/prophecy 1.11.1@b20034be5efcdab4fb60ca3a29cba2949aead160
- phpstan/phpstan 0.12.29@9771daaf6b95c6313b908d0bcdee0afcd51f838a
- phpstan/phpstan-phpunit 0.12.11@ab783a8ea634ea23305a8818c4750603e714489b
- phpstan/phpstan-strict-rules 0.12.3@937283265620af9e2005743134ebb4e197b12d8e
- phpunit/php-code-coverage 8.0.2@ca6647ffddd2add025ab3f21644a441d7c146cdc
- phpunit/php-file-iterator 3.0.4@25fefc5b19835ca653877fe081644a3f8c1d915e
- phpunit/php-invoker 3.0.2@f6eedfed1085dd1f4c599629459a0277d25f9a66
- phpunit/php-text-template 2.0.2@6ff9c8ea4d3212b88fcf74e25e516e2c51c99324
- phpunit/php-timer 5.0.1@cc49734779cbb302bf51a44297dab8c4bbf941e7
- phpunit/php-token-stream 4.0.3@5672711b6b07b14d5ab694e700c62eeb82fcf374
- phpunit/phpunit 9.2.6@1c6a9e4312e209e659f1fce3ce88dd197c2448f6
- sebastian/code-unit 1.0.5@c1e2df332c905079980b119c4db103117e5e5c90
- sebastian/code-unit-reverse-lookup 2.0.2@ee51f9bb0c6d8a43337055db3120829fa14da819
- sebastian/comparator 4.0.3@dcc580eadfaa4e7f9d2cf9ae1922134ea962e14f
- sebastian/diff 4.0.2@1e90b4cf905a7d06c420b1d2e9d11a4dc8a13113
- sebastian/environment 5.1.2@0a757cab9d5b7ef49a619f1143e6c9c1bc0fe9d2
- sebastian/exporter 4.0.2@571d721db4aec847a0e59690b954af33ebf9f023
- sebastian/global-state 4.0.0@bdb1e7c79e592b8c82cb1699be3c8743119b8a72
- sebastian/object-enumerator 4.0.2@074fed2d0a6d08e1677dd8ce9d32aecb384917b8
- sebastian/object-reflector 2.0.2@127a46f6b057441b201253526f81d5406d6c7840
- sebastian/recursion-context 4.0.2@062231bf61d2b9448c4fa5a7643b5e1829c11d63
- sebastian/resource-operations 3.0.2@0653718a5a629b065e91f774595267f8dc32e213
- sebastian/type 2.2.1@86991e2b33446cd96e648c18bcdb1e95afb2c05a
- sebastian/version 3.0.1@626586115d0ed31cb71483be55beb759b5af5a3c
- symfony/polyfill-ctype v1.17.1@2edd75b8b35d62fd3eeabba73b26b8f1f60ce13d
- theseer/tokenizer 1.2.0@75a63c33a8577608444246075ea0af0d052e452a
- webmozart/assert 1.9.1@bafc69caeb4d49c39fd0779086c03a3738cbb389
- pocketmine/pocketmine-mp dev-8516aa2393e81746bcbbcfbd8094613307585f16@8516aa2393e81746bcbbcfbd8094613307585f16

Loaded plugins:
RankColor 0.1-ngl_alpha by NgLamVN for API(s) 3.12.0
InvCrashFix 0.0.1 by  for API(s) 3.14.0
GameHandle 0.1-ngl_dk by NgLamVN for API(s) 3.14.0

----------------------REPORT THE DATA BELOW THIS LINE-----------------------

===BEGIN CRASH DUMP===
eNrtWwtvG7eW/itcp0CThSTP+6HChd04bX2vE3tj92Z368LgkBxpbkYz6jz8aNH/vt8hOdJIcdM0
9y6wWNwgsCUOeXie3zmHQ/96kNfNine3d6ppi7o6mPuTg65YqYO5G6ZJEMRpmE4OSt52r5qmbg7m
vx50j2s8PrjkTavM4ORgpdqWL2i4faw6/sAUPZiwvlIPayU6JdmXX7QrVXZfsufXt387eXt28s35
qxdYmvdl+W1R0trT+c3N66JSouF5d13X5c3NX4qqlu/fqPubm3XZL4qqvbm5IjrveCXxuW3Ezc2b
xTlf/e3N7pPt59l6uaaNzCaWzOH2+SGIHFoa4+HtR6wuwdfBPHWgnoYLfPzx4JnD7lQl6+ZwXYv3
qlthyqGArtqy5lI1mu43vFUvaexcjz13veDFnO2NTr+mFXrgeds1RbX40Ut/Yn8gF2nvmcueP0Xv
V1HWbd+o3/4sPU/Ta9flLe+7mti6Fbws/ywZn5HwI70YtR9e6l+veQVvgTKiGJtpld2qh6Lt/oz4
E5bBRRSvmKu3DD5pSz+IsOV21uBXNzc784xFzNDAUxD+xP60i04Ybxr++KP/k2Yy3GfySjV3WhNO
8mf52ijL/3TGNBPRPhOX+iMtf+7F/h4fhsPp17e3oq6wYy+653X2d0T1vttNmB0fL++7osTGr3lR
ndeLBc0abBz/EdubqX9WwvgjEvpOsCdha2zw4uCn3yYH6n8L5/4p8AMGDYXborqryzu1UlUHsrJo
sD0miloq4j5xMcp+598XWDz9ulGr+k6ddWr1/IsCP198hfWJ94fruJRmkRbUrPI/siprFH+vZwW/
M0vAjxjRnM/P3l68ub14+2pO88OP8aJ3Z0d23UJ1z0cUzt58d3E9Yc6EadGmX+P5y7qvuucvDMPR
Z6on/iz1JJ+knvSP1fPdxfkpqQfTU+dztKMJ/JF20s90nvSznCf9JOdJP8F5Ts9OXl+82Sjos9zH
0viYdj7Td9LP8p30k3wn/QTfOT+5PLuyunGdz/Ke0/96NWHB04r57V+l0b9Ko3+VRv9fS6PJwUJV
quElVRcVpxbx4C9nby5O/8ou316AcgaJt33kgT9zw5lL431RyoM5OqeivZXq7mAORSnUMU3d1aIG
vcBJQL2gOsb5xH+g21sm3hUAmvuWvblm5yevL//6tzfMdWYO0/syN/Ejnz0fJrnOC3by+jQKQIDa
wvlBPPNnHtH7BYCl+bbf8fi2bmmDszdvrjGgv9wXla6yVusaurkti6zhTaFa0gqXSwjUqMO/t3U1
xRxbnDkzd+Yco5tOnDhy/NRP0jwMk9xPuXTC0Oc8S2KZ+XniRi5xVsOQq6JvD9dcvIdvT61aiQF3
BrUeu9L3/MDLEuGqDI4Z+iJJklj4ESjEWSA8yaPYFyTH1tRZUfHmUbudZct1j1UisiiUmZvFaZoo
lWWxn2YA49zjKThVSQyqKtslRciXgbvpHS8LyTuqmcEbaB4HXOVRlnlhnsbSyRLfybiTBXkUJX6Q
uTwVSZSLlO8R3GaHjcoCIaAWRwVJ7oBKLqCvIMsc7jmJdMGsiHw3Rf2wQ6msF5qCBwoqTDMls1Bi
mcpS7kVREIuMFIVfXs5jDzk35x9QmK67JZKrbDfMpFkmFGyWZI4bJDHPQAg24BGPnTCIPY9jCyeK
d0mteLe03ATHmSu8JPP8SOYJtB3KOHMikSeB5+ZpGnnQOheB6+ySqLLOUnBBwnel4HQ04/teIoKM
Z3EkhZslgYDlfRFDYM9RuyQa/h6eakTxZskxrMrjyM9hBs+TmZP4Kgi9RAZcwGKuLx3FE58Hu1Ta
qq5/UVYh3nECvh3JfZn6PvxHZL5SnlQil6EKgxBEwlgKme8RWZeaQgBPyXNMSeEcKnChPHghghUh
EsduKJw8iWMvAR8JKMhaEN6pQyBZx6uu2LicT4T80JG540WJSp0gTGPlZzIVQZSEIvSVo3zfz5Ui
M68e4WlZeyiVWiNG14+aiEuOm0Zp5rkwBQ9dzt08Eo4rXenBn8NIEkU6FFOhBgfeTIsa5q2KXLWd
dX7/OI4jF34q4LBZIIPcjVQsEGBOJOE0qeCBj+d5MKKxxUzPxE/IPQW2OVnTEdCNDEOhpMpTJ4KC
HJ7x3M0ig1FQTE84g1qrUXmJHFNY8LEkKQxc6bgiSGWgZOTlXsh5EvA4iLmE5ULuRqkXRPC/j5HE
aFbCjiAa6oAQMvaknwaCx2kgUT1E3EdICScFyUjAT5MIQaI+IEqd9bRRLfWvgw0RqkmccBfxFHpB
mGcqTvLESRwF8PAp1vwMcRaFriHXot0+RApZL5WwJsT/48xzHICMClUuJEI0h+YF97mXigw/gpQj
plFRWCLwpEP7ewgOLz1O4X+Sc4BYGhLC+FkKvHEyAZ9xOAiHbg6v5B8SmeJ3XxXdQAzwivhEJCWK
R36guOf7TsiTxEXoxqGDbKBiF4khzZ4gRhledNOmL1U7UPSPUx9R4XtRGHlgJkWwI4jgVSCfZYFy
0xgwIhOrduKGCE7pYAA/oHFzgJHA17xjwQkQ81xKSUDowDWQhzw3CgIewPFigEokpNgjRocZU/QA
jY1C2A/wBsSH2sMMyOyHoBz6iOBcOYkmh/QGn0AI7XNGJxnv1UDGO84jpWSupOskoZRuHoiQwDFF
XHPHi2NJmQV875Hp1EOHH6t1yTtlg8k7jvIc+UZxOKjnIl8mCL44UB4gCqHpidAVSCBesE+sWGmO
Qh2RArET+0GM+M2Qj7wsB0AEgYf8htQNEM7yNHBVvE8EYmkrKr4CrUADRBjFXuwifDMHhgoQKlmU
Bip2HBF5yL4JIij34z2GrFOliObo2BURTxVM7sH4KWAzzYEpyhcqSaCwFHkJLpWTglqETwuwrA61
/S0ZgqrwGKWDJ3OkEZE6oUPJH9DvAjVRCzi+68aIohDPniaDACbgUtOyrt/3643CFRSbI1dCHJkA
7XwfYYv0AG6dxEtzhLjkiZvuUV2t+eBMRk9SiBDRz5GcOdSTp9ITMDv82/PI1zlcQrlBvkNHFnlu
KXjHLnIBKiGgZshRiEQC6SoDnKtUujAf4Im7ENPfoaCqu6KpK1u5hTrROTwOY8Ez4FoWqxwgErlQ
uRv4KhIpci9yFYh6u4Qe1nXTqWbDTghQiT1XZqiPRALsdVCcRGAxDQMOMyg4EVLYLjuLss54CR8y
Pk2UnOMMBkJWiVMQoBIw8UQGCEfiRxVIUOCmWYLKZoeS6T+mqgIKjzUN8eIA0eZJh0fSSRQ6z1jK
REAiH6kPaT0JUjfOkqfI2fygqRn7u17MgwjYSaiEtO45rhf6oRehupVhgDwYiTgJdr2qUaLXSRAI
VVEgb5mLPM93szyC4bIUbi2CnMOeUeBnoXLhUcJ1ZeTvkWvrvhFqWq9JVls5+5Zg6MduAhqAFJRf
oUrdPI4BLuAxzhMpfITVnlfYs2BKpu5xAlUjdDLfDwgb00hFYMtNkB9glzTkeeYJ+NwOhXFjRJAS
AcCTyHVDlFrSd1GSoqj0kbhC1KkxqlaQCbku4NvHVV5Xj+jZykcAbzkVlp07ZLwYtDwlZRxmSYZk
jvQuUYehFkX5kHlRlgAbkAMVijrQ6paqVQopmKCp+MWmXyoRYijEFz5SVYgaxkGBGaAmcOJQcaQZ
B8WcRzUiSXWvslX9C2+6Q5TsqjGIklL2RXKMUOMoKn1S4ae5RC2H5IlKyud+7CeEn0m6WxFuP05X
hCPoEacJ0JkjW6a+Stw4iFBdZiLPZOKkQeQiicZhEqK4Ov7UiQe/bY7Oda/2llfvX9alOeq3neR2
bHKwtResNa0W5S0vUbDhCe+7Zd20dMxlj2GoOebrgkZ8ytEODaiKZ6VCR5nzskW7K9Va0Vn+/Ec8
bOu8Ox0PrHhBe23OdTasjD7SawD0R/RO4uLq+t3F2/NTY4y20OBAJ3Bn1d3LhrfLb4uHkWDj0V3R
HN2ib0XakST4ByRZ9T+DrZsbJHdBW+fFw82NOQv5FDm+A+Pf80qWaiTGaPApA8n3n2Cd4J9hnS0j
Nzcv0fD/sUTkfEhwK4WMoJnTL67HJy3bYxj9vprY0GcvMypyEWT6jOHg2eXmG3tZV3mxYFSL3TQ3
1bN3SrKTfsHclLnu3A3mXsTenX3DPMdzaELJq0WP4u/ortALVnUnj256B+kt+5Y3YGNhvvGzFnOl
+aKY+S2+eXV9QssMW1OyydH2lGn7gNLekZu6vkeDC0xboWY40iys+MMU9dkjlHDkhnrRmt+jbG7q
zrQZR1OXhu+X0Ny0LNrOLDT2mv7cq+bxqK5GQw0yxlGd5zTEq6ruK+C+2WPKxbJQ5h1Za1flNeWF
DVd2IToxSSc3w/f13drOp4qiEH3ZPR4ZefQhGBLetFVdB5W1R1q32KY0OimM8jaDwFs5mkPYfXT6
6tuTH86vaZT4n60BpPd1I4/+Xf+DJH1XT1t+pywbMNn9VBbUFgh1lNDQQ1Y/TMnd7ZQdUJ09rqjN
fsbocJEJ7Sm9SYXaYRj0wLYuN319CQdi15Qd2CAY441iSBisruBt3ZJ3TJCGO5YpVlSi7CU8DuQ/
cFSidVWvsDJn3Yc0W56rCavxpGmJpHmNwR6Rsy0tVuQM9inyQu8A09DrzfKRCMPbNuTQxeccxmnZ
fV192TG+XiveMNLeCsLSIdUjcdgti9bIfb9UFevXi4ZLEJjdVOS3htj8pmLs2bulIsZYV2OXSjKQ
sEet0EHDq5baC2kea1bRE3MQhj5L1Wl9IYEVQrGlRggaWRFl43lDEM6ZRh560C77TtaIAvt2ec5u
DszJMkMh0yHPYvMJW5eK3uU06u91Uf3bzYHm9qQs63tGcYI5zOY3dldw9h8UKjRHx8zUPhpt++yV
DiC7iIFZRiHAYEZoishlj8zql+bbeNs8HpN6h7IEbgJlo4kkro1NSNewwnu2Aut9owORwRKZIq6h
MfVzz0vS5aK4w9w7XvaKPbebArheEHWzI50YELRMYQs6K5/jsd77Tb/KoCq42kn7WIlr3r6HNzTo
KNuZnvBDC3uRvw+S0rQlivy6h0kxvZ3QglIyG9wIkgmjlgSCUI7RugGa09gKvY/QUwzxK21zyATX
a+qHAm6noAaIpN252jBHurUMneXkwDSHHHXCiu5LqK9r9DKpCAm1H+0tZs8hQw8X8LRatBhTK+lc
k9p3YK69o+mriswpCX/qtTaCPhxvZ+xU3dnPbFUslohwStaTcURazyGNNE2/7syoURgpZgXerFza
uIhUffItTZTwu7qQYPtpDshHyOdqKBreNRs5GpWBZtKc0RsDClVC7ebRBOp3ujVilKyZGUccrIqO
4n2lFjx77KBwdmU07WjdFi2R1suvyWj3hVa8digE8v3UEBp8rNUC5gU4BEqB+UrTyhulhi2Nj8NY
PYUuW9SwEx2yaKegjWwHp1mbM4ekwO4als0J8/95Caj6+Rj/lDz/Mf7brl5rFiykbliy5FoG9KAc
qeSGIdp1nysNAO90RFjm2i//CezpmND8EFowtKoN9IgoVw/oWzXy1oZfE42UvTaz1YNAAdBuxTGg
dXH9as6uvz+7Yudnr8+u2cnl5fnZqyt2+eotQwH511dvJwyT2PUFZr1i776/OH9FL9pevrq6mu2H
/5PKuFRNUev8TBDcknhiqTQYa11sYNaF2lEhSI0qesoUIKgMwGpSqDQhJaAZjkTS/p6fGf9C7Ub5
sKJpdjNN2RAB6G4hfIhr7HFB2YPSvl4w+3A2uYEt22G0tRJUHRi9ErvGqmbtRgZ4llq3W1F9x8ra
vniaJSu5byVf8Caj92+iLu0xuMaep7Wro4zYsauYXQXUXvGq17XImBPUaT088MVkyAb7Ljg4oUms
eQ5aRt7VNvpm7MKgvXF3FBN1X8oNLwXSx33Ftvy3hvBasw9BI8exsmK3bzVOfJAetesYChvZ8qZe
DWnWrLYzpmPHHFuYpLGW/MA32BMuteMdV0P9SCZrsBO5oXVk2a/WptgyFR2zD6b0YLDXKU2yCzTv
ms1BAnxDgkeo8ycUjHSNlIcd7uBkbdsrgoVuCasthuKT8Ip223I1GQxpqgNbY84MNzT1d/VEPZJY
9tX7duD9JV/TaLHqV8iuSKwNG1oBMiQz3Y7hYqtXiherSh0xH/oYau+15UhvOKWiuEe6DTYWO63N
o32fpqqIMM/QN5OHEDK07MSxZLpmmAp0ZWoj2ylY0VUKCkfSHrgzpYWhQi/AFfUdtMZIuJUOy6w+
jTzDzjR52NcosKSuwNL9OKmP+eFNVamODDa3CQJF2bIuTXGZ8Q7dJhXhmmXUS3Ahm2I0tplGyD41
iSVTmzLTZLZnYysNjwhWm8duqbuAqTsyoDae3njaDcwAtsPIova2gtW9JxWP0khOrY0u8WkxBi1b
M/Y9qkD40pEu69jLyx8mWAseMsTXfSHh9rpMMOi5oT/V9OcsHgrubS3eau2M5s7YiQRQLXmZH6Kz
NA2CVPBhuxU2ZXScQg42CsRt0hsR2+lnHgjVqLjk5cSAJm1tr37M2HWj80Wta+gfLqvLoQLftorU
YNCie+RTotmvq/XUft9reV7bgGyLX9TG1FSrDxZuKRfaQgq1vPGcUdYNUs8sejFjl3ZNyZuFXsBt
z2rdRO+YN3xB0sFcEKtdl7qUoUZ0BeYJB9AqQs6XZUEHHrqzbtBhoYdkr69/0Jy2EInEzvqOUSev
rbzdznQcswGGVl0/pVVzzS0FgFRZv5gPXczXzKXuxRZxS0Sxfs5sI9ua1pucvGprk9Oso7hEzOCW
ofZyWdetbs+H5kUN7akGN8k7zlp+N4AonY0Mxzz0bBvvdDkASKB4N2AMODXHfEO1rButdWPKlXaN
+kyXL1UtymLN9Fro8TV/hA7JWegyp+1dCf4tZmrcmg7PzJajXmU4/RkfLlzr0wHjAOYvb8y5ip5r
rd239pRCwOs7gwt2zdSsmbM1Coq7oqRtDObZeLa7EGjzarGppytaVu7njskwa+dw6ckDHdPfnazo
sqfuR3V+Mi5OqjRHejoZUTjrrh2Goc86m2DxW51bRou14JUyXWKmDLFM5eSR+lRQp4Pl4AHa6Pqw
cCdLGfFpo434iEzG91mFLELDLFNIAE9x6TzNJm9ACf4xOCKYHRbT7w03vvZu6qGn/RoeqcZnLYIS
kN5In2lunfXZ2aneTN+saHVIkj5VQ5ZGXQvoWjErHbNnDkO202t2RAe9KfPYM7ZAx9Ju1bM919ho
aPahimyw3vNCtzQADlT8xjbret2XgzPaLwT7eo6FCF8DhK6Gp2sb1oSuFKlzNtSZ+mDTnOTMbcaj
gyfdYZlhkzCsvehMenMkILd6I3/XVxr2hjbhtju8XqI0y+uRRRBl02XXrUczlzVZRrMyW69W61lR
a46runpcUY9Ab2HppE20W9ap8bHP2fa5FkFDFl8sGvSa5kzJHkCZRpsuS7/fl0/zhwi+OL2YQx9T
C4ImFxAo3CtTiHKEzr3esdWMbwXQY7PRUTBSz0bzxjWNcT5QKgxqnltnQtbTL2QJu8f1lB6vx6pD
iVqRn4wOeCZMvzCbYBhqoITVbUoWQG+u0ETDhECgihKCeTokFnNcxHcOjOwLn1HC6VGeIbdpFBvA
whLUljfPhz0+sLSRdWzqrlhtsdpmJCJK84fCgSxLgEkb6pMwu2g49ZxtN7BPxjsM2vx4zrOwbaxr
omJ0yGBpgHxn9TkcJyztoEYM6ghskWkRg05mUcdLXWUV+YYQSnUIYs7mCYGGLttgHOhZiBwyGy8L
3toSHlUXX63L4RsVAeDR2mo+GM08g9/SSc+c/aizN/LnRB/9/EREdXW+TZPjdwZaDKqkmkLaDnt4
C6Nb56cylk7oOkO3upjUnRnsU4BXm27H7Jt9NQ/mI6PXNpQVTPba7jhn356fXM+9r+JJmD64E//B
n3hfuV9JJWqDsc+7RuELwPUocQwUm29B+MKUPeYoftzYmgin3AId21MnXXroYyNYTTwyc8G8bwZQ
Hqr5ZnOGrxEHdJCqhH5x0g4Kmw4vAOALpr579q2GGr2Vnr9DpNeVgv1Ts9HIVBdbs+0BWb3WvaD5
EwXbCIn3VC+3uuiHRrICleqj6Zn1PJJXX+MsTRoxMWOk1PRRjDQbrD6YHKiHTlX2AvSvB/qN6+ji
dibsJdvNCL2QqSRvdsbq1a2sO4Dhzqi9SrEd6Jty/F2aizeb73lRmks9m5HFauca+RLpY/y9QJTd
jQfocri+MRHP6OsqM2+XxlOoEgP7cjy2FrtSv93czNxZqWG/3R1CgbIaj1xdno+/rh7bn0t9991+
YvrWm0cn8Az1hOOGTuDE+PjFGUIiFgL/6dZLHOaRjD0VitzJ6fJMoG8PCboJ7fnsC7pvMrpnstnw
keuXkx7dIqWL98XaXOAMZ3Tr7RdzU3kzG18fVrs2qUkcuunpuh5dJrk8vdhRlaxvtSj7gxgqds0J
uKjadmfiVUGA8J+vd3S0xwG+Uku6KxYG75tizztG18h9uj1EfwABhpe7zrnN1re6GBtf0ddOtDBX
983fVczoZpds7dUdUoAGNJkN18TJj5vHdVfrAV8PLOQHNi923ETrxh8PbW5lLXrjjAM7/00128Wl
PkrZLvjtt/8ByUv7rg==
===END CRASH DUMP===
