JINODK PRO Crash Dump Wed Aug 19 15:39:33 WIB 2020

Error: Call to a member function broadcastLevelEvent() on null
File: src/pocketmine/block/Anvil
Line: 121
Type: Error

Code:
[112] 	public function place(Item $item, Block $blockReplace, Block $blockClicked, int $face, Vector3 $clickVector, Player $player = null) : bool{
[113] 		$direction = ($player !== null ? $player->getDirection() : 0) & 0x03;
[114] 		$this->meta = $this->getVariant() | $direction;
[115] 		return $this->getLevelNonNull()->setBlock($blockReplace, $this, true, true);
[116] 	}
[117] 
[118] 	public function onEndFalling(FallingBlock $fallingBlock) : Block{
[119] 		$fallDistance = ceil($fallingBlock->fallDistance - 1);
[120] 
[121] 		$this->level->broadcastLevelEvent($this, LevelEventPacket::EVENT_SOUND_ANVIL_FALL);
[122] 
[123] 		if($fallingBlock->random->nextFloat() < (0.05 + $fallDistance * 0.05)){
[124] 			$direction = $this->meta & 3;
[125] 			$type = $this->meta - $direction;
[126] 
[127] 			if($type === Anvil::TYPE_NORMAL){
[128] 				$type = Anvil::TYPE_SLIGHTLY_DAMAGED;
[129] 			}elseif($type === Anvil::TYPE_SLIGHTLY_DAMAGED){
[130] 				$type = Anvil::TYPE_VERY_DAMAGED;
[131] 			}else{

Backtrace:
#0 src/pocketmine/entity/object/FallingBlock(133): pocketmine\block\Anvil->onEndFalling(object pocketmine\entity\object\FallingBlock)
#1 src/pocketmine/entity/Entity(1790): pocketmine\entity\object\FallingBlock->fall(double 0.79630225896835)
#2 src/pocketmine/entity/Entity(2193): pocketmine\entity\Entity->updateFallState(double 0, boolean 1)
#3 src/pocketmine/entity/Entity(1725): pocketmine\entity\Entity->move(double 0, double 0, double 0)
#4 src/pocketmine/entity/Entity(1704): pocketmine\entity\Entity->onMovementUpdate()
#5 src/pocketmine/level/Level(907): pocketmine\entity\Entity->onUpdate(integer 2)
#6 src/pocketmine/level/Level(835): pocketmine\level\Level->actuallyDoTick(integer 2)
#7 src/pocketmine/Server(2370): pocketmine\level\Level->doTick(integer 2)
#8 src/pocketmine/Server(2493): pocketmine\Server->checkTickUpdates(integer 2, double 1597826373.5084)
#9 src/pocketmine/Server(2261): pocketmine\Server->tick()
#10 src/pocketmine/Server(2104): pocketmine\Server->tickProcessor()
#11 src/pocketmine/Server(1691): pocketmine\Server->start()
#12 src/pocketmine/PocketMine(273): pocketmine\Server->__construct(object BaseClassLoader, object pocketmine\utils\MainLogger, string[27] D:\MinecraftTool\JinodkNew\, string[35] D:\MinecraftTool\JinodkNew\plugins\)
#13 src/pocketmine/PocketMine(304): pocketmine\server()

JINODK PRO version: 3.15.1+dev [Protocol 408]
Git commit: 0000000000000000000000000000000000000000
uname -a: Windows NT LAMPKVN 10.0 build 18363 (Windows 10) AMD64
PHP Version: 7.3.20
Zend version: 3.3.20
OS : WINNT, win
Composer libraries: 
- adhocore/json-comment 0.1.0@8448076039389f558f39ad0553aab87db3f81614
- ocramius/package-versions 1.5.1@1d32342b8c1eb27353c8887c366147b4c2da673c
- pocketmine/binaryutils 0.1.11@e8cb65db1b7998eebb739b124f2a989fe87366eb
- pocketmine/callback-validator 1.0.1@4aef6bb25f97d0b830ba0b4f66834b1a9c86fc9a
- pocketmine/classloader 0.1.0@4ccdb30e48f030bfcad04bb0a208d198ec631993
- pocketmine/log 0.2.0@e59bedb5d4bbeb9a26647cb7c367cb2fa72addfa
- pocketmine/log-pthreads 0.1.0@9bbcef398b01487ab47c234a6a7054722abbe067
- pocketmine/math 0.2.4@b1c28b236df8b795d7b06cf8421f9962b12ac410
- pocketmine/nbt 0.2.14@b31dca98443328c4bab76dc1b84c1473c79be20e
- pocketmine/raklib 0.12.8@9fea763ffc922db083e4528d4acd0b13d0ea83a4
- pocketmine/snooze 0.1.2@88420da3d9335dbcb3ee2decfd5e5453d057dcdf
- pocketmine/spl 0.4.1@ff0579a0be41bbe65d3637607715c0f87728a838
- doctrine/instantiator 1.3.1@f350df0268e904597e3bd9c4685c53e0e333feea
- myclabs/deep-copy 1.10.1@969b211f9a51aa1f6c01d1d2aef56d3bd91598e5
- phar-io/manifest 1.0.3@7761fcacf03b4d4f16e7ccb606d4879ca431fcf4
- phar-io/version 2.0.1@45a2ec53a73c70ce41d55cedef9063630abaf1b6
- phpdocumentor/reflection-common 2.2.0@1d01c49d4ed62f25aa84a747ad35d5a16924662b
- phpdocumentor/reflection-docblock 5.1.0@cd72d394ca794d3466a3b2fc09d5a6c1dc86b47e
- phpdocumentor/type-resolver 1.3.0@e878a14a65245fbe78f8080eba03b47c3b705651
- phpspec/prophecy 1.11.1@b20034be5efcdab4fb60ca3a29cba2949aead160
- phpstan/phpstan 0.12.29@9771daaf6b95c6313b908d0bcdee0afcd51f838a
- phpstan/phpstan-phpunit 0.12.11@ab783a8ea634ea23305a8818c4750603e714489b
- phpstan/phpstan-strict-rules 0.12.3@937283265620af9e2005743134ebb4e197b12d8e
- phpunit/php-code-coverage 8.0.2@ca6647ffddd2add025ab3f21644a441d7c146cdc
- phpunit/php-file-iterator 3.0.4@25fefc5b19835ca653877fe081644a3f8c1d915e
- phpunit/php-invoker 3.0.2@f6eedfed1085dd1f4c599629459a0277d25f9a66
- phpunit/php-text-template 2.0.2@6ff9c8ea4d3212b88fcf74e25e516e2c51c99324
- phpunit/php-timer 5.0.1@cc49734779cbb302bf51a44297dab8c4bbf941e7
- phpunit/php-token-stream 4.0.3@5672711b6b07b14d5ab694e700c62eeb82fcf374
- phpunit/phpunit 9.2.6@1c6a9e4312e209e659f1fce3ce88dd197c2448f6
- sebastian/code-unit 1.0.5@c1e2df332c905079980b119c4db103117e5e5c90
- sebastian/code-unit-reverse-lookup 2.0.2@ee51f9bb0c6d8a43337055db3120829fa14da819
- sebastian/comparator 4.0.3@dcc580eadfaa4e7f9d2cf9ae1922134ea962e14f
- sebastian/diff 4.0.2@1e90b4cf905a7d06c420b1d2e9d11a4dc8a13113
- sebastian/environment 5.1.2@0a757cab9d5b7ef49a619f1143e6c9c1bc0fe9d2
- sebastian/exporter 4.0.2@571d721db4aec847a0e59690b954af33ebf9f023
- sebastian/global-state 4.0.0@bdb1e7c79e592b8c82cb1699be3c8743119b8a72
- sebastian/object-enumerator 4.0.2@074fed2d0a6d08e1677dd8ce9d32aecb384917b8
- sebastian/object-reflector 2.0.2@127a46f6b057441b201253526f81d5406d6c7840
- sebastian/recursion-context 4.0.2@062231bf61d2b9448c4fa5a7643b5e1829c11d63
- sebastian/resource-operations 3.0.2@0653718a5a629b065e91f774595267f8dc32e213
- sebastian/type 2.2.1@86991e2b33446cd96e648c18bcdb1e95afb2c05a
- sebastian/version 3.0.1@626586115d0ed31cb71483be55beb759b5af5a3c
- symfony/polyfill-ctype v1.17.1@2edd75b8b35d62fd3eeabba73b26b8f1f60ce13d
- theseer/tokenizer 1.2.0@75a63c33a8577608444246075ea0af0d052e452a
- webmozart/assert 1.9.1@bafc69caeb4d49c39fd0779086c03a3738cbb389
- pocketmine/pocketmine-mp dev-8516aa2393e81746bcbbcfbd8094613307585f16@8516aa2393e81746bcbbcfbd8094613307585f16

Loaded plugins:
GameHandle 0.1-ngl_dk by NgLamVN for API(s) 3.14.0
AnvilRain 0.1-ngl_alpha by NgLamVN for API(s) 3.14.0
OreGen 1.0.1 by JINODK, LamPocketVN for API(s) 3.0.0, 3.7.0, 4.0.0
InvCrashFix 0.0.1 by  for API(s) 3.14.0
MultiProtocol 1 by  for API(s) 3.10.0
PointAPI 1.0.3 by onebone | Fixed and Update by LamPocketVN for API(s) 3.9.0
RankColor 0.1-ngl_alpha by NgLamVN for API(s) 3.12.0
CuaHangPlus 0.2.lpk by LamPocketVN for API(s) 3.2.0
DEVirion 1.2.7 by poggit, SOFe for API(s) 3.0.0
ScoreHud 5.2.0 by JackMD for API(s) 3.0.0
FactionsPro 1.3.20 by Tethered_ for API(s) 3.0.0
EconomyAPI 5.7.2 by onebone for API(s) 3.0.0
PurePerms 1.4.3 by 64FF00 & ProjectInfinity for API(s) 3.0.0
PiggyCustomEnchants 2.3.0 by DaPigGuy for API(s) 3.14.0
MultiWorld 1.5.2 by CzechPMDevs, VixikCZ, fuyutsuki, kaliiks for API(s) 3.0.0
Sheep 5.2.3 by KnownUnown for API(s) 3.0.0
AutoClearLagg 3.1.0 by Twisted for API(s) 3.0.0
PureChat 1.4.11 by LamPocketVN for API(s) 3.0.0
Island 1.7.0 by Wiez, Exxarion, jasonwynn10, LamPocketVN for API(s) 3.4.0

----------------------REPORT THE DATA BELOW THIS LINE-----------------------

===BEGIN CRASH DUMP===
eNrtXPt327iV/ldQZ07r7Eoy3w91PWvXdmbSOrE3dpLuVj0+IAlKrClS5cO2Mjv/+34XACVStpO0
k92zP8ycjE2CwMV9fvcCBP3TXlpWS97c3Imqzspib2qP9ppsKfamphv6geXZPlpyXjdnVVVWe9Of
9pr1Co/31P1obynqms+p5YTnOWtKxtlSLCNRsbQt4gZUWVSVPIlB5FzcifzsThTN/kuGB0Wb56CR
4terLCcip9PZ7E1WiLjiaXNdlvls9sesKJPbt+J+NqureDZblfGtaJboNJtFOW5ms+PiLssnq8WK
iClC6Hqw7XkgOx7IfuiTowkiWiakrXiM67/svTDYzhiwmTXrgzL6m4ibg1cQLyvmfyBC+6Ztv5yy
5zgZf18WZ0WiR+wrAoPeivRsph7NZn3iL8HgC/MZZs7kr33TD40dBj5Hcvx9irv9pGyjXDBj4oee
bViWG4ReYLtyQuvzE1pmaD8zoeox/r5dJbwRNO1Vg4vNbCMWwY6CF8yUM9lfEs1yvzDTsrzrk398
JedxvjSP4XxhnrJ4g5mWaH4vZduXdN1dujl59YH07f3Q8L9IVBPLikbMESaWpOp9jioZaUhVPp3N
5OPx9zxuWuh9fVpeZ/DOIWV/l/KVqBDv+5btG5+lmjxFLXiOmvPIQdST8ffxQsS3REoJXm8pbiy2
RZuJawSOnCl8bibLM5+ZqSF+VfwYz402H5m9P/qyKmMgWllpMuYzZEwvfI6JuuFVo4c/iqpLeUkI
t2/5zyns5iYui7qp2rjpwOMPvBYnwOH6HFAqqhF7AlTaJstrwCfPivNyPqdeIAIM+Ivl/5V9Hlk3
XW33S11XeTvPCkykRLQ/I6L9SNe1Ut/Lvb/+PNoT/5s55R9JA+BFSXWTFXdlrmIeo4sSHUZ7cZkI
YtM0LTTOmhV8Nou3vKxy5JD9141Ysu8y/BwxibrsOzndOyGfDxtPQOBWJCOGWGDfpfL5Bxi0rGz2
XUwP1d2IXeZ8DcG/W6nfh1LAl2wqUfUncGeatuRq1nyXZJVQLB2y/W7Ebw7VGPbvHZHx93PRnHZ9
94mY8ZL9lhkPhv17SdHpKDaLrAbgioaDpL7D4A+8yrjU+H+z7axqrKvHVqJpq6I3SFrqbVm8BTP7
LxEoolHZdEdPcsSIwf+F+vlSEfYk4Z/ltY9reRE8aZFB/u1nQtJ1L9VCcnmh9Bh2UlOf0wyBXMQC
csciy/cHA1VC3XQZI7VJHi1D82WZQw3mClKf8lot7rblkpO/TqdnH87eXt9cXbx/e3pz/PbD6/Ob
V8fn53oiq5uoM36W7rJY8SIpl+PvC/HQvMpLTub6N7ZvTAyX/SsbCvkvjJpfvpSKsDrz77hU3xt+
y5SrWO62L4XxTrfxrntYXse4vxlIrKuxcFUZnNPp9X9ent28vXj35vhcMxVs+m+n6ne+On/9w4/X
5/95c3r85viHs1M1XbgZ9bPIa/HsVLuj1aS28YVJP5y9G05om8MJf9r7+dci89ci89ci89ci89ci
8/+8yBztzUUhKp5T+VZw2tjY++Prtxenf2KX7y5AOoLI292PPXtiuhOT2tssT/amxmgvq28Scbc3
leXI3qoqmzIuQc8xAlDPqEw0vvI/0G01Ex8z5Ob7mr29ZufHby7/9OEtM5GBmZyXmYHt2Wy/62Si
Ojt+c+o5IECbHNM9f2JPLKL3SRSJ5Fvf4/FNWdMEr9++vUaDvLnPClnGLlcldHOTZ1GFAk7UpBWe
LCBQJQ7+VpfFGH107WtMzIlxFDhOYPieYYd2EKauG6R2yBPDdW3Oo8BPIjsNTM8kzkpYcpm19cEK
9QvK97FWKzFgTqDWIzOxLduxoiA2RQTPdO04CAI/tj1Q8CMnthLu+XZMcvRq9qzg1Vr6nWbLNI9E
EEeem0Rm5IdhIEQU+XYYoXJJLR6CUxH4oCqiIakY+BWBu/EdzzPABK0+wBtoHjlcpF4UWW4a+okR
BbYRcSNyUg/Jy4lMHsaBl8Yh3yFI0ZLLaNmozIljqMUQTpAaoJLG0JcTRQa3jCAxwWzs2WYY2kNK
eTmXFCxQEG4YiSRyEwwTUcgtz3P8OCJF4ZeVct/iSZLyRxTGq2ZRCZ7UG2bCKIoFbBZEhukEPo9A
CDbgHvcN1/Eti2MKw/OHpJa8WWhunKPIjK0gsmwvSQNo2038yPDiNHAsMw1Dz4LWeeyYxpBEETWa
ggkStomqN4Qz2bYVxE7EI99LYjMKnBiWt2MfAluGGJKo+C08VYliTYIjWJX7np3CDJaVREZgC8e1
gsThMSxm2okheGBzZ0ilLsryk9AKsY4C8G0k3E5C24b/xJEthJWIOE1c4TouiLh+EifpDpFVLik4
8JQ0RZcQziEcE8qDFyJYESK+b7qxkQa+bwXgIwCFpIwJ8MQBoAx1dpNtXM4mQrZrJKlheYEIDQfJ
SdhREsaOF7ixawtD2LadCkFmXq7haVF9kAixQoyu1pKISY4bemFkmTAFd03OzdSLDTMxEwv+7HoJ
UUTeC4QrwYFX46yEeYssFXWjnd8+8n3PhJ/GcNjISZzU9IQfI8AML4HThDF3bDxPnR6NLWZaKn5c
bgmwzcmaRgzdJK4bi0SkoeFBQQaPeGpGnsIoKKYlnCmrg0qkuVofSPDRJCkMzMQwYydMHJF4Vmq5
nAcO9x2fJ7Ccy5EdLceD/32OJFpl0QyirgyIOPGtxA6dmPuhk9ggwG2EVGyEIOnF8NPAQ5CIR0Sp
+B9Xoqbtgc6GCNXAD7iJeHItx00j4QdpYASGAHjYFGt2hDjzXFORq1cCWawqVyhWtAnx7yiyDAMg
I1yRxglCNIXmY25zK4wj/HBCjpg2PY3v5EkH+ncXHFZ4FML/Es4BYqFLCGNHIfDGiGL4jMFB2DVT
eCV/TGSM322RNR0xwCviE5EUCO7ZjuCWbRsuDwIToeu7BrKB8E0khjB6ghil+LgZV20u6o6ifRTa
iArb8lzPAjMhgh1BBK8C+ShyhBn6gJEk0GonbojgmHZe8AMaV/tBAXzNOoo5AWKaJklCQGjANZCH
LNNzHO7A8XyAihcn8Q4x2hIaZw1oqSiE/QBvQHyo3Y2AzLYLyq6NCE6FEUhySG/wCYTQLme0UXQr
OjLWUeoJkaQiMY3ATRIzdWKXwDFEXHPD8v2EMgv43iHTYG2OH8tVjqJVB5N15KUp8o3gcFDLRL4M
EHy+IyxAFELTil0zRgKxnF1i2VJy5MqIjBE7vu34iN8I+ciKUgCE41jIb0jdAOEoDR1T+LtEIJa0
ouBL0HIkQLieb/kmwjcyYCgHoRJ5oSN8w4g9C9k3QASltr/DkHaqENHsHZmxx0MBk1swfgjYDFNg
irBjEQRQWIi8BJdKSUE1wqcGWBYH0v6aDEGVe4TSwUpSpJE4NFyDkj+g3wRqohYwbNP0EUUunj1N
BgFMwCXGeVnetquNwgUUmyJXQpwkANrZWLa4SA/g1gisMEWIJzwwwx2qyxXvnEnpKYljF9HPkZw5
1JOGiRXD7PBvyyJf53AJYTrpgE6SpammYB2ZyAWohICaLkch4sVIVxHgXISJCfMBnrhp05Zfn4Io
7rKqLHTl5spEZ3Df9WMeAdciX6QAEc+Eyk3HFl4cIvciV4GoNST0sCqrRlQbdlyAim+ZSYT6KA6A
vQaKEw8shq7DYQYBJ0IKG7Izz8uI5/Ah5dNEyTiKYCBkFT8EASoBAyuOAOFI/KgCCQrMMApQ2Qwo
qQXIWBRA4b6mIZ7vINqsxOBeYgTC9BBiSRBDIhupD2k9cELTj4KnyOn8IKkp+5uWzx0P2EmohLRu
Gabl2q7lobpNXAd50Iv9wBl6VSXiViZBIFRBgbxlzrMs24xSD4aLQrh17KQc9vQcO3KFCY+KTTPx
7B1yddlWsRiXK5JVV862JujavhmABiAF5ZcrQjP1fYALePTTIIlthNWOV+hddUqm5lEAVSN0Itt2
CBtDT3hgywyQH2CX0OVpZMXwuQGF/sKIIMUDgAeeabootRLbREmKotJG4nJRp/qoWkHG5bKAr9fL
tCzWWLPlawBvPo41O3fIeD5oWSJJfDcKIiRzpPcEdRhqUZQPkeVFAbABOVCgqAOtZiFqIZCCCZqy
Tzr9UongQyF2bCNVuahhsKgHvjkoxVzBkWYMFHMW1Ygk1b2IluUnrJoPULKLSiFKSNkXydFDjSOo
9AljO0wT1HJInqikbG77dkD4GYTDinB7OV4SjmCNOA6AzhzZMrRFYPqOh+oyitMoCYzQ8UwkUd8N
XBRXR1/bce/nzZsJuVb7AYvHH3mR5KK3nu01jva2FoO9xsU8v0lu0czbZlFWNW1Bvp2f8+WHt7Q2
5quMWlCLwm2pQRQ8ykXSLXYTscLykkbhWV2mzWm/YckzmkfTm822fMxmJ1hQ0gsWrIzQ5fLi6vrj
xbvzU2WGOpOwQBujcifznSS0kWfb9pQ4PEcF+n8k0YaT3uXXSHVRiR9EXyTd0JdHrjqHcqiNCbRh
erW/sSMUYBRP7Ykvf0tY/WdlVHPNZooztZ/zNaK9Lu5OKl4vXmUPPfn6rUOj7Qr5rWy0bP8OrmYz
lGExzZxmD7OZ2rb6GjHetHmTXW72cjaCDNsH9npejF9ghtfNp/NsvmjWP57CBjuTf1GKyzIrmuPL
1z0BNk27vmYPfa0sRIT/2X8z2EwkDHHL1M4pi9bsOQcM/3lJ9YR0fAccguJs1uNVi3p1ffzu+v3l
I0Hf8eL2pMzVy2It6bbtl8CE9Q1gYsNJ7/JrzHfScuDl/DJv655c/dahZNYkX+2A+XOG+gVi9UgC
x7fMbG6+RrTTsw9ZJfneyLVpGnqmNfGHIq3KOe2qjvauLl6JR/D3TwqliM5md5KF2QzZWl/12PqC
E17RLumPbdKTadPUl8mV2h8iO49v35x+K2EUtdmsm3179TWmecXlzkgNoOlJ0m8dGkhvLPekuRYo
yCqR3PwygZDom+xqBXfDnFvpepzQ+0V587XZ6QyFeLlcDyGx1zg0kz+xngTFb2WnDeQJxYEEvQE3
X0b4thKXolr2AWLbNjSUs4vxnvPqlWGw3zKoktY9r4s0wxp4/a3ku1ETAMg7jnqXX5Ju0TSrenpw
gLBctNEEa+kDOVYVuwdbOqSFbD5fn7R1Uy7PinjBi2agjyee9jVj0UbdUDOnHIN+aNffrGTsCEIB
j7l5svGf0E83ycET5A42Vc3HssqT3ZJGNQ79xd11/5NPIl5cvjkVd8Tdh+whuz35L3k8d902dXub
4fqW51l2W38rF4ppytUScAwtLYnTe+JU10Id1/+oonqCHPQIEYYvhFj1AVze76L3Thz9qSjvi/f0
41uJLacFbNMv5fFfK+X9/f2kJ+mWtQMlCq2p2qY8yQWvzvl83l9XDdr7Mtu0M76D8fdZ3UCqbyRw
o8jNZpiijImJHExgWbXD0z9qac3mcb3O2+Wbk4MhPQ2gJwve7OCnbNqFT9P8uuLqS3oYIHQ/sT5O
gcO0+2dUJWVbX56Nu/a9Z9CW+N9efQOslWRofVfnvOjDh24Y6srfdZePmfiElrOHB66Lqb/xuizu
10UhXww+p8p/GHKH2bxXvMkQv2rWuVwAnvF6fVIul2CdXII2oHqqfLO+zEvoT/3+UuVHWzC8gjYa
oYR99BXC9jCC/AaBmJYnECb0qkdUjXzTvvficnPHTkrk4jmjNxKzala8+Igl2HE7Z2bITHNqOlPL
Yx9f/4FZhmVQB9hg3vK5OLzL5IBl2SSHdKEmGpOxDrfHJ7YPaDv30AxN26LGOboty0QcSqJL/jBW
B0LrQ9OVg1b8vhjTGQf1+uxwbFLz/QK6GOcINTVQmWv891ZU60MU0dumCtY5LNOUmnhRlG0RCz3H
mMeLTKiTTrUelZa037nhSg9c8Cqhgra7X92tdH/aKc9iIPr6UMkjD3c0ZTWuRdNkxbyWSlGHLaVO
Mum+28ZaiKTXh/YkD0/PXh2/P7+mVuJ/suJ1jTSUHP6L/A+SwIXGNb8Tmg0Y4X6c6KOThwE1PUTl
w5gCQncZbBZO1kt6ffyCUR3LYmn7Vm3xShdg0APbOtH4zSVcgl3TrifrBGO8Egx1N0NFWeOCNywm
DTcsEiwr4rxN4EMg/8j1iNZVucTIlDWPadY8FSNWUklfE0kWVYLfsnXZVpoWy1IG+2RpJmeAaehA
Z74mwvC2DbmDRKQcxqnZfVn8rmF8tQISM9LeEsLS4Ys1cUjHQ5Xc9wtRsHY1r3gCApNZQX6riE1n
BWMvPi7kWoOOgNdAAEbHwdUZIuig4kVNr80S9ViympeYBqLiSjRSX7TUiwVbyJ1JalkSZeV5XVhN
WcrzWtCDetE2CfLpWB9Cn7LZnjoyxSohT11h8hFbIclAk5X4W5kVv5ntSW6P87y8ZxQn6MP0vi27
yzj7DwoV6iNjZqwf9aZ9cSYDSA+S2zEUAgxmhKaIXLRmWr/UX8fb5nGf1EegHdwEyuZJQlwrm5Cu
6fQZW4J1QD4FIoMlIkFcQ2Pi7y2Xp+3n2R363vG8FWxfTwooeknU1Yz0JpygZQxb0CGwKR7Lud+2
8pg+XA05uYiveX0Lb6hu4VwT2eF9DXuRv3eSUrdFBVBvYVJ0r0dM1oBMBzeCZMToVRsEoQQkdQN8
prZlW8CtqIsifiVtDpngelX5kMHtBNQAkaQ7FxvmSLeaodcpObD8yACOOmJZ8zv65qCSwxJBSCj9
aGcw24cMLVzAkmqRYoy1pFNJateBufSOqi0KMmdC+FOupBHkoa96wlCw6mu2pF1BJrc2R/2I1J5D
GqmqdtWoVqUwUswSvGm5pHERqfJEV6KihN+VWQK2n+aAfIR8roSi4V2TnqPR6w3VaSqP5FOoEmpX
axWoP8hXfoySNVPtiINl1lC8L8WcR+sGCmdXStOG1G1WE2k5/JqMdp9JxUuHQiDfjxWhzsdqKWCa
gUOglKCT8kQmrYToplQ+DmO1FLpsXsJOdHhAOgVNpN9MStamzCApMLuEZXVy6v+9BFTCfI5/Sp6/
jH8sK1eSBQ2pG5Y0uZoBPShHop7vGKJZd7mSAPBRRoRmrv7dN2BPxoTkh9CCxS2yUYFsxMSDiFuJ
vKXiV0UjZa9Nb/EQowCot+Io0Lq4Ppuy6x9fX7Hz129eX7Pjy8vz12dX7PLsHUM5/aezdyOGTuz6
Ar3O2McfL87P6ADpydnV1WQ3/J9UBpYDWSnzM0FwTeLJE8udLjYwa0LtqBASiSqyyxggKBTASlKo
HSEloBmORNI+52fKv1C7UT4sqJueTFJWRAC6Wwjv4hpzXFD2oLQvB0we9yY30FU7jLYSMVUHSq/E
rrKqGruRAZ4lVvVWVNvQstYvn2ZJS25ryee8iuhcaVzm+niXxJ6ntSujjNjRo5geBdTGqkAeZB9w
gjqthQe+HHXZYNcFOydUiTVNQUvJu9xG34RdKLRX7o5iomzzZMNLhvRxX7At/7UivJLsQ1DPMLSs
mO2VxIlH6VG6jqKwkS2tymWXZtVo3WPcd8y+hUkabclHvsGecKmBd1x19SOZrCrlJyCdIyftcqWK
LVXRMf1gTA86e51SJz1A8i7Z7CTAHRI8Qp0/oWCka6Q8zHAHJ6vrVhAsNAtYbd4Vn4RXNNuWq1Fn
SFUd6Bpzorihrs/qidZI8aItbuuO9xO+otZs2S6RXZFYK9YtBciQTH91J7nY6pXiRatSRsxjH0Pt
vdIcyQnHVBS3SLfOxmKnpXq069Pqi7eOvurchZCipTv2JZM1wzjGqkxsZDsFK7JKQeFI2gN3qrRQ
VFbywzSmxigJt9JhmNankqebmTp38yoF0v5MR/fzpD7nh7OiEA0ZbKoTBIqyRZmr4jLiDVabVIRL
lmv6zpLpFCOxTS2E9FOVWCKxKTNVZnvRt1L3iGC1WjcLuQoYmz0DSuPJicdNxwxg2/U0am8rWLn2
pOIxUZLT0kaW+DQYjZqtCfsRVaD85pPKOnZy+X6EseAhQnzdZwncXpYJCj039MeS/pT5XcG9rcVr
qZ1e3wk7TgBUC56nB/Q+WC4QEgEf1lNhUkbbI+RgvUDcJr0escF65oFQjYpLno8UaNLU+pOGCbuu
ZL4oZQ39/rK47Crw7VKRFhg06B75lGi2q2I11vc7S543OiDr7JPYmJpq9c7CNeVCXUihllee08u6
TmipQS8n7FKPyXk1lwO4XrNqN5EzphWfk3QwF8SqV7ksZWghugTzhANYKkLOkzyjDQ+5sq6wwsIa
kr25fi85rSESiR21DaOVvLTydjq14ph0MLRs2jGNmkpuKQASEbXzabeK+Z6ZtHrRRdwCUSyfM72Q
rdXSm5y8qEuV07SjmERM4ZaidrIoy1ouz7vFi+iWpxLcEt5wVvO7DkRpb6Tb5qFn23inQ+9AAsGb
DmPAqbTbqKuW5UJrValypV4JfRqhKOM8WzE5Fnp8w9fQITnLUn8up+FfY6bErXH3TE3ZW6t0uz/9
zYVruTugHED9HRS1ryL7amu3td6liOH1jcIFPWasxkzZCgXFXZbTNArzdDzrWQi0eTHf1NMFDct3
c8eo6zXYXHpyQ0et746XZUs+nSpw1i5OqlRbejIZUTjLVTsMQ9cym2DwO5lbeoOl4IVQq8RIKGKR
SMkj5a6gTAeLzgOk0eVm4SBLKfFpoo34iEzGd1ldqQ/gMJtAAniKS+NpNnkFSvCPzhHBbDeYfm+4
saV30xp6rL4Y7e+1yPcPciK5p7l11hevT+Vk8ouBWoYk6VNUZGmmPqdmWjqm9xy6bCfHDEQHvTGz
2As2x4ql3qpnu6+x0dDksYp0sN7zTC5pAByo+JVtVuWqzTtn1DcE+7KPhghbAoSshscrHdaErhSp
U9bVmXJjU+3kTHXGo40nucJSzSphaHuBke2WQLLVG/m7PKq/07QJt2HzaoHSLC17FkGUjdVLik3P
RUmWkaxMVsvlapKVkuOiLNZLWiPQ6WLaaYvrLeu08NHP2fa5FEFCFp/PK6w11Z6S3oBSC236Qvt2
Vz7JHyL44vRiCn2MNQiqXECgcC9UIcoROvdyxloyvhVAtk16W8FIPRvNK9dUxnmkVBhUPdfOhKwn
DxoTdvfrKdle9lWHErUgP+lt8IyYPBA1QjPUQAmr2ZQsgN5UYBENEwKBCkoI6mmXWNR2ER9sGOm3
Qb2E06I8Q26TKNaBhSYoLa+ed3M8srSStW/qBivoDVbrjEREqX9XOJBlCTBpQrkTpgd1u56T7QT6
SX+GTpufz3katpV1VVT0Nhk0DZBvtD677YSFbpSIQSsCXWRqxKCdWdTxiayysnRDCKU6BFF784RA
3SpbYRzoaYjsMhvPM17rEh5VF1+u8u6OigDwqG017YymnsFvaadnyv4iszfy50hu/fyViMrqfJsm
++8MpBhUSVVZolfY3VsYuXR+KmPJhC4zdC2LSbkyoxfz4FWn2z77al7Jg7pk9NqGsoLKXtsZp+zV
+fH11Pq9P3LDB3NkP9gj6/fm7xMRlwpj95tK4AbgehgYCorVneO+VGWP2orvL2xVhFNugY71rpMs
PeS2EawWr5n6crqtOlDuqvlqs4cvEQd05F81oc2JulPYuHsBAF9Q9d2LVxJq5FSy/4BIKysF/Rdq
ei1jWWxNthtk5UquBcUDgK/WC6H4lurlWhb90EiUoVJdqzWz7Efyys8Tc5VGVMwoKSV9FCPVBqv3
RnvioRGF/rD3pz150rv3QXIU649HNy30QqZIeDVoK5c3SdkADAet+hOBbUNb5f37RH1QsrlPs1x9
rLJpmS8Hn0cvkD769xmi7K7fQB89915pLyP1dqnfhSoxsJ/021bxUOp3my8OByMl7NfDJhQoy37L
1eV5/3a5rv+ey2+69RWTX3NZtAPPUE8Ypms4hk9/WOU1QsKPY/yjrzl8N/US3xJunBopfRTiyK9i
YvrC17LZd/QdRe/7ic2Eay5fTlr6DMinbKU+THQn9DXXJ/UF7qY3bh+WQ5uUJA59wWjSX1sZ7V2e
XgxUlZQ3UpTdRjRlQ3MCLoq6HnS8yggQ/vxmoKMdDnBLS9KhWGi8r7Id7+h9Hk1nZE36sB8ML4bO
uc3WN7IY6396Lp1orj5J1ydn6BRVUuvDrKQACWhJ1H3+TH5crVdNKRts2TBPHtk8G7iJ1I3db9p8
bTRvlTN27PwX1WwXl3IrZTvg55//B9BnFN4=
===END CRASH DUMP===
