JINODK PRO Crash Dump Wed Aug 19 15:43:32 WIB 2020

Error: mt_rand(): max(-100) is smaller than min(0)
File: plugins/AnvilRain/src/NgLamVN/AnvilRain/AnvilDropTask
Line: 26
Type: ErrorException

THIS CRASH WAS CAUSED BY A PLUGIN
BAD PLUGIN: AnvilRain v0.1-ngl_alpha

Code:
[17]     }
[18] 
[19]     public function onRun(int $currentTick)
[20]     {
[21]         $y = 255;
[22]         Server::getInstance()->loadLevel("ZZZ");
[23]         $level = Server::getInstance()->getLevelByName("ZZZ");
[24]         if ($level == null) return;
[25]         for ($i = 1; $i < 21; $i++) {
[26]             $x = mt_rand(0, -100);
[27]             $z = mt_rand(0, 100);
[28]             $level->setBlock(new Vector3($x, $y, $z), Block::get(Block::ANVIL));
[29]         }
[30]     }
[31] 
[32]     public function cancelTask()
[33]     {
[34]         $this->plugin->getScheduler()->cancelTask($this->getTaskId());
[35]     }
[36] 

Backtrace:
#0 (): pocketmine\utils\Utils::errorExceptionHandler(integer 2, string[43] mt_rand(): max(-100) is smaller than min(0), string[84] D:\MinecraftTool\JinodkNew\plugins\AnvilRain\src\NgLamVN\AnvilRain\AnvilDropTask, integer 26, array[4])
#1 plugins/AnvilRain/src/NgLamVN/AnvilRain/AnvilDropTask(26): mt_rand(integer 0, integer -100)
#2 src/pocketmine/scheduler/TaskHandler(137): NgLamVN\AnvilRain\AnvilDropTask->onRun(integer 1)
#3 src/pocketmine/scheduler/TaskScheduler(179): pocketmine\scheduler\TaskHandler->run(integer 1)
#4 src/pocketmine/plugin/PluginManager(654): pocketmine\scheduler\TaskScheduler->mainThreadHeartbeat(integer 1)
#5 src/pocketmine/Server(2486): pocketmine\plugin\PluginManager->tickSchedulers(integer 1)
#6 src/pocketmine/Server(2261): pocketmine\Server->tick()
#7 src/pocketmine/Server(2104): pocketmine\Server->tickProcessor()
#8 src/pocketmine/Server(1691): pocketmine\Server->start()
#9 src/pocketmine/PocketMine(273): pocketmine\Server->__construct(object BaseClassLoader, object pocketmine\utils\MainLogger, string[27] D:\MinecraftTool\JinodkNew\, string[35] D:\MinecraftTool\JinodkNew\plugins\)
#10 src/pocketmine/PocketMine(304): pocketmine\server()

JINODK PRO version: 3.15.1+dev [Protocol 408]
Git commit: 0000000000000000000000000000000000000000
uname -a: Windows NT LAMPKVN 10.0 build 18363 (Windows 10) AMD64
PHP Version: 7.3.20
Zend version: 3.3.20
OS : WINNT, win
Composer libraries: 
- adhocore/json-comment 0.1.0@8448076039389f558f39ad0553aab87db3f81614
- ocramius/package-versions 1.5.1@1d32342b8c1eb27353c8887c366147b4c2da673c
- pocketmine/binaryutils 0.1.11@e8cb65db1b7998eebb739b124f2a989fe87366eb
- pocketmine/callback-validator 1.0.1@4aef6bb25f97d0b830ba0b4f66834b1a9c86fc9a
- pocketmine/classloader 0.1.0@4ccdb30e48f030bfcad04bb0a208d198ec631993
- pocketmine/log 0.2.0@e59bedb5d4bbeb9a26647cb7c367cb2fa72addfa
- pocketmine/log-pthreads 0.1.0@9bbcef398b01487ab47c234a6a7054722abbe067
- pocketmine/math 0.2.4@b1c28b236df8b795d7b06cf8421f9962b12ac410
- pocketmine/nbt 0.2.14@b31dca98443328c4bab76dc1b84c1473c79be20e
- pocketmine/raklib 0.12.8@9fea763ffc922db083e4528d4acd0b13d0ea83a4
- pocketmine/snooze 0.1.2@88420da3d9335dbcb3ee2decfd5e5453d057dcdf
- pocketmine/spl 0.4.1@ff0579a0be41bbe65d3637607715c0f87728a838
- doctrine/instantiator 1.3.1@f350df0268e904597e3bd9c4685c53e0e333feea
- myclabs/deep-copy 1.10.1@969b211f9a51aa1f6c01d1d2aef56d3bd91598e5
- phar-io/manifest 1.0.3@7761fcacf03b4d4f16e7ccb606d4879ca431fcf4
- phar-io/version 2.0.1@45a2ec53a73c70ce41d55cedef9063630abaf1b6
- phpdocumentor/reflection-common 2.2.0@1d01c49d4ed62f25aa84a747ad35d5a16924662b
- phpdocumentor/reflection-docblock 5.1.0@cd72d394ca794d3466a3b2fc09d5a6c1dc86b47e
- phpdocumentor/type-resolver 1.3.0@e878a14a65245fbe78f8080eba03b47c3b705651
- phpspec/prophecy 1.11.1@b20034be5efcdab4fb60ca3a29cba2949aead160
- phpstan/phpstan 0.12.29@9771daaf6b95c6313b908d0bcdee0afcd51f838a
- phpstan/phpstan-phpunit 0.12.11@ab783a8ea634ea23305a8818c4750603e714489b
- phpstan/phpstan-strict-rules 0.12.3@937283265620af9e2005743134ebb4e197b12d8e
- phpunit/php-code-coverage 8.0.2@ca6647ffddd2add025ab3f21644a441d7c146cdc
- phpunit/php-file-iterator 3.0.4@25fefc5b19835ca653877fe081644a3f8c1d915e
- phpunit/php-invoker 3.0.2@f6eedfed1085dd1f4c599629459a0277d25f9a66
- phpunit/php-text-template 2.0.2@6ff9c8ea4d3212b88fcf74e25e516e2c51c99324
- phpunit/php-timer 5.0.1@cc49734779cbb302bf51a44297dab8c4bbf941e7
- phpunit/php-token-stream 4.0.3@5672711b6b07b14d5ab694e700c62eeb82fcf374
- phpunit/phpunit 9.2.6@1c6a9e4312e209e659f1fce3ce88dd197c2448f6
- sebastian/code-unit 1.0.5@c1e2df332c905079980b119c4db103117e5e5c90
- sebastian/code-unit-reverse-lookup 2.0.2@ee51f9bb0c6d8a43337055db3120829fa14da819
- sebastian/comparator 4.0.3@dcc580eadfaa4e7f9d2cf9ae1922134ea962e14f
- sebastian/diff 4.0.2@1e90b4cf905a7d06c420b1d2e9d11a4dc8a13113
- sebastian/environment 5.1.2@0a757cab9d5b7ef49a619f1143e6c9c1bc0fe9d2
- sebastian/exporter 4.0.2@571d721db4aec847a0e59690b954af33ebf9f023
- sebastian/global-state 4.0.0@bdb1e7c79e592b8c82cb1699be3c8743119b8a72
- sebastian/object-enumerator 4.0.2@074fed2d0a6d08e1677dd8ce9d32aecb384917b8
- sebastian/object-reflector 2.0.2@127a46f6b057441b201253526f81d5406d6c7840
- sebastian/recursion-context 4.0.2@062231bf61d2b9448c4fa5a7643b5e1829c11d63
- sebastian/resource-operations 3.0.2@0653718a5a629b065e91f774595267f8dc32e213
- sebastian/type 2.2.1@86991e2b33446cd96e648c18bcdb1e95afb2c05a
- sebastian/version 3.0.1@626586115d0ed31cb71483be55beb759b5af5a3c
- symfony/polyfill-ctype v1.17.1@2edd75b8b35d62fd3eeabba73b26b8f1f60ce13d
- theseer/tokenizer 1.2.0@75a63c33a8577608444246075ea0af0d052e452a
- webmozart/assert 1.9.1@bafc69caeb4d49c39fd0779086c03a3738cbb389
- pocketmine/pocketmine-mp dev-8516aa2393e81746bcbbcfbd8094613307585f16@8516aa2393e81746bcbbcfbd8094613307585f16

Loaded plugins:
PointAPI 1.0.3 by onebone | Fixed and Update by LamPocketVN for API(s) 3.9.0
CuaHangPlus 0.2.lpk by LamPocketVN for API(s) 3.2.0
RankColor 0.1-ngl_alpha by NgLamVN for API(s) 3.12.0
GameHandle 0.1-ngl_dk by NgLamVN for API(s) 3.14.0
OreGen 1.0.1 by JINODK, LamPocketVN for API(s) 3.0.0, 3.7.0, 4.0.0
AnvilRain 0.1-ngl_alpha by NgLamVN for API(s) 3.14.0
InvCrashFix 0.0.1 by  for API(s) 3.14.0
MultiProtocol 1 by  for API(s) 3.10.0
FactionsPro 1.3.20 by Tethered_ for API(s) 3.0.0
AutoClearLagg 3.1.0 by Twisted for API(s) 3.0.0
Sheep 5.2.3 by KnownUnown for API(s) 3.0.0
ScoreHud 5.2.0 by JackMD for API(s) 3.0.0
MultiWorld 1.5.2 by CzechPMDevs, VixikCZ, fuyutsuki, kaliiks for API(s) 3.0.0
PiggyCustomEnchants 2.3.0 by DaPigGuy for API(s) 3.14.0
PurePerms 1.4.3 by 64FF00 & ProjectInfinity for API(s) 3.0.0
DEVirion 1.2.7 by poggit, SOFe for API(s) 3.0.0
EconomyAPI 5.7.2 by onebone for API(s) 3.0.0
Island 1.7.0 by Wiez, Exxarion, jasonwynn10, LamPocketVN for API(s) 3.4.0
PureChat 1.4.11 by LamPocketVN for API(s) 3.0.0

----------------------REPORT THE DATA BELOW THIS LINE-----------------------

===BEGIN CRASH DUMP===
eNrtfIlz20a657/SK6d25PdECvfBrFLySPJEMz60lhy/yjDlaqAbJEYgwMEhiZ7N/76/r7tBApTs
eDJ+VVtb40pMoI+vv/todPsfB1lVr3j78U7WTV6VBzP36KDNV/JgZvtxGDlBYDtHBwVv2ou6ruqD
2T8O2s0a3Qfq/eIhleuWJh4drGTT8AV1rdqPNS/F4fMZW/GHw4ltWc9Z3rBmxYtC1qxd8pKt8vLQ
eo55WVcUL/OCJp7P5vPXeSnTmmftTVUV8/mf87ISt2/k/Xy+LrpFXjbz+YvyLi/e8bycz5s6nc/f
LF7x1U9vRh3q8byu1je8uZ2ul2taSa9i4BxvRx8DyrEBMmgdgcD0ApgdzJwAHKp5ise/HjyzGFG5
rtJb2YIiOZ93bV4Ax/f0M5vJEZd+BFfAgMO8bOUCjHCOWNPWebn4q+f+wv4Jtm3nRd4v7L+La0ds
i2dwxHhd881fvV9IZM9s9ruYeOgERJyhs4du7RZSNNMCDiNwO74eN+lSig5sOCZAPSNtNwTA36Rk
8kNVvuvK7Yq2WsP98hrX/duhHcZ7Qt6OnM8H6Ex+qB8t4u0vohl3fKV+XvMSJlMfBr735RW2yEx+
WIG+m2UtufhR8rpNJG/31vT317yWNQz80PGiYG8Zjc18PkJn8kObp7slmz3wwefAO4G9B173aHiH
anL4ucm25X1h8lVdpfAvVa2hRJ+BYgfx51BoWjBLz473Z1+pR7KhQyd0PwPg48e0KmF2XdoeVsnf
ZNqyP/JGnsE5Nq8qLmR9xEz7E/7gNaT2qlosaJSxXSf8LdvdDnX9rzZzbZ/WF0h0H3G60dx7fvDL
r0cH8r/N0X8b9wsUNYiPeXlXFXdyJcsWcEVeg/cHfS9atrDQmFZCElF2iA6GP7+i0Y7wQr+xaVx3
SZGnLOvKlIhlW7fBvku7usZCN1BGIsaxzJR/0IttXujPdxt2whzf/546nEGHVqTZbCHbSygSL1N5
+HzyQwHdeSXvZHE4P/j555/nB8/VTHcIsqB+gP0MCLwqCH/cvOErOYbjDeDkGTvsYZ2wEoH3Oatl
29WlGuoPhiIvwNgca9rfM/z+L+aoh//8z+ea5GAwWOH4gLG9QsClK2VQYMP9kZ/GI7cDo/2BClWY
rmz/WEBdD0t5z36CkKvaPfzu4Qisxv+fEA1Vt2LLoXl88eany1fPNdx4AJfE7loDHXBtrQOu8xkd
SInLhQpfJHjXHQjeHXL3u3aZN5MftPopoexCCIQ0gGNGYgS9XsKAFKKuP8SLGHzw67+TjX8nG/9O
Nv6dbPz/mGwcHSxkKWteUGAuOVWdB3++fPP2/C/s6t1bgE5A8q40PXCntj+1qb3LC3Ews44O8uaj
kHcHM3BKIvLXVVulFeB5VgToOeUF1lf+AdzOIPEhL0V137A3N+zVi9dXf/npDYLU1GJqXWZHbuCy
w36QDcf54vV54FHqgTpzdhBO3alD8D7JUii8zTu6P1YNLXD55s0NGtTLvUlQVusKvPlY5EnN61w2
xBUuliColsd/a6pygjEm2bGm9tQ6jTwvssLAcmM3ijPfjzI35sLyfZfzJApF4maRHdiEWQVJrvKu
OV7z9BZ2NzFsJQTsKdh6agvXcT0niVJbJtBM302jKApTNwCEMPFSR/AgdFOiYyfqJC95vVF6Z9Cy
7VMZpUngi8ROwjiOpEyS0I0T2/Eyh8fAVEYhoMpkDCpF5EmA3eSOF7ngLWWhwA0wTz0usyBJHD+L
Q2ElkWsl3Eq8LAgi10tsHqdRkKUx3wNI1lIoa9myzEtTsMWSXpRZgJKl4JeXJBZ3rEjYQDYNXDuO
3TGkolooCA4gSD9OpEh8gWkyibkTBF6YJsQo/DgZDx0uRMYfQZisW+VJmy0ycZKkEjKLEsv2opAn
AAQZ8ICHlu+FjsOxhBWEY1Ar3i4NNt5pYqdOlDhuILII3PZFmFhBmkWeY2dxHDjgOk892xqDKJPW
QLABwrVFCrl4nus6UeolPAkDkdpJ5KWQvJuGINix5BhEzW+hqZoUZxqdQqo8DNwMYnAckViRKz3f
iYTHU0jMdoUleeRybwylKavqkzQMcU4j4G0J7orYdaE/aeJK6QiZZsKXvucDiB+KVGR7QNaFguBB
U7IMQ2Ioh/RsMA9aCGOFiYSh7adWFoWhEwGPCBBElZLDk8e5SqXbfKtyLgFyfUtklhNEMrY8Pw6l
m4g49YLIT31XWtJ13UxKEvNqA01LmmMh5Ro2ut4oIDYpbhzEiWNDFNy3ObezILVsYQsH+uwHgiDa
PpTOV86B15O8gnjLPJNNa5TfPQ3DwIaeplDYxBNeZgcyTGFgViCgNHHKPRf9mTeAsfOZjrYfnzsS
aHOSppWCN8L3UylkFlsBGGTxhGd2EmgfBcZ05Geq+riWWSFVHqycjwFJZmALy069WHhSBE7m+JxH
Hg+9kAtIzucIjo4XQP++BBKtCaXrAOorg0hF6Ag39lIexp5wAYC7MKnUigEySKGnUQAjkY+AUq06
qWVD9WAvQ5hqFEbchj35judniQyjLLIiS8J5uGRrbgI7C3xbg2vWElEMWdxSpkaE+O80cSwLTkb6
MksFTDQD51PucidOE/zlxRw2bQfGv5MmHZvf3jic+DSG/gnO4cRinzyMm8TwN1aSQmcsDsC+nUEr
+WMgE/x2Zd72wOBeYZ+wpEjywPUkd1zX8nkU2TDd0LcQDWRoIzDEyRPAKMSn7aRGqtX0EN3T2IVV
uE7gBw6QiWHsMCJoFcAniSftOIQbEZFhO2FDACdUU+MvcFxvB0TQNec05eQQs0wIQY7QgmogDjl2
4Hncg+KFcCpBKtI9YLQ7MMlbwNJWCPnBvcHjg+1+As/s+oDsu7DgTFqRAofwBp2ACe1jRjsDt7IH
45xmgZQik8K2Il8IO/NSn5xjDLvmlhOGgiIL8N4D08qHFn+t1gVvpTEm5zTIMsQbyaGgjo14GcH4
Qk86cFEwTSf17RQBxPH2geUrhZGvLDKF7YSuF8J+E8QjJ8ngIDzPQXxD6IYTTrLYs2W4DwRkKSlK
vgIsTzkIPwid0Ib5JhYE5cFUkiD2ZGhZaeAg+kawoMwN9xAyShXDmoNTOw14LCFyB8KP4TbjDD5F
uqmMIjAsRlyCSmXEoAbm08BZlsdK/gYMuSr/FKmDIzKEkTS2fIuCP1y/Da+JXMBybTuEFfnoexoM
DJgcl5wUVXXbrbcMl2BshlgJckQEb+e6MFuEB2BrRU6cwcQFj+x4D+pqzXtl0nwSaerD+jmCMwd7
slg4KcQO/XYc0nUOlZC2l43giDzLDATn1EYsQCYEr+lzJCJBinCVwJ3LWNgQH9wTt0GmO4IgUR3W
VWkyN18FOouHfpjyBH4tCWUGJxLYYLntuTJIY8RexCoAdcaAHtZV3cp6i44PpxI6tkiQH6URfK+F
5CQAirHvcYhBQokQwsboLIoq4QV0SOs0QbJOEwgIUSWMAYBSwMhJE7hwBH5kgeQK7DiJkNmMIOkC
ZCJLeOEhp0Fe6MHaHGHxQFiRtAOYmIhSUOQi9CGsR15sh0n0FDgTHxQ0LX/bCbkXwHeSV0JYdyzb
8V3fCZDdCt9DHAzSMPLGWlXLtFNBEB6qJEPeIRc4jmsnWQDBJTHUOvUyDnkGnpv40oZGpbYtAncP
XFN1dSon1ZpoNZmzawD6bmhHgAGXgvTLl7GdhSGcC3AMs0ikLsxqTyvM7ioFU/s0AqthOonreuQb
40AGQMuOEB8gl9jnWeKk0LkRhGFhRC4lgAOPAtv2kWoJ10ZKiqTSReDykaeGyFoBxucqgW82q6wq
N6jZig0cbzFJDTp3iHghYDlSiNBPogTBHOFdIA9DLor0IXGCJIJvQAyUSOoAq13KRkqEYHJN+ScT
filFCMEQN3URqnzkMBYSTA85gRX6kiPMWEjmHMoRiap7mayqTyiaj5Gyy1p7lJiiL4JjgBxHUuoT
p26cCeRyCJ7IpFzuhm5E/jOKxxnh7nGyIj+CGnESwTtzRMvYlZEdegGyyyTNEhFZsRfYCKKhH/lI
rk6/duDBr9utaFWrXVV52b64uhxUs9umo4OdtFRWhxbetcuqbmhrryplgv/Z/2Ev8wcpGC8Fe79G
DSRZsmGv+EpX1D+9oaKZr3Oa44I/Fr3LkieFFH0RLOQaZSeBRV9TZe35sIE2dICDWRClPGEIiPP5
AFeqmTDo+ubFu5v3V1o8Ta7cBe1InnX8R14uroquGdA6bB2SS1VGsb4dE/w5kpzfT9IA5Hw+QGb7
siPs6u31zYe3716dPyLtHS9vz6pCfwAxhO3axmTZk3JRfOQFku4xcWaLcESY/S9Qtt1y3GIyePwa
qv4EQvS24YCsQeNTdInbryDK+wZE7fCApKpafg1Bb2v5J1kOiDEN+2Zmj2nQm0to+5z6IRTS1vs0
VL8qNP5e+vRa87nGTO/JfQ1pu49WO+qGH7J+vwZ+C2Htb3q/+0qqLsu7s5o3S7i3AV3D1jFl+6L7
VoSsur8Dq/kcBUJKK2f5w3yuN1S/hozXXdHmV9tdxi0h4/aRFn6ejH9BuS7bT6/yxbLd/HgOzdpb
/DepeMlV+d1gzoCGYevYjszu5UC/biSifi3Fx0fW808RBMVu8+s1jBFr7qgbYDKfm5evNp+urc4K
yetXfLEYmtCofUifSzsPe+Td500LCv4l4nb0tBrcfI4lqpSQKIAELGgPpy8St2zbdTM7Pl7k7bJL
pihvjg2aL5pN0a1enx2P4YEZ10sp1wMm6Pch8T4i7l4u8peyui/f01/fin617HyufvS3n68l9v7+
fjogeIfasSaFaKTt8R87MSSzb9qndE/Mf+bp7evzb0WlhgYyzeq7p6/2LB+quhD7bkU3ji0SxIxJ
Ofsk0+XV63N5R8nXT/lDfnv2szpct+naprvN8XzLizy/bb4VvSktuV4htUaKtSJM7wlT4496rP9Z
nR4QcjwABA5d5YvF5qxr2mp1UaZLXrbD7POp3iHPHNoQHPPsnGPSn7rNN4uSPUDk0o+xebLxdzCo
X+T4CXDHik9dLa9kvRpxZ9s21iNv3/gD7+VLy2L/k8H3UjV+WWZ5mbebb6U0H/UCYEaP0eDxd3BD
zTWnA3ZwwIXzi5/yWpG5ZcK2acwDZxqOebCuFvTlEK7l7Uv5rQjXQOfzO4XCfA6zMU8DtH6j7rpI
q7JabcYl5qBx7O7CfR9har5vRdG2hJQaA1VEjrD57aywKXg5dHimYSygcN9wP+TyE1ouHh64Ydzf
eFOV95uyVB+6Ppfd/9OmPWbuQFDKKV23m0KljRe82ZxVqxVQpxBMGyqDbOb15qqoIHn9+9tSJjU+
W/J2z3xV07712vbXldW/JeaRgxgmgo9ZMk4T/wtqXHXN1cWkbz/4jLET/runb2DqCozaguE12NRK
zQJ13Gh43mB3GEEdAyeK1AmEKX3qkXWrvrQfPLvavrGzCl5vweiLxLyel88+SMFedAtmx8y2Z7Y3
cwL24fKPzLEciwZAZxcdX8iTu1xNWFWtOKEHvdCEpHiyOz6x66Dt3BM7tl2HGhcYtqqEPFFAV/xh
si74BmSd2L6atOb35YTOOOjPZycTm5rvl2DZpEAqqCdqIU/+3sl6cwIHs2uqoc0nVZZREy/LqitT
adaY8HSZS32WsjGzsor2O7dYmYlLXgvKa/r39d3ajKed8jxFzN6caHrU4Y62qieNbNu8XDSKKfpQ
n+JJrsx919hIKQZjaE/y5Pzi5Yv3r26olfCfrnnTINEQJ/+h/oASmNyk4XfSoAEh3E9Erk9HnkTU
9JBUDxMyEzNktFk43azo8/EzRiUGS5XsO73Fq1RAHYXcKdHk9RVUgt3QrifrCWO8lgwlEYNDbOjs
XEvHBsuqZYlkeZkWnYAOAfwj1SNY19UKMzPWPobZ8EwesYqqrYZAsqSW/JZtqq42sOhQJ+STZ7la
AaKhY7DFhgBD27bgjoXMOITTsPuq/EPL+HqNSoER91Yglg5fbAhDOpqo6b5fypJ160XNBQBM5yXp
rQY2m5eMPfuwVGUgayusUgoGEOYMEXhQ87Khz2ZCdytUiwrLgFQ8yVbxi8JgKtlS7f9Qy4oga83r
zWrGMl40kjqaZdcKpP8TcwZ5xuYH+sgUq6U6dIXFj9gaRRA4Wcu/VXn5P+YHCtsXRVHdM7ITjOmP
FLK7nLP/TaZCY5TNTEzXYNlnF8qAzCS1O0smwCBGcIrAJRtm+Evjjb1tu4egPiA6QE3AbC4EYa1l
Qryms2dsBdTh3cgQ6TxmIglrcEz+veMF8XKR32HsHS86yQ7NonBFzwm6XpG+hJNrmUAWdAhshm61
9ptulYBVUDXUjGVKZ/2gDfUtlGuqBrxvIC/S955SGrasEQQ7iBTDmyOmsnxmjBtGcsToUxsIobik
eAM3Tm2rroRa0RAN/FrJHDRB9erqIYfaSbABJCl1LrfIEW8NQpcZKTCNIUU9Ynn7B7CvrdU0IckT
Kj3am8wOQUMHFXAUWxQZE0PpTIHaV2CutKPuypLEKcj/VGslBHXoq5kylCTmma1o74WpDaSjoUUa
zSGO1HW3bnWrZhgxZgXcDF1KuLBUdaJLaCvhd1UugPbTGJCOkM5VYDS0azpQNPq8oQfNGIV2MlXy
2vVGG+qf1Cc/RpGc6XbYwSpvyd5XcsGTTQuGs2vNaUvxNm8ItJp+Q0K7zxXjlULBkO8nGlCvY40i
MMuBIbwUkC8VrKyWsl9S6ziE1ZHpskUFOdHhAaUUtJD5MqlQmzGLqMDqyi3rk1P/z1NAic+X8Kfg
+a/hj3JvrVAwLnWLkgHXMHgPipFSbBGiVfexUg7gg7IIg1zzh2+AnrIJhQ95C2YuTcDK5YNMO+V5
K42vtkaKXtvR8iFFAtDsyNFO6+3NxYzd/Hh5zV5dvr68YS+url5dXlyzq4t3DJnjXy7eHTEMYjdv
MeqCffjx7asLOkB6dnF9Pd03/yeZgcw3r1R8JhfcEHnpUipnrHixdbM22I4MQSivooZM4ASldrAK
FHJHUAnXDEUiaj+nZ1q/kLtRPCxpmFlMQdZA4HR3Lry3a6zxlqIHhX01Yfp4NKmByfUhtLVMKTvQ
fCV0tVT13C0N0Cy5bnakupahtXn+NEqGctdQvuB1QudK06owx7uU73mau8rKCB0zi5lZ8NqoojqV
iwwxQZ7WQQPpKsLTKtgroQ6sWQZYmt7Vzvqm7K329lrdkUxUXSG2uOQIH/cl2+HfaMBrhT4IDSzL
0IrVXio/8Sg8KtXRELa0ZXW16sOsnm1GTIaKOZQwUWMk+Ug32BMqNdKO6z5/JJHVWInU0Ciy6FZr
nWzpjI6Zjgl19PI6p0FmgsJdodlTgDcEeJg6f4LBCNcIeVjhDkrWNJ0kt9AuIbVFn3ySv6LVdlgd
9YLU2YHJMacaGxr6WT5RjZQuu/K26XE/42tqzVfdCtEVgbVmfSlAgmS62tFY7PhK9mJYqSzmsY4h
914bjNSCE0qKO4Rbbyux80p37eu0vkfWw9eDexPSsMzAIWUqZ5ikqMrklrZzoKKyFCSOxD1gp1ML
DYUOdkuqO2iOpnBHHaYZfmp6+pVpcL+uZiB9P+jhfhnUl/RwXpayJYHNTIBAUrasCp1cJrxFtUlJ
uEK5oSs5zIQY5dt0IWR6dWBJ5DbN1JHt2VBKfRe51XrTLlUVMLEHAlTCUwtP2h4ZuG0/MF57l8Hq
+3EdZcKKciptVIpPk9Fo0JqyH5EFQpdOVFrHzq7eH2EucEhgX/e5gNqrNEF7zy38iYI/Y2GfcO9y
8UZxZzB2yl4IOKolL7JjOh6iCgQhocNmKSzKaB+FFGxgiLugNwA2qmceyKtRcsmLI+00aWlzpWHK
bmoVLyqVQ7+/Kq/6DHxXKlKBQZPuEU8JZrcu1xPzvlfyvDYG2eSf5FbUlKv3Em4oFppECrm81pxB
1PViR096PmVXZk7B60V/T63d5h+JXjGr+YKog7hAVrMuVCpDhai53rZGqQg6z4qcNjxUZV2jwkIN
yV7fvFeYNiCJyE66llElr6S8W05XHNPeDa3abkKzZgpbMgAhk24x66uYH5hN1YtJ4pawYtXPTCHb
6NKblLxsKh3TjKLYBEz7LQ3tbFlVjSrP++JF9uWpcm6Ct5w1/K53orQ30m/zUN/O3unQOzyB5G3v
Y4CpkttRny2rQmtd63SlWUtzOKms0iJfMzUXfHzNN+AhKcuquutrV3L/xmcqvzXp+/SSg1ql3/0Z
bi7cqN0BrQD6H6nQ+ypqrJF215hdihRa32q/YOZM9JwZWyOhuMsLWkb7PGPPZhVy2rxcbPPpkqYV
+7HjqB812lx6ckNH13cvVlVHOp1p52xUnFipt/RUMCJzVlU7BEPPKppg8jsVWwaTFeGl1FViIjWw
RGakkWpXUIWDZa8BSuhqs3AUpTT5tNCWfFgm4/uorvX1N6wmEQCewtJ6Gk1eAxL0o1dEINtPpt8t
Nq7SbqqhJ5065Dbca1Hfx9VCak9zp6zPLs/VYurGQKNMkvgpa5I0o0ueSFUMdczsOfTRTs0ZkQ54
E+awZ2yBiqXZsWe3r7Hl0PQxi4yx3vNclTRwHMj4tWzW1boremU0L+T21RjjIlzlIFQ2PFkbsybv
SpY6Y32eqTY29U7OzEQ82nhSFZZu1gHDyAuI7LYExI5vpO/qqP5e09bcxs3rJVKzrBpIBFY20fvx
25HLiiSjUJmuV6v1NK8UxmVVblZUI9DpYtppS5sd6lT4mH6261ckKJfFF4satabeUzIbULrQpivQ
t/v0KfxgwW/P387Aj4lxgjoWkFO4lzoR5YzujdOKjUJ8R4Bqmw62ghF6tpzXqqmF84ipEKjuN8qE
qKcOGpPvHuZTqr0asg4pakl6MtjgOWLqCNcRmsEGCljtNmWB680kimiIEB6opICge/vAoreL+GjD
yHwkGgScDukZYpvyYr2zMACV5HV/v8YjSWtah6JuUUFvfbWJSASUxveJA0mWHCYtqHbCzKR+13O6
W8D0DFfoufnlmGfctpautorBJoOBAfCt4We/nbA0jcpjUEVgkkzjMWhnFnm8UFlWnm0BIVUHIXpv
njxQX2VrHwd4xkX2kY0XOW9MCo+si6/WRf9GSQBwNLKa9ULTfdBb2umZsb+q6I34eaS2fn4hoCo7
34XJ4TcDRQZlUnUuTIXdf4VRpfNTEUsFdBWhG5VMqsqMjl4AVxNuh+jrdRUO+pHRZxuKCjp67Vac
sZevXtzMnO/DIz9+sI/cB/fI+d7+Xsi00j72sK0lXuBcTyJLu2L95vnPddqjt+KHha22cIot4LHZ
dVKph9o2gtTSDdM3p7u6d8p9Nl9v9/CVxwEchKpUfThpeoZN+g8A0AWd3z17qVyNWkqNHwHpVKZg
/kmSQctEJVvT3QZZpf5ZBiYf4PgaUwilt5QvNyrpB0eSHJnqRtfMahzRq64nFjqMaJvRVCr4SEbq
ra8+ODqQD60szcXefxyo87SDC8lJai6Pblvog0wpeD1qq1YfRdXCGY5azRWBXUNXF8N3oS+UbN+z
vNCXVbYti9XoevQS4WP4nsPK7oYNdOl5cARgleivS8MhlIkBfTFsW6djqt9tbxyOZiq334ybkKCs
hi3XV6+Gr6tN8/dC3ek2T0zd5nJoB54hn7Bs3/KsEI/fXcIkwjTFf3SbI/SzQISO9NPMyuhSiKdu
xaR0w9dx2Xd0j2Jwf2K74Iarj5OOOaP4KV/ri4n+lG5zfdI3cLej8fqwGsukInLoBqNtO3RJ4ur8
7YhVovqoSNlvRFM+FifcRdk0o4HXOTmE/3o94tEeBnilknRMFhrv63xPOwbXo+kigE0X+4Hwcqyc
u2j9USVjw6vnSokW+kq6OdlJZ2BEYw76EAOUQxNJf/2Z9LjerNtKNbiqYSEeyTwfqYnijTts2t42
WnRaGXt0fqac7e2V2krZTfj11/8LL5cstw==
===END CRASH DUMP===
