JINODK PRO Crash Dump Wed Aug 19 10:56:16 WIB 2020

Error: Using $this when not in object context
File: plugins/Island/src/MyPlot/MyPlot
Line: 60
Type: Error

THIS CRASH WAS CAUSED BY A PLUGIN
BAD PLUGIN: Island v1.7.0

Code:
[51] 	/** @var EconomyProvider $economyProvider */
[52] 	private $economyProvider = null;
[53] 	/** @var BaseLang $baseLang */
[54] 	private $baseLang = null;
[55] 
[56] 	/**
[57] 	 * @return MyPlot
[58] 	 */
[59] 	public static function getInstance() : self {
[60] 	    self::$instance = $this;
[61] 		return self::$instance;
[62] 	}
[63] 
[64] 	/**
[65] 	 * Returns the Multi-lang management class
[66] 	 *
[67] 	 * @api
[68] 	 *
[69] 	 * @return BaseLang
[70] 	 */

Backtrace:
#0 plugins/GameHandle/src/NgLamVN/GameHandle/task/AutoJoinIslandTask(45): MyPlot\MyPlot::getInstance()
#1 src/pocketmine/scheduler/TaskHandler(137): NgLamVN\GameHandle\task\AutoJoinIslandTask->onRun(integer 442)
#2 src/pocketmine/scheduler/TaskScheduler(179): pocketmine\scheduler\TaskHandler->run(integer 442)
#3 src/pocketmine/plugin/PluginManager(654): pocketmine\scheduler\TaskScheduler->mainThreadHeartbeat(integer 442)
#4 src/pocketmine/Server(2486): pocketmine\plugin\PluginManager->tickSchedulers(integer 442)
#5 src/pocketmine/Server(2261): pocketmine\Server->tick()
#6 src/pocketmine/Server(2104): pocketmine\Server->tickProcessor()
#7 src/pocketmine/Server(1691): pocketmine\Server->start()
#8 src/pocketmine/PocketMine(273): pocketmine\Server->__construct(object BaseClassLoader, object pocketmine\utils\MainLogger, string[27] D:\MinecraftTool\JinodkNew\, string[35] D:\MinecraftTool\JinodkNew\plugins\)
#9 src/pocketmine/PocketMine(304): pocketmine\server()

JINODK PRO version: 3.15.1+dev [Protocol 408]
Git commit: 0000000000000000000000000000000000000000
uname -a: Windows NT LAMPKVN 10.0 build 18363 (Windows 10) AMD64
PHP Version: 7.3.20
Zend version: 3.3.20
OS : WINNT, win
Composer libraries: 
- adhocore/json-comment 0.1.0@8448076039389f558f39ad0553aab87db3f81614
- ocramius/package-versions 1.5.1@1d32342b8c1eb27353c8887c366147b4c2da673c
- pocketmine/binaryutils 0.1.11@e8cb65db1b7998eebb739b124f2a989fe87366eb
- pocketmine/callback-validator 1.0.1@4aef6bb25f97d0b830ba0b4f66834b1a9c86fc9a
- pocketmine/classloader 0.1.0@4ccdb30e48f030bfcad04bb0a208d198ec631993
- pocketmine/log 0.2.0@e59bedb5d4bbeb9a26647cb7c367cb2fa72addfa
- pocketmine/log-pthreads 0.1.0@9bbcef398b01487ab47c234a6a7054722abbe067
- pocketmine/math 0.2.4@b1c28b236df8b795d7b06cf8421f9962b12ac410
- pocketmine/nbt 0.2.14@b31dca98443328c4bab76dc1b84c1473c79be20e
- pocketmine/raklib 0.12.8@9fea763ffc922db083e4528d4acd0b13d0ea83a4
- pocketmine/snooze 0.1.2@88420da3d9335dbcb3ee2decfd5e5453d057dcdf
- pocketmine/spl 0.4.1@ff0579a0be41bbe65d3637607715c0f87728a838
- doctrine/instantiator 1.3.1@f350df0268e904597e3bd9c4685c53e0e333feea
- myclabs/deep-copy 1.10.1@969b211f9a51aa1f6c01d1d2aef56d3bd91598e5
- phar-io/manifest 1.0.3@7761fcacf03b4d4f16e7ccb606d4879ca431fcf4
- phar-io/version 2.0.1@45a2ec53a73c70ce41d55cedef9063630abaf1b6
- phpdocumentor/reflection-common 2.2.0@1d01c49d4ed62f25aa84a747ad35d5a16924662b
- phpdocumentor/reflection-docblock 5.1.0@cd72d394ca794d3466a3b2fc09d5a6c1dc86b47e
- phpdocumentor/type-resolver 1.3.0@e878a14a65245fbe78f8080eba03b47c3b705651
- phpspec/prophecy 1.11.1@b20034be5efcdab4fb60ca3a29cba2949aead160
- phpstan/phpstan 0.12.29@9771daaf6b95c6313b908d0bcdee0afcd51f838a
- phpstan/phpstan-phpunit 0.12.11@ab783a8ea634ea23305a8818c4750603e714489b
- phpstan/phpstan-strict-rules 0.12.3@937283265620af9e2005743134ebb4e197b12d8e
- phpunit/php-code-coverage 8.0.2@ca6647ffddd2add025ab3f21644a441d7c146cdc
- phpunit/php-file-iterator 3.0.4@25fefc5b19835ca653877fe081644a3f8c1d915e
- phpunit/php-invoker 3.0.2@f6eedfed1085dd1f4c599629459a0277d25f9a66
- phpunit/php-text-template 2.0.2@6ff9c8ea4d3212b88fcf74e25e516e2c51c99324
- phpunit/php-timer 5.0.1@cc49734779cbb302bf51a44297dab8c4bbf941e7
- phpunit/php-token-stream 4.0.3@5672711b6b07b14d5ab694e700c62eeb82fcf374
- phpunit/phpunit 9.2.6@1c6a9e4312e209e659f1fce3ce88dd197c2448f6
- sebastian/code-unit 1.0.5@c1e2df332c905079980b119c4db103117e5e5c90
- sebastian/code-unit-reverse-lookup 2.0.2@ee51f9bb0c6d8a43337055db3120829fa14da819
- sebastian/comparator 4.0.3@dcc580eadfaa4e7f9d2cf9ae1922134ea962e14f
- sebastian/diff 4.0.2@1e90b4cf905a7d06c420b1d2e9d11a4dc8a13113
- sebastian/environment 5.1.2@0a757cab9d5b7ef49a619f1143e6c9c1bc0fe9d2
- sebastian/exporter 4.0.2@571d721db4aec847a0e59690b954af33ebf9f023
- sebastian/global-state 4.0.0@bdb1e7c79e592b8c82cb1699be3c8743119b8a72
- sebastian/object-enumerator 4.0.2@074fed2d0a6d08e1677dd8ce9d32aecb384917b8
- sebastian/object-reflector 2.0.2@127a46f6b057441b201253526f81d5406d6c7840
- sebastian/recursion-context 4.0.2@062231bf61d2b9448c4fa5a7643b5e1829c11d63
- sebastian/resource-operations 3.0.2@0653718a5a629b065e91f774595267f8dc32e213
- sebastian/type 2.2.1@86991e2b33446cd96e648c18bcdb1e95afb2c05a
- sebastian/version 3.0.1@626586115d0ed31cb71483be55beb759b5af5a3c
- symfony/polyfill-ctype v1.17.1@2edd75b8b35d62fd3eeabba73b26b8f1f60ce13d
- theseer/tokenizer 1.2.0@75a63c33a8577608444246075ea0af0d052e452a
- webmozart/assert 1.9.1@bafc69caeb4d49c39fd0779086c03a3738cbb389
- pocketmine/pocketmine-mp dev-8516aa2393e81746bcbbcfbd8094613307585f16@8516aa2393e81746bcbbcfbd8094613307585f16

Loaded plugins:
RankColor 0.1-ngl_alpha by NgLamVN for API(s) 3.12.0
InvCrashFix 0.0.1 by  for API(s) 3.14.0
MultiProtocol 1 by  for API(s) 3.10.0
CuaHangPlus 0.2.lpk by LamPocketVN for API(s) 3.2.0
PointAPI 1.0.3 by onebone | Fixed and Update by LamPocketVN for API(s) 3.9.0
OreGen 1.0.1 by JINODK, LamPocketVN for API(s) 3.0.0, 3.7.0, 4.0.0
GameHandle 0.1-ngl_dk by NgLamVN for API(s) 3.14.0
DEVirion 1.2.7 by poggit, SOFe for API(s) 3.0.0
ScoreHud 5.2.0 by JackMD for API(s) 3.0.0
MultiWorld 1.5.2 by CzechPMDevs, VixikCZ, fuyutsuki, kaliiks for API(s) 3.0.0
FactionsPro 1.3.20 by Tethered_ for API(s) 3.0.0
EconomyAPI 5.7.2 by onebone for API(s) 3.0.0
Sheep 5.2.3 by KnownUnown for API(s) 3.0.0
PiggyCustomEnchants 2.3.0 by DaPigGuy for API(s) 3.14.0
PurePerms 1.4.3 by 64FF00 & ProjectInfinity for API(s) 3.0.0
AutoClearLagg 3.1.0 by Twisted for API(s) 3.0.0
Island 1.7.0 by Wiez, Exxarion, jasonwynn10, LamPocketVN for API(s) 3.4.0
PureChat 1.4.11 by LamPocketVN for API(s) 3.0.0

----------------------REPORT THE DATA BELOW THIS LINE-----------------------

===BEGIN CRASH DUMP===
eNrtXHlz3LiV/ypYeWpjp9Qt3kenPCWvZGec8aG15DiVdMoFEmA3R2yS4SGpPTvffX8PALvJluxx
Jv5jqzYuj5sEgYd3XwTn56Osaja8+3gjmzavyqOFe3zU5Rt5tLD9OIys2A2D46OCt93zpqmao8XP
R922xuMjfX98tJFty1c08r7NyxX7rlvnLbtdy5KVVcfyklXJTzLtWFqVnbzrsCTri+JFXtCa88Vy
+TovZdrwrLuqqmK5/FNeVuL6jbxdLuuiX+Vlu1y+bAteiuWybVLM314UVTf8zut1TTA1PLPiRC84
wfwTPc38YGaB7Y4WgQVCG57i8m9Hjyw2LPwj38gfsLSQavGb1Su++fOb8XDH2+uTZ31X/anKS73P
FYYee/6TBZvitlisZPeybDtepvLxE2z+yGYEtq7Sa9ltgMlJm66l6AvZnBAUvUfz2HZDQDO7L5f7
7ZdL2n+5vI/A7PuqfNeXj3OweSUb5nmO2tH58o6Xw91jO4yx534i2D08Wy5HyM2+bx7Yxj3cRnP0
5EL9vOYllKR5HPjel/fYoTP7fsPz8mrdSC5+kLzpEsm7e7t6h7teyga6/NjxouBgI43PcjlBaPZ9
l6f7Tdt7G/if28AJ7IMN9BMNUQs7+Nxi2/K+sPiiqVJYVdVoKOFnoNhB/DkUoHFNp1dHh6sv1CUZ
3WMndD8D4ONHmGvbNX3aPTb2+1+8lWfwBO2rigvZHA92PV7ed3kBc30Nyb2qViuaBSBwC39zwr+z
Lxv7bqrr/9rUnV9QFMZfoNC9x+hWM+/J0d9/OT6S39Cp/dMOCPvr2R/z8qYqbuRGlh1AiLwB6KPh
KUY0MIyklZCErm9jdNmd/P737PSGN+w58Kg2WyjOTQ7ZsO/kwcDvT7Dad9SquslveCfvT3rKSnjm
P9BMdwqfZP+KEyOS4UpD9KYQd09HoHxMod9gAEk3obphAN/Irm9KtuOOH5lHCn6s4fdJkafQDw7z
YFlfph2CFZs4V7ZgrSwy9jOWBZaGgT80tlh8l5t5QEzJkjALNBOXnUHhYKqaojn2C126mo7AG9ER
+AMd7xSMlnVryV73RZfPCuLDRrkZEixLyXZoTWDW0PWeD7zOaSAaPYwPmTSIAQ9Da8emX/4dyf4d
yf4dyf4fR7Ljo5UsZcMLig0lp/T96E8v37w9/5FdvHsLyOSX9zn+kTu3/blN431eiKMFcuG8/Sjk
zdECjJKIPE3VVWkFeJ4VAXpOccn6yj+A2xskPuSlqG5b9uaKvXr2+uLHP79htjW3mNqX2ZEbuOzx
MMm2nrBnr8/hYIEAkvrFUTh35w7B+yQR/ghvc4/HH6uWNnj55s0VBtTNLYIlxchNXYE3H4s8aXiT
y5a4wsUaBDXy5Ke2KmeYY4KtNbfn1mnkeZEVBpYbu1Gc+X6UuTEXlu+7nCdRKBI3i+zAJswqCHKT
9+1JzdNrGN7MsJUQsOdg66ktXMf1nCRKbZlAMX03jaIoTN0AEMLESx3Bg9BNiY69qJO85M1WqZ1B
y7ZPZZQmgS8SOwnjOJIySUI3TmzHyxweA1MZhYAqkymolBdFAuxmN7zIBe8oxQFugHnqcZkFSeL4
WRwKK4lcK+FW4mVBELleYvM4jYIsjfkBQDKWQhnLjmVemoItlvSizAKULAW/vCSxuGNFwgayaeDa
cexOIRXVSkFwAEH6cSJF4gssk0nMnSDwwjQhRuHHyXjocCEyfg/CrO6UM213yMRJkkrILEos24tC
ngAQZMADHlq+FzoOxxYWou0EFArftcHGO03s1IkSxw1EFoHbvggTK0izyHPsLI4DB1znqWdbUxBl
0hkINkC4tkghF89zXSdKvYQnYSBSO4m8FJJ30xAEO5acgmj4NTRVk+LMo1NIlYeBm0EMjiMSK3Kl
5zuR8HgKidmusCSPXO5NobRlVX2ShiHOaQS8LcFdEbsu9CdNXCkdIdNM+NL3fADxQ5GK7ABIXSgI
HjQlyzAlhnJIzwbzoIUwVphIGNp+amVRGDoR8IgAQVQp+Tt5olOnLt+pnEuAXN8SmeUEkYwtz49D
6SYiTr0g8lPflZZ0XTeTksS82ULTkvZESFnDRuutAmKT4sZBnDg2RMF9m3M7C1LLFrZwoM9+IAii
7UPpfOUceDPLK4i3zDPZdkb53dMwDGzoaQqFTTzhZXYgwxQGZgUCShOn3HPxPPNGMPY+09H243NH
Am1O0rRS8Eb4fiqFzGIrAIMsnvDMTgLto8CYnvxM1Zw0MiukSluV8zEgyQxsYdmpFwtPisDJHJ/z
yOOhF3IByfkcsdHxAujfl0BiNCkgRwD1lUGkInSEG3spD2NPuADAXZhUasUAGaTQ0yiAkch7QKkQ
mjWypXpkkCFMNQojbsOefMfzs0SGURZZkSXhPFyyNTeBnQW+rcG1tUQUa6p6LVMjQvw9TRzLgpOR
vsxSARPNwPmUu9yJ0wT/eDGHTduB8e+kSSfmdzAOJz6NoX+Cczix2CcP4yYx/I2VpNAZiwOwb2fQ
Sn4fyAy/fZl3AzC4V9gnLCmSPHA9yR3XtXweRTZMN/QtRAMZ2ggMcfIAMIrwaTdrkGu1A0T3NHZh
Fa4T+IEDZGIYO4wIWgXwSeJJOw7hRkRk2E7YEMAZlXX4BxzXRWcEXXNOU04OMcuEEOQILagG4pBj
B57HPSheCKcSpCI9AEaF6CzvAEtbIeQH9waPD7b7CTyz6wOy78KCM2lFChzCG3QCJnSIGVWm13IA
45xmgZQik8K2Il8IO/NSn5xjDLvmlhOGgiIL8D4AQzUy/tnUBcpEY0zOaZBliDeSQ0EdG/EygvGF
nnTgomCaTurbKQKI4x0CyzcKI19ZZArbCV0vhP0miEdOksFBIOdFfEPohhNOstizZXgIBGQpKUq+
ASxPOQg/CJ3QhvkmFgTlwVSSIPZkaFlp4CD6RrCgzA0PEDJKFcOag1M7DXgsIXIHwo/hNuMMPkW6
qYwiMCxGXIJKZcSgFubTwlmWJ0r+Bgy5Kv8UqYMjMoSRNLZ8i4I/XL8Nr4lcwHJtO4QV+Xj2MBgY
MDkuOSuq6rqvdwyXYGyGWAlyRARv57owW4QHYGtFTpzBxAWP7PgA6qbmgzJpPok09WH9HMGZgz1Z
LJwUYod+Ow7pOodKSNvLJnBEnmUGgnNqIxYgE4LX9DkSkSBFuErgzmUsbIgP7onbINOdQJDlTd5U
pcncfBXoLB76YcoT+LUklBmcSGCD5bbnyiCNEXsRqwDUmQK6q6umk80OHR9OJXRskSA/SiP4XgvJ
SQAUY9/jEIOEEiGETdFZFVXCixl1JaSBZJ0mEBCiShgDAKWAkZMmcOEI/MgCyRXYcRIhs5lA0vXH
TJbwwmNOg7zQg7U5wuKBsCJpBzAxEaWgyEXoQ1iPvNgOk+ghcCY+KGha/rYTci+A7ySvhLDuWLbj
u74TILsVvoc4GKRh5E21qpFpr4LgbGh27ZALHMe1kyyA4JIYap16GYc8A89NfGlDo1LbFoF7AK6t
+iaVs6omWk3m7BqAvhvaEWDApSD98mVsZ2EI5wIcwywSqQuzOtAK07qjYGqfRmA1TCdxXY98YxzI
AGjZEeID5BL7PEucFDo3gTAujMilBHDgUWDbPlIt4dpISZFUughcPvLUEFkrwPhcJfDtdpNV5RY1
W7GF4y1mqUHnBhEvBCxHChH6SZQgmCO8C+RhyEWRPiROkETwDYiBEkkdYHVr2UqJEEyuKf9kwi+l
CCEY4qYuQpWPHMZCgukhJ7BCX3KEGQvJnEM5IlF1K5NN9Qk18wlSdtlojxJT9EVwDJDjSEp94tSN
M4FcDsETmZTL3dCNyH9G8TQj3F/ONuRHUCPOInhnjmgZuzKyQy9AdpmkWSIiK/YCG0E09CMfydXp
1048+mXXClW12jteXp9Vhe7MmkpyP3Z8tJcXpDUrV8VHXiBhwxPed+uqaakTZjpOVBxTaw0jLsVo
iwZkyZNCiqHaFbJGfUmr8Kytsu58PEDNG2y162DtMBldUlcX5RGmXby9vPrw9t2rcy2LNle+gXp0
L8ubs4a36xf53Yiu8eiUMktV6HuKJoR4v52QTf8PYLVcIrSntHOW3y2XuhPyNWSo5ubFrj+wI2Q6
PiblC2RYv52Ml92nV/lq3W1/OF8uDzf/VSrOev4DL1cXRd+OaBiPToXhzIv6eqpgUAfdnjlQsn9B
x0Ygl8sRMrubryHtosrL7tnFyxFdu6GJWCiUT0mqSpngP/Y/DOooBeOlYO9rQa39ZMs+R3D82wk2
Gy6XNWEIiMvlCFdD6uXVs3dX7y/uEfq2kX+U5YhMM3BI5FT/TGMMY5+jh5TyGL+h+lVh/bfSp/da
LjVmup34NTLcd8lH5I0GH/KB4vorHKD3DRzguIV/VjXyawg6f/7nvFH47sjZDU3l5czDKR11taL+
4/HR5dsX8p6gfiMxGuhyeaNQWC4R18zVCK1f0b9L6if+0IsRTbuhMU2+cglTHeTp9evzb0WMhrZc
Drvvr77aoX+omkIcenM9OBUPiJmScvZJpuuL1+fyhnzmn/O7/Prsr+qQx7bv2v6a3mpd8yLPr9tv
RW9KW9YbyAyecUOY3hKmJgwMWH+R8HXX1e3i5ARKsO6TOWqckxEhJyNA4NALrrosLQLMiEXj0SmP
TJN6xKQrieSukeLjv8aCo2dll1/W8FvYc8+PESbLpbn5Wk9j3hxP48VocKrI4aH0jQP/VpLdxQPz
alpFhAk2v0rQ5VrKemyS6v7QHg8C349ldVu+p3++FSVqWxgi/ej3dF+rkre3t/ORWu5RO9GkUIjP
V6vtWd921eZ5ma552Y2zmIeejul3qKU3pf+cY9Ef++03CxYDQMTz+9g8OPgbLHbY5OQBcOq1+EXf
yAvZbCbc2Y1NjdY71InAe/HCsth/MpgV1dMvyywv8277rTTko94AzBgwGl3+Bm6otebd/x4OuEAv
2M8KyZtXfLUacWI6PuaGSz3kAw92m7cdKPxGxHca3HKJLaqUkCiAhD4MMMbpn2WCQfNZuy36zeuz
kyk8qsL0UZpRATacrRkrQ3hI/odcfsLI87s7bpKDn3hblbfbslSvhD6XS/7TJjT1vaNkREWjy25b
qDLtOW+3Z9VmA9SJRGo9jALC9OzGr2cypC5na94dmIkaOrQS2/66MujXlGNiiONYep8l00j7F6Rq
Vd9ePJ8N40efMSrCf3/1DUxKgVHNCt6ATZ3ULFCnUsdv5vev7dXpVKJIvauf00sR2XTqnfTRo4vd
HTur4F1WjHr3y2ZZPvqA6utZv2J2zGxrYUcLJ2QfXv4XcyzHogl0uKjnK/n0JlcLNlUnntKF3mhG
Uny6P2ewf0CNz6d2bLsODa4wbVMJ+VQB3fC7WV3wLch6avtqUc1vyxmdBtAvmp7ObBq+XYNlswKm
9lTdayHP/tHLZvsUSfR+qIE2P62yjIZ4WVZ9mUqzx4yn61zqU2+tWZVV1BncYWUWrnkjKKEd7uub
2synnnKeIlnbPtX0qGMQXdXMWtl1eblqFVMKbFNonuT6JPFusJVSjOZQ9+7p+fMXz96/uqJRwn9e
87ZFhime/l79ASUwuVnLb6RBA0K4nYlcn456GtHQXVLdzchMzJRJW22+3dCL1keMsjQ6QwjZ97oZ
qlSAgQ9sr0Sz1xdQCXZF/UE2EMZ4I9VpM+RLdOyMdywlDncskSwv06IX0KGcjrUdqB7Buqw2WJmx
7j7MlmfymFWUsLYEkiWN5NdsW/WNgcXyjEE+eZarHSAaOrBYbAkwtG0H7kTIjEM4Lbutyt91jNc1
PDEj7m3oJB8vii1hqA5XKrrVCcu+XjVcAMB8WZLeamCLZcnYow9rlUmzrsIupWAAYQ7bgAcNL1t6
wST0Y4VqUWEbkIor2Sl+UamXSrZWFSyNbAiy1rzBrBYs40Ur6UG77juB7GtmzoQu2PJIny1ijVSn
k7D5MasRZMDJRv5U5eV/LI8Uts+KorplZCd0iNR0ONlNztl/k6nQHGUzM/NotO2j58qAzCLViSET
YBAjOEXgki0z/KX5xt52j8egPiA6QE3AbC4EYa1lQrymQ1psA9Th3dQpRUgikYQ1OCb/0fOCeLnK
bzD3hhe9ZI/NpnBFTwi63pHeGZNrmUEWdFpqgcdq7zf9JgGroGqIyWVKB+OgDc01lGuuJrxvIS/S
94FSmrZuEAR7iBTT22OmyjtmjBtGcszopRQIobikeAM3TmObvoRa0RQN/FLJHDRB9ZrqLofaSbAB
JCl1LnfIEW8NQi8zUmCaQ4p6zPLud2Bf16hlQpInVHp0sJg9Bg09VMBRbFFkzAylCwXqUIG50o6m
L0sSpyD/U9VKCOp4VDtnqEXNNdtQr5Ophu3x2CKN5hBHmqavOz2qGUaM2QA3Q5cSLixVnX0S2kr4
TZULoP0wBqQjpHMVGA3tmo8UjV4E6EkLRqGdTJW8drPVhvpH9XKMUSRnehx2sMnV2emNXPFk24Hh
7FJz2lK8zVsCrZZfqfPWuWK8UigY8u1MAxp0rFUEZjkwhJcC8qWClTVSDltqHYewejJdtqogJ3rN
rpSCNjLv8BRqC2YRFdhduWV9xuj/PAWU+HwJfwqe/xr+KKtqhYJxqTuUDLiWwXtQjEQ+PyBEux5i
pRzAB2URBrn2d98APWUTCh/yFiztEY1KRCMm72TaK89baXy1NVL02s2WdykSgHZPjnZab6+eL9jV
Dy8v2auXr19esWcXF69ePr9kF8/fMWSOPz5/d8wwiV29xazn7MMPb189p6OWZ88vL+eH5v8gM5D5
5pWKz+SCWyIvXUvljBUvdm7WBtuRIQjlVdSUGZyg1A5WgULuCCrhmqFIRO3n9EzrF3I3ioclTTOb
KcgaCJzu3oUPdo093lL0oLCvFszvzyY1MLk+hFbLlLIDzVdCV0tVr93RAM2Sdbsn1bUMre2Th1Ey
lLuG8hVvEjqBmVaFOQilfM/D3FVWRuiYVcysgtdGFdWrXGSMCfK0Hhr45HiIBocqOCihDqxZBlia
3s3e+ubsrfb2Wt2RTFR9IXa45AgftyXb499qwLVCH4QGlmVoxW4vlJ+4Fx6V6mgIO9qyptoMYVav
NjNmY8UcS5ioMZK8pxvsAZWaaMflkD+SyBrsRGpoFFn0m1onWzqjY+bBjB4M8jqnSWaBwl2hOVCA
OwR4mDp/gMEI1wh52OEGSta2vSS30K0htdWQfJK/ot32WB0PgtTZgckx5xobmvpZPlGNlK778rod
cD/jNY3mm36D6FrShzRDKUCCZLra0Vjs+Ur2YlipLOa+jiH3rg1GasMZJcU9wq23k9h5pR8d6jRl
ReTzNHw9eTAhDctMHFOmcoZZiqpM7mg7ByoqS0HiSNwDdjq10FDoCLSkuoPWaAr31GGZ4aemZ9iZ
Jg/7agZSf2aA+2VQX9LDZVnKjgS2MAECSdm6KnRymfAO1SYl4Qpl5EtQIRNilG/ThZB5qgNLIndp
po5sj8ZSGh6RW2223VpVATN7JEAlPLXxrBuQgdv2A+O19xmsqj0peRSaciptVIpPizFo0JqzH5AF
qg+1KK1jZxfvj7EWOCSwr9tcQO1VmqC95w7+TMFfsHBIuPe5eKu4M5o7Z88EHNWaF9kJvQpWBYKQ
0GGzFTZl1EchBRsZ4j7ojYBN6pk78mqUXPLiWDtN2toc/p+zq0bFi0rl0O8vyoshA9+XilRg0KJb
xFOC2ddlPTP3ByXPa2OQbf5J7kRNufog4ZZioUmkkMtrzRlFXS929KInc3Zh1hS8WakF3NSsRk3U
jlnDV0QdxAWy2rpQqQwVohsgT34ApSLoPCtyanioyrpBhYUakr2+eq8wbUESkZ30nfrOUEl5v52u
OOaDG9p0/YxWLRS2ZABCJv1qMVQx3zObqheTxK1hxeo5M4Vsq0tvUvKyrXRMM4piEzDttzS0s3VV
tao8H4oXOZSnyrkJ3nHW8pvBiVJvZGjz0LO9vdPxcHgCybvBxwBTJbfjIVtWhVbd6HSlraU5iFBW
aZHXTK0FH1/zLXhIyrKpbobaldy/8ZnKb82GZ3rLUa0ydH/GzYUr1R3QCqC/i9d9FTXXSLtvTZci
hdZ32i+YNTO9ZsFqJBQ3eUHbaJ9n7NnsQk6bl6tdPl3SsuIwdhwPsybNpQcbOrq+e7apetLpTDtn
o+LESt3SU8GIzFlV7RAMXatogsXvVGwZLVaEl1JXiYnUwBKZkUaqrqAKB+tBA5TQVbNwEqU0+bTR
jnxYJuOHqNb6OzHsJhEAHsLSehhN3gAS9GNQRCA7LKbfHTau0m6qoWe9OtAy7rWo9w9qI9XT3Cvr
o5fnajN1tr5VJkn8lA1JGnktXNeGGeqY6TkM0U6tmZAOeDPmsEdshYql3bNn39fYcWh+n0XGWG95
rkoaOA5k/Fo2dVX3xaCM5obcvppjXISrHITKhme1MWvyrmSpCzbkmaqxqTs5CxPxqPGkKiw9rAOG
kRcQ2bcExJ5vpO/qUPvB0M7cpsP1GqlZVo0kAiub6X78bua6IskoVOb1ZlPP80phXFbldkM1gvo6
uAWF7R51KnzMc7Z/rkhQLouvVg1qTd1TMg0oXWjTF7XXh/Qp/GDBb8/fLsCPmXGC+4/Db6VORDlM
51bt2CrE9wSosfmoFYzQs+O8Vk0tnHtMhUD1c6NMiHrqSC757nE+pcarMeuQopakJ6MGzzFTRyaP
MQw2UMDqdikLXG8mUURDhPBAJQUE/XQILLpdxCcNI/OSaBRweqRniG3Kiw3OwgBUktfPhz3uSVrT
OhZ1hwp656tNRCKgNH9IHEiy5DBpQ9UJM4uGrud8v4F5Mt5h4OaXY55x21q62ipGTQYDA+A7w8+h
nbA2g8pjUEVgkkzjMagzizxeqCwrz3aAkKqDEN2bJw80VNnaxwGecZFDZONFzluTwiPr4pu6GO4o
CQCORlaLQWj6GfSWOj0L9jcVvRE/j1Xr5+8EVGXn+zA5fmegyKBMqsmFqbCHtzCqdH4oYqmAriJ0
q5JJVZnRmRvgasLtGH29r8JBXzJ6bUNRQUev/Y4L9uLVs6uF84fw2I/v7GP3zj12/mD/Qci00j72
cddI3MC5Po0s7Yr1nec/0WmPbsWPC1tt4RRbwGPTdVKph2obQWrplulPjPtmcMpDNt/sevjK4wAO
QlWqXpy0A8NmwwsA6ILO7x69UK5GbaXmT4D0KlMw//OI0chMJVvzfYOsqlUtKO/g+FpTCKXXlC+3
KukHR5IcmepW18xqHtGrPuQrdBjRNqOpVPCRjDQ7X310fCTvOlmaT2B/PlInAkef7iap+cxyN0Iv
ZErBm8lYtfkoqg7OcDJqDtPvB/qmGN8L/enF7j7LC/1Zx25ktZl8SLxG+Bjf57Cym/EAfR48OgKw
SfTbpfEUysSAvhiP1emU6ne7b/MmK5Xbb6dDSFA245HLi1fj2822/Uehvn42V0x99+RQB54hn7Bs
3/KsEJffvYRJhGmKv/TdQ+hngQgd6aeZldHnE576fiSlb2Edl31HXxyMvjTYbbjl6uWkY86AfMpr
/QmfP6fvnj7pb1V3s3F7t5nKpCJy6Fs/23boc4KL87cTVonqoyLlcBBD+VSccBdl204mXubkEP7y
esKjAwxwSyXplCwM3jb5gXaMPiSmg9s2fQIPhNdT5dxH648qGRt/pK2UaKU/3jYnZ+iInGjNYVZi
gHJoIhk+FCY9brZ1V6kBVw2sxD2Z5xM1Ubxxx0O773JWvVbGAZ2/Us729kK1UvYLfvnlfwG/4htL
===END CRASH DUMP===
