JINODK PRO Crash Dump Wed Aug 19 10:47:32 WIB 2020

Error: Call to a member function getFolderName() on null
File: plugins/GameHandle/src/NgLamVN/GameHandle/task/AutoJoinIslandTask
Line: 45
Type: Error

THIS CRASH WAS CAUSED BY A PLUGIN
BAD PLUGIN: GameHandle v0.1-ngl_dk

Code:
[36]         $player = $this->getPlayer();
[37]         if ($player->getLevel() !== null)
[38]         {
[39]             if ($player->getLevel()->getName() !== "island")
[40]             {
[41]                 Server::getInstance()->dispatchCommand(new ConsoleCommandSender(), "mw tp island ".$player->getName());
[42]             }
[43]         }
[44] 
[45]         $level = $player->getLevel()->getFolderName();
[46]         $plots = MyPlot::getInstance()->getPlotsOfPlayer($player, $level);
[47]         if (!isset($plots[0]))
[48]         {
[49]             Server::getInstance()->dispatchCommand($player, "is auto");
[50]             Server::getInstance()->dispatchCommand($player, "is claim");
[51]             $player->sendMessage("Lest Play !!!");
[52]             return;
[53]         }
[54]         Server::getInstance()->dispatchCommand($player, "is home 1");
[55] 

Backtrace:
#0 src/pocketmine/scheduler/TaskHandler(137): NgLamVN\GameHandle\task\AutoJoinIslandTask->onRun(integer 581)
#1 src/pocketmine/scheduler/TaskScheduler(179): pocketmine\scheduler\TaskHandler->run(integer 581)
#2 src/pocketmine/plugin/PluginManager(654): pocketmine\scheduler\TaskScheduler->mainThreadHeartbeat(integer 581)
#3 src/pocketmine/Server(2486): pocketmine\plugin\PluginManager->tickSchedulers(integer 581)
#4 src/pocketmine/Server(2261): pocketmine\Server->tick()
#5 src/pocketmine/Server(2104): pocketmine\Server->tickProcessor()
#6 src/pocketmine/Server(1691): pocketmine\Server->start()
#7 src/pocketmine/PocketMine(273): pocketmine\Server->__construct(object BaseClassLoader, object pocketmine\utils\MainLogger, string[27] D:\MinecraftTool\JinodkNew\, string[35] D:\MinecraftTool\JinodkNew\plugins\)
#8 src/pocketmine/PocketMine(304): pocketmine\server()

JINODK PRO version: 3.15.1+dev [Protocol 408]
Git commit: 0000000000000000000000000000000000000000
uname -a: Windows NT LAMPKVN 10.0 build 18363 (Windows 10) AMD64
PHP Version: 7.3.20
Zend version: 3.3.20
OS : WINNT, win
Composer libraries: 
- adhocore/json-comment 0.1.0@8448076039389f558f39ad0553aab87db3f81614
- ocramius/package-versions 1.5.1@1d32342b8c1eb27353c8887c366147b4c2da673c
- pocketmine/binaryutils 0.1.11@e8cb65db1b7998eebb739b124f2a989fe87366eb
- pocketmine/callback-validator 1.0.1@4aef6bb25f97d0b830ba0b4f66834b1a9c86fc9a
- pocketmine/classloader 0.1.0@4ccdb30e48f030bfcad04bb0a208d198ec631993
- pocketmine/log 0.2.0@e59bedb5d4bbeb9a26647cb7c367cb2fa72addfa
- pocketmine/log-pthreads 0.1.0@9bbcef398b01487ab47c234a6a7054722abbe067
- pocketmine/math 0.2.4@b1c28b236df8b795d7b06cf8421f9962b12ac410
- pocketmine/nbt 0.2.14@b31dca98443328c4bab76dc1b84c1473c79be20e
- pocketmine/raklib 0.12.8@9fea763ffc922db083e4528d4acd0b13d0ea83a4
- pocketmine/snooze 0.1.2@88420da3d9335dbcb3ee2decfd5e5453d057dcdf
- pocketmine/spl 0.4.1@ff0579a0be41bbe65d3637607715c0f87728a838
- doctrine/instantiator 1.3.1@f350df0268e904597e3bd9c4685c53e0e333feea
- myclabs/deep-copy 1.10.1@969b211f9a51aa1f6c01d1d2aef56d3bd91598e5
- phar-io/manifest 1.0.3@7761fcacf03b4d4f16e7ccb606d4879ca431fcf4
- phar-io/version 2.0.1@45a2ec53a73c70ce41d55cedef9063630abaf1b6
- phpdocumentor/reflection-common 2.2.0@1d01c49d4ed62f25aa84a747ad35d5a16924662b
- phpdocumentor/reflection-docblock 5.1.0@cd72d394ca794d3466a3b2fc09d5a6c1dc86b47e
- phpdocumentor/type-resolver 1.3.0@e878a14a65245fbe78f8080eba03b47c3b705651
- phpspec/prophecy 1.11.1@b20034be5efcdab4fb60ca3a29cba2949aead160
- phpstan/phpstan 0.12.29@9771daaf6b95c6313b908d0bcdee0afcd51f838a
- phpstan/phpstan-phpunit 0.12.11@ab783a8ea634ea23305a8818c4750603e714489b
- phpstan/phpstan-strict-rules 0.12.3@937283265620af9e2005743134ebb4e197b12d8e
- phpunit/php-code-coverage 8.0.2@ca6647ffddd2add025ab3f21644a441d7c146cdc
- phpunit/php-file-iterator 3.0.4@25fefc5b19835ca653877fe081644a3f8c1d915e
- phpunit/php-invoker 3.0.2@f6eedfed1085dd1f4c599629459a0277d25f9a66
- phpunit/php-text-template 2.0.2@6ff9c8ea4d3212b88fcf74e25e516e2c51c99324
- phpunit/php-timer 5.0.1@cc49734779cbb302bf51a44297dab8c4bbf941e7
- phpunit/php-token-stream 4.0.3@5672711b6b07b14d5ab694e700c62eeb82fcf374
- phpunit/phpunit 9.2.6@1c6a9e4312e209e659f1fce3ce88dd197c2448f6
- sebastian/code-unit 1.0.5@c1e2df332c905079980b119c4db103117e5e5c90
- sebastian/code-unit-reverse-lookup 2.0.2@ee51f9bb0c6d8a43337055db3120829fa14da819
- sebastian/comparator 4.0.3@dcc580eadfaa4e7f9d2cf9ae1922134ea962e14f
- sebastian/diff 4.0.2@1e90b4cf905a7d06c420b1d2e9d11a4dc8a13113
- sebastian/environment 5.1.2@0a757cab9d5b7ef49a619f1143e6c9c1bc0fe9d2
- sebastian/exporter 4.0.2@571d721db4aec847a0e59690b954af33ebf9f023
- sebastian/global-state 4.0.0@bdb1e7c79e592b8c82cb1699be3c8743119b8a72
- sebastian/object-enumerator 4.0.2@074fed2d0a6d08e1677dd8ce9d32aecb384917b8
- sebastian/object-reflector 2.0.2@127a46f6b057441b201253526f81d5406d6c7840
- sebastian/recursion-context 4.0.2@062231bf61d2b9448c4fa5a7643b5e1829c11d63
- sebastian/resource-operations 3.0.2@0653718a5a629b065e91f774595267f8dc32e213
- sebastian/type 2.2.1@86991e2b33446cd96e648c18bcdb1e95afb2c05a
- sebastian/version 3.0.1@626586115d0ed31cb71483be55beb759b5af5a3c
- symfony/polyfill-ctype v1.17.1@2edd75b8b35d62fd3eeabba73b26b8f1f60ce13d
- theseer/tokenizer 1.2.0@75a63c33a8577608444246075ea0af0d052e452a
- webmozart/assert 1.9.1@bafc69caeb4d49c39fd0779086c03a3738cbb389
- pocketmine/pocketmine-mp dev-8516aa2393e81746bcbbcfbd8094613307585f16@8516aa2393e81746bcbbcfbd8094613307585f16

Loaded plugins:
MultiProtocol 1 by  for API(s) 3.10.0
PointAPI 1.0.3 by onebone | Fixed and Update by LamPocketVN for API(s) 3.9.0
CuaHangPlus 0.2.lpk by LamPocketVN for API(s) 3.2.0
RankColor 0.1-ngl_alpha by NgLamVN for API(s) 3.12.0
InvCrashFix 0.0.1 by  for API(s) 3.14.0
OreGen 1.0.1 by JINODK, LamPocketVN for API(s) 3.0.0, 3.7.0, 4.0.0
GameHandle 0.1-ngl_dk by NgLamVN for API(s) 3.14.0
EconomyAPI 5.7.2 by onebone for API(s) 3.0.0
PiggyCustomEnchants 2.3.0 by DaPigGuy for API(s) 3.14.0
MultiWorld 1.5.2 by CzechPMDevs, VixikCZ, fuyutsuki, kaliiks for API(s) 3.0.0
DEVirion 1.2.7 by poggit, SOFe for API(s) 3.0.0
PurePerms 1.4.3 by 64FF00 & ProjectInfinity for API(s) 3.0.0
ScoreHud 5.2.0 by JackMD for API(s) 3.0.0
Sheep 5.2.3 by KnownUnown for API(s) 3.0.0
AutoClearLagg 3.1.0 by Twisted for API(s) 3.0.0
FactionsPro 1.3.20 by Tethered_ for API(s) 3.0.0
Island 1.7.0 by Wiez, Exxarion, jasonwynn10, LamPocketVN for API(s) 3.4.0
PureChat 1.4.11 by LamPocketVN for API(s) 3.0.0

----------------------REPORT THE DATA BELOW THIS LINE-----------------------

===BEGIN CRASH DUMP===
eNrtXPtz28iR/ldm6dRFvhIpvB9MaUs+yc46sWydpV1f3TLlGgADEhFewUMSndv//b6eGZAAJXud
ja/qfojLa5IDTE8/v+4eDPbvs7RqCt59vBNNm1XlbGkfz7qsELOl6YZ+YASBax3Pct52L5umambL
v8+6bY3LM/X7eFaItuVrGjnnec66inFWiCISDUv7Mu5Ala1F96rKE9G85YU4es4wVPZ5jtkpPl5l
OU2/WK5Wl1kp4oan3U1V5avVn7KySm7fivvVqs77dVa2q9UfQeIHXia5WK3aJl6t3q7f8OKnt9Mr
HW9vV6sXfVf9qcrK122O8RuMLepNTcuqJTXRk/3ME5A80RTHw0Tv5DE5kMrB8mzpuNBbw2N8/Xn2
zGBEpq7iW9EVuH7SxhuR9LloTmiWotkcmbb/fMn+If7n31fl+748yspOrKFiNzCfg4ln5pdXvB5+
HZl+iDX3N0KJw7XVasTc/PvmiWWsw2WUBk+u5MclL+EJzZHnOl9eY8fO/PuCZ+XNphE8+UHwposE
7x6tah+uei0aOOyR5QTewUKKn9VqwtD8+y6L94u2jxZwPreA5ZkHC6griuKRnOx+brJpOF+YfNVU
MUKnahQV7zNUTC/8HAttB4Wp2f7h7Cv5lcLpyPLtzxD4+DGuyrZr+rg7qqK/irhj/8FbcY5wb99U
HPF6zPT4eHrfZTkC8RKWe1Ot13QXiGTl+mfL/wv7chjvbrXdX7t1F/FSwuALEtqPFN0q5T2f/eWX
45n4v0Gubw8h4FWR+5iVd1V+JwpRdlgjyRrYYDZcxcieLEbjKhEknu3hCtN/flfnfAtJTtnvuk3W
zr+HJFdy6Oj5HzDJ9kc3Zyk70hPkjW/Encgh7Xenp1JcsoAdjCb8nQbC0cAXqMjvWn1EcDXLpPCr
GZF1jAMqRNoxDwbpj/La5RLUXsNreRkLIp5kbc27eHNeFQWoHpXinp3Dratc6KFrUSYk9jGWLu5Z
VzPFAH4uxvwqHqV2HOuAgV9o0B4NygEHA/TpjhWfk9ik98+oYuxPcq0Ds1Vdi9mX2yt8eySttCLu
eJdqY+pVjvW6iuKhbb/L2lZ0R4r4z8ZfnkvNHxrUOTToV2p8xwJZlnF4OExLfLjGtyAY5zwrBoqH
jrFTcgsjX6qAPlrN3oi2Y6Qh9t133w1zD23aiK5vSnnp0LKuMxr4TVxvqkIwc1iaHGT2y79KhH+V
CP8qEf7flQjHs7UoRcNzSqIlp+Zn9qfXb99d/JldvX8HyhEk3ndIM3thuguTxvssT2ZL4xgB/zER
d7MlFCWQppuqq+IK9BwjAPWMkrjxlX9At9dMfMjKpLpv2dsb9ubF5dWff3rLTGNhMLkuMwPbs9nR
cJNpPGcvLi88h+oENDnLmb+wFxbR+wRslHzr37j8sWppgddv395gQP64R2VBxURRV9DNxzyLGt5k
oiWt8GQDgRpx8te2Kue4R1cmxsJcGGeB4wSG7xl2aAdh6rpBaoc8MVzX5jwK/CSy08D0TOKsgiGL
rG9Pah7fIvDmWq3EgLmAWs/MxLZsx4qC2BQRHNO14yAI/Nj2QMGPnNhKuOfbMcmxN3WUlbzZSrfT
bJnmmQjiyHOTyIz8MAyEiCLfDiPTclKLh+BUBD6oimhKKkYxGIG7+R3Ps4R3VDuCN9A8c7hIvSiy
3DT0EyMKbCPiRuSknhfYTmTyMA68NA75AUEKllwGy05lThxDLYZwgtQAlTSGvpwoMrhlBIkJZmPP
NsPQnlLKq7WkYIGCcMNIJJGbYJqIQm55nuPHESkKH1bKfYsnScofUZjXnQTTdsdMGEWxgM2CyDCd
wOcRCMEG3OO+4Tq+ZXEsYXj+lFTBu43mxjmLzNgKIsv2kjSAtt3EjwwvTgPHMtMw9CxonceOaUxJ
lFGnKZggYZtJDLs4jm1bQexEPPK9JDajwIlheTv2IbBliCmJht/CU5Uo1iI4g1W579kpzGBZSWQE
tnBcK0gcHsNipp0Yggc2d6ZU2rKqPgmtEOssAN9Gwu0ktG34TxzZQliJiNPEFa7jgojrJ3GSHhCp
c0nBgaekKW4J4RzCMaE8eCGCFSHi+6YbG2ng+1YAPgJQSKqY8E6cZLK46LKdy9lEyHaNJDUsLxCh
4bihL+woCWPHC9zYtYUhbNtOhSAzF1t4WtSeJELUiNF6K4mY5LihF0aWCVNw1+TcTL3YMBMzseDP
rpcQRdOF07kSHHgzzyqYt8xSlFHa+e0z3/dM+GkMh42cxElNT/gxAszwEjhNGHPHxvXUGdHYY6al
4sfllgDbnKxpxNBN4rqxSEQaGh4UZPCIp2bkKYyCYnrCmao5aUSaC9mRSfDRJCkMzMQwYydMHJF4
Vmq5nAcO9x2fJ7Ccy5EbLceD/32JJEajHHYEUVcGRJz4VmKHTsz90ElsEOA2Qio2QpD0Yvhp4CFI
xCOi1GHOG9FS8zbYEKEa+AE3EU+u5bhpJPwgDYzAEAAPm2LNjhBnnmsqcm0tkMWaqt6IWJsQf88i
yzAAMsIVaZwgRFNoPuY2t8I4wj9OyBHTpqfxnTzpRH8OwWGFZyH8L+EcIBa6hDB2FAJvjCiGzxgc
hF0zhVfyx0Tm+OzLrBuIAV4Rn4ikQHDPdgS3bNtweRCYCF3fNZANhG8iMYTRE8Qow8fdvEGt1Q4U
7bPQRlTYlud6FpgJEewIIngVyEeRI8zQB4wkgVY7cUME59T/4h9oXHXzAXzNOos5AWKaJklCQGjA
NZCHLNNzHO7A8XyAihcn8QExauvnWQdaKgphP8AbEB9qdyMgs+2CsmsjglNhBJIc0ht8AiF0yBm1
8bdiIGOdpZ4QSSoS0wjcJDFTJ3YJHEPENTcs308os4DvAzKdeOjwT4EGoxM6mKwzL02RbwSHg1om
8mWA4PMdYQGiEJpW7JoxEojlHBLLCsmRKyMyRuz4tuMjfiPkIytKARCOYyG/IXUDhKM0dEzhHxKB
WNKKgheg5UiAcD3f8k2Eb2TAUA5CJfJCR/iGEXsWsm+ACEpt/4Ah7VQhotk7M2OPhwImt2D8ELAZ
psAUYcciCKCwEHkJLpWSglqETwuwLE+k/TUZgir3DKWDlaRII3FouAYlf0C/CdRELWDYpukjilxc
e5oMApiAS8zzqrrt653CBRSbIldCnCQA2tk2whbpAdwagRWmCPGEB2Z4QLWo+eBMSk9JHLuIfo7k
zKGeNEysGGaHf1sW+TqHSwjTSSd0kixNNQXrzEQuQCUE1HQ5ChEvRrqKAOciTEyYD/DETYhpTyiI
8i5rqlJXbq5MdAb3XT/mEXAt8kUKEPFMqNx0bOHFIXIvchWIWlNCD3XVdKLZseMCVHzLTCLUR3EA
7DVQnHhgMXQdDjMIOBFS2JSddV5FPIcPKZ8mSsZZBAMhq/ghCFAJGFhxBAhH4kcVSFBghlGAymZC
SfUfc1EChceahni+g2izEoN7iREI00OIJUEMiWykPqT1wAlNPwqeIqfzg6Sm7G9aPnc8YCehEtK6
ZZiWa7uWh+o2cR3kQS/2A2fqVY2Ie5kEgVAlBfKeOc+ybDNKPRguCuHWsZNy2NNz7MgVJjwqNs3E
sw/ItVXfxGJe1SSrrpxtTdC1fTMADUAKyi9XhGbq+wAX8OinQRLbCKsDr9B7opRMzbMAqkboRLbt
EDaGnvDAlhkgP8AuocvTyIrhcxMK48aIIMUDgAeeabootRLbREmKotJG4nJRp/qoWkHG5bKAb7dF
WpVb9Gz5FsCbz2PNzh0yng9alkgS342CCMkc6T1BHYZaFOVDZHlRAGxADhQo6kCr24hWCKRggqbs
k06/VCL4UIgd20hVLmoYAwWmg5rA8F3BkWYMFHMW1Ygk1b2IiuoTeuYTlOyiUYgSUvZFcvRQ4wgq
fcLYDtMEtRySJyopm9u+HRB+BuG0Itx/nReEI+gR5wHQmSNbhrYITN/xUF1GcRolgRE6nokk6ruB
i+Lq7GtvnP2y2zeWvdpln3fZ1a4F3bW00/Hj2d5uVHjwvttUDQj8jH6Y1xltUtlUPBrUIIuSR7lI
hgY3ETVaSn1zW6XdxXiA9mtA9XX36U223nTbHy7Qwx8sTu0Q7rl6d33z4d37NxdK920msYB2yq6q
rOxeXL0eCbAbmvBOkDrhf1aVIsJ/7H/Yq+xBJIy2en+s0ckJFm3ZG16ofYGf3s7Gooa/XVK94GpV
E4eguFqNeNWiXt+8eH/z49UjQc97/gMv11d5345kHY+OxaVeKa9vpwJ/TiTrt4s0IrlajZjZ/fga
G77n5e15lauHL1qw/dhULHNervOPPEfrMBVO731OBDP/Ccl2e6k7TkZfv0aq1+XdecPbDZxrJNd4
dCqZsfhCfDm/XZCi/xu4Wq1QZMa0cpo9rFZqT+5rxHjXiD+KciSBHjgMrinzemMMY59zOkKMY3z6
8lOm9d8qoVprtVKcqe3ErxFt9HRsL97kkdljz0tuv8LtnG/gduMt/POqEV8j0EvUDlWxncLhaHAs
kAvNW08C4iMz/bNwJxQHEvAm3Pw6umfr9fa8b7uqeFnGG152Y/B76upYRIu66qmIFxyT/thvv5m9
BoKA8sfcPDn4a3Jvuq5ulycn66zb9NECjcHJsMjJE+ROSE8ybX6oGtpmniZyNTgNVvfQ8OefRLy5
urwQd8TdT9lDdnv+3/LUzbbv2v42w/dbnmfZbfutnCOmJesClQ60VBCn98SprgAGrv9RRY0EORkR
goYuXv6UNVIBO/3shqbasRb+VDt1taat+ePZ9btX3yw4FNHV6k6ysFpBEfrbiK1fKQmu+kZciaaY
xMRubCqVc1j9eM6rV4bB/o2h2qJG5nWZZmhqt99KwI9qAYTAwNHo628wrZyrD1Hs6UAL1/TA4Yd+
7Pm7oSngWYdo8Cce315efCuJFbXValh9/+1roO56I0Q9lkH+PhTgwIh/Lqv78kf651sJIZcF5/Sh
1P21trq/v1+M7LVn7USJAhnpIfR5Lnjzhq/XI1mn42OZbdpnncp8c5+1HaT6RgJ3itxqRQcSYmIi
BxPqgfmYp3/UXzWbL9pt3heX5ydTelDGKy53lVvE30gV49FpBOuHcmNNCDSzjUg+/nO6mL0ou+y6
Rp2GNfeKGXGyWukfX1tZqVMG47JXDUwl8g9N+yETnzDy8uGBawT8K2+r8n5blvKR0OdqyX84f0+L
ohHiynxx3W1zWRy/5O1WH9sg89HWw0hB6ugNMpb8/Dq4Pt/w7gCt5dAhWJvm17Vuv2bsST4Y+9Zj
lUw977+Qj6q+vXo5H8Znn8F24n//7RsguyQjNyt4AzV1QqlAHuIdP5nfP7aXp3VJIvmsfkEPRUTT
yWfSs2dXu1903ivN1oz27lfNqnz2AV3/i37NzJCZxtIMlpbPPrz+D2YZlkE3wGfXPV+L07tMTiiq
LjmlL2qhOVnxdH/OYH+BNj5PzdC0LRpc47aiSsSpJFrwh7k6AtSemq6cVPP7ck6nAdSDptO5ScP3
G6hsngNGTuVvZeT533rRbE9RKeyHGnjzaZWmNMTLsurLWOg15jzeZEIdEWz1rLSincEdV3rihjcJ
5avhd31X6/tpTzmLUU5tT5U88hhEVzXzVnRdVq5bqRR5sEzpRJ/c2w22QiSje2j37vTi5asXP765
oVHif1HztkUNmJz+u/wDSRBy85bfCc0GjHA/TzJ1suo0oKGHqHqYU5joWybbaottQQ9anzFCLRZL
2/dqM1S6AIMe2N6J5pdXcAl2Q/uDbBCM8UYwoCxDI9PiC+9YTBruWCRYVsZ5n8CHQP6R6xGtazrc
VaWse0yz5ak4ZhUBeEskWdQIfsu2Vd9oWnQiD/bJ0kyuANPQ6c58S4ThbTtyJ4lIOYzTsvuq/H3H
eF0jy8jzdQWEpWMKW+KQjncque83omR9vW54AgKLVUl+q4gtVyVjzz5sZGaho650Xo7RsVd12AY6
aHjZ0gOmRF2WrOYVloGo+CY6qS+qZ2PBNrKDpZGCKCvPG8JqyVKet4IutJu+S1ArzPVh2yVbzdTZ
ItYIeToJix+zGgkUmmzEX6us/G41k9y+yPPqnlGc4B6mdzjZXcbZf1Ko0D0yZub60mjZZy9lAOlJ
cgeQQoDBjNAUkYu2TOuX7tfxtrs8JvUB2QFuAmXzJCGulU1I13RIixVgHehGgchgiUgQ19CY+FvP
5anidXaHe+943gt2pBcFFD0n6mpFemZM0DKHLei01BKX5dpve3kcGa6GeqOM6WAcvKG5hXMt5A0/
trAX+fsgKd22aZAEe5gUt7fHTDZgTAc3guSY0UMpCEJ5SeoGME5jRV/CregWRfxa2pzOdNbg8yGD
2wmoASJJdy53zJFuNUOvU3JgeZgajnrMsu73dLa6kdMSQUgo/ehgMjuCDD1cwJJqkWLMtaRLdab0
wIG59I6mL0syZ0L4U9XSCPJ4VLtg6Bb1d1bQRjST22TH44jUnkMaaZq+7tSoUhgppgBvWi5pXESq
PPuUqCjhd1WWgO2nOSAfIZ+roGh412LkaPQgQN20ZJTaKVQJtZutCtQ/yodjjDI5U+OIgyLrKN4L
sebRtoPC2bXStCF1m7VEWk6/IaPdZ1Lx0qEQyPdzRWjwsVYKmGbgECgF5ktJK22EGJZUPg5j9RS6
bF3BTvSYXToFLaSf4UnWlswgKbC6hGV1xuj/vQRU+HyJf0qe/xz/bVfVkgUNqTuWNLmWAT0oR6JX
GRiiVQ+5kgDwQUaEZq79/TdgT8aE5IfQgsU9slGJbMTEg4h7ibyV4ldFI2Wv3d3iIUYB0O7FUaD1
7ublkt388PqavXl9+fqGvbi6evP65TW7evmeoXL888v3xww3sZt3uOsl+/DDuzcv6ajl+cvr68Vh
+D+pDFS+WSXzM0FwS+LFGyHBWOpiB7Mm1I4KIZGoIm+ZAwSFAlhJCrUjpAQ0w5FI2s/5mfIv1G6U
D0u6TS8mKSsiAN09hA9xjTXeUfagtC8nLB7fTW6ga30YrRYxVQdKr8Susqqau5MBniXqdi+qbWhZ
2+dPs6Qlt7Xka95EdAIzrnJ9EEpiz9PalVFG7OhZTM8CaqOL6mUtMuYEdVoPD3x+PGSDQxccnFAl
1jQFLSVvsY++BXun0F65O4qJqs+THS8Z0sd9yfb8t4pwLdmHoJ5haFmx2iuJE4/So3QdRWEnW9pU
xZBm1Wx9x3zsmGMLkzTako98gz3hUhPvuB7qRzJZg5XIDbUjJ31Rq2JLVXRMX5jThcFeF3STniB5
l2wOEuAXEjxCnT+hYKRrpDyscAcna9teECx0G1htPRSfhFe02p6r48GQqjrQNeZCcUO3flZP1CPF
m768bQfez3lNo1nRF8iu9KIOG1oBMiTTrzFJLvZ6pXjRqpQR89jHUHvXmiO54JyK4h7p1tlZ7KJS
lw59mqoiwjxFX908hJCipW8cSyZrhnmMrkzsZLsAK7JKQeFI2gN3qrRQVOgItKC+g+YoCffSYZrW
p5JnWJluHtZVCqS9p4Hul0l9yQ9XZSk6MthSJwgUZZsqV8VlRO+5yCJcsox6CS6kU4zENtUI6asq
sURiV2aqzPZsbKXhEsFqs+02sguYmyMDSuPJhefdwAxg2/U0au8rWPXCVU+VsJScWhtZ4tNkDGq2
FuwHVIHylTgq69j51Y/HmAseIsTXfZbA7WWZoNBzR38u6S+ZPxTc+1q8ldoZ3btgLxIA1Ybn6Qkd
QZANQiLgw3opLMpoH4UcbBSI+6Q3IjbpZx4I1ai45PmxAk1aWh/+X7CbRuaLStbQP16VV0MFvm8V
qcGgSffIp0Szr8t6rn8ftDyXOiDb7JPYmZpq9cHCLeVCXUihlleeM8q6TmipSc8X7ErPyXmzlhO4
7lm1m8gV04avSTqYC2K1dS5LGWpECzBPOIBWEXKe5xlteMjOukGHRe95Xd78KDltIRKJHfUdo05e
Wnm/nOo4FgMMFV0/p1lLyS0FQCKifr0cupjvmUndiy7iNohieZ3pRrZVrTc5uXzXkKZpRzGJmMIt
Re18U1WtbM+H5kUM7akEt4R3nLX8bgBR2hsZtnno2j7e6Xg4kEDwbsAYcCrtdjxUy7LRqhtVrrS1
0AdgyirOs5rJudDjJd9Ch+QsRXU39K4E/xozJW7Nh2tqyVGvMuz+jDcXbuTugHIA9X8VUPsq8l5t
7b7VuxQxvL5TuKDnzNWcJatRUNxlOS2jME/Hs16FQJuX6109XdK0/DB3HA93TTaXntzQUf3di6Lq
yadTBc7axUmVaktPJiMKZ9m1wzD0XWYTTH4vc8toshS8FKpLjIQiFomUPFLuCsp0sBk8QBpdbhZO
spQSnxbaiY/IZPyQ1Vq9J4bVBBLAU1waT7PJG1CCfwyOCGaHyfS548aW3k099LyXB6nGey3y2Ypc
SO5p7p312esLuZg8W9/KkCR9ioYsjboW0FUwLR3Tew5DtpNzJqKD3pxZ7Blbo2Np9+rZ72vsNLR4
rCIdrPc8ky0NgAMVv7JNXdV9Pjij/kGwL+/REGFLgJDV8LzWYU3oSpG6ZEOdKTc21U7OUmc82niS
HZYaVglD2wuM7LcEkr3eyN/lofaDoV24TYfrDUqztBpZBFE2V/vxuzs3FVlGsrKoi6JeZJXkuKzK
bUE9Ap3DpZ22uN2zTo2Pvs7216UIErL4et2g11R7SnoDSjXa9J7r7aF8kj9E8LuLd0voY65BUOUC
AoV7oQpRzuglblqxlYzvBZBji9FWMFLPTvPKNZVxHikVBlXXtTMh68kjuYTd43pKjldj1aFELclP
Rhs8x0weVDvGMNRACavblSyA3lSgiYYJgUAlJQR1dUgsaruITzaM9EOiUcLpUZ4ht0kUG8BCE5SW
V9eHNR5ZWsk6NnWHDnqH1TojEVG6fygcyLIEmLSg3AnTk4Zdz8V+AX1lvMKgzS/nPA3byroqKkab
DJoGyHdan8N2wkYPSsSgjkAXmRoxaGcWdXwiq6ws3RFCqQ5B1N48IdDQZSuMAz0NkUNm43nGW13C
o+riRZ0Pv6gIAI/aVsvBaOoa/JZ2epbsZ5m9kT+P5dbPX4iorM73aXL8zECKQZVUkyW6wx6ewsjW
+amMJRO6zNCtLCZlZ0anYsCrTrdj9tW6kgf1ldFjG8oKKnvtV1yyV29e3CytP/jHbvhgHtsP9rH1
B/MPiYgrhbFHXSPwA+B6GhgKitUvx32uyh61FT9ubFWEU26BjvWukyw95LYRrBZvmXrFuG8GUB6q
+Wa3hy8RB3SQqmL54KQdFDYfHgDAF1R99+yVhBq5lLx/QqSXlYL+P22MRuay2FrsN8iqWvaC4gHA
1+pGKL6lermVRT80EmWoVLeqZ5b3kbzyRb5cpREVM0pKSR/FSLPD6tnxTDx0otSvwP59Jk8Ejl7d
jWL9muVuhB7IlAlvJmNV8TGpOoDhZFQfpt8P9E0+/p2oVy92v9MsV6917EbWxeRF4g3Sx/h3hii7
Gw/Q68GjIwBFpJ4ujW+hSgzsJ+OxOp5K/X73bt5kpoT9djqEAqUYj1xfvRn/LLbt33L59rP+xuR7
TxbtwDPUE4bpGo7h4+vvXiMk/DjGX3rvwXdTL/Et4capkdLrE458fySmd2Etm/2O3jgYvWmwW3DL
5cNJS59v+ZTV6hU+d0HvPX1S76ru7sbPh2Jqk4rEoXf9TNOi1wmuLt5NVJVUH6Uoh4MYyqbmBFyU
bTu58TojQPivy4mODjjAT2pJp2Jh8L7JDrxj9CIxHTY36RV4MLyZOuc+W3+Uxdj4JW3pRGv18rY+
FURHGJNWn9gjBUhAS6LhRWHy42Zbd5UcsOXAOnlk82ziJlI39nho917OulfOOLDz31SzvbuSWyn7
Cb/88r+3vmB+
===END CRASH DUMP===
