JINODK PRO Crash Dump Wed Aug 19 13:16:37 WIB 2020

Error: Call to a member function setBlock() on null
File: plugins/AnvilRain/src/NgLamVN/AnvilRain/AnvilDropTask
Line: 25
Type: Error

THIS CRASH WAS CAUSED BY A PLUGIN
BAD PLUGIN: AnvilRain v0.1-ngl_alpha

Code:
[16]         $this->plugin = $plugin;
[17]     }
[18] 
[19]     public function onRun(int $currentTick)
[20]     {
[21]         $x = mt_rand(0, 300);
[22]         $z = mt_rand(0, 300);
[23]         $y = 255;
[24]         $level = Server::getInstance()->getLevelByName("World");
[25]         $level->setBlock(new Vector3($x, $y, $z), Block::get(Block::ANVIL));
[26]     }
[27] 
[28]     public function cancelTask()
[29]     {
[30]         $this->plugin->getScheduler()->cancelTask($this->getTaskId());
[31]     }
[32] 
[33] }

Backtrace:
#0 src/pocketmine/scheduler/TaskHandler(137): NgLamVN\AnvilRain\AnvilDropTask->onRun(integer 1)
#1 src/pocketmine/scheduler/TaskScheduler(179): pocketmine\scheduler\TaskHandler->run(integer 1)
#2 src/pocketmine/plugin/PluginManager(654): pocketmine\scheduler\TaskScheduler->mainThreadHeartbeat(integer 1)
#3 src/pocketmine/Server(2486): pocketmine\plugin\PluginManager->tickSchedulers(integer 1)
#4 src/pocketmine/Server(2261): pocketmine\Server->tick()
#5 src/pocketmine/Server(2104): pocketmine\Server->tickProcessor()
#6 src/pocketmine/Server(1691): pocketmine\Server->start()
#7 src/pocketmine/PocketMine(273): pocketmine\Server->__construct(object BaseClassLoader, object pocketmine\utils\MainLogger, string[27] D:\MinecraftTool\JinodkNew\, string[35] D:\MinecraftTool\JinodkNew\plugins\)
#8 src/pocketmine/PocketMine(304): pocketmine\server()

JINODK PRO version: 3.15.1+dev [Protocol 408]
Git commit: 0000000000000000000000000000000000000000
uname -a: Windows NT LAMPKVN 10.0 build 18363 (Windows 10) AMD64
PHP Version: 7.3.20
Zend version: 3.3.20
OS : WINNT, win
Composer libraries: 
- adhocore/json-comment 0.1.0@8448076039389f558f39ad0553aab87db3f81614
- ocramius/package-versions 1.5.1@1d32342b8c1eb27353c8887c366147b4c2da673c
- pocketmine/binaryutils 0.1.11@e8cb65db1b7998eebb739b124f2a989fe87366eb
- pocketmine/callback-validator 1.0.1@4aef6bb25f97d0b830ba0b4f66834b1a9c86fc9a
- pocketmine/classloader 0.1.0@4ccdb30e48f030bfcad04bb0a208d198ec631993
- pocketmine/log 0.2.0@e59bedb5d4bbeb9a26647cb7c367cb2fa72addfa
- pocketmine/log-pthreads 0.1.0@9bbcef398b01487ab47c234a6a7054722abbe067
- pocketmine/math 0.2.4@b1c28b236df8b795d7b06cf8421f9962b12ac410
- pocketmine/nbt 0.2.14@b31dca98443328c4bab76dc1b84c1473c79be20e
- pocketmine/raklib 0.12.8@9fea763ffc922db083e4528d4acd0b13d0ea83a4
- pocketmine/snooze 0.1.2@88420da3d9335dbcb3ee2decfd5e5453d057dcdf
- pocketmine/spl 0.4.1@ff0579a0be41bbe65d3637607715c0f87728a838
- doctrine/instantiator 1.3.1@f350df0268e904597e3bd9c4685c53e0e333feea
- myclabs/deep-copy 1.10.1@969b211f9a51aa1f6c01d1d2aef56d3bd91598e5
- phar-io/manifest 1.0.3@7761fcacf03b4d4f16e7ccb606d4879ca431fcf4
- phar-io/version 2.0.1@45a2ec53a73c70ce41d55cedef9063630abaf1b6
- phpdocumentor/reflection-common 2.2.0@1d01c49d4ed62f25aa84a747ad35d5a16924662b
- phpdocumentor/reflection-docblock 5.1.0@cd72d394ca794d3466a3b2fc09d5a6c1dc86b47e
- phpdocumentor/type-resolver 1.3.0@e878a14a65245fbe78f8080eba03b47c3b705651
- phpspec/prophecy 1.11.1@b20034be5efcdab4fb60ca3a29cba2949aead160
- phpstan/phpstan 0.12.29@9771daaf6b95c6313b908d0bcdee0afcd51f838a
- phpstan/phpstan-phpunit 0.12.11@ab783a8ea634ea23305a8818c4750603e714489b
- phpstan/phpstan-strict-rules 0.12.3@937283265620af9e2005743134ebb4e197b12d8e
- phpunit/php-code-coverage 8.0.2@ca6647ffddd2add025ab3f21644a441d7c146cdc
- phpunit/php-file-iterator 3.0.4@25fefc5b19835ca653877fe081644a3f8c1d915e
- phpunit/php-invoker 3.0.2@f6eedfed1085dd1f4c599629459a0277d25f9a66
- phpunit/php-text-template 2.0.2@6ff9c8ea4d3212b88fcf74e25e516e2c51c99324
- phpunit/php-timer 5.0.1@cc49734779cbb302bf51a44297dab8c4bbf941e7
- phpunit/php-token-stream 4.0.3@5672711b6b07b14d5ab694e700c62eeb82fcf374
- phpunit/phpunit 9.2.6@1c6a9e4312e209e659f1fce3ce88dd197c2448f6
- sebastian/code-unit 1.0.5@c1e2df332c905079980b119c4db103117e5e5c90
- sebastian/code-unit-reverse-lookup 2.0.2@ee51f9bb0c6d8a43337055db3120829fa14da819
- sebastian/comparator 4.0.3@dcc580eadfaa4e7f9d2cf9ae1922134ea962e14f
- sebastian/diff 4.0.2@1e90b4cf905a7d06c420b1d2e9d11a4dc8a13113
- sebastian/environment 5.1.2@0a757cab9d5b7ef49a619f1143e6c9c1bc0fe9d2
- sebastian/exporter 4.0.2@571d721db4aec847a0e59690b954af33ebf9f023
- sebastian/global-state 4.0.0@bdb1e7c79e592b8c82cb1699be3c8743119b8a72
- sebastian/object-enumerator 4.0.2@074fed2d0a6d08e1677dd8ce9d32aecb384917b8
- sebastian/object-reflector 2.0.2@127a46f6b057441b201253526f81d5406d6c7840
- sebastian/recursion-context 4.0.2@062231bf61d2b9448c4fa5a7643b5e1829c11d63
- sebastian/resource-operations 3.0.2@0653718a5a629b065e91f774595267f8dc32e213
- sebastian/type 2.2.1@86991e2b33446cd96e648c18bcdb1e95afb2c05a
- sebastian/version 3.0.1@626586115d0ed31cb71483be55beb759b5af5a3c
- symfony/polyfill-ctype v1.17.1@2edd75b8b35d62fd3eeabba73b26b8f1f60ce13d
- theseer/tokenizer 1.2.0@75a63c33a8577608444246075ea0af0d052e452a
- webmozart/assert 1.9.1@bafc69caeb4d49c39fd0779086c03a3738cbb389
- pocketmine/pocketmine-mp dev-8516aa2393e81746bcbbcfbd8094613307585f16@8516aa2393e81746bcbbcfbd8094613307585f16

Loaded plugins:
InvCrashFix 0.0.1 by  for API(s) 3.14.0
OreGen 1.0.1 by JINODK, LamPocketVN for API(s) 3.0.0, 3.7.0, 4.0.0
AnvilRain 0.1-ngl_alpha by NgLamVN for API(s) 3.14.0
PointAPI 1.0.3 by onebone | Fixed and Update by LamPocketVN for API(s) 3.9.0
RankColor 0.1-ngl_alpha by NgLamVN for API(s) 3.12.0
MultiProtocol 1 by  for API(s) 3.10.0
GameHandle 0.1-ngl_dk by NgLamVN for API(s) 3.14.0
CuaHangPlus 0.2.lpk by LamPocketVN for API(s) 3.2.0
MultiWorld 1.5.2 by CzechPMDevs, VixikCZ, fuyutsuki, kaliiks for API(s) 3.0.0
EconomyAPI 5.7.2 by onebone for API(s) 3.0.0
DEVirion 1.2.7 by poggit, SOFe for API(s) 3.0.0
ScoreHud 5.2.0 by JackMD for API(s) 3.0.0
PurePerms 1.4.3 by 64FF00 & ProjectInfinity for API(s) 3.0.0
AutoClearLagg 3.1.0 by Twisted for API(s) 3.0.0
FactionsPro 1.3.20 by Tethered_ for API(s) 3.0.0
PiggyCustomEnchants 2.3.0 by DaPigGuy for API(s) 3.14.0
Sheep 5.2.3 by KnownUnown for API(s) 3.0.0
PureChat 1.4.11 by LamPocketVN for API(s) 3.0.0
Island 1.7.0 by Wiez, Exxarion, jasonwynn10, LamPocketVN for API(s) 3.4.0

----------------------REPORT THE DATA BELOW THIS LINE-----------------------

===BEGIN CRASH DUMP===
eNrtXGtz2ziW/StYpWvH2bJkvh+aSpczdjLt6Ty8sbsztaOpFEiAEtsUyeHDttLb/33PBUCJkp10
pju1ux8mlY5IELi4z3MvQLB/nmRVs+bdh1vZtHlVTubu8aTL13Iyt/04jOwwjMPjScHb7kXTVM1k
/vOk29R4PNH3x5O1bFu+pJYzXhSsqxhna7lOZMOyvkw7UGWt7P5UVOnN0VOGu7IvCgzM8PMyL2jk
+XyxeJ2XMm141l1XVbFY/CUvK3HzRt4tFnXRL/OyXSyel7d58Y7n5WLRNuli8Wb5iq9/fLP3QF2e
N1V9zdubWb2qaSY9i6Fzsu19AionhsiodY8EhhfgbDJ3fGim4Sku/zZ5YjEaW0Mm2a3x/KRNV1L0
hWxOaNR3vBS4PrLd8Omc/Sqf02+r8l1fHuVlJ5dQnP0U0z6xPz/H1XB3ZIcxZtl1hHqGZ4vFiJ3p
t82DSZzDSbSWTi7Vz2tewrbNUeB7n59hy8z02zXku141kovvJG+6RPLuYE73cM4r2cABjxwvCg6m
0dwsFnvsTL/t8nQ3ZXtA3vsUeSewD8jrJ5rekRrsf2qwbXmfGXzZVCkCoWo0leATVOwg/hQLbQdl
6dHh4ehLdUkRcuSE7icIfPiQVmXbNX3aHVXJTzLt2J94K88QvO2rigvZHDPTPh7ed3mB2HoNq72q
lkvqBSJ5ufybE/6dfT4yt11d/9e6boNYSRh9RkL3gaJbrbynk7//cjyRXx2Hvg46gDVN4kNe3lbF
rVzLsgNdkTdQ+WR4ipYtLTSmlZAkjB3gATN/vulWeTv9Vg9gz9g3+uqP6G+Hpt8vdBPhhn5j01j3
SZGnO3m3qMK+SfumAUPX8FWygGOZIT/TjT2e/B4zrrsPDTDjyDpmrmU9pZkdZ9zp4yc6ueNOG3Ry
fF898MYPCnkrCzzUrjufL2V3AdflZSqPnk6/xe0r6vGnzRu+lkeLyfuqKcRioqfwH1BC8AyGLeUd
+xH6rhr36Jv7Y/CA/z4+PWbqsZrpyFw+f/PjxaunmmYw0qoTaq060Se0mhKfBZlfhasTj1TpWp+y
oxJrh9kQc0TH9EQPur0QR5ov1x7x5TqaL5d0/Mvkl3+lo3+lo3+lo//TdHQ8WcpSNrwgCC85lc2T
v1y8eXv+Pbt89xaUE0i8q60n7sz2Zza193khJnPreJK3H4S8ncyhKIkc0VRdlVag51kRqOeUQawv
/AO6vWHifV6K6q5lb67Zq+evL7//8Q2zrZnF1LzMjtzAZUdDJ9t6yp6/Pg88SlIomOeTcObOHKL3
UZZC8W3u8fhD1dIEF2/eXKNB3dyZVLauK+jmQ5EnDW9y2ZJWuFhBoEae/NRW5RR9TFq0ZvbMOo08
L7LCwHJjN4oz348yN+bC8n2X8yQKReJmkR3YxFkFQ67zvj2peXqDsJsatRID9gxqPbWF67iek0Sp
LRM4pu+mURSFqRuAQph4qSN4ELopybEzdZKXvNkotzNs2fapjNIk8EViJ2EcR1ImSejGie14mcNj
cCqjEFRlsk8qReGRgLvpLS9ywTuqU8AbaJ56XGZBkjh+FofCSiLXSriVeFkQRK6X2DxOoyBLY35A
kIKlUMGyVZmXplCLJb0os0AlS6EvL0ks7liRsMFsGrh2HLv7lIpqqSg4oCD9OJEi8QWGySTmThB4
YZqQovDjZDx0uBAZf0BhWncKSNstM3GSpBI2ixLL9qKQJyAEG/CAh5bvhY7DMYUVhPuksOBcGW68
08ROnShx3EBkEbTtizCxgjSLPMfO4jhwoHWeera1T6JMOkPBBgnXFins4nmu60Spl/AkDERqJ5GX
wvJuGkJgx5L7JBp+A0/Vojiz6BRW5WHgZjCD44jEilzp+U4kPJ7CYrYrLMkjl3v7VNqyqj5KoxDn
NALfluCuiF0X/pMmrpSOkGkmfOl7Poj4oUhFdkCkLhQFD56SZegSwzmkZ0N58EIEK0IkDG0/tbIo
DJ0IfESgIKqU8E6e5Kp46vKty7lEyPUtkVlOEMnY8rCal24i4tQLIj/1XWlJ13UzKcnM6w08LWlP
hJQ1YrTeKCI2OW4cxIljwxTctzm3syC1bGELB/7sB4Io2j6czlfgwJtpXsG8ZZ7JtjPO756GYWDD
T1M4bOIJL7MDGaYIMCsQcJo45Z6L55k3orHDTEfHj88dCbY5WdNKoRvh+6kUMoutAAqyeMIzOwk0
RkExPeFM1Zw0MiukqtsU+BiSFAa2sOzUi4UnReBkjs955PHQC7mA5XyO3Oh4AfzvcyTRmlA1CaK+
CohUhI5wYy/lYewJFwS4i5BKrRgkgxR+GgUIEvmAKK1mpo1saeUw2BChGoURtxFPvuP5WSLDKIus
yJIAD5dizU0QZ4Fva3JtLZHFUMStZGpMiL+niWNZABnpyywVCNEMmk+5y504TfCPF3PEtB0YfCdP
OjG/Q3A48WkM/xOcA8RinxDGTWLgjZWk8BmLg7BvZ/BK/pDIFL99mXcDMcAr4hORFEkeuJ7kjuta
Po8iG6Eb+haygQxtJIY4eYQYZfi0mzaotNqBonsau4gK1wn8wAEzMYIdQQSvAvkk8aQdh4ARERm1
EzdEcEqrL/wDjeuVYwRfc05TToCYZUIIAkILroE85NiB53EPjhcCVIJUpAfEaB05zTvQ0lEI+wHe
gPhQu58AmV0flH0XEZxJK1LkkN7gEwihQ85oDXkjBzLOaRZIKTIpbCvyhbAzL/UJHGPENbecMBSU
WcD3AZlO3nf4Z10XvJMmmJzTIMuQbySHgzo28mWE4As96QCiEJpO6tspEojjHRLL14ojX0VkitgJ
XS9E/CbIR06SASA8z0F+Q+oGCCdZ7NkyPCQCsZQVJV+DlqcAwg9CJ7QRvokFQ3kIlSSIPRlaVho4
yL4RIihzwwOGjFPFiObg1E4DHkuY3IHxY8BmnAFTpJvKKILCYuQluFRGCmoRPi3AsjxR9jdkCKr8
U5QOjsiQRtLY8i1K/oB+G6iJWsBybTtEFPl49jgZBDABl5wWVXXT11uFSyg2Q66EOCIC2rkuwhbp
AdxakRNnCHHBIyzj96muaz44k9aTSFMf0c+RnDnUk8XCSWF2+LfjkK9zuIS0vWyPjsizzFBwTm3k
AlRCQE2foxAJUqSrBHAuY2HDfIAnbkNMd4+CxOKwqUpTufkq0Vk89MOUJ8C1JJQZQCSwoXLbc2WQ
xsi9yFUg6uwTuq+rppPNlh0foBI6tkhQH6URsNdCcRKAxdj3OMwg4URIYfvsLIsq4QV8SPs0UbJO
ExgIWSWMQYBKwMhJE0A4Ej+qQIICO04iVDZ7lPT6YypLoPBY0xAv9BBtjrB4IKxI2gFCTEQpJHKR
+pDWIy+2wyR6jJzJD4qatr/thNwLgJ2ESkjrjmU7vus7Aapb4XvIg0EaRt6+VzUy7VUSBEKVFMg7
5gLHce0kC2C4JIZbp17GYc/AcxNf2vCo1LZF4B6Qa6u+SeW0qklWUzm7hqDvhnYEGoAUlF++jO0s
DAEu4DHMIpG6CKsDrzD7b5RM7dMIqkboJK7rETbGgQzAlh0hP8Ausc+zxEnhc3sUxgsjgpQAAB4F
tu2j1BKujZIURaWLxOWjTg1RtYKMz1UB327WWVVusGYrNgDeYpoadm6R8ULQcqQQoZ9ECZI50rtA
HYZaFOVD4gRJBGxADpQo6kCrW8lWSqRggqb8o0m/VCKEUIibukhVPmoYCwWmh5rACn3JkWYsFHMO
1Ygk1Z1M1tVHrJlPULLLRiNKTNkXyTFAjSOp9IlTN84EajkkT1RSLndDNyL8jOL9inB3OV0TjmCN
OI2AzhzZMnZlZIdegOoySbNERFbsBTaSaOhHPoqr0y/tOPllu2mp1moX5e1Zw9vVy/x+tKAdtx5P
djazyGZo4X23qhoQ+BvWw7zOaUMK9SdclRbIsuRJIcWwwBWyxpLSdG6rrDsfN9BeDSiv+3+0ebdY
IAmmNHOW3y8Wes+ANlxxgU6Xb6+u37999+pcKx8DiFnaFnvbyD/LciSBaRgzbz9g3izc0faKr/X6
/8c3k7FIEJi232ah+lWw81sl1HMtFpozvd3xJaLtto530o23k8fWsaflsvjAC5TU+4Ka/b/J1zLX
J/cT332hVJdVXnbPLy9GQm2bDo3m7stSlTLBf+y/GdxTCsZLwX6osfaWLNmwT1ky/u3CmgkXi5o4
BMXFYsSrEfXq+vm76x8uHwj6jpc3Z1Wh318YSXdtv8d8zlcw35aT0eWXmO91X3T55XbnaivZfvue
IT8NG78jqC66j6/y5arbfHeOiDqY/Fel+DOY1hvTIxFGjY9ZR9z8L0XWjo/F4qxq5JcIdNZzDFle
Fn07kmjcui+SMyvqA3k+FT+/w9tGJCHKjpntzRd7nHopdOhuunEfNPyZsy/W2UeZri5fn8tb0sGP
+X1+c/Zf6kTCpu/a/ibH9Q0v8vymfZAAfqPYKU1Zr5HGIemaOL1T77QWe1x/VvBV19Xt/ORkmXer
PplheXAyEuRkRAgaeoGasVpv9kF11DjWkI+M5jwKq19L+i1oSs2Bgs09bn7V5Ocvfswbxe9WnG3T
vrmdWbgvTF0taSP9eHL19uVXE0kTXSxuFQuLBSxrrkZs/Uo6uKKN8e/6sRNvm/YN5KiSY1ys8PTm
9fnXEkZTWyyG2XdXX5S++0ZeymY9hpld275xvMMEHngvX1oW+3cGrKbV00WZ5VhJb76WaB/0BMjS
A0ejy98QcmqsOSqwo0OlWd9VZ4XkzSu+XI7Ls732sTZc2jHc18b1Xd52kPArCd9pcosFpqhSYqIA
E6jODnj6Z5Vg2Hzebop+/frsZJ8elPGSq/3RFkYdqWLcuu8W5vXSWBMSy7JGig+/Txeojrv8qkbS
wZw7xYw4WSzMzZfW4Jf5crk569uuWr8o0xUvuz3Hf+TpWFaH9nX3RT3nGPTnfvPVyoaBIDz9ITeP
Nv4GHxgmOXmE3IlCt5WU9Rja1P0hrh3AwfdldVf+QP98rRhQ0wLQ6EcH7pcKe3d3NxsJvGPtRIti
oO9sxbsD5FNNh8Bn219WXP2arHvYOg6ph86/H3B/RYqq+vbyxXRon3wCJ4n/3dVXQElFBvq6aAte
jvOdadjXVXgYIe9z+REtL+7vucmsP/G2Ku82ZaleDH5Klf90DO2XSKNMrgqrq25TqC2IF7zdnFXr
NVgn6KMNqJEqX28uiwr607+/VgbQFgxvoI1OamHV0dbxeYPdYQR1npWYVicQZvSqRzadetM+eXK5
vWNnFbLoktEbiUWzKJ+8x8r4eb9kdsxse257cydg7y/+xBzLsagDbLDs+VI+u83VgHXViWd0oSea
krGe7U5P7B7Qdu4zO7ZdhxqX6LauhHymiK75/bQu+AZiPbN9Najmd+WUzjjo12fPpjY1362gi2mB
lKIHanNN/9HLZvMMFdWuqYF1nlVZRk28LKu+TKWZY8rTVS71qbvWjMoq2u/ccmUGrngjqLoZ7uvb
2vSnnfI8RR29eablUYc7uqqZtrLr8nLZKqXoM2dKJ7ly311jK6UY9aE9yWfnL14+/+HVNbUS/7Oa
ty2Kf/HsP9QfSAIXmrb8Vho2YIS7qcj1ebhnETXdJ9X9lALCdNnbLJxt1vT6+AmjDMZSZfteb/Eq
F2DQA9s50fT1JVyCXdOuJxsEY7yRDBmXoUxvccE7OuZWVh1LJMvLtOgFfCinI5QHrke0rqo1Rmas
e0iz5Zk8ZhUl85ZIsqSR/IZtqr4xtFieMdgnz3I1A0xDByaLDRGGt23JnQiZcRinZXdV+YeO8bpG
xcFIe2sIS4cvNsQhHaXTct+tZMn6etlwAQKzRUl+q4nNFyVjT96vVJVBh0VbIACjg6P6CBF00PCy
pddmQj9WrBYVpoGouJKd0hfV/alkK7U4p5Y1UdaeN4TVnGW8aCU9aFd9J5BCpua46pwtJvrEFGuk
OnOFyY9ZjWIKmmzkT1Ve/ttiorh9XhTVHaM4QR9m9m3Zbc7Zf1KoUB8VM1PzaDTtkxcqgMwgtUtG
IcBgRmiKyCUbZvRL/U28bR+PSb0H2sFNoGwuBHGtbUK6pqNnbA3WAfkUiAyWSCRxDY3Jf/Rcnctd
5rfoe8uLXrIjMymg6ClR1zPSm3CClilsQWfA5nis5n7TqwO9cDXUnmVKR/3gDc0NnGumOvzQwl7k
74Ok1G3VANR7mBTd22OmVt7MBDeC5JjRqzYIQglI6Qb4TG3rvoRbURdN/ErZHDLB9ZrqPofbSagB
Iil3LrfMkW4NQxcZObA6jgxHPWZ59wc6ndyoYUISEio/OhjMjiBDDxdwlFqUGFMj6VyROnRgrryj
6cuSzCkIf6paGUEd+mpn7Fzemmu2pn0ypjbXj8cRaTyHNNI0fd3pVq0wUswavBm5lHERqepEl9BR
wm+rXIDtxzkgHyGfq6BoeNds5Gj0ekN3mjNK0hSqhNrNRgfqn9UrP0bJmul2xME67yje13LJk00H
hbMrrWlL6TZvibQafk1Gu8uV4pVDIZDvpprQ4GOtEjDLwSFQCsyXilbWSDlMqX0cxuopdNmygp3o
8IByCprIvJlUrM2ZRVJgdgXL+uTU/3sJqIT5HP+UPH8f/1gn1IoFA6lblgy5lgE9KEdi3TowRLMe
cqUA4L2KCMNc+4evwJ6KCcUPoQUzx+YR5fJepr1C3krzq6ORste2t7xPUQC0O3E0aL29fjFn199d
XLFXF68vrtnzy8tXFy+u2OWLdwzl9Pcv3h0zdGLXb9HrBXv/3dtXL+gA6dmLq6vZYfg/qgwsB/JK
5WeC4JbES1dSgbHSxRZmbagdFYJQqKK6TAGCUgOsIoXaEVICmuFIJO2n/Ez7F2o3yocldTOTKcqa
CEB3B+FDXGOOt5Q9KO2rAbOHvckNTNUOo9UypepA65XY1VbVY7cywLNk3e5EdS0ja/v0cZaM5K6R
fMmbhM6VplVhjncp7HlcuyrKiB0ziplRQG2sCnpVi4w5QZ3WwwOfHg/Z4NAFByfUiTXLQEvLu95F
34y91Wiv3R3FRNUXYstLjvRxV7Id/60mXCv2IWhgWUZWzPZS4cSD9KhcR1PYypY11XpIs3q06TEd
O+bYwiSNseQD32CPuNSed1wN9SOZrMFM5IbGkUW/rnWxpSs6Zh5M6cFgr3PqZAYo3hWbgwS4Q4JH
qPNHFIx0jZSHGW7hZG3bS4KFbgWrLYfik/CKZttxdTwYUlcHpsacaW6o6yf1RGukdNWXN+3A+xmv
qTVf92tkVyTWhg1LATIk06sdzcVOrxQvRpUqYh76GGrv2nCkJpxSUdwj3Xpbi51X+tGhT+sviQb6
uvMQQpqW6TiWTNUM0xSrMrmV7RysqCoFhSNpD9zp0kJToYPdktYdNEZLuJMOw4w+tTzDzNR5mFcr
kPYhB7qfJ/U5P1yUpezIYHOTIFCUrapCF5cJ77DapCJcsYx6CS5kUozCNr0QMk91YknktszUme3J
2ErDI4LVZtOt1Cpgao8MqIynJp52AzOAbT8wqL2rYPXXVT1VwkpyWtqoEp8Go9GwNWPfoQqELz1T
ZR07u/zhGGPBQ4L4ussF3F6VCRo9t/Sniv6chUPBvavFW6WdUd8Zey4AVCteZCf0ml4tEISED5up
MCmj7RFysFEg7pLeiNjeeuaeUI2KS14ca9Ckqc0nDTN23ah8Uaka+ofL8nKowHdLRVpg0KA75FOi
2ddlPTX3B0ue1yYg2/yj3JqaavXBwi3lQlNIoZbXnjPKul7s6EFPZ+zSjCl4s1QDuFmzGjdRM2YN
X5J0MBfEautClTK0EF2DecIBLBUh51mR04aHWlk3WGFhDcleX/+gOG0hEomd9B2jlbyy8m46veKY
DTC07vopjZorbikAhEz65XxYxXzLbFq9mCJuhShWz5lZyLZ66U1OXraVzmnGUWwipnFLUztbVVWr
lufD4kUOy1MFboJ3nLX8dgBR2hsZtnno2S7e6dA7kEDybsAYcKrsdjxUy2qhVTe6XGlraQ6JlFVa
5DVTY6HH13wDHZKzrKvbYe1K8G8wU+HWdHimpxytVYbdn/HmwrXaHdAOoL+y1/sqqq+xdt+aXYoU
Xt9pXDBjpnrMnNUoKG7zgqbRmGfi2cxCoM3L5baeLmlYcZg7jodee5tLj27o6PXd83XVk09nGpyN
i5Mq9ZaeSkYUzmrVDsPQtcomGPxO5ZbRYCV4KfUqMZGaWCIz8ki1K6jSwWrwAGV0tVm4l6W0+DTR
VnxEJuOHrNb66zfMJpEAHuPSepxN3oAS/GNwRDA7DKbfLTeu8m5aQ097ddhovNei3rOpidSe5s5Z
n1ycq8nUFwOtCknSp2zI0ow+pUWpYqRjZs9hyHZqzJ7ooDdlDnvCllixtDv17PY1thqaPVSRCdY7
nqslDYADFb+2TV3VfTE4o7kh2Fd9DES4CiBUNTytTVgTulKkztlQZ6qNTb2TMzcZjzae1ApLN+uE
YewFRnZbAmKnN/J3dVT/oGkbbvvN9QqlWVaNLIIom+qXFNueq4oso1iZ1et1PcsrxXFZlZs1rRHo
dDHttKXtjnVa+JjnbPdciaAgiy+XDdaaek/JbEDphTZ9qXtzKJ/iDxH89vztHPqYGhDUuYBA4U7q
QpQz+qyZZmwV4zsBVNtstBWM1LPVvHZNbZwHSoVB9XPjTMh66qAxYfe4nlLt1Vh1KFFL8pPRBs8x
U+fUjtEMNVDC6rYlC6A3k1hEw4RAoJISgn46JBa9XcT3NozM26BRwulRniG3KRQbwMIQVJbXz4c5
Hlhayzo2dYcV9BarTUYiotR/KBzIsgSYNKHaCTODhl3P2W4C82Q8w6DNz+c8A9vaujoqRpsMhgbI
d0afw3bCyjQqxKAVgSkyDWLQzizqeKGqrDzbEkKpDkH03jwh0LDK1hgHegYih8zGi5y3poRH1cXX
dTHcUREAHo2t5oPR9DP4Le30zNnfVPZG/jxWWz9/J6KqOt+lyfE7AyUGVVJNLswKe3gLo5bOj2Us
ldBVhm5VMalWZnQcCryadDtmX8+reNCXjF7bUFbQ2Ws345y9fPX8eu78MTz243v72L13j50/2n8U
Mq00xh51jcQNwPVZZGko1nee/1SXPXorfryw1RFOuQU6NrtOqvRQ20awWrph+sPpvhlAeajmm+0e
vkIc0EGqStWLk3ZQ2HR4AQBf0PXdk5cKatRUqv8ekV5VCuZ/XjFqmapia7bbIKtqtRaU9wC+1iyE
0huql1tV9EMjSY5KdaPXzKofyas+Tyx0GtExo6VU9FGMNFusnhxP5H0nS/Nh788Tddhx9EFykpqP
R7ct9EKmFLzZa6vWH0TVAQz3Ws0nAruGvinG90J/ULK9z/JCf6yybVmu9z6PXiF9jO9zRNntuIE+
eh690l4n+u3SuAtVYmBfjNvqdF/qd9svDvdGKthv95tQoKzHLVeXr8a36037j0J9022umPqay6Ed
eIZ6wrJ9y7NCXH5zgZAI0xR/6WuO0M8CETrSTzMro49CPPVVTEpf+Dou+4a+oxh9P7GdcMPVy0nH
nHX6mNf6w0R/Rl9zfdRf4G574/Z+vW+TisShLxht26GPJC7P3+6pSlQflCiHjWjK980JuCjbdq/j
VU6A8NfXezo64AC3tCTdFwuNd01+4B2jz6PpjKxNH/aD4dW+c+6y9QdVjI0/PVdOtNSfpJsTYnQy
U7TmZCMpQAGaSIbPn8mPm03dVarBVQ1L8cDm+Z6bKN2446bt10bLXjvjwM5/Uc329lJtpewG/PLL
/wAiLx5q
===END CRASH DUMP===
