JINODK PRO Crash Dump Wed Aug 19 15:38:52 WIB 2020

Error: Call to a member function broadcastLevelEvent() on null
File: src/pocketmine/block/Anvil
Line: 121
Type: Error

Code:
[112] 	public function place(Item $item, Block $blockReplace, Block $blockClicked, int $face, Vector3 $clickVector, Player $player = null) : bool{
[113] 		$direction = ($player !== null ? $player->getDirection() : 0) & 0x03;
[114] 		$this->meta = $this->getVariant() | $direction;
[115] 		return $this->getLevelNonNull()->setBlock($blockReplace, $this, true, true);
[116] 	}
[117] 
[118] 	public function onEndFalling(FallingBlock $fallingBlock) : Block{
[119] 		$fallDistance = ceil($fallingBlock->fallDistance - 1);
[120] 
[121] 		$this->level->broadcastLevelEvent($this, LevelEventPacket::EVENT_SOUND_ANVIL_FALL);
[122] 
[123] 		if($fallingBlock->random->nextFloat() < (0.05 + $fallDistance * 0.05)){
[124] 			$direction = $this->meta & 3;
[125] 			$type = $this->meta - $direction;
[126] 
[127] 			if($type === Anvil::TYPE_NORMAL){
[128] 				$type = Anvil::TYPE_SLIGHTLY_DAMAGED;
[129] 			}elseif($type === Anvil::TYPE_SLIGHTLY_DAMAGED){
[130] 				$type = Anvil::TYPE_VERY_DAMAGED;
[131] 			}else{

Backtrace:
#0 src/pocketmine/entity/object/FallingBlock(133): pocketmine\block\Anvil->onEndFalling(object pocketmine\entity\object\FallingBlock)
#1 src/pocketmine/entity/Entity(1790): pocketmine\entity\object\FallingBlock->fall(double 0.79630225896835)
#2 src/pocketmine/entity/Entity(2193): pocketmine\entity\Entity->updateFallState(double -0.20369774182144, boolean 1)
#3 src/pocketmine/entity/Entity(1725): pocketmine\entity\Entity->move(double 0, double -0.20369774182144, double 0)
#4 src/pocketmine/entity/Entity(1704): pocketmine\entity\Entity->onMovementUpdate()
#5 src/pocketmine/level/Level(907): pocketmine\entity\Entity->onUpdate(integer 398)
#6 src/pocketmine/level/Level(835): pocketmine\level\Level->actuallyDoTick(integer 398)
#7 src/pocketmine/Server(2370): pocketmine\level\Level->doTick(integer 398)
#8 src/pocketmine/Server(2493): pocketmine\Server->checkTickUpdates(integer 398, double 1597826332.1409)
#9 src/pocketmine/Server(2261): pocketmine\Server->tick()
#10 src/pocketmine/Server(2104): pocketmine\Server->tickProcessor()
#11 src/pocketmine/Server(1691): pocketmine\Server->start()
#12 src/pocketmine/PocketMine(273): pocketmine\Server->__construct(object BaseClassLoader, object pocketmine\utils\MainLogger, string[27] D:\MinecraftTool\JinodkNew\, string[35] D:\MinecraftTool\JinodkNew\plugins\)
#13 src/pocketmine/PocketMine(304): pocketmine\server()

JINODK PRO version: 3.15.1+dev [Protocol 408]
Git commit: 0000000000000000000000000000000000000000
uname -a: Windows NT LAMPKVN 10.0 build 18363 (Windows 10) AMD64
PHP Version: 7.3.20
Zend version: 3.3.20
OS : WINNT, win
Composer libraries: 
- adhocore/json-comment 0.1.0@8448076039389f558f39ad0553aab87db3f81614
- ocramius/package-versions 1.5.1@1d32342b8c1eb27353c8887c366147b4c2da673c
- pocketmine/binaryutils 0.1.11@e8cb65db1b7998eebb739b124f2a989fe87366eb
- pocketmine/callback-validator 1.0.1@4aef6bb25f97d0b830ba0b4f66834b1a9c86fc9a
- pocketmine/classloader 0.1.0@4ccdb30e48f030bfcad04bb0a208d198ec631993
- pocketmine/log 0.2.0@e59bedb5d4bbeb9a26647cb7c367cb2fa72addfa
- pocketmine/log-pthreads 0.1.0@9bbcef398b01487ab47c234a6a7054722abbe067
- pocketmine/math 0.2.4@b1c28b236df8b795d7b06cf8421f9962b12ac410
- pocketmine/nbt 0.2.14@b31dca98443328c4bab76dc1b84c1473c79be20e
- pocketmine/raklib 0.12.8@9fea763ffc922db083e4528d4acd0b13d0ea83a4
- pocketmine/snooze 0.1.2@88420da3d9335dbcb3ee2decfd5e5453d057dcdf
- pocketmine/spl 0.4.1@ff0579a0be41bbe65d3637607715c0f87728a838
- doctrine/instantiator 1.3.1@f350df0268e904597e3bd9c4685c53e0e333feea
- myclabs/deep-copy 1.10.1@969b211f9a51aa1f6c01d1d2aef56d3bd91598e5
- phar-io/manifest 1.0.3@7761fcacf03b4d4f16e7ccb606d4879ca431fcf4
- phar-io/version 2.0.1@45a2ec53a73c70ce41d55cedef9063630abaf1b6
- phpdocumentor/reflection-common 2.2.0@1d01c49d4ed62f25aa84a747ad35d5a16924662b
- phpdocumentor/reflection-docblock 5.1.0@cd72d394ca794d3466a3b2fc09d5a6c1dc86b47e
- phpdocumentor/type-resolver 1.3.0@e878a14a65245fbe78f8080eba03b47c3b705651
- phpspec/prophecy 1.11.1@b20034be5efcdab4fb60ca3a29cba2949aead160
- phpstan/phpstan 0.12.29@9771daaf6b95c6313b908d0bcdee0afcd51f838a
- phpstan/phpstan-phpunit 0.12.11@ab783a8ea634ea23305a8818c4750603e714489b
- phpstan/phpstan-strict-rules 0.12.3@937283265620af9e2005743134ebb4e197b12d8e
- phpunit/php-code-coverage 8.0.2@ca6647ffddd2add025ab3f21644a441d7c146cdc
- phpunit/php-file-iterator 3.0.4@25fefc5b19835ca653877fe081644a3f8c1d915e
- phpunit/php-invoker 3.0.2@f6eedfed1085dd1f4c599629459a0277d25f9a66
- phpunit/php-text-template 2.0.2@6ff9c8ea4d3212b88fcf74e25e516e2c51c99324
- phpunit/php-timer 5.0.1@cc49734779cbb302bf51a44297dab8c4bbf941e7
- phpunit/php-token-stream 4.0.3@5672711b6b07b14d5ab694e700c62eeb82fcf374
- phpunit/phpunit 9.2.6@1c6a9e4312e209e659f1fce3ce88dd197c2448f6
- sebastian/code-unit 1.0.5@c1e2df332c905079980b119c4db103117e5e5c90
- sebastian/code-unit-reverse-lookup 2.0.2@ee51f9bb0c6d8a43337055db3120829fa14da819
- sebastian/comparator 4.0.3@dcc580eadfaa4e7f9d2cf9ae1922134ea962e14f
- sebastian/diff 4.0.2@1e90b4cf905a7d06c420b1d2e9d11a4dc8a13113
- sebastian/environment 5.1.2@0a757cab9d5b7ef49a619f1143e6c9c1bc0fe9d2
- sebastian/exporter 4.0.2@571d721db4aec847a0e59690b954af33ebf9f023
- sebastian/global-state 4.0.0@bdb1e7c79e592b8c82cb1699be3c8743119b8a72
- sebastian/object-enumerator 4.0.2@074fed2d0a6d08e1677dd8ce9d32aecb384917b8
- sebastian/object-reflector 2.0.2@127a46f6b057441b201253526f81d5406d6c7840
- sebastian/recursion-context 4.0.2@062231bf61d2b9448c4fa5a7643b5e1829c11d63
- sebastian/resource-operations 3.0.2@0653718a5a629b065e91f774595267f8dc32e213
- sebastian/type 2.2.1@86991e2b33446cd96e648c18bcdb1e95afb2c05a
- sebastian/version 3.0.1@626586115d0ed31cb71483be55beb759b5af5a3c
- symfony/polyfill-ctype v1.17.1@2edd75b8b35d62fd3eeabba73b26b8f1f60ce13d
- theseer/tokenizer 1.2.0@75a63c33a8577608444246075ea0af0d052e452a
- webmozart/assert 1.9.1@bafc69caeb4d49c39fd0779086c03a3738cbb389
- pocketmine/pocketmine-mp dev-8516aa2393e81746bcbbcfbd8094613307585f16@8516aa2393e81746bcbbcfbd8094613307585f16

Loaded plugins:
PointAPI 1.0.3 by onebone | Fixed and Update by LamPocketVN for API(s) 3.9.0
AnvilRain 0.1-ngl_alpha by NgLamVN for API(s) 3.14.0
InvCrashFix 0.0.1 by  for API(s) 3.14.0
MultiProtocol 1 by  for API(s) 3.10.0
RankColor 0.1-ngl_alpha by NgLamVN for API(s) 3.12.0
OreGen 1.0.1 by JINODK, LamPocketVN for API(s) 3.0.0, 3.7.0, 4.0.0
CuaHangPlus 0.2.lpk by LamPocketVN for API(s) 3.2.0
GameHandle 0.1-ngl_dk by NgLamVN for API(s) 3.14.0
Sheep 5.2.3 by KnownUnown for API(s) 3.0.0
PiggyCustomEnchants 2.3.0 by DaPigGuy for API(s) 3.14.0
EconomyAPI 5.7.2 by onebone for API(s) 3.0.0
ScoreHud 5.2.0 by JackMD for API(s) 3.0.0
MultiWorld 1.5.2 by CzechPMDevs, VixikCZ, fuyutsuki, kaliiks for API(s) 3.0.0
DEVirion 1.2.7 by poggit, SOFe for API(s) 3.0.0
FactionsPro 1.3.20 by Tethered_ for API(s) 3.0.0
PurePerms 1.4.3 by 64FF00 & ProjectInfinity for API(s) 3.0.0
AutoClearLagg 3.1.0 by Twisted for API(s) 3.0.0
PureChat 1.4.11 by LamPocketVN for API(s) 3.0.0
Island 1.7.0 by Wiez, Exxarion, jasonwynn10, LamPocketVN for API(s) 3.4.0

----------------------REPORT THE DATA BELOW THIS LINE-----------------------

===BEGIN CRASH DUMP===
eNrtXPt327iV/ldQZ07r7Eoy3w91PWvXdmbSOrE3dpLuVj0+IAlKrClS5cO2Mjv/+34XACVStpN0
mt2zP0zP1CJB4OI+v3sBgvlpLy2rJW9u7kRVZ2WxN7VHe022FHtT0w39wPJs2xrt5bxuzqqqrPam
P+016xUe76n70d5S1DWfU8sJz3PWlIyzpVhGomJpW8QNqLKoKnkSg8i5uBP52Z0omv2XDA+KNs9B
I8XPqywnIqfT2exNVoi44mlzXZb5bPbHrCiT27fifjarq3g2W5XxrWiW6DSbRTluZrPj4i7LJ6vF
iogpQuh6sO15IDseyH7ok6MJIlompK14jOu/7L0w2M4YsJk164My+puIm4NXEC8r5n8gQvumbb+c
suc4GX9fFmdFokfsKwKD3or0bKYezWZ94i/B4AvzGWbO5M++6YfGDgOfIzn+PsXdflK2US6YMfFD
zzYsyw1CL7BdOaH1+QktM7SfmVD1GH/frhLeCJr2qsFFN9vYmFiG7YW+75iBZTrOiEWwq+AFM+XM
9pdEtdwvzLws7zbTGSP2/MRdHzmv86V5DecL85bFG8y8RPN7Kfu+pOvu0s3J6w+k7++Hhv9FoppY
VjRijjCyw0DS9T5Hl8w4pCufzmby8fh7HjctLLM+La8z+O8ubX+X9pWogAn7lu0bn6WbPE0veI6e
88iN1JPx9/FCxLdETIlf92luLLdFpYnpGKGcK3xuLsszn5mrIZ5VnBnPjTYfmb8/+rIqYyBfWWky
5jNkTC98jom64VWjhz+Kvkt5SUi4b/nPqezmJi6LuqnauOlA5g+8FifA6/ockCuqEXsCfNomy2vA
LM+K83I+p14gAqz4i+X/lX0egTddbfdLXVd5O88KTKREtD8jov1I17VS38u9v/482hP/m7nnH0kX
4EVJdZMVd2WuYh+jixIdRntxmQhi0zQtNM6aFXw2i7e8rHLkmv3XjViy7zL8HTGJzuw7Od07IZ8P
G09A4FYkI4ZoYN+l8vkHGLSsbPZdTA/V3Yhd5nwNwb9bqd9DKeBLNpVo+xO4M01bcjVrvkuySiiW
Dtl+N+I3h2oM+/eOyPj7uWhOu777RMx4yX7LjAfD/r2k6HQUm0VWA4hFw0FS32HwB15lXGr8v9l2
VjXW1WMr0bRV0RskLfW2LN6Cmf2XCBTRqKy7oyc5YsTg/0L9fakIe5Lwz/Lax7W8CJ60yCBP9zMm
6bqXkiG5vFB6DDupqc9phkAuYgG5Y5Hl+4OBKvFuuoyR8iSPlqH5ssyhBnMFq095rRZ323LJyV+n
07MPZ2+vb64u3r89vTl+++H1+c2r4/NzPZHVTdQZP0t3Wax4kZTL8feFeGhe5SUnc/0b2zcmhsv+
lQ2F/BdGzS9fSkVYnfl3XKrvDb9lylUsd9uXwnin23jXPSyvY9zfDCTW1Vi4qgzO6fT6Py/Pbt5e
vHtzfK6ZCjb9t1P1O1+dv/7hx+vz/7w5PX5z/MPZqZou3Iz6WeS1eHaq3dFqUtv4wqQfzt4NJ7TN
4YQ/7f38azH6azH6azH6azH6azH6/7YYHe3NRSEqnlOZV3DaKNn74+u3F6d/YpfvLkA6gsjb3ZQ9
e2K6E5Pa2yxP9qbGaC+rbxJxtzeVZcveqiqbMi5BzzECUM+onDS+8n+g22omPmbI4fc1e3vNzo/f
XP7pw1tmIlMzOS8zA9uz2X7XyUQVd/zm1HNAgDZNpnv+xAY+4faTKBLJt77H45uypglev317jQZ5
c58Vstxdrkro5ibPogqFnqhJKzxZQKBKHPytLosx+uga2ZiYE+MocJzA8D3DDu0gTF03SO2QJ4br
2pxHgZ9EdhqYnkmclbDkMmvrgxXqHJT5Y61WYsCcQK1HZmJbtmNFQWyKCJ7p2nEQBH5se6DgR05s
Jdzz7Zjk6NX2WcGrtfQ7zZZpHokgjjw3iczID8NAiCjy7TBChZNaPASnIvBBVURDUjFQLAJ34zue
ZwAKWqWAN9A8crhIvSiy3DT0EyMKbCPiRuSkHpKcE5k8jAMvjUO+Q5CiJZfRslGZE8dQiyGcIDVA
JY2hLyeKDG4ZQWKC2dizzTC0h5Tyci4pWKAg3DASSeQmGCaikFue5/hxRIrCj5Vy3+JJkvJHFMar
ZlEJntQbZsIoigVsFkSG6QQ+j0AINuAe9w3X8S2LYwrD84eklrxZaG6co8iMrSCybC9JA2jbTfzI
8OI0cCwzDUPPgtZ57JjGkEQRNZqCCRK2ieo4hDMBfIPYiXjke0lsRoETw/J27ENgyxBDEhW/hacq
UaxJcASrct+zU5jBspLICGzhuFaQODyGxUw7MQQPbO4MqdRFWX4SWiHWUQC+jYTbSWjb8J84soWw
EhGniStcxwUR10/iJN0hssolBQeekqboEsI5hGNCefBCBCtCxPdNNzbSwPetAHwEoJCUMQGeOACU
oR5vso3L2UTIdo0kNSwvEKHhIDkJO0rC2PECN3ZtYQjbtlMhyMzLNTwtqg8SIVaI0dVaEjHJcUMv
jCwTpuCuybmZerFhJmZiwZ9dLyGKyHuBcCU48GqclTBvkaWibrTz20e+75nw0xgOGzmJk5qe8GME
mOElcJow5o6N56nTo7HFTEvFj8stAbY5WdOIoZvEdWORiDQ0PCjI4BFPzchTGAXFtIQzZXVQiTRX
6wgJPpokhYGZGGbshIkjEs9KLZfzwOG+4/MElnM5sqPlePC/z5FEqyyuQdSVAREnvpXYoRNzP3QS
GwS4jZCKjRAkvRh+GngIEvGIKC0SxpWoaRuhsyFCNfADbiKeXMtx00j4QRoYgSEAHjbFmh0hzjzX
VOTqlUAWq8oVyhVtQvx3FFmGAZARrkjjBCGaQvMxt7kVxhH+OCFHTJuexnfypAP92wWHFR6hVDUT
zgFioUsIY0ch8MaIYviMwUHYNVN4JX9MZIzftsiajhjgFfGJSAoE92xHcMu2DZcHgYnQ9V0D2UD4
KImDMHqCGKX4uBlXbS7qjqJ9FNqICtvyXM8CMyGCHUEErwL5KHKEGfqAkSTQaiduiOCYdmjwBxpX
+0YBfM06ijkBYpomSUJAaMA1kIcs03Mc7sDxfICKFyfxDjHaOhpnDWipKIT9AG9AfKjdjYDMtgvK
ro0IToURSHJIb/AJhNAuZ7ShdCs6MtZR6gmRpCIxjcBNEjN1YpfAMURcc8Py/YQyC/jeIdNgDY8/
y1WOslUHk3XkpSnyjeBwUMtEvgwQfL4jLEAUQtOKXTNGArGcXWLZUnLkyoiMETu+7fiI3wj5yIpS
AITjWMhvSN0A4SgNHVP4u0QglrSi4EvQciRAuJ5v+SbCNzJgKAehEnmhI3zDiD0L2TdABKW2v8OQ
dqoQ0ewdmbHHQwGTWzB+CNgMU2CKsGMRBFBYiLwEl0pJQTXCpwZYFgfS/poMQZV7hNLBSlKkkTg0
XIOSP6DfBGqiFjBs0/QRRS6ePU0GAUzAJcZ5Wd62q43CBRSbIldCnCQA2tlYurhID+DWCKwwRYgn
PDDDHarLFe+cSekpiWMX0c+RnDnUk4aJFcPs8G/LIl/ncAlhOumATpKlqaZgHZnIBaiEgJouRyHi
xUhXEeBchIkJ8wGeuGnT1mCfgijusqosdOXmykRncN/1Yx4B1yJfpAARz4TKTccWXhwi9yJXgag1
JPSwKqtGVBt2XICKb5lJhPooDoC9BooTDyyGrsNhBgEnQgobsjPPy4jn8CHl00TJOIpgIGQVPwQB
KgEDK44A4Uj8qAIJCswwClDZDCipBchYFEDhvqYhnu8g2qzE4F5iBML0EGJJEEMiG6kPaT1wQtOP
gqfI6fwgqSn7m5bPHQ/YSaiEtG4ZpuXaruWhuk1cB3nQi/3AGXpVJeJWJkEgVEGBvGXOsyzbjFIP
hotCuHXspBz29Bw7coUJj4pNM/HsHXJ12VaxGJcrklVXzrYm6Nq+GYAGIAXllytCM/V9gAt49NMg
iW2E1Y5X6N13SqbmUQBVI3Qi23YIG0NPeGDLDJAfYJfQ5WlkxfC5AYX+woggxQOAB55puii1EttE
SYqi0kbiclGn+qhaQcblsoCv18u0LNZYs+VrAG8+jjU7d8h4PmhZIkl8NwoiJHOk9wR1GGpRlA+R
5UUBsAE5UKCoA61mIWohkIIJmrJPOv1SieBDIXZsI1W5qGEMFJgOagLDdwVHmjFQzFlUI5JU9yJa
lp+waj5AyS4qhSghZV8kRw81jqDSJ4ztME1QyyF5opKyue3bAeFnEA4rwu3leEk4gjXiOAA6c2TL
0BaB6TseqssoTqMkMELHM5FEfTdwUVwdfW3HvZ83bzDkWu2yzIrm+PJ1bzW7aRrtba0lqzq08LZZ
lFVNO5RlISL8n/03e5U9iITxImFqs4RFa3bOl2pF/eEtLZr5KqMxNvRj0L0oeJSLpFsEJ2KFZSeR
xbO6TJvTfsOSZ8SDnpDe/4NDUJzNerzSmgmdrq6P312/v1TmqTMJF7SxKndC30lCG0m3bX1R4Zbj
Yp7f8ByV6VDkt3OItSOQ6fxyiTQ9vU9LnPQutzJdXlxdf7x4d376SKrXxd1JxesFLNCTq986lMyQ
WxFbib6VIMv27+BqNkMNE9PMafYwm6k9n68R402bN9nlZiNkI8iwfeCPz4th/HIxXjefzrP5oln/
eDqb7U7+RSne8eL2pMzVi0otwbbtn3Ex6xu42IaT3uXXSHVRiR9EP2p0wy46DC2i98TQ9hwQkJlG
+PXlr8zov1RGNddspjhTW4lfI9pJy3/kxfwyb+uefP3WodGsSb66HYr5nHT/hMV6JGezHjObm68R
7QfIgr5JLnqS9Rqf8sbk9v8I7bZ8QKayEl8j0NVCiFVPFnXfF8OF0ndS1J+K8r54T38eud4vlEFO
O5vJn0uZRr/E/KJpVvX04OD+/n4yz5pFG01Q5h9sWTtQokDGy2w+X5+0dVMuz4p4wYum75dPPe3L
b9H2wVD+U45BP7Trb2bCjiAy72Nunmz8WvX0VNNNcvAEuQPS0xmq43K5HpYtvcahV/gT68nC5Vu5
xKYsEYoDWZgMuPmyc9N2+Y9t0vfvrmnXxXdM/Ece3745/VayKGrwbz379uqr0/jHssqT3RyuGocp
w921y8knES8u35yKO/KaD9lDdnvyX/Jw6Lpt6vY2w/Utz7Pstv5W8sY05WqJUhveuyRO74lTnfw7
rv9RB+4JctAjBA2dnn3IKqmAjX42TUPtWBN/qJ1VOad3Q3CWi1ffzHcV0dnsTrIwm0ER+qrH1hcq
61dcbozWKJV6YvVbh5Lp90o90a4F1mOVSG7+ObFQzzfZ1QrpE3NuZexxQscQ5M3XVgiXbSUuRbUc
4PCmbSiXs5t9POfVK8Ngv2WYmXYJXhdpVmTN+lsZ70ZNANjtOOpd/gK3lWPV0vBgS4fWTm1TnuSC
V+d8Pu+vnwbtfW3YtDO+Y+T7rG4g4TcSvlHkZjNMUcbERA4msHza4ekfVYJm87he5+3yzcnBkJ52
iZMFb3Y8QjbtOoRpfl21+CU9DHyuH1mPY2AYd39GPJdtfXk27tr3nvEf4n979Q28R5KhJWqd86Kf
EHTDUFf+rrt8zMQntJw9PHANQ3/jdVncr4tCvhh8TpX/cHEzLBx6sCdB+6pZ53INe8br9Um5XIJ1
cgnagOqp8s36Mi+hP/X7JcykLRheQRuNUMI++qphexhBftNATMsTCBN61SOqRr5p33txubljJyXQ
Zc7ojcSsmhUvPoqEHbdzZobMNKemM7U89vH1H5hlWAZ1gA3mLZ+Lw7tMDliWTXJIF2qiMRnrcHt8
YvuAtnMPzdC0LWqco9uyTMShJLrkD2N1cLQ+NF05aMXvizGdcVCvzw7HJjXfL6CLcY5QUwOVucZ/
b0W1PkT62TZVsM5hmabUxIuibItY6DnGPF5kQp14qvWotKT9zg1XeuCCVwnVMd396m6l+9NOeRYj
R68PlTzycEdTVuNaNE1WzGupFHUoU+okk+67bayFSHp9aE/y8PTs1fH782tqJf4nK17XKCySw3+R
/4MkcKFxze+EZgNGuB8n+ojlYUBND1H5MKaA0F0Gm4WT9ZJeH79glMhYLG3fqi1e6QIMemBbJxq/
uYRLsGva9WSdYIxXgiHxMhSvNS54w2LScMMiwbIiztsEPgTyj1yPaF2VS4xMWfOYZs1TMWIl5fSa
SLKoEvyWrcu20rRYljLYJ0szOQNMQwc/8zURhrdtyB0kIuUwTs3uy+J3DeOrFZCYkfaWEJYOX6yJ
QzpGquS+X4iCtat5xRMQmMwK8ltFbDorGHvxcSGLDToqXgMBGB0bV2eIoIOKFzW9NkvUY8lqXmIa
iIor0Uh9UZEUC7aQK1hqWRJl5XldWE1ZyvNa0IN60TYJ1nljfVh9ymZ76sgUq4Q8dYXJR2yFJANN
VuJvZVb8ZrYnuT3O8/KeUZygD9P7tuwu4+w/KFSoj4yZsX7Um/bFmQwgPUjuzlIIMJgRmiJy0Zpp
/VJ/HW+bx31SH4F2cBMomycJca1sQrqm02dsCdYB+RSIDJaIBHENjYm/t1yeyp9nd+h7x/NWsH09
KaDoJVFXM9KbcIKWMWxBh8CmeCznftvK4/xwNeTkIr7m9S28obqFc01kh/c17EX+3klK3RYVQL2F
SdG9HjFZ1TMd3AiSEaNXbRCEEpDUDfCZ2pZtAbeiLor4lbQ5ZILrVeVDBrcTUANEku5cbJgj3WqG
XqfkwPJjBDjqiGXN7+jbhEoOSwQhofSjncFsHzK0cAFLqkWKMdaSTiWpXQfm0juqtijInAnhT7mS
RpCHvuoJwxJEX7MlbWwyuTs76kek9hzSSFW1q0a1KoWRYpbgTcsljYtIlSe6EhUl/K7MErD9NAfk
I+RzJRQN75r0HI1eb6hOU3l0n0KVULtaq0D9Qb7yY5SsmWpHHCyzhuJ9KeY8WjdQOLtSmjakbrOa
SMvh12S0+0wqXjoUAvl+rAh1PlZLAdMMHAKlBJ2oJzJpJUQ3pfJxGKul0GXzEnaiwwPSKWgi/WZS
sjZlBkmB2SUsq5NT/+8loBLmc/xT8vzn+K+bciVZ0JC6YUmTqxnQg3Ik6vmOIZp1lysJAB9lRGjm
6t99A/ZkTEh+CC1Y3CIbFchGTDyIuJXIWyp+VTRS9tr0Fg8xCoB6K44CrYvrsym7/vH1FTt//eb1
NTu+vDx/fXbFLs/eMZTTfzp7N2LoxK4v0OuMffzx4vyMDpCenF1dTXbD/0llYDmQlTI/EwTXJJ48
s9zpYgOzJtSOCiGRqCK7jAGCQgGsJIXaEVICmuFIJO1zfqb8C7Ub5cOCuunJJGVFBKC7hfAurjHH
BWUPSvtywORxb3IDXbXDaCsRU3Wg9ErsKquqsRsZ4FliVW9FtQ0ta/3yaZa05LaWfM6riM6VxmWu
j3dJ7HlauzLKiB09iulRQG2sCuRx9gEnqNNaeODLUZcNdl2wc0KVWNMUtJS8y230TdiFQnvl7igm
yjZPNrxkSB/3BdvyXyvCK8k+BPUMQ8uK2V5JnHiUHqXrKAob2dKqXHZpVo3WPcZ9x+xbmKTRlnzk
G+wJlxp4x1VXP5LJqlJ+KtI5ctIuV6rYUhUd0w/G9KCz1yl10gMk75LNTgLcIcEj1PkTCka6RsrD
DHdwsrpuBcFCs4DV5l3xSXhFs225GnWGVNWBrjEnihvq+qyeaI0UL9ritu54P+Eras2W7RLZFYm1
Yt1SgAzJ9Nd5koutXiletCplxDz2MdTeK82RnHBMRXGLdOtsLHZaqke7Pq2+jOvoq85dCClaumNf
MlkzjGOsysRGtlOwIqsUFI6kPXCnSgtFZSU/YGNqjJJwKx2GaX0qebqZqXM3r1Ig7c90dD9P6nN+
OCsK0ZDBpjpBoChblLkqLiPeYLVJRbhkuabvMZlOMRLb1EJIP1WJJRKbMlNlthd9K3WPCFardbOQ
q4Cx2TOgNJ6ceNx0zAC2XU+j9raClWtPKh4TJTktbWSJT4PRqNmasB9RBcpvQ6msYyeX70cYCx4i
xNd9lsDtZZmg0HNDfyzpT5nfFdzbWryW2un1nbDjBEC14Hl6QMdD5AIhEfBhPRUmZbQ9Qg7WC8Rt
0usRG6xnHgjVqLjk+UiBJk2tP2mYsOtK5otS1tDvL4vLrgLfLhVpgUGD7pFPiWa7KlZjfb+z5Hmj
A7LOPomNqalW7yxcUy7UhRRqeeU5vazrhJYa9HLCLvWYnFdzOYDrNat2EzljWvE5SQdzQax6lctS
hhaiSzBPOIClIuQ8yTPa8JAr6worLKwh2Zvr95LTGiKR2FHbMFrJSytvp1MrjkkHQ8umHdOoqeSW
AiARUTufdquY75lJqxddxC0QxfI50wvZWi29ycmLulQ5TTuKScQUbilqJ4uyrOXyvFu8iG55KsEt
4Q1nNb/rQJT2RrptHnq2jXc69A4kELzpMAacSruNumpZLrRWlSpX6pXQh5OKMs6zFZNjocc3fA0d
krMs9WdzGv41ZkrcGnfP1JS9tUq3+9PfXLiWuwPKAdS/q6L2VWRfbe221rsUMby+Ubigx4zVmClb
oaC4y3KaRmGejmc9C4E2L+aberqgYflu7hh1vQabS09u6Kj13fGybMmnUwXO2sVJlWpLTyYjCme5
aodh6FpmEwx+J3NLb7AUvBBqlRgJRSwSKXmk3BWU6WDReYA0utwsHGQpJT5NtBEfkcn4Lqsr9QEc
ZhNIAE9xaTzNJq9ACf7ROSKY7QbT74YbW3o3raHH6svS/l6LfP8gJ5J7mltnffH6VE4mvxioZUiS
PkVFlmbqs2umpWN6z6HLdnLMQHTQGzOLvWBzrFjqrXq2+xobDU0eq0gH6z3P5JIGwIGKX9lmVa7a
vHNGfUOwL/toiLAlQMhqeLzSYU3oSpE6ZV2dKTc21U7OVGc82niSKyzVrBKGthcY2W4JJFu9kb/L
o/o7TZtwGzavFijN0rJnEUTZWL2k2PRclGQZycpktVyuJlkpOS7KYr2kNQKdLqadtrjesk4LH/2c
bZ9LESRk8fm8wlpT7SnpDSi10KYvuW935ZP8IYIvTi+m0MdYg6DKBQQK90IVohyhcy9nrCXjWwFk
26S3FYzUs9G8ck1lnEdKhUHVc+1MyHryoDFhd7+eku1lX3UoUQvyk94Gz4jJw2sjNEMNlLCaTckC
6E0FFtEwIRCooISgnnaJRW0X8cGGkX4b1Es4Lcoz5DaJYh1YaILS8up5N8cjSytZ+6ZusILeYLXO
SESU+neFA1mWAJMmlDthelC36znZTqCf9GfotPn5nKdhW1lXRUVvk0HTAPlG67PbTljoRokYtCLQ
RaZGDNqZRR2fyCorSzeEUKpDELU3TwjUrbIVxoGehsgus/E847Uu4VF18eUq7+6oCACP2lbTzmjq
GfyWdnqm7C8yeyN/juTWz1+JqKzOt2my/85AikGVVJUleoXdvYWRS+enMpZM6DJD17KYlCszOmoB
XnW67bOv5pU8qEtGr20oK6jstZ1xyl6dH19Prd/7Izd8MEf2gz2yfm/+PhFxqTB2v6kEbgCuh4Gh
oFjdOe5LVfaorfj+wlZFOOUW6FjvOsnSQ24bwWrxmqkvp9uqA+Wumq82e/gScUBH/usntDlRdwob
dy8A4AuqvnvxSkKNnEr2HxBpZaWg/yWbXstYFluT7QZZuZJrQfEA4Kv1Qii+pXq5lkU/NBJlqFTX
as0s+5G88vPEXKURFTNKSkkfxUi1weq90Z54aEShP+z9aU+eCOx9kBzF+uPRTQu9kCkSXg3ayuVN
UjYAw0Gr/kRg29BWef8+UR+UbO7TLFcfq2xa5svB59ELpI/+fYYou+s30EfPvVfay0i9Xep3oUoM
7Cf9tlU8lPrd5ovDwUgJ+/WwCQXKst9ydXnev12u67/n8ptufcXk11wW7cAz1BOG6RqO4dM/wPIa
IeHHMf6jrzl8N/US3xJunBopfRTiyK9iYvrC17LZd/QdRe/7ic2Eay5fTlr6DMinbKU+THQn9DXX
J/UF7qY3bh+WQ5uUJA59wWjSv8oy2rs8vRioKilvpCi7jWjKhuYEXBR1Peh4lREg/PnNQEc7HOCW
lqRDsdB4X2U73tH7PJoO/Zr0YT8YXgydc5utb2Qx1v/0XDrRXH2Srk/O0Lm4pNbHwEgBEtCSqPv8
mfy4Wq+aUjbYsmGePLJ5NnATqRu737T52mjeKmfs2PkvqtkuLuVWynbAzz//D+l0JS0=
===END CRASH DUMP===
