JINODK PRO Crash Dump Wed Aug 19 15:13:22 WIB 2020

Error: syntax error, unexpected '$this' (T_VARIABLE)
File: plugins/AnvilRain/src/NgLamVN/AnvilRain/AnvilRain
Line: 18
Type: ParseError

THIS CRASH WAS CAUSED BY A PLUGIN

Code:
[9] class AnvilRain extends PluginBase
[10] {
[11]     public $delay;
[12]     public $task;
[13] 
[14]     public function onEnable()
[15]     {
[16]         $this->delay = 100;
[17]         $this->task = new AnvilDropTask($this)
[18]         $this->getScheduler()->scheduleRepeatingTask($task, $this->delay);
[19]     }
[20] 
[21]     public function onDisable()
[22]     {
[23]     }
[24] 
[25]     public function getDelay()
[26]     {
[27]         return $this->delay;
[28]     }

Backtrace:
#0 vendor/pocketmine/classloader/src/BaseClassLoader(124): BaseClassLoader->loadClass(string[27] NgLamVN\AnvilRain\AnvilRain)
#1 (): BaseClassLoader->{closure}(string[27] NgLamVN\AnvilRain\AnvilRain)
#2 (): spl_autoload_call(string[27] NgLamVN\AnvilRain\AnvilRain)
#3 src/pocketmine/plugin/PluginManager(167): class_exists(string[27] NgLamVN\AnvilRain\AnvilRain, boolean 1)
#4 src/pocketmine/plugin/PluginManager(346): pocketmine\plugin\PluginManager->loadPlugin(string[44] D:\MinecraftTool\JinodkNew\plugins\AnvilRain, array[3])
#5 src/pocketmine/Server(1608): pocketmine\plugin\PluginManager->loadPlugins(string[35] D:\MinecraftTool\JinodkNew\plugins\)
#6 src/pocketmine/PocketMine(273): pocketmine\Server->__construct(object BaseClassLoader, object pocketmine\utils\MainLogger, string[27] D:\MinecraftTool\JinodkNew\, string[35] D:\MinecraftTool\JinodkNew\plugins\)
#7 src/pocketmine/PocketMine(304): pocketmine\server()

JINODK PRO version: 3.15.1+dev [Protocol 408]
Git commit: 0000000000000000000000000000000000000000
uname -a: Windows NT LAMPKVN 10.0 build 18363 (Windows 10) AMD64
PHP Version: 7.3.20
Zend version: 3.3.20
OS : WINNT, win
Composer libraries: 
- adhocore/json-comment 0.1.0@8448076039389f558f39ad0553aab87db3f81614
- ocramius/package-versions 1.5.1@1d32342b8c1eb27353c8887c366147b4c2da673c
- pocketmine/binaryutils 0.1.11@e8cb65db1b7998eebb739b124f2a989fe87366eb
- pocketmine/callback-validator 1.0.1@4aef6bb25f97d0b830ba0b4f66834b1a9c86fc9a
- pocketmine/classloader 0.1.0@4ccdb30e48f030bfcad04bb0a208d198ec631993
- pocketmine/log 0.2.0@e59bedb5d4bbeb9a26647cb7c367cb2fa72addfa
- pocketmine/log-pthreads 0.1.0@9bbcef398b01487ab47c234a6a7054722abbe067
- pocketmine/math 0.2.4@b1c28b236df8b795d7b06cf8421f9962b12ac410
- pocketmine/nbt 0.2.14@b31dca98443328c4bab76dc1b84c1473c79be20e
- pocketmine/raklib 0.12.8@9fea763ffc922db083e4528d4acd0b13d0ea83a4
- pocketmine/snooze 0.1.2@88420da3d9335dbcb3ee2decfd5e5453d057dcdf
- pocketmine/spl 0.4.1@ff0579a0be41bbe65d3637607715c0f87728a838
- doctrine/instantiator 1.3.1@f350df0268e904597e3bd9c4685c53e0e333feea
- myclabs/deep-copy 1.10.1@969b211f9a51aa1f6c01d1d2aef56d3bd91598e5
- phar-io/manifest 1.0.3@7761fcacf03b4d4f16e7ccb606d4879ca431fcf4
- phar-io/version 2.0.1@45a2ec53a73c70ce41d55cedef9063630abaf1b6
- phpdocumentor/reflection-common 2.2.0@1d01c49d4ed62f25aa84a747ad35d5a16924662b
- phpdocumentor/reflection-docblock 5.1.0@cd72d394ca794d3466a3b2fc09d5a6c1dc86b47e
- phpdocumentor/type-resolver 1.3.0@e878a14a65245fbe78f8080eba03b47c3b705651
- phpspec/prophecy 1.11.1@b20034be5efcdab4fb60ca3a29cba2949aead160
- phpstan/phpstan 0.12.29@9771daaf6b95c6313b908d0bcdee0afcd51f838a
- phpstan/phpstan-phpunit 0.12.11@ab783a8ea634ea23305a8818c4750603e714489b
- phpstan/phpstan-strict-rules 0.12.3@937283265620af9e2005743134ebb4e197b12d8e
- phpunit/php-code-coverage 8.0.2@ca6647ffddd2add025ab3f21644a441d7c146cdc
- phpunit/php-file-iterator 3.0.4@25fefc5b19835ca653877fe081644a3f8c1d915e
- phpunit/php-invoker 3.0.2@f6eedfed1085dd1f4c599629459a0277d25f9a66
- phpunit/php-text-template 2.0.2@6ff9c8ea4d3212b88fcf74e25e516e2c51c99324
- phpunit/php-timer 5.0.1@cc49734779cbb302bf51a44297dab8c4bbf941e7
- phpunit/php-token-stream 4.0.3@5672711b6b07b14d5ab694e700c62eeb82fcf374
- phpunit/phpunit 9.2.6@1c6a9e4312e209e659f1fce3ce88dd197c2448f6
- sebastian/code-unit 1.0.5@c1e2df332c905079980b119c4db103117e5e5c90
- sebastian/code-unit-reverse-lookup 2.0.2@ee51f9bb0c6d8a43337055db3120829fa14da819
- sebastian/comparator 4.0.3@dcc580eadfaa4e7f9d2cf9ae1922134ea962e14f
- sebastian/diff 4.0.2@1e90b4cf905a7d06c420b1d2e9d11a4dc8a13113
- sebastian/environment 5.1.2@0a757cab9d5b7ef49a619f1143e6c9c1bc0fe9d2
- sebastian/exporter 4.0.2@571d721db4aec847a0e59690b954af33ebf9f023
- sebastian/global-state 4.0.0@bdb1e7c79e592b8c82cb1699be3c8743119b8a72
- sebastian/object-enumerator 4.0.2@074fed2d0a6d08e1677dd8ce9d32aecb384917b8
- sebastian/object-reflector 2.0.2@127a46f6b057441b201253526f81d5406d6c7840
- sebastian/recursion-context 4.0.2@062231bf61d2b9448c4fa5a7643b5e1829c11d63
- sebastian/resource-operations 3.0.2@0653718a5a629b065e91f774595267f8dc32e213
- sebastian/type 2.2.1@86991e2b33446cd96e648c18bcdb1e95afb2c05a
- sebastian/version 3.0.1@626586115d0ed31cb71483be55beb759b5af5a3c
- symfony/polyfill-ctype v1.17.1@2edd75b8b35d62fd3eeabba73b26b8f1f60ce13d
- theseer/tokenizer 1.2.0@75a63c33a8577608444246075ea0af0d052e452a
- webmozart/assert 1.9.1@bafc69caeb4d49c39fd0779086c03a3738cbb389
- pocketmine/pocketmine-mp dev-8516aa2393e81746bcbbcfbd8094613307585f16@8516aa2393e81746bcbbcfbd8094613307585f16

Loaded plugins:
InvCrashFix 0.0.1 by  for API(s) 3.14.0
MultiProtocol 1 by  for API(s) 3.10.0
OreGen 1.0.1 by JINODK, LamPocketVN for API(s) 3.0.0, 3.7.0, 4.0.0
GameHandle 0.1-ngl_dk by NgLamVN for API(s) 3.14.0

----------------------REPORT THE DATA BELOW THIS LINE-----------------------

===BEGIN CRASH DUMP===
eNrtWwuPGzeS/iu8cYDYB0nT74eCCcbrcTbe9WPOnsSHiwKDTbKlXre6O/2YGSXIf7+vSLbU0jje
5HYPOBx2YHgkNlms51dVbM4vZ3ndbnn/4Va1XVFXZ0t/dtYXW3W2dMM0TrwgcbzZWcm7/nnb1u3Z
8pezftfg8dk1bztlBmdnW9V1fE3D3a7q+T1T9GDGhkrdN0r0SrIvv+g3Rfcle3zz4funb188/dPL
50+wMh/K8puipKVXy9XqVVEp0fK8v6nrcrX6S1HV8uNrdbdaNeWwLqputXpa3RblW15Uq1XXitXq
9fol337/+ujB/uOi2TS0i9nB0jjfPz4HhXNLYDK6/4SlJTiCNhLopeUCH384e+SwW1XJuj1vavFR
9VtMORdQUlfWXKpWU/0T79QzGnupxx67XvBkyU5G51/TCj3wuOvbolr/4MU/ss+KRFp75LLHn6L2
iyjrbmjVr3+MmqepdU35gQ99TSx9ELws/xgRn5HYE40YbZ9f61+veAUHgRqiGFtpZX1Q90XX/37B
ZyyDUyheMVdvGPyuDf0gwoaHWaMnrVZH84wlzNDIURD8yP6oU84Yb1u++8H/UfMYnvL4TrW3Wg1O
8kfZ2mvKD383X5qJ6JSJa/2Rlj/2Yv+ED8Ph/OsPH0RdYcdB9I/r7G+I4lN/mzE7Pl0+9EWJjV9B
Fy/r9ZpmTQz8ebb3U/+ohPFnJPSd4ETCztjgydmPv87O1P8Srv3jiAPmzPIPRXVbl7dqq6oeNGXR
YmtMFLVUxHmKQR1RbE+GqfseENUx4zpkOCxwHcz8hT64+MDw0wxZWQj2hVQl331FT7yTJz3vPuoH
Ph7Q7+B4Qj5UokfqYHX1vOJZqR6T+G5oZ+ndIvuFfrS65l/rDdkFcx1HU48fTqGdMaNSd0auq7Zu
bjD2WD/XuyQPV61V/05slBxKMvH8685+easaxXs4lyWB/2dHzDzRfKSW4q/44jlGZM/9TZGvim4v
s+dNZPb8KaHAEgp/gxCYviIeDJ1oSmeqmFb1Q1sdcU1Me8l+r1//lab+lab+lab+n6Wp2dlaVarl
JaF9xak8P/vLi9dvrv7Krt++AeUMEh9q+DN/4YYLl8aHopRnS2d2VnQfpLo9W0JRCnmlrfta1KAX
OKhs1wXlFed3/oDuYJl4XwBf7jr2+oa9fPrq+q/fvwagLxym92Vu4kc+ezxOcp0n7OmrqygAASrL
l2fxwl94RO9n4JTm237H4w91Rxu8eP36BgP6y51Oj6LeNjV086Esspa3hepIK1xuIFCrzv/W1dUc
c2yydBbuwrlMAjQyceT4qZ+keRgmuZ9y6YShz3mWxDLz88SNXOKshiG3xdCdN1x8hG/PrVqJAXcB
tV660vf8wMsS4aoMjhn6IkmSWPgRKMRZIDzJo9gXJMfB1FlR8Xan3c6y5bqXKhFZFMrMzeI0TZTK
sthPM2Bw7vEUnKokBlWVHZMi0MvA3fyWl4XkPdUv4A00LwOu8ijLvDBPY+lkie9k3MmCPIoSP8hc
nookykXKTwgeksJeZYEQUIujgiR3QCUX0FeQZQ73nES6YFZEvpum/jGlsl5rCh4oqDDNlMxCiWUq
S7kXRUEsMlIUfnk5jz0uZc4fUJg3/aZVXHZ7ZtIsEwo2SzLHDZKYZyAEG/CIx04YxJ7HsYUTxcek
0NhuLDfBZeYKL8k8P5J5Am2HMs6cSORJ4Ll5mkYetM5F4DrHJKqstxRckPBdKWCXIPB9LxFBxrM4
ksLNkkDA8r6IIbDnqGMSLf8ITzWieIvkElblceTnMIPnycxJfBWEXiIDLmAx15eO4onPg2MqXVXX
PyurEO8yAd+O5L5MfR/+IzJfKU8qkctQhUEIImEshcxPiDSlphDAU/IcU1I4hwpcKA9eiGBFiMSx
GwonT+LYS8BHAgqyFoR36hxI1vOqL/Yu5xMhP3Rk7nhRolInCNNY+ZlMRRAloQh95Sjf93OlyMzb
HTwt686lUg1itNlpIi45bhqlmefCFDx0OXfzSDiudKUHfw4jSRTdEE4XanDg7byoYd6qyFXXW+f3
L+M4cuGnAg6bBTLI3UjFAgHmRBJOkwoe+HieBxMaB8z0TPyE3FNgm5M1HQHdyDAUSqo8dSIoyOEZ
z90sMhgFxQyEMyixWpWXShdzGnwsSQoDVzquCFIZKBl5uRdyngQ8DmIuYbmQu1HqBRH873MkMZqV
sCOIhjoghIw96aeB4HEaSBQPEfcRUsJJQTIS8NMkQpCoB0Spy5m3qqN+YrQhQjWJE+4inkIvCPNM
xUmeOImjAB4+xZqfIc6i0DXkOrQ+50ghzUYJa0L8u8w8xwHIqFDlQiJEc2hecJ97qcjwX5ByxDQq
CksEnnRuf4/B4aWXKfxPcg4QS0NCGD9LgTdOJuAzDgfh0M3hlfwhkTl+D1XRj8QAr4hPRFKieOQH
inu+74Q8SVyEbhw6yAYqdpEY0uwTxCjDi37eonPoRor+ZeojKnwvCiMPzKQIdgQRvArksyxQbhoD
RmRi1U7cEME5NWr4Dxo3zWQCX/MuBSdAzHMpJQGhA9dAHvLcKAh4AMeLASqRkOKEGHWW86IHLROF
sB/gDYgPtYcZkNkPQTn0EcG5chJNDukNPoEQOuWMOsuPaiTjXeaRUjJX0nWSUEo3D0RI4Jgirrnj
xbGkzAK+T8j0aDfx37Ypea9sMHmXUZ4j3ygOB/Vc5MsEwRcHygNEITQ9EboCCcQLTokVW81RqCNS
IHZiP4gRvxnykZflAIgg8JDfkLoBwlmeBq6KT4lALG1FxbegFWiACKPYi12Eb+bAUAFCJYvSQMWO
IyIP2TdBBOV+fMKQdaoU0RxduiLiqYLJPRg/BWymOTBF+UIlCRSWIi/BpXJSUIfw6QCW1bm2vyVD
UBVeonTwZI40IlIndCj5A/pdoCZqAcd33RhRFOLZp8kggAm41Lys649Ds1e4gmJz5EqIIxOgne8j
bJEewK2TeGmOEJc8QY97THXb8NGZjJ6kECGinyM5c6gnT6UnYHb4t+eRr3O4hHKD/IiOLPLcUvAu
XeQCVEJAzZCjEIkE0lUGOFepdGE+wBN3IaZ/REGhO2nrylZuoU50Do/DWPAMuJbFKgeIRC5U7ga+
ikSK3ItcBaLeMaH7pm571e7ZCQEqsefKDPWRSIC9DoqTCCymYcBhBgUnQgo7Zmdd1hkv4UPGp4mS
c5nBQMgqcQoCVAImnsgA4Uj8qAIJCtw0S1DZHFEy/cdcVUDhqaYhXhwg2jzp8Eg6iULbGUuZCEjk
I/UhrSdB6sZZ8ilyNj9oasb+rhfzIAJ2EiohrXuO64V+6EWobmUYIA9GIk6CY69qlRh0EgRCVRTI
B+Yiz/PdLI9guCyFW4sg57BnFPhZqFx4lHBdGfkn5Lp6aIWa1w3Jaitn3xIM/dhNQAOQgvIrVKmb
xzHABTzGeSKFj7A68Qp7LkfJ1L1MoGqETub7AWFjGqkIbLkJ8gPskoY8zzwBnzuiMG2MCFIiAHgS
uW6IUkv6LkpSFJU+EleIOjVG1QoyIdcFfLfb5nW1Q89W7gC85VxYdm6R8WLQ8pSUcZglGZI50rtE
HYZaFOVD5kVZAmxADlQo6kCr36hOKaRggqbiZ5t+qUSIoRBf+EhVIWoYBwVmgJrAiUPFkWYcFHMe
1Ygk1Z3KtvXPvO3PUbKr1iBKStkXyTFCjaOo9EmFn+YStRySJyopn/uxnxB+JulxRXj4ON8SjqBH
nCdAZ45smfoqceMgQnWZiTyTiZMGkYskGodJiOLq8vdOPPt1f5Spe7UX1e2zlnebb4r7SUM7HZ2d
HWzmkM0wwod+U7cg8AP6Yd4UdMSF+hOuSg2y0mePaCJzXnbocKVq6PzTzO7qvL+aDmzppHV5th1+
6op+tUIWFLR1XtyvVubQgM5h8YEOhN+8u3n/5u3LK6N9LCBu6aTt1VD2xfW+ld5Lcjw+leUzcjj/
gBwv+p9fFutNv/v2arU63f3vivGmVX9W1YR/O3DE+AMj2AMIjL3kW3OO8f3rs6lIJNEMv2P9W8Pn
/1hCs9lqZVgz5za/R7Y/Q6JveSVLNZFvMnjsaO68Wpcf5MdjQe1p39k/ze32x4cHRlarZ3Wr/r5E
FEhI1luF7KaZ069Ap6dGhyMl/e6T2NDnSAsq2AEY+rzk7NH1/ht7Vld5sWZUV67aVfXovZLs6bBm
bspcd+kGSy9i71/8iXmO59CEklfrAYXsxW2hF2zrXl7QB7PRnLR8cTgDOzygpHzhpq7v0eAa07ao
aC400S2/n6N63EGsCzfUixp+h6IejmyaoIu5S8N3G+hiXhZdbxYaC8x/GlS7u6iryVCLfHZR5zkN
8aqqhwpZyewx52JTKPNGpbOr8pqy1p4ruxB9oqRzpfF7c9vY+VTvFALBtrsw8ugjOqTjead6etHQ
aaWU2KY0Oik6qE4eBpEN5GQOZZaLq+ffPP3u5Q2NEv+LBjB/V7fy4t/1DyQZ+nre8Vtl2YAR7uay
oKZFqIuEhu6z+n5ODmynHEH+YrelQ4BHjEKICW37wSRq7QIMemAHJ5q/uoZLsBvKXWwUjPFWMaQz
Vlfwn37DeyZIwz3LFCsqUQ4SPgTyD1yPaL2rt1iZs/4hzY7nasZqPGk7Isky1O8f2Q4VhaXFipzB
PkVe6B1gGnoZVu6IMLxtT+4cLTuHcTp2V1df9ow3jeItI+1tISwdoe2IQ3qVYuS+26iKDc265RIE
FquK/NYQW64qxh693yhijPU1dqkkAwl7EAwdtLzqqPmR5rFmFR07B2Hos1S91hfSayEU2+iYp5Et
UTaeN4bVkmksoQfdZuhljSiw7yGXbHVmzr0ZyqweVQA2n7GmVByabNXf6qL6t9WZ5vZpWdZ3jOIE
c5jNvuy24Ow/KFRojo6ZuX002faReZFnFzEwyygEGMwITRG5bMesfmm+jbf94ymp9yia4CZQNlpc
4trYhHQNK3xkW7A+tDoQGSyRKeIaGlM/DbwkXa6LW8y95eWg2GO7KaDoCVE3O9J5BkHLHLagk/wl
Huu9Xw/bDKqCqz3tdpWgF3/whhb9brfQE77rYC/y91FSmrZBC1IPMCmmdzNaUEpmgxtBMmPUMEEQ
yhpaN8BnGtuiMxN6iiH+TtscMsH12vq+gNspqAEiaXeu9syRbi1DL3JyYJpDjjpjRf8l1Ne3eplU
hITaj04Ws8eQYYALeFotWoy5lXSpSZ06MNfe0Q5VReaUhD91o42gj+67BbtSt/Yz21JtwXSFNJtG
pPUc0kjbDk1vRo3CSDFb8Gbl0sZFpOpzeWmihN/WhQTbn+aAfIR8roai4V2LiaNRkWomLRm9z6BQ
JdRudyZQ/6wbN0bpl5lxxMG26Cnet2rNs10PhbN3RtOO1q15j6uX35DR7gqteO1QCOS7uSE0+lin
BcwLcAiUAvOVppW3So1bGh+HsQYKXbauYSc6AtJOQRvZ/lKztmQOSYHdNSyb8+//8xJQPfM5/il5
/mP8d33daBYspO5ZsuQ6BvSgHKnkniHa9ZQrDQDvdURY5rov/wns6ZjQ/OjLCmikW+gRUa7u0VVr
5K0NvyYaKXvtZ6t7gQKgO4hjQOvNzfMlu/n2xTv28sWrFzfs6fX1yxfP37Hr528ZSsK/Pn87Y5jE
bt5g1nP2/ts3L5/Ta8Bnz9+9W5yG/yeVca3aotb5mSC4I/HERmkw1rrYw6wLtaNCkBpV9JQ5QFAZ
gNWkUDtCSkAzHImk/S0/M/6F2o3yYUXT7GaasiEC0D1A+BjX2OMNZQ9K+3rB4uFscgNbiMNojRJU
HRi9ErvGqmbtXgZ4lmq6g6i+Y2XtnnyaJSu5byVf8zajt4PosewhvcaeT2tXRxmxY1cxuwqoveXV
oGuRKSeo0wZ44JPZmA1OXXB0QpNY8xy0jLzbQ/Qt2BuD9sbdUUzUQyn3vBRIH3cVO/DfGcKNZh+C
Ro5jZcVu32iceJAetesYCnvZ8rbejmnWrLYz5lPHnFqYpLGWfOAb7BMudeQd78b6kUzWYidyQ+vI
ctg2ptgyFR2zD+b0YLTXFU2yCzTvms1RAnxDgkeo808oGOkaKQ873MLJum5QBAv9BlZbj8Un4RXt
duBqNhrSVAe2xlwYbmjqb+qJeiSxGaqP3cj7M97QaLEdtsiuSKwtG1sBMiQz3Y7h4qBXiherSh0x
D30MtXdjOdIbzqkoHpBug73Frmrz6NSnzb2okb6ZPIaQoWUnTiXTNcNcoCtTe9noapWuUlA4kvbA
nSktDBV6Pa+o76A1RsKDdFhm9WnkGXemyeO+RoEldQWW7udJfc4PV1WlejLY0iYIFGWbujTFZcZ7
dJtUhGuWUS/BhWyK0dhmGiH71CSWTO3LTJPZHk2tND4iWG13/UZ3AXN3YkBtPL3xvB+ZAWyHkUXt
QwWre08qHqWRnFobXeLTYgxathbsW1SB8KULXdaxZ9ffzbAWPGSIr7tCwu11mWDQc09/rukvWTwW
3IdavNPamcxdsKcSQLXhZX6OztI0CPqWm90KmzI6ICEHmwTiIelNiB31M/eEalRc8nJmQJO2thdT
Fuym1fmi1jX0d9fV9ViBH1pFajBo0R3yKdEcmqqZ2+8nLc8rG5Bd8bPam5pq9dHCHeVCW0ihljee
M8m6QeqZRU8W7NquKXm71gu47Vmtm+gd85avSTqYC2J1TalLGWpEt2CecACtIuR8VhZ04KE76xYd
FnpI9urmO81pB5FI7GzoGXXy2sqH7UzHsRhhaNsPc1q11NxSAEiVDevl2MV8zVzqXmwRt0EU6+fM
NrKdab3JyauuNjnNOopLxAxuGWrPNnXd6fZ8bF7U2J5qcJO856zjtyOI0tnIeMxDzw7xTlcXgASK
9yPGgFNzcDdWy7rRalpTrnQN6jNdvlS1KIuG6bXQ4yu+gw7JWbb17di7EvxbzNS4NR+fmS0nvcp4
+jM9XLjRpwPGAczfZJhzFT3XWnvo7CmFgNf3BhfsmrlZs2QNCorboqRtDObZeLa7EGjzar2vpyta
Vp7mjtk46+hw6ZMHOqa/e7qtB/Lp3ICzdXFSpTnS08mIwll37TAMfdbZBIvf6twyWawFr5TpEjNl
iGUqJ4/Up4I6HWxGD9BG14eFR1nKiE8b7cVHZDJ+yipkERpmmUIC+BSXzqfZ5C0owT9GRwSz42L6
vefG195NPfR8aOCRanrWIigB6Y30mebBWR+9uNKb6XsfnQ5J0qdqydKoawFdW2alY/bMYcx2es2R
6KA3Zx57xNboWLqDeg7nGnsNLR6qyAbrHS90SwPgQMVvbNPUzVCOzmi/EOzrORYifA0QuhqeNzas
CV0pUpdsrDP1waY5yVnajEcHT7rDMsMmYVh7gZHDkYA86I38XV+4OBnah9vxcLNBaZbXE4sgyuab
vm8mMzc1WUazsmi222ZR1Jrjqq52W+oR6B0xnbSJ7sA6NT72OTs81yJoyOLrdYte05wp2QMo02jT
De6Pp/Jp/hDBb67eLKGPuQVBkwsIFO6UKUS5vjFPO3aa8YMAemwxOQpG6tlr3rimMc4DpcKg5rl1
JmQ9/bqYsHtaT+nxeqo6lKgV+cnkgGcGfGw2fIZhqIESVr8vWQC9uUITDRMCgSpKCObpmFjMcRE/
OjCyr3AmCWdAeYbcplFsBAtLUFvePB/3eGBpI+vU1D066D1W24xERGn+WDiQZQkwaUN9EmYXjaee
i8MG9sl0h1Gbn895FraNdU1UTA4ZLA2Q760+x+OEjR3UiEEdgS0yLWLQySzqeKmrrCLfE0KpDkHM
2Twh0NhlG4wDPQuRY2bjZcE7W8Kj6uLbphy/UREAHq2tlqPRzDP4LZ30LNkPOnsjf8700c+PRFRX
54c0OX1noMWgSqotpO2wx7cwunX+VMbSCV1n6E4Xk7ozo3em4NWm2yn7Zl/Ng/nI6LUNZQWTvQ47
Ltk3L5/eLL2v4lmY3rsz/96feV+5X0klaoOxj/tW4QvA9SJxDBSbb0H4xJQ95ih+2tiaCKfcAh3b
UyddeuhjI1hN7Ji5/j60IyiP1Xy7P8PXiAM6SFVCvzjpRoXNxxcA8AVT3z36RkON3krPPyIy6ErB
/mHSZGSui63F4YCsbnQvaP56wjZC4iPVy50u+qGRrEClujM9s55H8upLpqVJIyZmjJSaPoqRdo/V
Z7Mz/WdO9nr2L2f6HerkWnkm7BXg/Qi9kKkkb4/G6u0HWfcAw6NRe9HjMDC05fS7NNeC9t/zojRX
jvYj6+3RJfcN0sf0e4Eou50O0NV1/a7dvDHfZubt0nQKVWJgX07HGnEs9dv9vdGjlRr2u+MhFCjb
6ci765fTr9td91Opb+bbT0zfyfPoBJ6hnnDc0AmcGB+/eIGQiIXAP7qTE4d5JGNPhSJ3crraE+i7
TYLuaXs++4Juw0xuwew33HH9ctKjO670ZwFFY66Xhgu6k/ezuUe9n42v99tjm9QkDt1DdV2Prrpc
X705UpWsP2hRTgcxVBybE3BRdd3RxHcFAcJ/vjrS0QkH+Eot6bFYGLxrixPvmFxy9+luE/15Bhje
HDvnIVt/0MXY9A8ItBOtzR8WmL/6WNC9M9nZi0WkAA1oMhsvsZMft7umr/WArwfW8oHNiyM30brx
p0P7O2PrwTjjyM5/Uc325lofpRwW/PrrfwMhHqsy
===END CRASH DUMP===
